[0.008s] Invoking command in '/home/secu4090/xarm_ws/build/xarm_1s_description': CMAKE_PREFIX_PATH=${CMAKE_PREFIX_PATH}:/home/secu4090/turtlebot3_ws/install/tb3_custom_explore DEBUGINFOD_URLS=https://debuginfod.ubuntu.com /usr/bin/cmake --build /home/secu4090/xarm_ws/build/xarm_1s_description -- -j28 -l28
[0.032s] Invoked command in '/home/secu4090/xarm_ws/build/xarm_1s_description' returned '0': CMAKE_PREFIX_PATH=${CMAKE_PREFIX_PATH}:/home/secu4090/turtlebot3_ws/install/tb3_custom_explore DEBUGINFOD_URLS=https://debuginfod.ubuntu.com /usr/bin/cmake --build /home/secu4090/xarm_ws/build/xarm_1s_description -- -j28 -l28
[0.038s] Invoking command in '/home/secu4090/xarm_ws/build/xarm_1s_description': CMAKE_PREFIX_PATH=${CMAKE_PREFIX_PATH}:/home/secu4090/turtlebot3_ws/install/tb3_custom_explore DEBUGINFOD_URLS=https://debuginfod.ubuntu.com /usr/bin/cmake --install /home/secu4090/xarm_ws/build/xarm_1s_description
[0.044s] -- Install configuration: ""
[0.044s] -- Up-to-date: /home/secu4090/xarm_ws/install/xarm_1s_description/share/xarm_1s_description/meshes
[0.044s] -- Up-to-date: /home/secu4090/xarm_ws/install/xarm_1s_description/share/xarm_1s_description/meshes/link0_left.stl
[0.045s] -- Up-to-date: /home/secu4090/xarm_ws/install/xarm_1s_description/share/xarm_1s_description/meshes/link3.stl
[0.045s] -- Up-to-date: /home/secu4090/xarm_ws/install/xarm_1s_description/share/xarm_1s_description/meshes/link6.stl
[0.045s] -- Up-to-date: /home/secu4090/xarm_ws/install/xarm_1s_description/share/xarm_1s_description/meshes/link5_collision.stl
[0.045s] -- Up-to-date: /home/secu4090/xarm_ws/install/xarm_1s_description/share/xarm_1s_description/meshes/link2.stl
[0.045s] -- Up-to-date: /home/secu4090/xarm_ws/install/xarm_1s_description/share/xarm_1s_description/meshes/link1_left_collision.stl
[0.045s] -- Up-to-date: /home/secu4090/xarm_ws/install/xarm_1s_description/share/xarm_1s_description/meshes/link5.stl
[0.045s] -- Up-to-date: /home/secu4090/xarm_ws/install/xarm_1s_description/share/xarm_1s_description/meshes/link4_collision.stl
[0.045s] -- Up-to-date: /home/secu4090/xarm_ws/install/xarm_1s_description/share/xarm_1s_description/meshes/link2_collision.stl
[0.045s] -- Up-to-date: /home/secu4090/xarm_ws/install/xarm_1s_description/share/xarm_1s_description/meshes/link1_collision.stl
[0.045s] -- Up-to-date: /home/secu4090/xarm_ws/install/xarm_1s_description/share/xarm_1s_description/meshes/link0.stl
[0.045s] -- Up-to-date: /home/secu4090/xarm_ws/install/xarm_1s_description/share/xarm_1s_description/meshes/link1.stl
[0.045s] -- Up-to-date: /home/secu4090/xarm_ws/install/xarm_1s_description/share/xarm_1s_description/meshes/link0_collision.stl
[0.045s] -- Up-to-date: /home/secu4090/xarm_ws/install/xarm_1s_description/share/xarm_1s_description/meshes/base.stl
[0.045s] -- Up-to-date: /home/secu4090/xarm_ws/install/xarm_1s_description/share/xarm_1s_description/meshes/link4.stl
[0.045s] -- Up-to-date: /home/secu4090/xarm_ws/install/xarm_1s_description/share/xarm_1s_description/meshes/link0_left_collision.stl
[0.045s] -- Up-to-date: /home/secu4090/xarm_ws/install/xarm_1s_description/share/xarm_1s_description/meshes/link3_collision.stl
[0.045s] -- Up-to-date: /home/secu4090/xarm_ws/install/xarm_1s_description/share/xarm_1s_description/meshes/link1_left.stl
[0.045s] -- Up-to-date: /home/secu4090/xarm_ws/install/xarm_1s_description/share/xarm_1s_description/meshes/base_collision.stl
[0.045s] -- Up-to-date: /home/secu4090/xarm_ws/install/xarm_1s_description/share/xarm_1s_description/meshes/link6_collision.stl
[0.045s] -- Up-to-date: /home/secu4090/xarm_ws/install/xarm_1s_description/share/xarm_1s_description/rviz
[0.045s] -- Up-to-date: /home/secu4090/xarm_ws/install/xarm_1s_description/share/xarm_1s_description/rviz/xarm_1s.rviz
[0.046s] -- Up-to-date: /home/secu4090/xarm_ws/install/xarm_1s_description/share/xarm_1s_description/urdf
[0.046s] -- Up-to-date: /home/secu4090/xarm_ws/install/xarm_1s_description/share/xarm_1s_description/urdf/xarm_1s.urdf.xacro
[0.046s] -- Up-to-date: /home/secu4090/xarm_ws/install/xarm_1s_description/share/ament_index/resource_index/package_run_dependencies/xarm_1s_description
[0.047s] -- Up-to-date: /home/secu4090/xarm_ws/install/xarm_1s_description/share/ament_index/resource_index/parent_prefix_path/xarm_1s_description
[0.047s] -- Up-to-date: /home/secu4090/xarm_ws/install/xarm_1s_description/share/xarm_1s_description/environment/ament_prefix_path.sh
[0.047s] -- Up-to-date: /home/secu4090/xarm_ws/install/xarm_1s_description/share/xarm_1s_description/environment/ament_prefix_path.dsv
[0.047s] -- Up-to-date: /home/secu4090/xarm_ws/install/xarm_1s_description/share/xarm_1s_description/environment/path.sh
[0.047s] -- Up-to-date: /home/secu4090/xarm_ws/install/xarm_1s_description/share/xarm_1s_description/environment/path.dsv
[0.047s] -- Up-to-date: /home/secu4090/xarm_ws/install/xarm_1s_description/share/xarm_1s_description/local_setup.bash
[0.047s] -- Up-to-date: /home/secu4090/xarm_ws/install/xarm_1s_description/share/xarm_1s_description/local_setup.sh
[0.047s] -- Up-to-date: /home/secu4090/xarm_ws/install/xarm_1s_description/share/xarm_1s_description/local_setup.zsh
[0.047s] -- Up-to-date: /home/secu4090/xarm_ws/install/xarm_1s_description/share/xarm_1s_description/local_setup.dsv
[0.047s] -- Installing: /home/secu4090/xarm_ws/install/xarm_1s_description/share/xarm_1s_description/package.dsv
[0.047s] -- Up-to-date: /home/secu4090/xarm_ws/install/xarm_1s_description/share/ament_index/resource_index/packages/xarm_1s_description
[0.047s] -- Up-to-date: /home/secu4090/xarm_ws/install/xarm_1s_description/share/xarm_1s_description/cmake/xarm_1s_descriptionConfig.cmake
[0.047s] -- Up-to-date: /home/secu4090/xarm_ws/install/xarm_1s_description/share/xarm_1s_description/cmake/xarm_1s_descriptionConfig-version.cmake
[0.047s] -- Up-to-date: /home/secu4090/xarm_ws/install/xarm_1s_description/share/xarm_1s_description/package.xml
[0.048s] Invoked command in '/home/secu4090/xarm_ws/build/xarm_1s_description' returned '0': CMAKE_PREFIX_PATH=${CMAKE_PREFIX_PATH}:/home/secu4090/turtlebot3_ws/install/tb3_custom_explore DEBUGINFOD_URLS=https://debuginfod.ubuntu.com /usr/bin/cmake --install /home/secu4090/xarm_ws/build/xarm_1s_description
