[ 75%] Built target mtc_node
[ 75%] [32mBuilding CXX object CMakeFiles/mtc_pick_place.dir/src/mtc_pick_place.cpp.o[0m
[100%] [32m[1mLinking CXX executable mtc_pick_place[0m
[100%] Built target mtc_pick_place
-- Install configuration: ""
-- Up-to-date: /home/hyeonsu/xarm_ws/install/mtc/lib/mtc/mtc_node
-- Installing: /home/hyeonsu/xarm_ws/install/mtc/lib/mtc/mtc_pick_place
-- Set non-toolchain portion of runtime path of "/home/hyeonsu/xarm_ws/install/mtc/lib/mtc/mtc_pick_place" to ""
-- Up-to-date: /home/hyeonsu/xarm_ws/install/mtc/share/mtc/launch
-- Up-to-date: /home/hyeonsu/xarm_ws/install/mtc/share/mtc/launch/pick_place_demo.launch.py
-- Up-to-date: /home/hyeonsu/xarm_ws/install/mtc/share/ament_index/resource_index/package_run_dependencies/mtc
-- Up-to-date: /home/hyeonsu/xarm_ws/install/mtc/share/ament_index/resource_index/parent_prefix_path/mtc
-- Up-to-date: /home/hyeonsu/xarm_ws/install/mtc/share/mtc/environment/ament_prefix_path.sh
-- Up-to-date: /home/hyeonsu/xarm_ws/install/mtc/share/mtc/environment/ament_prefix_path.dsv
-- Up-to-date: /home/hyeonsu/xarm_ws/install/mtc/share/mtc/environment/path.sh
-- Up-to-date: /home/hyeonsu/xarm_ws/install/mtc/share/mtc/environment/path.dsv
-- Up-to-date: /home/hyeonsu/xarm_ws/install/mtc/share/mtc/local_setup.bash
-- Up-to-date: /home/hyeonsu/xarm_ws/install/mtc/share/mtc/local_setup.sh
-- Up-to-date: /home/hyeonsu/xarm_ws/install/mtc/share/mtc/local_setup.zsh
-- Up-to-date: /home/hyeonsu/xarm_ws/install/mtc/share/mtc/local_setup.dsv
-- Installing: /home/hyeonsu/xarm_ws/install/mtc/share/mtc/package.dsv
-- Up-to-date: /home/hyeonsu/xarm_ws/install/mtc/share/ament_index/resource_index/packages/mtc
-- Up-to-date: /home/hyeonsu/xarm_ws/install/mtc/share/mtc/cmake/mtcConfig.cmake
-- Up-to-date: /home/hyeonsu/xarm_ws/install/mtc/share/mtc/cmake/mtcConfig-version.cmake
-- Up-to-date: /home/hyeonsu/xarm_ws/install/mtc/share/mtc/package.xml
