[0.000000] (-) TimerEvent: {}
[0.000319] (-) JobUnselected: {'identifier': 'xarm_1s_description'}
[0.000474] (-) JobUnselected: {'identifier': 'xarm_1s_moveit_config'}
[0.000499] (mtc) JobQueued: {'identifier': 'mtc', 'dependencies': OrderedDict()}
[0.000518] (mtc) JobStarted: {'identifier': 'mtc'}
[0.004604] (mtc) JobProgress: {'identifier': 'mtc', 'progress': 'cmake'}
[0.005228] (mtc) JobProgress: {'identifier': 'mtc', 'progress': 'build'}
[0.005905] (mtc) Command: {'cmd': ['/usr/bin/cmake', '--build', '/home/hyeonsu/xarm_ws/build/mtc', '--', '-j24', '-l24'], 'cwd': '/home/hyeonsu/xarm_ws/build/mtc', 'env': OrderedDict({'GJS_DEBUG_TOPICS': 'JS ERROR;JS LOG', 'LESSOPEN': '| /usr/bin/lesspipe %s', 'VSCODE_CWD': '/home/hyeonsu', 'CURSOR_EXTENSION_HOST_ROLE': 'agent-exec', 'VSCODE_ESM_ENTRYPOINT': 'vs/workbench/api/node/extensionHostProcess', 'USER': 'hyeonsu', 'VSCODE_NLS_CONFIG': '{"userLocale":"en-us","osLocale":"en-us","resolvedLanguage":"en","defaultMessagesFile":"/usr/share/cursor/resources/app/out/nls.messages.json","locale":"en-us","availableLanguages":{}}', 'CI': '1', 'VSCODE_HANDLES_UNCAUGHT_ERRORS': 'true', 'XDG_SESSION_TYPE': 'wayland', 'CLUTTER_DISABLE_MIPMAPPED_TEXT': '1', 'SHLVL': '1', 'HOME': '/home/hyeonsu', 'CHROME_DESKTOP': 'cursor.desktop', 'DESKTOP_SESSION': 'ubuntu', 'VSCODE_IPC_HOOK': '/run/user/1000/vscode-102b83de-2.5.-main.sock', 'GIO_LAUNCHED_DESKTOP_FILE': '/usr/share/applications/cursor.desktop', 'GNOME_SHELL_SESSION_MODE': 'ubuntu', 'GTK_MODULES': 'gail:atk-bridge:appmenu-gtk-module', 'MANAGERPID': '2670', 'SYSTEMD_EXEC_PID': '2963', 'IM_CONFIG_CHECK_ENV': '1', 'GSM_SKIP_SSH_AGENT_WORKAROUND': 'true', 'NO_COLOR': '1', 'DBUS_SESSION_BUS_ADDRESS': 'unix:path=/run/user/1000/bus', 'GIO_LAUNCHED_DESKTOP_FILE_PID': '4150', 'VSCODE_CRASH_REPORTER_PROCESS_TYPE': 'extensionHost', 'DEBUGINFOD_URLS': 'https://debuginfod.ubuntu.com', 'IM_CONFIG_PHASE': '1', 'WAYLAND_DISPLAY': 'wayland-0', 'LOGNAME': 'hyeonsu', 'FORCE_COLOR': '0', 'JOURNAL_STREAM': '9:29271', '_': '/usr/bin/colcon', 'MEMORY_PRESSURE_WATCH': '/sys/fs/cgroup/user.slice/user-1000.slice/user@1000.service/session.slice/org.gnome.Shell@wayland.service/memory.pressure', 'XDG_SESSION_CLASS': 'user', 'USERNAME': 'hyeonsu', 'TERM': 'dumb', 'GNOME_DESKTOP_SESSION_ID': 'this-is-deprecated', 'FC_FONTATIONS': '1', 'PATH': '/home/hyeonsu/.local/bin:/home/hyeonsu/.local/bin:/home/hyeonsu/.local/bin:/usr/local/sbin:/usr/local/bin:/usr/sbin:/usr/bin:/sbin:/bin:/usr/games:/usr/local/games:/snap/bin:/snap/bin:/home/hyeonsu/.local/bin:/home/hyeonsu/.local/bin:/home/hyeonsu/.local/bin', 'SESSION_MANAGER': 'local/om:@/tmp/.ICE-unix/2901,unix/om:/tmp/.ICE-unix/2901', 'INVOCATION_ID': 'aeae974ceb764caca71cf6a76b88eb5a', 'XDG_MENU_PREFIX': 'gnome-', 'VSCODE_PROCESS_TITLE': 'extension-host (agent-exec) [1-3]', 'GNOME_SETUP_DISPLAY': ':1', 'XDG_RUNTIME_DIR': '/run/user/1000', 'GDK_BACKEND': 'wayland', 'CURSOR_AGENT': '1', 'DISPLAY': ':0', 'LANG': 'en_US.UTF-8', 'XDG_CURRENT_DESKTOP': 'ubuntu:GNOME', 'XMODIFIERS': '@im=ibus', 'XDG_SESSION_DESKTOP': 'ubuntu', 'XAUTHORITY': '/run/user/1000/.mutter-Xwaylandauth.JYHLL3', 'LS_COLORS': '', 'SBX_CHROME_API_RQ': '1', 'CURSOR_TRACE_ID': '75e309d286c1448ca93465d00990a353', 'SSH_AUTH_SOCK': '/run/user/1000/keyring/ssh', 'SHELL': '/bin/bash', 'QT_ACCESSIBILITY': '1', 'GDMSESSION': 'ubuntu', 'LESSCLOSE': '/usr/bin/lesspipe %s %s', 'GJS_DEBUG_OUTPUT': 'stderr', 'QT_IM_MODULE': 'ibus', 'PWD': '/home/hyeonsu/xarm_ws/build/mtc', 'LC_ALL': 'en_US.UTF-8', 'XDG_CONFIG_DIRS': '/etc/xdg/xdg-ubuntu:/etc/xdg', 'VSCODE_CODE_CACHE_PATH': '/home/hyeonsu/.config/Cursor/CachedData/7d96c2a03bb088ad367615e9da1a3fe20fbbc6a0', 'XDG_DATA_DIRS': '/usr/share/ubuntu:/usr/share/gnome:/usr/local/share/:/usr/share/:/var/lib/snapd/desktop', 'QTWEBENGINE_DICTIONARIES_PATH': '/usr/share/hunspell-bdic/', 'COLCON': '1', '_ZO_DOCTOR': '0', 'MEMORY_PRESSURE_WRITE': 'c29tZSAyMDAwMDAgMjAwMDAwMAA=', 'VSCODE_PID': '4150'}), 'shell': False}
[0.031016] (mtc) StdoutLine: {'line': b'-- Found ament_cmake: 2.5.5 (/opt/ros/jazzy/share/ament_cmake/cmake)\n'}
[0.099554] (-) TimerEvent: {}
[0.199763] (-) TimerEvent: {}
[0.299982] (-) TimerEvent: {}
[0.400229] (-) TimerEvent: {}
[0.500504] (-) TimerEvent: {}
[0.600758] (-) TimerEvent: {}
[0.701118] (-) TimerEvent: {}
[0.801329] (-) TimerEvent: {}
[0.901472] (-) TimerEvent: {}
[0.980803] (mtc) StderrLine: {'line': b'Traceback (most recent call last):\n'}
[0.981109] (mtc) StderrLine: {'line': b'  File "/opt/ros/jazzy/share/ament_cmake_core/cmake/package_templates/templates_2_cmake.py", line 21, in <module>\n'}
[0.981237] (mtc) StderrLine: {'line': b'    from ament_package.templates import get_environment_hook_template_path\n'}
[0.981340] (mtc) StderrLine: {'line': b"ModuleNotFoundError: No module named 'ament_package'\n"}
[1.001566] (-) TimerEvent: {}
[1.002586] (mtc) StderrLine: {'line': b'CMake Error at /opt/ros/jazzy/share/ament_cmake_core/cmake/ament_cmake_package_templates-extras.cmake:41 (message):\n'}
[1.002727] (mtc) StderrLine: {'line': b'  execute_process(/usr/bin/python3\n'}
[1.002760] (mtc) StderrLine: {'line': b'  /opt/ros/jazzy/share/ament_cmake_core/cmake/package_templates/templates_2_cmake.py\n'}
[1.002785] (mtc) StderrLine: {'line': b'  /home/hyeonsu/xarm_ws/build/mtc/ament_cmake_package_templates/templates.cmake)\n'}
[1.002807] (mtc) StderrLine: {'line': b'  returned error code 1\n'}
[1.002829] (mtc) StderrLine: {'line': b'Call Stack (most recent call first):\n'}
[1.002851] (mtc) StderrLine: {'line': b'  /opt/ros/jazzy/share/ament_cmake_core/cmake/ament_cmake_coreConfig.cmake:41 (include)\n'}
[1.002872] (mtc) StderrLine: {'line': b'  /opt/ros/jazzy/share/ament_cmake/cmake/ament_cmake_export_dependencies-extras.cmake:15 (find_package)\n'}
[1.002893] (mtc) StderrLine: {'line': b'  /opt/ros/jazzy/share/ament_cmake/cmake/ament_cmakeConfig.cmake:41 (include)\n'}
[1.002913] (mtc) StderrLine: {'line': b'  CMakeLists.txt:11 (find_package)\n'}
[1.002937] (mtc) StderrLine: {'line': b'\n'}
[1.002957] (mtc) StderrLine: {'line': b'\n'}
[1.002976] (mtc) StdoutLine: {'line': b'-- Configuring incomplete, errors occurred!\n'}
[1.005133] (mtc) StderrLine: {'line': b'gmake: *** [Makefile:308: cmake_check_build_system] Error 1\n'}
[1.006871] (mtc) CommandEnded: {'returncode': 2}
[1.014061] (mtc) JobEnded: {'identifier': 'mtc', 'rc': 2}
[1.024346] (-) EventReactorShutdown: {}
