-- The C compiler identification is GNU 13.3.0
-- The CXX compiler identification is GNU 13.3.0
-- Detecting C compiler ABI info
-- Detecting C compiler ABI info - done
-- Check for working C compiler: /usr/bin/cc - skipped
-- Detecting C compile features
-- Detecting C compile features - done
-- Detecting CXX compiler ABI info
-- Detecting CXX compiler ABI info - done
-- Check for working CXX compiler: /usr/bin/c++ - skipped
-- Detecting CXX compile features
-- Detecting CXX compile features - done
-- Found ament_cmake: 2.5.6 (/opt/ros/jazzy/share/ament_cmake/cmake)
-- Found Python3: /usr/bin/python3 (found version "3.12.3") found components: Interpreter 
-- Override CMake install command with custom implementation using symlinks instead of copying resources
-- Found ament_lint_auto: 0.17.5 (/opt/ros/jazzy/share/ament_lint_auto/cmake)
-- Added test 'lint_cmake' to check CMake code style
-- Added test 'xmllint' to check XML markup files
-- Configuring done (2.1s)
-- Generating done (0.0s)
-- Build files have been written to: /home/hyeon/xarm_ws/build/xarm_1s_description
-- Install configuration: ""
-- Execute custom install script
-- Symlinking: /home/hyeon/xarm_ws/install/xarm_1s_description/share/xarm_1s_description/meshes/base.stl
-- Symlinking: /home/hyeon/xarm_ws/install/xarm_1s_description/share/xarm_1s_description/meshes/base_collision.stl
-- Symlinking: /home/hyeon/xarm_ws/install/xarm_1s_description/share/xarm_1s_description/meshes/link0.stl
-- Symlinking: /home/hyeon/xarm_ws/install/xarm_1s_description/share/xarm_1s_description/meshes/link0_collision.stl
-- Symlinking: /home/hyeon/xarm_ws/install/xarm_1s_description/share/xarm_1s_description/meshes/link0_left.stl
-- Symlinking: /home/hyeon/xarm_ws/install/xarm_1s_description/share/xarm_1s_description/meshes/link0_left_collision.stl
-- Symlinking: /home/hyeon/xarm_ws/install/xarm_1s_description/share/xarm_1s_description/meshes/link1.stl
-- Symlinking: /home/hyeon/xarm_ws/install/xarm_1s_description/share/xarm_1s_description/meshes/link1_collision.stl
-- Symlinking: /home/hyeon/xarm_ws/install/xarm_1s_description/share/xarm_1s_description/meshes/link1_left.stl
-- Symlinking: /home/hyeon/xarm_ws/install/xarm_1s_description/share/xarm_1s_description/meshes/link1_left_collision.stl
-- Symlinking: /home/hyeon/xarm_ws/install/xarm_1s_description/share/xarm_1s_description/meshes/link2.stl
-- Symlinking: /home/hyeon/xarm_ws/install/xarm_1s_description/share/xarm_1s_description/meshes/link2_collision.stl
-- Symlinking: /home/hyeon/xarm_ws/install/xarm_1s_description/share/xarm_1s_description/meshes/link3.stl
-- Symlinking: /home/hyeon/xarm_ws/install/xarm_1s_description/share/xarm_1s_description/meshes/link3_collision.stl
-- Symlinking: /home/hyeon/xarm_ws/install/xarm_1s_description/share/xarm_1s_description/meshes/link4.stl
-- Symlinking: /home/hyeon/xarm_ws/install/xarm_1s_description/share/xarm_1s_description/meshes/link4_collision.stl
-- Symlinking: /home/hyeon/xarm_ws/install/xarm_1s_description/share/xarm_1s_description/meshes/link5.stl
-- Symlinking: /home/hyeon/xarm_ws/install/xarm_1s_description/share/xarm_1s_description/meshes/link5_collision.stl
-- Symlinking: /home/hyeon/xarm_ws/install/xarm_1s_description/share/xarm_1s_description/meshes/link6.stl
-- Symlinking: /home/hyeon/xarm_ws/install/xarm_1s_description/share/xarm_1s_description/meshes/link6_collision.stl
-- Symlinking: /home/hyeon/xarm_ws/install/xarm_1s_description/share/xarm_1s_description/rviz/xarm_1s.rviz
-- Symlinking: /home/hyeon/xarm_ws/install/xarm_1s_description/share/xarm_1s_description/urdf/control/xarm_1s.ros2_control.xacro
-- Symlinking: /home/hyeon/xarm_ws/install/xarm_1s_description/share/xarm_1s_description/urdf/xarm_1s.urdf.xacro
-- Symlinking: /home/hyeon/xarm_ws/install/xarm_1s_description/share/ament_index/resource_index/package_run_dependencies/xarm_1s_description
-- Symlinking: /home/hyeon/xarm_ws/install/xarm_1s_description/share/ament_index/resource_index/parent_prefix_path/xarm_1s_description
-- Symlinking: /home/hyeon/xarm_ws/install/xarm_1s_description/share/xarm_1s_description/environment/ament_prefix_path.sh
-- Symlinking: /home/hyeon/xarm_ws/install/xarm_1s_description/share/xarm_1s_description/environment/ament_prefix_path.dsv
-- Symlinking: /home/hyeon/xarm_ws/install/xarm_1s_description/share/xarm_1s_description/environment/path.sh
-- Symlinking: /home/hyeon/xarm_ws/install/xarm_1s_description/share/xarm_1s_description/environment/path.dsv
-- Symlinking: /home/hyeon/xarm_ws/install/xarm_1s_description/share/xarm_1s_description/local_setup.bash
-- Symlinking: /home/hyeon/xarm_ws/install/xarm_1s_description/share/xarm_1s_description/local_setup.sh
-- Symlinking: /home/hyeon/xarm_ws/install/xarm_1s_description/share/xarm_1s_description/local_setup.zsh
-- Symlinking: /home/hyeon/xarm_ws/install/xarm_1s_description/share/xarm_1s_description/local_setup.dsv
-- Symlinking: /home/hyeon/xarm_ws/install/xarm_1s_description/share/xarm_1s_description/package.dsv
-- Symlinking: /home/hyeon/xarm_ws/install/xarm_1s_description/share/ament_index/resource_index/packages/xarm_1s_description
-- Symlinking: /home/hyeon/xarm_ws/install/xarm_1s_description/share/xarm_1s_description/cmake/xarm_1s_descriptionConfig.cmake
-- Symlinking: /home/hyeon/xarm_ws/install/xarm_1s_description/share/xarm_1s_description/cmake/xarm_1s_descriptionConfig-version.cmake
-- Symlinking: /home/hyeon/xarm_ws/install/xarm_1s_description/share/xarm_1s_description/package.xml
