[0.056s] DEBUG:colcon:Command line arguments: ['/usr/bin/colcon', 'build']
[0.056s] DEBUG:colcon:Parsed command line arguments: Namespace(log_base=None, log_level=None, verb_name='build', build_base='build', install_base='install', merge_install=False, symlink_install=False, test_result_base=None, continue_on_error=False, executor='parallel', parallel_workers=28, event_handlers=None, ignore_user_meta=False, metas=['./colcon.meta'], base_paths=['.'], packages_ignore=None, packages_ignore_regex=None, paths=None, packages_up_to=None, packages_up_to_regex=None, packages_above=None, packages_above_and_dependencies=None, packages_above_depth=None, packages_select_by_dep=None, packages_skip_by_dep=None, packages_skip_up_to=None, packages_select_build_failed=False, packages_skip_build_finished=False, packages_select_test_failures=False, packages_skip_test_passed=False, packages_select=None, packages_skip=None, packages_select_regex=None, packages_skip_regex=None, packages_start=None, packages_end=None, allow_overriding=[], cmake_args=None, cmake_target=None, cmake_target_skip_unavailable=False, cmake_clean_cache=False, cmake_clean_first=False, cmake_force_configure=False, ament_cmake_args=None, catkin_cmake_args=None, catkin_skip_building_tests=False, mixin_files=None, mixin=None, verb_parser=<colcon_mixin.mixin.mixin_argument.MixinArgumentDecorator object at 0x7125fbdd32c0>, verb_extension=<colcon_core.verb.build.BuildVerb object at 0x7125fbdd2e40>, main=<bound method BuildVerb.main of <colcon_core.verb.build.BuildVerb object at 0x7125fbdd2e40>>, mixin_verb=('build',))
[0.073s] Level 1:colcon.colcon_core.package_discovery:discover_packages(colcon_meta) check parameters
[0.073s] Level 1:colcon.colcon_core.package_discovery:discover_packages(recursive) check parameters
[0.073s] Level 1:colcon.colcon_core.package_discovery:discover_packages(ignore) check parameters
[0.073s] Level 1:colcon.colcon_core.package_discovery:discover_packages(path) check parameters
[0.073s] Level 1:colcon.colcon_core.package_discovery:discover_packages(colcon_meta) discover
[0.073s] Level 1:colcon.colcon_core.package_discovery:discover_packages(recursive) discover
[0.073s] INFO:colcon.colcon_core.package_discovery:Crawling recursively for packages in '/home/secu4090/xarm_ws'
[0.073s] Level 1:colcon.colcon_core.package_identification:_identify(.) by extensions ['ignore', 'ignore_ament_install']
[0.073s] Level 1:colcon.colcon_core.package_identification:_identify(.) by extension 'ignore'
[0.073s] Level 1:colcon.colcon_core.package_identification:_identify(.) by extension 'ignore_ament_install'
[0.073s] Level 1:colcon.colcon_core.package_identification:_identify(.) by extensions ['colcon_pkg']
[0.073s] Level 1:colcon.colcon_core.package_identification:_identify(.) by extension 'colcon_pkg'
[0.074s] Level 1:colcon.colcon_core.package_identification:_identify(.) by extensions ['colcon_meta']
[0.074s] Level 1:colcon.colcon_core.package_identification:_identify(.) by extension 'colcon_meta'
[0.074s] Level 1:colcon.colcon_core.package_identification:_identify(.) by extensions ['ros']
[0.074s] Level 1:colcon.colcon_core.package_identification:_identify(.) by extension 'ros'
[0.086s] Level 1:colcon.colcon_core.package_identification:_identify(.) by extensions ['cmake', 'python']
[0.086s] Level 1:colcon.colcon_core.package_identification:_identify(.) by extension 'cmake'
[0.086s] Level 1:colcon.colcon_core.package_identification:_identify(.) by extension 'python'
[0.086s] Level 1:colcon.colcon_core.package_identification:_identify(.) by extensions ['python_setup_py']
[0.086s] Level 1:colcon.colcon_core.package_identification:_identify(.) by extension 'python_setup_py'
[0.086s] Level 1:colcon.colcon_core.package_identification:_identify(build) by extensions ['ignore', 'ignore_ament_install']
[0.086s] Level 1:colcon.colcon_core.package_identification:_identify(build) by extension 'ignore'
[0.086s] Level 1:colcon.colcon_core.package_identification:_identify(build) ignored
[0.086s] Level 1:colcon.colcon_core.package_identification:_identify(install) by extensions ['ignore', 'ignore_ament_install']
[0.086s] Level 1:colcon.colcon_core.package_identification:_identify(install) by extension 'ignore'
[0.086s] Level 1:colcon.colcon_core.package_identification:_identify(install) ignored
[0.086s] Level 1:colcon.colcon_core.package_identification:_identify(log) by extensions ['ignore', 'ignore_ament_install']
[0.086s] Level 1:colcon.colcon_core.package_identification:_identify(log) by extension 'ignore'
[0.086s] Level 1:colcon.colcon_core.package_identification:_identify(log) ignored
[0.086s] Level 1:colcon.colcon_core.package_identification:_identify(src) by extensions ['ignore', 'ignore_ament_install']
[0.086s] Level 1:colcon.colcon_core.package_identification:_identify(src) by extension 'ignore'
[0.086s] Level 1:colcon.colcon_core.package_identification:_identify(src) by extension 'ignore_ament_install'
[0.086s] Level 1:colcon.colcon_core.package_identification:_identify(src) by extensions ['colcon_pkg']
[0.086s] Level 1:colcon.colcon_core.package_identification:_identify(src) by extension 'colcon_pkg'
[0.086s] Level 1:colcon.colcon_core.package_identification:_identify(src) by extensions ['colcon_meta']
[0.086s] Level 1:colcon.colcon_core.package_identification:_identify(src) by extension 'colcon_meta'
[0.086s] Level 1:colcon.colcon_core.package_identification:_identify(src) by extensions ['ros']
[0.086s] Level 1:colcon.colcon_core.package_identification:_identify(src) by extension 'ros'
[0.086s] Level 1:colcon.colcon_core.package_identification:_identify(src) by extensions ['cmake', 'python']
[0.086s] Level 1:colcon.colcon_core.package_identification:_identify(src) by extension 'cmake'
[0.086s] Level 1:colcon.colcon_core.package_identification:_identify(src) by extension 'python'
[0.086s] Level 1:colcon.colcon_core.package_identification:_identify(src) by extensions ['python_setup_py']
[0.086s] Level 1:colcon.colcon_core.package_identification:_identify(src) by extension 'python_setup_py'
[0.086s] Level 1:colcon.colcon_core.package_identification:_identify(src/mtc) by extensions ['ignore', 'ignore_ament_install']
[0.086s] Level 1:colcon.colcon_core.package_identification:_identify(src/mtc) by extension 'ignore'
[0.086s] Level 1:colcon.colcon_core.package_identification:_identify(src/mtc) by extension 'ignore_ament_install'
[0.086s] Level 1:colcon.colcon_core.package_identification:_identify(src/mtc) by extensions ['colcon_pkg']
[0.086s] Level 1:colcon.colcon_core.package_identification:_identify(src/mtc) by extension 'colcon_pkg'
[0.086s] Level 1:colcon.colcon_core.package_identification:_identify(src/mtc) by extensions ['colcon_meta']
[0.086s] Level 1:colcon.colcon_core.package_identification:_identify(src/mtc) by extension 'colcon_meta'
[0.086s] Level 1:colcon.colcon_core.package_identification:_identify(src/mtc) by extensions ['ros']
[0.086s] Level 1:colcon.colcon_core.package_identification:_identify(src/mtc) by extension 'ros'
[0.088s] DEBUG:colcon.colcon_core.package_identification:Package 'src/mtc' with type 'ros.ament_cmake' and name 'mtc'
[0.088s] Level 1:colcon.colcon_core.package_identification:_identify(src/xarm_1s_description) by extensions ['ignore', 'ignore_ament_install']
[0.088s] Level 1:colcon.colcon_core.package_identification:_identify(src/xarm_1s_description) by extension 'ignore'
[0.088s] Level 1:colcon.colcon_core.package_identification:_identify(src/xarm_1s_description) by extension 'ignore_ament_install'
[0.088s] Level 1:colcon.colcon_core.package_identification:_identify(src/xarm_1s_description) by extensions ['colcon_pkg']
[0.088s] Level 1:colcon.colcon_core.package_identification:_identify(src/xarm_1s_description) by extension 'colcon_pkg'
[0.088s] Level 1:colcon.colcon_core.package_identification:_identify(src/xarm_1s_description) by extensions ['colcon_meta']
[0.088s] Level 1:colcon.colcon_core.package_identification:_identify(src/xarm_1s_description) by extension 'colcon_meta'
[0.088s] Level 1:colcon.colcon_core.package_identification:_identify(src/xarm_1s_description) by extensions ['ros']
[0.088s] Level 1:colcon.colcon_core.package_identification:_identify(src/xarm_1s_description) by extension 'ros'
[0.088s] DEBUG:colcon.colcon_core.package_identification:Package 'src/xarm_1s_description' with type 'ros.ament_cmake' and name 'xarm_1s_description'
[0.088s] Level 1:colcon.colcon_core.package_identification:_identify(src/xarm_1s_moveit_config) by extensions ['ignore', 'ignore_ament_install']
[0.088s] Level 1:colcon.colcon_core.package_identification:_identify(src/xarm_1s_moveit_config) by extension 'ignore'
[0.088s] Level 1:colcon.colcon_core.package_identification:_identify(src/xarm_1s_moveit_config) by extension 'ignore_ament_install'
[0.088s] Level 1:colcon.colcon_core.package_identification:_identify(src/xarm_1s_moveit_config) by extensions ['colcon_pkg']
[0.088s] Level 1:colcon.colcon_core.package_identification:_identify(src/xarm_1s_moveit_config) by extension 'colcon_pkg'
[0.088s] Level 1:colcon.colcon_core.package_identification:_identify(src/xarm_1s_moveit_config) by extensions ['colcon_meta']
[0.088s] Level 1:colcon.colcon_core.package_identification:_identify(src/xarm_1s_moveit_config) by extension 'colcon_meta'
[0.088s] Level 1:colcon.colcon_core.package_identification:_identify(src/xarm_1s_moveit_config) by extensions ['ros']
[0.088s] Level 1:colcon.colcon_core.package_identification:_identify(src/xarm_1s_moveit_config) by extension 'ros'
[0.088s] DEBUG:colcon.colcon_core.package_identification:Package 'src/xarm_1s_moveit_config' with type 'ros.ament_cmake' and name 'xarm_1s_moveit_config'
[0.088s] Level 1:colcon.colcon_core.package_discovery:discover_packages(recursive) using defaults
[0.088s] Level 1:colcon.colcon_core.package_discovery:discover_packages(ignore) discover
[0.088s] Level 1:colcon.colcon_core.package_discovery:discover_packages(ignore) using defaults
[0.088s] Level 1:colcon.colcon_core.package_discovery:discover_packages(path) discover
[0.088s] Level 1:colcon.colcon_core.package_discovery:discover_packages(path) using defaults
[0.097s] Level 1:colcon.colcon_core.package_discovery:discover_packages(prefix_path) check parameters
[0.097s] Level 1:colcon.colcon_core.package_discovery:discover_packages(prefix_path) discover
[0.097s] DEBUG:colcon.colcon_installed_package_information.package_discovery:Found 3 installed packages in /home/secu4090/xarm_ws/install
[0.098s] DEBUG:colcon.colcon_installed_package_information.package_discovery:Found 4 installed packages in /home/secu4090/turtlebot3_ws/install
[0.098s] DEBUG:colcon.colcon_installed_package_information.package_discovery:Found 500 installed packages in /opt/ros/jazzy
[0.099s] Level 1:colcon.colcon_core.package_discovery:discover_packages(prefix_path) using defaults
[0.129s] Level 5:colcon.colcon_core.verb:set package 'mtc' build argument 'cmake_args' from command line to 'None'
[0.129s] Level 5:colcon.colcon_core.verb:set package 'mtc' build argument 'cmake_target' from command line to 'None'
[0.129s] Level 5:colcon.colcon_core.verb:set package 'mtc' build argument 'cmake_target_skip_unavailable' from command line to 'False'
[0.129s] Level 5:colcon.colcon_core.verb:set package 'mtc' build argument 'cmake_clean_cache' from command line to 'False'
[0.129s] Level 5:colcon.colcon_core.verb:set package 'mtc' build argument 'cmake_clean_first' from command line to 'False'
[0.129s] Level 5:colcon.colcon_core.verb:set package 'mtc' build argument 'cmake_force_configure' from command line to 'False'
[0.129s] Level 5:colcon.colcon_core.verb:set package 'mtc' build argument 'ament_cmake_args' from command line to 'None'
[0.129s] Level 5:colcon.colcon_core.verb:set package 'mtc' build argument 'catkin_cmake_args' from command line to 'None'
[0.129s] Level 5:colcon.colcon_core.verb:set package 'mtc' build argument 'catkin_skip_building_tests' from command line to 'False'
[0.129s] DEBUG:colcon.colcon_core.verb:Building package 'mtc' with the following arguments: {'ament_cmake_args': None, 'build_base': '/home/secu4090/xarm_ws/build/mtc', 'catkin_cmake_args': None, 'catkin_skip_building_tests': False, 'cmake_args': None, 'cmake_clean_cache': False, 'cmake_clean_first': False, 'cmake_force_configure': False, 'cmake_target': None, 'cmake_target_skip_unavailable': False, 'install_base': '/home/secu4090/xarm_ws/install/mtc', 'merge_install': False, 'path': '/home/secu4090/xarm_ws/src/mtc', 'symlink_install': False, 'test_result_base': None}
[0.129s] Level 5:colcon.colcon_core.verb:set package 'xarm_1s_description' build argument 'cmake_args' from command line to 'None'
[0.129s] Level 5:colcon.colcon_core.verb:set package 'xarm_1s_description' build argument 'cmake_target' from command line to 'None'
[0.129s] Level 5:colcon.colcon_core.verb:set package 'xarm_1s_description' build argument 'cmake_target_skip_unavailable' from command line to 'False'
[0.129s] Level 5:colcon.colcon_core.verb:set package 'xarm_1s_description' build argument 'cmake_clean_cache' from command line to 'False'
[0.129s] Level 5:colcon.colcon_core.verb:set package 'xarm_1s_description' build argument 'cmake_clean_first' from command line to 'False'
[0.129s] Level 5:colcon.colcon_core.verb:set package 'xarm_1s_description' build argument 'cmake_force_configure' from command line to 'False'
[0.129s] Level 5:colcon.colcon_core.verb:set package 'xarm_1s_description' build argument 'ament_cmake_args' from command line to 'None'
[0.129s] Level 5:colcon.colcon_core.verb:set package 'xarm_1s_description' build argument 'catkin_cmake_args' from command line to 'None'
[0.129s] Level 5:colcon.colcon_core.verb:set package 'xarm_1s_description' build argument 'catkin_skip_building_tests' from command line to 'False'
[0.129s] DEBUG:colcon.colcon_core.verb:Building package 'xarm_1s_description' with the following arguments: {'ament_cmake_args': None, 'build_base': '/home/secu4090/xarm_ws/build/xarm_1s_description', 'catkin_cmake_args': None, 'catkin_skip_building_tests': False, 'cmake_args': None, 'cmake_clean_cache': False, 'cmake_clean_first': False, 'cmake_force_configure': False, 'cmake_target': None, 'cmake_target_skip_unavailable': False, 'install_base': '/home/secu4090/xarm_ws/install/xarm_1s_description', 'merge_install': False, 'path': '/home/secu4090/xarm_ws/src/xarm_1s_description', 'symlink_install': False, 'test_result_base': None}
[0.130s] Level 5:colcon.colcon_core.verb:set package 'xarm_1s_moveit_config' build argument 'cmake_args' from command line to 'None'
[0.130s] Level 5:colcon.colcon_core.verb:set package 'xarm_1s_moveit_config' build argument 'cmake_target' from command line to 'None'
[0.130s] Level 5:colcon.colcon_core.verb:set package 'xarm_1s_moveit_config' build argument 'cmake_target_skip_unavailable' from command line to 'False'
[0.130s] Level 5:colcon.colcon_core.verb:set package 'xarm_1s_moveit_config' build argument 'cmake_clean_cache' from command line to 'False'
[0.130s] Level 5:colcon.colcon_core.verb:set package 'xarm_1s_moveit_config' build argument 'cmake_clean_first' from command line to 'False'
[0.130s] Level 5:colcon.colcon_core.verb:set package 'xarm_1s_moveit_config' build argument 'cmake_force_configure' from command line to 'False'
[0.130s] Level 5:colcon.colcon_core.verb:set package 'xarm_1s_moveit_config' build argument 'ament_cmake_args' from command line to 'None'
[0.130s] Level 5:colcon.colcon_core.verb:set package 'xarm_1s_moveit_config' build argument 'catkin_cmake_args' from command line to 'None'
[0.130s] Level 5:colcon.colcon_core.verb:set package 'xarm_1s_moveit_config' build argument 'catkin_skip_building_tests' from command line to 'False'
[0.130s] DEBUG:colcon.colcon_core.verb:Building package 'xarm_1s_moveit_config' with the following arguments: {'ament_cmake_args': None, 'build_base': '/home/secu4090/xarm_ws/build/xarm_1s_moveit_config', 'catkin_cmake_args': None, 'catkin_skip_building_tests': False, 'cmake_args': None, 'cmake_clean_cache': False, 'cmake_clean_first': False, 'cmake_force_configure': False, 'cmake_target': None, 'cmake_target_skip_unavailable': False, 'install_base': '/home/secu4090/xarm_ws/install/xarm_1s_moveit_config', 'merge_install': False, 'path': '/home/secu4090/xarm_ws/src/xarm_1s_moveit_config', 'symlink_install': False, 'test_result_base': None}
[0.130s] INFO:colcon.colcon_core.executor:Executing jobs using 'parallel' executor
[0.130s] DEBUG:colcon.colcon_parallel_executor.executor.parallel:run_until_complete
[0.130s] INFO:colcon.colcon_ros.task.ament_cmake.build:Building ROS package in '/home/secu4090/xarm_ws/src/mtc' with build type 'ament_cmake'
[0.130s] INFO:colcon.colcon_cmake.task.cmake.build:Building CMake package in '/home/secu4090/xarm_ws/src/mtc'
[0.131s] INFO:colcon.colcon_core.plugin_system:Skipping extension 'colcon_core.shell.bat': Not used on non-Windows systems
[0.131s] INFO:colcon.colcon_core.shell:Skip shell extension 'powershell' for command environment: Not usable outside of PowerShell
[0.131s] DEBUG:colcon.colcon_core.shell:Skip shell extension 'dsv' for command environment
[0.134s] INFO:colcon.colcon_ros.task.ament_cmake.build:Building ROS package in '/home/secu4090/xarm_ws/src/xarm_1s_description' with build type 'ament_cmake'
[0.134s] INFO:colcon.colcon_cmake.task.cmake.build:Building CMake package in '/home/secu4090/xarm_ws/src/xarm_1s_description'
[0.134s] INFO:colcon.colcon_core.shell:Skip shell extension 'powershell' for command environment: Not usable outside of PowerShell
[0.134s] DEBUG:colcon.colcon_core.shell:Skip shell extension 'dsv' for command environment
[0.136s] INFO:colcon.colcon_ros.task.ament_cmake.build:Building ROS package in '/home/secu4090/xarm_ws/src/xarm_1s_moveit_config' with build type 'ament_cmake'
[0.136s] INFO:colcon.colcon_cmake.task.cmake.build:Building CMake package in '/home/secu4090/xarm_ws/src/xarm_1s_moveit_config'
[0.136s] INFO:colcon.colcon_core.shell:Skip shell extension 'powershell' for command environment: Not usable outside of PowerShell
[0.136s] DEBUG:colcon.colcon_core.shell:Skip shell extension 'dsv' for command environment
[0.140s] DEBUG:colcon.colcon_core.event_handler.log_command:Invoking command in '/home/secu4090/xarm_ws/build/mtc': CMAKE_PREFIX_PATH=${CMAKE_PREFIX_PATH}:/home/secu4090/turtlebot3_ws/install/tb3_custom_explore DEBUGINFOD_URLS=https://debuginfod.ubuntu.com /usr/bin/cmake --build /home/secu4090/xarm_ws/build/mtc -- -j28 -l28
[0.140s] DEBUG:colcon.colcon_core.event_handler.log_command:Invoking command in '/home/secu4090/xarm_ws/build/xarm_1s_description': CMAKE_PREFIX_PATH=${CMAKE_PREFIX_PATH}:/home/secu4090/turtlebot3_ws/install/tb3_custom_explore DEBUGINFOD_URLS=https://debuginfod.ubuntu.com /usr/bin/cmake --build /home/secu4090/xarm_ws/build/xarm_1s_description -- -j28 -l28
[0.142s] DEBUG:colcon.colcon_core.event_handler.log_command:Invoking command in '/home/secu4090/xarm_ws/build/xarm_1s_moveit_config': CMAKE_PREFIX_PATH=${CMAKE_PREFIX_PATH}:/home/secu4090/turtlebot3_ws/install/tb3_custom_explore DEBUGINFOD_URLS=https://debuginfod.ubuntu.com /usr/bin/cmake --build /home/secu4090/xarm_ws/build/xarm_1s_moveit_config -- -j28 -l28
[0.165s] DEBUG:colcon.colcon_core.event_handler.log_command:Invoked command in '/home/secu4090/xarm_ws/build/xarm_1s_description' returned '0': CMAKE_PREFIX_PATH=${CMAKE_PREFIX_PATH}:/home/secu4090/turtlebot3_ws/install/tb3_custom_explore DEBUGINFOD_URLS=https://debuginfod.ubuntu.com /usr/bin/cmake --build /home/secu4090/xarm_ws/build/xarm_1s_description -- -j28 -l28
[0.170s] DEBUG:colcon.colcon_core.event_handler.log_command:Invoking command in '/home/secu4090/xarm_ws/build/xarm_1s_description': CMAKE_PREFIX_PATH=${CMAKE_PREFIX_PATH}:/home/secu4090/turtlebot3_ws/install/tb3_custom_explore DEBUGINFOD_URLS=https://debuginfod.ubuntu.com /usr/bin/cmake --install /home/secu4090/xarm_ws/build/xarm_1s_description
[0.171s] DEBUG:colcon.colcon_core.event_handler.log_command:Invoked command in '/home/secu4090/xarm_ws/build/xarm_1s_moveit_config' returned '0': CMAKE_PREFIX_PATH=${CMAKE_PREFIX_PATH}:/home/secu4090/turtlebot3_ws/install/tb3_custom_explore DEBUGINFOD_URLS=https://debuginfod.ubuntu.com /usr/bin/cmake --build /home/secu4090/xarm_ws/build/xarm_1s_moveit_config -- -j28 -l28
[0.171s] DEBUG:colcon.colcon_core.event_handler.log_command:Invoking command in '/home/secu4090/xarm_ws/build/xarm_1s_moveit_config': CMAKE_PREFIX_PATH=${CMAKE_PREFIX_PATH}:/home/secu4090/turtlebot3_ws/install/tb3_custom_explore DEBUGINFOD_URLS=https://debuginfod.ubuntu.com /usr/bin/cmake --install /home/secu4090/xarm_ws/build/xarm_1s_moveit_config
[0.176s] Level 1:colcon.colcon_core.environment:create_environment_scripts_only(xarm_1s_description)
[0.176s] DEBUG:colcon.colcon_core.event_handler.log_command:Invoked command in '/home/secu4090/xarm_ws/build/xarm_1s_description' returned '0': CMAKE_PREFIX_PATH=${CMAKE_PREFIX_PATH}:/home/secu4090/turtlebot3_ws/install/tb3_custom_explore DEBUGINFOD_URLS=https://debuginfod.ubuntu.com /usr/bin/cmake --install /home/secu4090/xarm_ws/build/xarm_1s_description
[0.178s] Level 1:colcon.colcon_core.environment:checking '/home/secu4090/xarm_ws/install/xarm_1s_description' for CMake module files
[0.179s] Level 1:colcon.colcon_core.environment:checking '/home/secu4090/xarm_ws/install/xarm_1s_description' for CMake config files
[0.179s] Level 1:colcon.colcon_core.shell:create_environment_hook('xarm_1s_description', 'cmake_prefix_path')
[0.179s] INFO:colcon.colcon_core.shell:Creating environment hook '/home/secu4090/xarm_ws/install/xarm_1s_description/share/xarm_1s_description/hook/cmake_prefix_path.ps1'
[0.179s] INFO:colcon.colcon_core.shell:Creating environment descriptor '/home/secu4090/xarm_ws/install/xarm_1s_description/share/xarm_1s_description/hook/cmake_prefix_path.dsv'
[0.179s] INFO:colcon.colcon_core.shell:Creating environment hook '/home/secu4090/xarm_ws/install/xarm_1s_description/share/xarm_1s_description/hook/cmake_prefix_path.sh'
[0.180s] Level 1:colcon.colcon_core.environment:checking '/home/secu4090/xarm_ws/install/xarm_1s_description/bin'
[0.180s] Level 1:colcon.colcon_core.environment:checking '/home/secu4090/xarm_ws/install/xarm_1s_description/lib/pkgconfig/xarm_1s_description.pc'
[0.180s] Level 1:colcon.colcon_core.environment:checking '/home/secu4090/xarm_ws/install/xarm_1s_description/lib/python3.12/site-packages'
[0.181s] Level 1:colcon.colcon_core.environment:checking '/home/secu4090/xarm_ws/install/xarm_1s_description/bin'
[0.181s] INFO:colcon.colcon_core.shell:Creating package script '/home/secu4090/xarm_ws/install/xarm_1s_description/share/xarm_1s_description/package.ps1'
[0.181s] INFO:colcon.colcon_core.shell:Creating package descriptor '/home/secu4090/xarm_ws/install/xarm_1s_description/share/xarm_1s_description/package.dsv'
[0.181s] INFO:colcon.colcon_core.shell:Creating package script '/home/secu4090/xarm_ws/install/xarm_1s_description/share/xarm_1s_description/package.sh'
[0.182s] INFO:colcon.colcon_core.shell:Creating package script '/home/secu4090/xarm_ws/install/xarm_1s_description/share/xarm_1s_description/package.bash'
[0.182s] INFO:colcon.colcon_core.shell:Creating package script '/home/secu4090/xarm_ws/install/xarm_1s_description/share/xarm_1s_description/package.zsh'
[0.182s] Level 1:colcon.colcon_core.environment:create_file_with_runtime_dependencies(/home/secu4090/xarm_ws/install/xarm_1s_description/share/colcon-core/packages/xarm_1s_description)
[0.182s] Level 1:colcon.colcon_core.environment:create_environment_scripts_only(xarm_1s_description)
[0.182s] Level 1:colcon.colcon_core.environment:checking '/home/secu4090/xarm_ws/install/xarm_1s_description' for CMake module files
[0.182s] Level 1:colcon.colcon_core.environment:checking '/home/secu4090/xarm_ws/install/xarm_1s_description' for CMake config files
[0.183s] Level 1:colcon.colcon_core.shell:create_environment_hook('xarm_1s_description', 'cmake_prefix_path')
[0.183s] INFO:colcon.colcon_core.shell:Creating environment hook '/home/secu4090/xarm_ws/install/xarm_1s_description/share/xarm_1s_description/hook/cmake_prefix_path.ps1'
[0.183s] INFO:colcon.colcon_core.shell:Creating environment descriptor '/home/secu4090/xarm_ws/install/xarm_1s_description/share/xarm_1s_description/hook/cmake_prefix_path.dsv'
[0.183s] INFO:colcon.colcon_core.shell:Creating environment hook '/home/secu4090/xarm_ws/install/xarm_1s_description/share/xarm_1s_description/hook/cmake_prefix_path.sh'
[0.183s] Level 1:colcon.colcon_core.environment:checking '/home/secu4090/xarm_ws/install/xarm_1s_description/bin'
[0.183s] Level 1:colcon.colcon_core.environment:checking '/home/secu4090/xarm_ws/install/xarm_1s_description/lib/pkgconfig/xarm_1s_description.pc'
[0.183s] Level 1:colcon.colcon_core.environment:checking '/home/secu4090/xarm_ws/install/xarm_1s_description/lib/python3.12/site-packages'
[0.183s] Level 1:colcon.colcon_core.environment:checking '/home/secu4090/xarm_ws/install/xarm_1s_description/bin'
[0.184s] INFO:colcon.colcon_core.shell:Creating package script '/home/secu4090/xarm_ws/install/xarm_1s_description/share/xarm_1s_description/package.ps1'
[0.184s] INFO:colcon.colcon_core.shell:Creating package descriptor '/home/secu4090/xarm_ws/install/xarm_1s_description/share/xarm_1s_description/package.dsv'
[0.184s] INFO:colcon.colcon_core.shell:Creating package script '/home/secu4090/xarm_ws/install/xarm_1s_description/share/xarm_1s_description/package.sh'
[0.184s] INFO:colcon.colcon_core.shell:Creating package script '/home/secu4090/xarm_ws/install/xarm_1s_description/share/xarm_1s_description/package.bash'
[0.184s] INFO:colcon.colcon_core.shell:Creating package script '/home/secu4090/xarm_ws/install/xarm_1s_description/share/xarm_1s_description/package.zsh'
[0.184s] Level 1:colcon.colcon_core.environment:create_file_with_runtime_dependencies(/home/secu4090/xarm_ws/install/xarm_1s_description/share/colcon-core/packages/xarm_1s_description)
[0.185s] Level 1:colcon.colcon_core.environment:create_environment_scripts_only(xarm_1s_moveit_config)
[0.185s] Level 1:colcon.colcon_core.environment:checking '/home/secu4090/xarm_ws/install/xarm_1s_moveit_config' for CMake module files
[0.185s] DEBUG:colcon.colcon_core.event_handler.log_command:Invoked command in '/home/secu4090/xarm_ws/build/xarm_1s_moveit_config' returned '0': CMAKE_PREFIX_PATH=${CMAKE_PREFIX_PATH}:/home/secu4090/turtlebot3_ws/install/tb3_custom_explore DEBUGINFOD_URLS=https://debuginfod.ubuntu.com /usr/bin/cmake --install /home/secu4090/xarm_ws/build/xarm_1s_moveit_config
[0.185s] Level 1:colcon.colcon_core.environment:checking '/home/secu4090/xarm_ws/install/xarm_1s_moveit_config' for CMake config files
[0.185s] Level 1:colcon.colcon_core.shell:create_environment_hook('xarm_1s_moveit_config', 'cmake_prefix_path')
[0.185s] INFO:colcon.colcon_core.shell:Creating environment hook '/home/secu4090/xarm_ws/install/xarm_1s_moveit_config/share/xarm_1s_moveit_config/hook/cmake_prefix_path.ps1'
[0.186s] INFO:colcon.colcon_core.shell:Creating environment descriptor '/home/secu4090/xarm_ws/install/xarm_1s_moveit_config/share/xarm_1s_moveit_config/hook/cmake_prefix_path.dsv'
[0.186s] INFO:colcon.colcon_core.shell:Creating environment hook '/home/secu4090/xarm_ws/install/xarm_1s_moveit_config/share/xarm_1s_moveit_config/hook/cmake_prefix_path.sh'
[0.186s] Level 1:colcon.colcon_core.environment:checking '/home/secu4090/xarm_ws/install/xarm_1s_moveit_config/bin'
[0.186s] Level 1:colcon.colcon_core.environment:checking '/home/secu4090/xarm_ws/install/xarm_1s_moveit_config/lib/pkgconfig/xarm_1s_moveit_config.pc'
[0.186s] Level 1:colcon.colcon_core.environment:checking '/home/secu4090/xarm_ws/install/xarm_1s_moveit_config/lib/python3.12/site-packages'
[0.186s] Level 1:colcon.colcon_core.environment:checking '/home/secu4090/xarm_ws/install/xarm_1s_moveit_config/bin'
[0.186s] INFO:colcon.colcon_core.shell:Creating package script '/home/secu4090/xarm_ws/install/xarm_1s_moveit_config/share/xarm_1s_moveit_config/package.ps1'
[0.187s] INFO:colcon.colcon_core.shell:Creating package descriptor '/home/secu4090/xarm_ws/install/xarm_1s_moveit_config/share/xarm_1s_moveit_config/package.dsv'
[0.187s] INFO:colcon.colcon_core.shell:Creating package script '/home/secu4090/xarm_ws/install/xarm_1s_moveit_config/share/xarm_1s_moveit_config/package.sh'
[0.187s] INFO:colcon.colcon_core.shell:Creating package script '/home/secu4090/xarm_ws/install/xarm_1s_moveit_config/share/xarm_1s_moveit_config/package.bash'
[0.187s] INFO:colcon.colcon_core.shell:Creating package script '/home/secu4090/xarm_ws/install/xarm_1s_moveit_config/share/xarm_1s_moveit_config/package.zsh'
[0.187s] Level 1:colcon.colcon_core.environment:create_file_with_runtime_dependencies(/home/secu4090/xarm_ws/install/xarm_1s_moveit_config/share/colcon-core/packages/xarm_1s_moveit_config)
[0.188s] Level 1:colcon.colcon_core.environment:create_environment_scripts_only(xarm_1s_moveit_config)
[0.188s] Level 1:colcon.colcon_core.environment:checking '/home/secu4090/xarm_ws/install/xarm_1s_moveit_config' for CMake module files
[0.188s] Level 1:colcon.colcon_core.environment:checking '/home/secu4090/xarm_ws/install/xarm_1s_moveit_config' for CMake config files
[0.188s] Level 1:colcon.colcon_core.shell:create_environment_hook('xarm_1s_moveit_config', 'cmake_prefix_path')
[0.188s] INFO:colcon.colcon_core.shell:Creating environment hook '/home/secu4090/xarm_ws/install/xarm_1s_moveit_config/share/xarm_1s_moveit_config/hook/cmake_prefix_path.ps1'
[0.188s] INFO:colcon.colcon_core.shell:Creating environment descriptor '/home/secu4090/xarm_ws/install/xarm_1s_moveit_config/share/xarm_1s_moveit_config/hook/cmake_prefix_path.dsv'
[0.188s] INFO:colcon.colcon_core.shell:Creating environment hook '/home/secu4090/xarm_ws/install/xarm_1s_moveit_config/share/xarm_1s_moveit_config/hook/cmake_prefix_path.sh'
[0.189s] Level 1:colcon.colcon_core.environment:checking '/home/secu4090/xarm_ws/install/xarm_1s_moveit_config/bin'
[0.189s] Level 1:colcon.colcon_core.environment:checking '/home/secu4090/xarm_ws/install/xarm_1s_moveit_config/lib/pkgconfig/xarm_1s_moveit_config.pc'
[0.189s] Level 1:colcon.colcon_core.environment:checking '/home/secu4090/xarm_ws/install/xarm_1s_moveit_config/lib/python3.12/site-packages'
[0.189s] Level 1:colcon.colcon_core.environment:checking '/home/secu4090/xarm_ws/install/xarm_1s_moveit_config/bin'
[0.189s] INFO:colcon.colcon_core.shell:Creating package script '/home/secu4090/xarm_ws/install/xarm_1s_moveit_config/share/xarm_1s_moveit_config/package.ps1'
[0.190s] INFO:colcon.colcon_core.shell:Creating package descriptor '/home/secu4090/xarm_ws/install/xarm_1s_moveit_config/share/xarm_1s_moveit_config/package.dsv'
[0.190s] INFO:colcon.colcon_core.shell:Creating package script '/home/secu4090/xarm_ws/install/xarm_1s_moveit_config/share/xarm_1s_moveit_config/package.sh'
[0.190s] INFO:colcon.colcon_core.shell:Creating package script '/home/secu4090/xarm_ws/install/xarm_1s_moveit_config/share/xarm_1s_moveit_config/package.bash'
[0.190s] INFO:colcon.colcon_core.shell:Creating package script '/home/secu4090/xarm_ws/install/xarm_1s_moveit_config/share/xarm_1s_moveit_config/package.zsh'
[0.190s] Level 1:colcon.colcon_core.environment:create_file_with_runtime_dependencies(/home/secu4090/xarm_ws/install/xarm_1s_moveit_config/share/colcon-core/packages/xarm_1s_moveit_config)
[5.437s] DEBUG:colcon.colcon_core.event_handler.log_command:Invoked command in '/home/secu4090/xarm_ws/build/mtc' returned '0': CMAKE_PREFIX_PATH=${CMAKE_PREFIX_PATH}:/home/secu4090/turtlebot3_ws/install/tb3_custom_explore DEBUGINFOD_URLS=https://debuginfod.ubuntu.com /usr/bin/cmake --build /home/secu4090/xarm_ws/build/mtc -- -j28 -l28
[5.437s] DEBUG:colcon.colcon_core.event_handler.log_command:Invoking command in '/home/secu4090/xarm_ws/build/mtc': CMAKE_PREFIX_PATH=${CMAKE_PREFIX_PATH}:/home/secu4090/turtlebot3_ws/install/tb3_custom_explore DEBUGINFOD_URLS=https://debuginfod.ubuntu.com /usr/bin/cmake --install /home/secu4090/xarm_ws/build/mtc
[5.444s] Level 1:colcon.colcon_core.environment:create_environment_scripts_only(mtc)
[5.444s] DEBUG:colcon.colcon_core.event_handler.log_command:Invoked command in '/home/secu4090/xarm_ws/build/mtc' returned '0': CMAKE_PREFIX_PATH=${CMAKE_PREFIX_PATH}:/home/secu4090/turtlebot3_ws/install/tb3_custom_explore DEBUGINFOD_URLS=https://debuginfod.ubuntu.com /usr/bin/cmake --install /home/secu4090/xarm_ws/build/mtc
[5.444s] Level 1:colcon.colcon_core.environment:checking '/home/secu4090/xarm_ws/install/mtc' for CMake module files
[5.445s] Level 1:colcon.colcon_core.environment:checking '/home/secu4090/xarm_ws/install/mtc' for CMake config files
[5.445s] Level 1:colcon.colcon_core.shell:create_environment_hook('mtc', 'cmake_prefix_path')
[5.445s] INFO:colcon.colcon_core.shell:Creating environment hook '/home/secu4090/xarm_ws/install/mtc/share/mtc/hook/cmake_prefix_path.ps1'
[5.446s] INFO:colcon.colcon_core.shell:Creating environment descriptor '/home/secu4090/xarm_ws/install/mtc/share/mtc/hook/cmake_prefix_path.dsv'
[5.446s] INFO:colcon.colcon_core.shell:Creating environment hook '/home/secu4090/xarm_ws/install/mtc/share/mtc/hook/cmake_prefix_path.sh'
[5.447s] Level 1:colcon.colcon_core.environment:checking '/home/secu4090/xarm_ws/install/mtc/lib'
[5.447s] Level 1:colcon.colcon_core.environment:checking '/home/secu4090/xarm_ws/install/mtc/bin'
[5.447s] Level 1:colcon.colcon_core.environment:checking '/home/secu4090/xarm_ws/install/mtc/lib/pkgconfig/mtc.pc'
[5.448s] Level 1:colcon.colcon_core.environment:checking '/home/secu4090/xarm_ws/install/mtc/lib/python3.12/site-packages'
[5.448s] Level 1:colcon.colcon_core.environment:checking '/home/secu4090/xarm_ws/install/mtc/bin'
[5.449s] INFO:colcon.colcon_core.shell:Creating package script '/home/secu4090/xarm_ws/install/mtc/share/mtc/package.ps1'
[5.449s] INFO:colcon.colcon_core.shell:Creating package descriptor '/home/secu4090/xarm_ws/install/mtc/share/mtc/package.dsv'
[5.450s] INFO:colcon.colcon_core.shell:Creating package script '/home/secu4090/xarm_ws/install/mtc/share/mtc/package.sh'
[5.450s] INFO:colcon.colcon_core.shell:Creating package script '/home/secu4090/xarm_ws/install/mtc/share/mtc/package.bash'
[5.450s] INFO:colcon.colcon_core.shell:Creating package script '/home/secu4090/xarm_ws/install/mtc/share/mtc/package.zsh'
[5.450s] Level 1:colcon.colcon_core.environment:create_file_with_runtime_dependencies(/home/secu4090/xarm_ws/install/mtc/share/colcon-core/packages/mtc)
[5.450s] Level 1:colcon.colcon_core.environment:create_environment_scripts_only(mtc)
[5.451s] Level 1:colcon.colcon_core.environment:checking '/home/secu4090/xarm_ws/install/mtc' for CMake module files
[5.451s] Level 1:colcon.colcon_core.environment:checking '/home/secu4090/xarm_ws/install/mtc' for CMake config files
[5.451s] Level 1:colcon.colcon_core.shell:create_environment_hook('mtc', 'cmake_prefix_path')
[5.451s] INFO:colcon.colcon_core.shell:Creating environment hook '/home/secu4090/xarm_ws/install/mtc/share/mtc/hook/cmake_prefix_path.ps1'
[5.454s] INFO:colcon.colcon_core.shell:Creating environment descriptor '/home/secu4090/xarm_ws/install/mtc/share/mtc/hook/cmake_prefix_path.dsv'
[5.454s] INFO:colcon.colcon_core.shell:Creating environment hook '/home/secu4090/xarm_ws/install/mtc/share/mtc/hook/cmake_prefix_path.sh'
[5.455s] Level 1:colcon.colcon_core.environment:checking '/home/secu4090/xarm_ws/install/mtc/lib'
[5.455s] Level 1:colcon.colcon_core.environment:checking '/home/secu4090/xarm_ws/install/mtc/bin'
[5.455s] Level 1:colcon.colcon_core.environment:checking '/home/secu4090/xarm_ws/install/mtc/lib/pkgconfig/mtc.pc'
[5.455s] Level 1:colcon.colcon_core.environment:checking '/home/secu4090/xarm_ws/install/mtc/lib/python3.12/site-packages'
[5.455s] Level 1:colcon.colcon_core.environment:checking '/home/secu4090/xarm_ws/install/mtc/bin'
[5.456s] INFO:colcon.colcon_core.shell:Creating package script '/home/secu4090/xarm_ws/install/mtc/share/mtc/package.ps1'
[5.456s] INFO:colcon.colcon_core.shell:Creating package descriptor '/home/secu4090/xarm_ws/install/mtc/share/mtc/package.dsv'
[5.457s] INFO:colcon.colcon_core.shell:Creating package script '/home/secu4090/xarm_ws/install/mtc/share/mtc/package.sh'
[5.457s] INFO:colcon.colcon_core.shell:Creating package script '/home/secu4090/xarm_ws/install/mtc/share/mtc/package.bash'
[5.457s] INFO:colcon.colcon_core.shell:Creating package script '/home/secu4090/xarm_ws/install/mtc/share/mtc/package.zsh'
[5.458s] Level 1:colcon.colcon_core.environment:create_file_with_runtime_dependencies(/home/secu4090/xarm_ws/install/mtc/share/colcon-core/packages/mtc)
[5.458s] DEBUG:colcon.colcon_parallel_executor.executor.parallel:closing loop
[5.458s] DEBUG:colcon.colcon_parallel_executor.executor.parallel:loop closed
[5.458s] DEBUG:colcon.colcon_parallel_executor.executor.parallel:run_until_complete finished with '0'
[5.458s] DEBUG:colcon.colcon_core.event_reactor:joining thread
[5.463s] INFO:colcon.colcon_core.plugin_system:Skipping extension 'colcon_notification.desktop_notification.terminal_notifier': Not used on non-Darwin systems
[5.463s] INFO:colcon.colcon_core.plugin_system:Skipping extension 'colcon_notification.desktop_notification.win32': Not used on non-Windows systems
[5.463s] INFO:colcon.colcon_notification.desktop_notification:Sending desktop notification using 'notify2'
[5.485s] DEBUG:colcon.colcon_core.event_reactor:joined thread
[5.485s] INFO:colcon.colcon_core.shell:Creating prefix script '/home/secu4090/xarm_ws/install/local_setup.ps1'
[5.487s] INFO:colcon.colcon_core.shell:Creating prefix util module '/home/secu4090/xarm_ws/install/_local_setup_util_ps1.py'
[5.488s] INFO:colcon.colcon_core.shell:Creating prefix chain script '/home/secu4090/xarm_ws/install/setup.ps1'
[5.491s] INFO:colcon.colcon_core.shell:Creating prefix script '/home/secu4090/xarm_ws/install/local_setup.sh'
[5.492s] INFO:colcon.colcon_core.shell:Creating prefix util module '/home/secu4090/xarm_ws/install/_local_setup_util_sh.py'
[5.493s] INFO:colcon.colcon_core.shell:Creating prefix chain script '/home/secu4090/xarm_ws/install/setup.sh'
[5.494s] INFO:colcon.colcon_core.shell:Creating prefix script '/home/secu4090/xarm_ws/install/local_setup.bash'
[5.495s] INFO:colcon.colcon_core.shell:Creating prefix chain script '/home/secu4090/xarm_ws/install/setup.bash'
[5.496s] INFO:colcon.colcon_core.shell:Creating prefix script '/home/secu4090/xarm_ws/install/local_setup.zsh'
[5.497s] INFO:colcon.colcon_core.shell:Creating prefix chain script '/home/secu4090/xarm_ws/install/setup.zsh'
