[0.008s] Invoking command in '/home/hyeonsu/xarm_ws/build/xarm_1s_description': CMAKE_PREFIX_PATH=${CMAKE_PREFIX_PATH}:/opt/ros/jazzy DEBUGINFOD_URLS=https://debuginfod.ubuntu.com /usr/bin/cmake --build /home/hyeonsu/xarm_ws/build/xarm_1s_description -- -j24 -l24
[0.027s] -- Found ament_cmake: 2.5.5 (/opt/ros/jazzy/share/ament_cmake/cmake)
[0.202s] -- Found ament_lint_auto: 0.17.4 (/opt/ros/jazzy/share/ament_lint_auto/cmake)
[0.269s] -- Added test 'lint_cmake' to check CMake code style
[0.269s] -- Added test 'xmllint' to check XML markup files
[0.270s] -- Configuring done (0.2s)
[0.272s] -- Generating done (0.0s)
[0.272s] -- Build files have been written to: /home/hyeonsu/xarm_ws/build/xarm_1s_description
[0.292s] Invoked command in '/home/hyeonsu/xarm_ws/build/xarm_1s_description' returned '0': CMAKE_PREFIX_PATH=${CMAKE_PREFIX_PATH}:/opt/ros/jazzy DEBUGINFOD_URLS=https://debuginfod.ubuntu.com /usr/bin/cmake --build /home/hyeonsu/xarm_ws/build/xarm_1s_description -- -j24 -l24
[0.293s] Invoking command in '/home/hyeonsu/xarm_ws/build/xarm_1s_description': CMAKE_PREFIX_PATH=${CMAKE_PREFIX_PATH}:/opt/ros/jazzy DEBUGINFOD_URLS=https://debuginfod.ubuntu.com /usr/bin/cmake --install /home/hyeonsu/xarm_ws/build/xarm_1s_description
[0.300s] -- Install configuration: ""
[0.300s] -- Up-to-date: /home/hyeonsu/xarm_ws/install/xarm_1s_description/share/xarm_1s_description/meshes
[0.300s] -- Up-to-date: /home/hyeonsu/xarm_ws/install/xarm_1s_description/share/xarm_1s_description/meshes/link2_collision.stl
[0.300s] -- Up-to-date: /home/hyeonsu/xarm_ws/install/xarm_1s_description/share/xarm_1s_description/meshes/link3_collision.stl
[0.300s] -- Up-to-date: /home/hyeonsu/xarm_ws/install/xarm_1s_description/share/xarm_1s_description/meshes/link4_collision.stl
[0.300s] -- Up-to-date: /home/hyeonsu/xarm_ws/install/xarm_1s_description/share/xarm_1s_description/meshes/link0_left_collision.stl
[0.300s] -- Up-to-date: /home/hyeonsu/xarm_ws/install/xarm_1s_description/share/xarm_1s_description/meshes/link0_collision.stl
[0.300s] -- Up-to-date: /home/hyeonsu/xarm_ws/install/xarm_1s_description/share/xarm_1s_description/meshes/base_collision.stl
[0.300s] -- Up-to-date: /home/hyeonsu/xarm_ws/install/xarm_1s_description/share/xarm_1s_description/meshes/link3.stl
[0.300s] -- Up-to-date: /home/hyeonsu/xarm_ws/install/xarm_1s_description/share/xarm_1s_description/meshes/link5_collision.stl
[0.300s] -- Up-to-date: /home/hyeonsu/xarm_ws/install/xarm_1s_description/share/xarm_1s_description/meshes/base.stl
[0.300s] -- Up-to-date: /home/hyeonsu/xarm_ws/install/xarm_1s_description/share/xarm_1s_description/meshes/link1.stl
[0.300s] -- Up-to-date: /home/hyeonsu/xarm_ws/install/xarm_1s_description/share/xarm_1s_description/meshes/link6.stl
[0.301s] -- Up-to-date: /home/hyeonsu/xarm_ws/install/xarm_1s_description/share/xarm_1s_description/meshes/link1_left.stl
[0.301s] -- Up-to-date: /home/hyeonsu/xarm_ws/install/xarm_1s_description/share/xarm_1s_description/meshes/link0.stl
[0.301s] -- Up-to-date: /home/hyeonsu/xarm_ws/install/xarm_1s_description/share/xarm_1s_description/meshes/link1_left_collision.stl
[0.301s] -- Up-to-date: /home/hyeonsu/xarm_ws/install/xarm_1s_description/share/xarm_1s_description/meshes/link4.stl
[0.301s] -- Up-to-date: /home/hyeonsu/xarm_ws/install/xarm_1s_description/share/xarm_1s_description/meshes/link6_collision.stl
[0.301s] -- Up-to-date: /home/hyeonsu/xarm_ws/install/xarm_1s_description/share/xarm_1s_description/meshes/link0_left.stl
[0.301s] -- Up-to-date: /home/hyeonsu/xarm_ws/install/xarm_1s_description/share/xarm_1s_description/meshes/link1_collision.stl
[0.301s] -- Up-to-date: /home/hyeonsu/xarm_ws/install/xarm_1s_description/share/xarm_1s_description/meshes/link5.stl
[0.301s] -- Up-to-date: /home/hyeonsu/xarm_ws/install/xarm_1s_description/share/xarm_1s_description/meshes/link2.stl
[0.301s] -- Up-to-date: /home/hyeonsu/xarm_ws/install/xarm_1s_description/share/xarm_1s_description/rviz
[0.301s] -- Up-to-date: /home/hyeonsu/xarm_ws/install/xarm_1s_description/share/xarm_1s_description/rviz/xarm_1s.rviz
[0.301s] -- Up-to-date: /home/hyeonsu/xarm_ws/install/xarm_1s_description/share/xarm_1s_description/urdf
[0.301s] -- Installing: /home/hyeonsu/xarm_ws/install/xarm_1s_description/share/xarm_1s_description/urdf/xarm_1s.urdf.xacro
[0.301s] -- Up-to-date: /home/hyeonsu/xarm_ws/install/xarm_1s_description/share/xarm_1s_description/urdf/control
[0.301s] -- Installing: /home/hyeonsu/xarm_ws/install/xarm_1s_description/share/xarm_1s_description/urdf/control/xarm_1s.ros2_control.xacro
[0.301s] -- Up-to-date: /home/hyeonsu/xarm_ws/install/xarm_1s_description/share/ament_index/resource_index/package_run_dependencies/xarm_1s_description
[0.301s] -- Up-to-date: /home/hyeonsu/xarm_ws/install/xarm_1s_description/share/ament_index/resource_index/parent_prefix_path/xarm_1s_description
[0.301s] -- Up-to-date: /home/hyeonsu/xarm_ws/install/xarm_1s_description/share/xarm_1s_description/environment/ament_prefix_path.sh
[0.301s] -- Up-to-date: /home/hyeonsu/xarm_ws/install/xarm_1s_description/share/xarm_1s_description/environment/ament_prefix_path.dsv
[0.301s] -- Up-to-date: /home/hyeonsu/xarm_ws/install/xarm_1s_description/share/xarm_1s_description/environment/path.sh
[0.301s] -- Up-to-date: /home/hyeonsu/xarm_ws/install/xarm_1s_description/share/xarm_1s_description/environment/path.dsv
[0.302s] -- Up-to-date: /home/hyeonsu/xarm_ws/install/xarm_1s_description/share/xarm_1s_description/local_setup.bash
[0.302s] -- Up-to-date: /home/hyeonsu/xarm_ws/install/xarm_1s_description/share/xarm_1s_description/local_setup.sh
[0.302s] -- Up-to-date: /home/hyeonsu/xarm_ws/install/xarm_1s_description/share/xarm_1s_description/local_setup.zsh
[0.302s] -- Up-to-date: /home/hyeonsu/xarm_ws/install/xarm_1s_description/share/xarm_1s_description/local_setup.dsv
[0.302s] -- Installing: /home/hyeonsu/xarm_ws/install/xarm_1s_description/share/xarm_1s_description/package.dsv
[0.302s] -- Up-to-date: /home/hyeonsu/xarm_ws/install/xarm_1s_description/share/ament_index/resource_index/packages/xarm_1s_description
[0.302s] -- Up-to-date: /home/hyeonsu/xarm_ws/install/xarm_1s_description/share/xarm_1s_description/cmake/xarm_1s_descriptionConfig.cmake
[0.302s] -- Up-to-date: /home/hyeonsu/xarm_ws/install/xarm_1s_description/share/xarm_1s_description/cmake/xarm_1s_descriptionConfig-version.cmake
[0.302s] -- Up-to-date: /home/hyeonsu/xarm_ws/install/xarm_1s_description/share/xarm_1s_description/package.xml
[0.303s] Invoked command in '/home/hyeonsu/xarm_ws/build/xarm_1s_description' returned '0': CMAKE_PREFIX_PATH=${CMAKE_PREFIX_PATH}:/opt/ros/jazzy DEBUGINFOD_URLS=https://debuginfod.ubuntu.com /usr/bin/cmake --install /home/hyeonsu/xarm_ws/build/xarm_1s_description
