[0.089s] DEBUG:colcon:Command line arguments: ['/usr/bin/colcon', 'build']
[0.089s] DEBUG:colcon:Parsed command line arguments: Namespace(log_base=None, log_level=None, verb_name='build', build_base='build', install_base='install', merge_install=False, symlink_install=False, test_result_base=None, continue_on_error=False, executor='parallel', parallel_workers=24, event_handlers=None, ignore_user_meta=False, metas=['./colcon.meta'], base_paths=['.'], packages_ignore=None, packages_ignore_regex=None, paths=None, packages_up_to=None, packages_up_to_regex=None, packages_above=None, packages_above_and_dependencies=None, packages_above_depth=None, packages_select_by_dep=None, packages_skip_by_dep=None, packages_skip_up_to=None, packages_select_build_failed=False, packages_skip_build_finished=False, packages_select_test_failures=False, packages_skip_test_passed=False, packages_select=None, packages_skip=None, packages_select_regex=None, packages_skip_regex=None, packages_start=None, packages_end=None, allow_overriding=[], cmake_args=None, cmake_target=None, cmake_target_skip_unavailable=False, cmake_clean_cache=False, cmake_clean_first=False, cmake_force_configure=False, ament_cmake_args=None, catkin_cmake_args=None, catkin_skip_building_tests=False, mixin_files=None, mixin=None, verb_parser=<colcon_mixin.mixin.mixin_argument.MixinArgumentDecorator object at 0x76b754c9f890>, verb_extension=<colcon_core.verb.build.BuildVerb object at 0x76b754c42cf0>, main=<bound method BuildVerb.main of <colcon_core.verb.build.BuildVerb object at 0x76b754c42cf0>>, mixin_verb=('build',))
[0.121s] Level 1:colcon.colcon_core.package_discovery:discover_packages(colcon_meta) check parameters
[0.121s] Level 1:colcon.colcon_core.package_discovery:discover_packages(recursive) check parameters
[0.121s] Level 1:colcon.colcon_core.package_discovery:discover_packages(ignore) check parameters
[0.121s] Level 1:colcon.colcon_core.package_discovery:discover_packages(path) check parameters
[0.121s] Level 1:colcon.colcon_core.package_discovery:discover_packages(colcon_meta) discover
[0.121s] Level 1:colcon.colcon_core.package_discovery:discover_packages(recursive) discover
[0.121s] INFO:colcon.colcon_core.package_discovery:Crawling recursively for packages in '/home/hyeonsu/xarm_ws'
[0.122s] Level 1:colcon.colcon_core.package_identification:_identify(.) by extensions ['ignore', 'ignore_ament_install']
[0.122s] Level 1:colcon.colcon_core.package_identification:_identify(.) by extension 'ignore'
[0.122s] Level 1:colcon.colcon_core.package_identification:_identify(.) by extension 'ignore_ament_install'
[0.122s] Level 1:colcon.colcon_core.package_identification:_identify(.) by extensions ['colcon_pkg']
[0.122s] Level 1:colcon.colcon_core.package_identification:_identify(.) by extension 'colcon_pkg'
[0.122s] Level 1:colcon.colcon_core.package_identification:_identify(.) by extensions ['colcon_meta']
[0.122s] Level 1:colcon.colcon_core.package_identification:_identify(.) by extension 'colcon_meta'
[0.122s] Level 1:colcon.colcon_core.package_identification:_identify(.) by extensions ['ros']
[0.122s] Level 1:colcon.colcon_core.package_identification:_identify(.) by extension 'ros'
[0.139s] Level 1:colcon.colcon_core.package_identification:_identify(.) by extensions ['cmake', 'python']
[0.139s] Level 1:colcon.colcon_core.package_identification:_identify(.) by extension 'cmake'
[0.139s] Level 1:colcon.colcon_core.package_identification:_identify(.) by extension 'python'
[0.139s] Level 1:colcon.colcon_core.package_identification:_identify(.) by extensions ['python_setup_py']
[0.139s] Level 1:colcon.colcon_core.package_identification:_identify(.) by extension 'python_setup_py'
[0.139s] Level 1:colcon.colcon_core.package_identification:_identify(build) by extensions ['ignore', 'ignore_ament_install']
[0.139s] Level 1:colcon.colcon_core.package_identification:_identify(build) by extension 'ignore'
[0.139s] Level 1:colcon.colcon_core.package_identification:_identify(build) ignored
[0.139s] Level 1:colcon.colcon_core.package_identification:_identify(install) by extensions ['ignore', 'ignore_ament_install']
[0.139s] Level 1:colcon.colcon_core.package_identification:_identify(install) by extension 'ignore'
[0.139s] Level 1:colcon.colcon_core.package_identification:_identify(install) ignored
[0.139s] Level 1:colcon.colcon_core.package_identification:_identify(log) by extensions ['ignore', 'ignore_ament_install']
[0.139s] Level 1:colcon.colcon_core.package_identification:_identify(log) by extension 'ignore'
[0.140s] Level 1:colcon.colcon_core.package_identification:_identify(log) ignored
[0.140s] Level 1:colcon.colcon_core.package_identification:_identify(src) by extensions ['ignore', 'ignore_ament_install']
[0.140s] Level 1:colcon.colcon_core.package_identification:_identify(src) by extension 'ignore'
[0.140s] Level 1:colcon.colcon_core.package_identification:_identify(src) by extension 'ignore_ament_install'
[0.140s] Level 1:colcon.colcon_core.package_identification:_identify(src) by extensions ['colcon_pkg']
[0.140s] Level 1:colcon.colcon_core.package_identification:_identify(src) by extension 'colcon_pkg'
[0.140s] Level 1:colcon.colcon_core.package_identification:_identify(src) by extensions ['colcon_meta']
[0.140s] Level 1:colcon.colcon_core.package_identification:_identify(src) by extension 'colcon_meta'
[0.140s] Level 1:colcon.colcon_core.package_identification:_identify(src) by extensions ['ros']
[0.140s] Level 1:colcon.colcon_core.package_identification:_identify(src) by extension 'ros'
[0.140s] Level 1:colcon.colcon_core.package_identification:_identify(src) by extensions ['cmake', 'python']
[0.140s] Level 1:colcon.colcon_core.package_identification:_identify(src) by extension 'cmake'
[0.140s] Level 1:colcon.colcon_core.package_identification:_identify(src) by extension 'python'
[0.140s] Level 1:colcon.colcon_core.package_identification:_identify(src) by extensions ['python_setup_py']
[0.140s] Level 1:colcon.colcon_core.package_identification:_identify(src) by extension 'python_setup_py'
[0.140s] Level 1:colcon.colcon_core.package_identification:_identify(src/mtc) by extensions ['ignore', 'ignore_ament_install']
[0.140s] Level 1:colcon.colcon_core.package_identification:_identify(src/mtc) by extension 'ignore'
[0.140s] Level 1:colcon.colcon_core.package_identification:_identify(src/mtc) by extension 'ignore_ament_install'
[0.140s] Level 1:colcon.colcon_core.package_identification:_identify(src/mtc) by extensions ['colcon_pkg']
[0.140s] Level 1:colcon.colcon_core.package_identification:_identify(src/mtc) by extension 'colcon_pkg'
[0.140s] Level 1:colcon.colcon_core.package_identification:_identify(src/mtc) by extensions ['colcon_meta']
[0.140s] Level 1:colcon.colcon_core.package_identification:_identify(src/mtc) by extension 'colcon_meta'
[0.140s] Level 1:colcon.colcon_core.package_identification:_identify(src/mtc) by extensions ['ros']
[0.140s] Level 1:colcon.colcon_core.package_identification:_identify(src/mtc) by extension 'ros'
[0.142s] DEBUG:colcon.colcon_core.package_identification:Package 'src/mtc' with type 'ros.ament_cmake' and name 'mtc'
[0.142s] Level 1:colcon.colcon_core.package_identification:_identify(src/xarm_1s_description) by extensions ['ignore', 'ignore_ament_install']
[0.142s] Level 1:colcon.colcon_core.package_identification:_identify(src/xarm_1s_description) by extension 'ignore'
[0.142s] Level 1:colcon.colcon_core.package_identification:_identify(src/xarm_1s_description) by extension 'ignore_ament_install'
[0.142s] Level 1:colcon.colcon_core.package_identification:_identify(src/xarm_1s_description) by extensions ['colcon_pkg']
[0.142s] Level 1:colcon.colcon_core.package_identification:_identify(src/xarm_1s_description) by extension 'colcon_pkg'
[0.142s] Level 1:colcon.colcon_core.package_identification:_identify(src/xarm_1s_description) by extensions ['colcon_meta']
[0.142s] Level 1:colcon.colcon_core.package_identification:_identify(src/xarm_1s_description) by extension 'colcon_meta'
[0.142s] Level 1:colcon.colcon_core.package_identification:_identify(src/xarm_1s_description) by extensions ['ros']
[0.142s] Level 1:colcon.colcon_core.package_identification:_identify(src/xarm_1s_description) by extension 'ros'
[0.143s] DEBUG:colcon.colcon_core.package_identification:Package 'src/xarm_1s_description' with type 'ros.ament_cmake' and name 'xarm_1s_description'
[0.143s] Level 1:colcon.colcon_core.package_identification:_identify(src/xarm_1s_moveit_config) by extensions ['ignore', 'ignore_ament_install']
[0.143s] Level 1:colcon.colcon_core.package_identification:_identify(src/xarm_1s_moveit_config) by extension 'ignore'
[0.143s] Level 1:colcon.colcon_core.package_identification:_identify(src/xarm_1s_moveit_config) by extension 'ignore_ament_install'
[0.143s] Level 1:colcon.colcon_core.package_identification:_identify(src/xarm_1s_moveit_config) by extensions ['colcon_pkg']
[0.143s] Level 1:colcon.colcon_core.package_identification:_identify(src/xarm_1s_moveit_config) by extension 'colcon_pkg'
[0.143s] Level 1:colcon.colcon_core.package_identification:_identify(src/xarm_1s_moveit_config) by extensions ['colcon_meta']
[0.143s] Level 1:colcon.colcon_core.package_identification:_identify(src/xarm_1s_moveit_config) by extension 'colcon_meta'
[0.143s] Level 1:colcon.colcon_core.package_identification:_identify(src/xarm_1s_moveit_config) by extensions ['ros']
[0.143s] Level 1:colcon.colcon_core.package_identification:_identify(src/xarm_1s_moveit_config) by extension 'ros'
[0.143s] DEBUG:colcon.colcon_core.package_identification:Package 'src/xarm_1s_moveit_config' with type 'ros.ament_cmake' and name 'xarm_1s_moveit_config'
[0.144s] Level 1:colcon.colcon_core.package_discovery:discover_packages(recursive) using defaults
[0.144s] Level 1:colcon.colcon_core.package_discovery:discover_packages(ignore) discover
[0.144s] Level 1:colcon.colcon_core.package_discovery:discover_packages(ignore) using defaults
[0.144s] Level 1:colcon.colcon_core.package_discovery:discover_packages(path) discover
[0.144s] Level 1:colcon.colcon_core.package_discovery:discover_packages(path) using defaults
[0.158s] Level 1:colcon.colcon_core.package_discovery:discover_packages(prefix_path) check parameters
[0.158s] Level 1:colcon.colcon_core.package_discovery:discover_packages(prefix_path) discover
[0.159s] DEBUG:colcon.colcon_installed_package_information.package_discovery:Found 3 installed packages in /home/hyeonsu/xarm_ws/install
[0.161s] DEBUG:colcon.colcon_installed_package_information.package_discovery:Found 503 installed packages in /opt/ros/jazzy
[0.162s] Level 1:colcon.colcon_core.package_discovery:discover_packages(prefix_path) using defaults
[0.211s] Level 5:colcon.colcon_core.verb:set package 'xarm_1s_description' build argument 'cmake_args' from command line to 'None'
[0.211s] Level 5:colcon.colcon_core.verb:set package 'xarm_1s_description' build argument 'cmake_target' from command line to 'None'
[0.211s] Level 5:colcon.colcon_core.verb:set package 'xarm_1s_description' build argument 'cmake_target_skip_unavailable' from command line to 'False'
[0.211s] Level 5:colcon.colcon_core.verb:set package 'xarm_1s_description' build argument 'cmake_clean_cache' from command line to 'False'
[0.211s] Level 5:colcon.colcon_core.verb:set package 'xarm_1s_description' build argument 'cmake_clean_first' from command line to 'False'
[0.211s] Level 5:colcon.colcon_core.verb:set package 'xarm_1s_description' build argument 'cmake_force_configure' from command line to 'False'
[0.211s] Level 5:colcon.colcon_core.verb:set package 'xarm_1s_description' build argument 'ament_cmake_args' from command line to 'None'
[0.211s] Level 5:colcon.colcon_core.verb:set package 'xarm_1s_description' build argument 'catkin_cmake_args' from command line to 'None'
[0.211s] Level 5:colcon.colcon_core.verb:set package 'xarm_1s_description' build argument 'catkin_skip_building_tests' from command line to 'False'
[0.211s] DEBUG:colcon.colcon_core.verb:Building package 'xarm_1s_description' with the following arguments: {'ament_cmake_args': None, 'build_base': '/home/hyeonsu/xarm_ws/build/xarm_1s_description', 'catkin_cmake_args': None, 'catkin_skip_building_tests': False, 'cmake_args': None, 'cmake_clean_cache': False, 'cmake_clean_first': False, 'cmake_force_configure': False, 'cmake_target': None, 'cmake_target_skip_unavailable': False, 'install_base': '/home/hyeonsu/xarm_ws/install/xarm_1s_description', 'merge_install': False, 'path': '/home/hyeonsu/xarm_ws/src/xarm_1s_description', 'symlink_install': False, 'test_result_base': None}
[0.212s] Level 5:colcon.colcon_core.verb:set package 'xarm_1s_moveit_config' build argument 'cmake_args' from command line to 'None'
[0.212s] Level 5:colcon.colcon_core.verb:set package 'xarm_1s_moveit_config' build argument 'cmake_target' from command line to 'None'
[0.212s] Level 5:colcon.colcon_core.verb:set package 'xarm_1s_moveit_config' build argument 'cmake_target_skip_unavailable' from command line to 'False'
[0.212s] Level 5:colcon.colcon_core.verb:set package 'xarm_1s_moveit_config' build argument 'cmake_clean_cache' from command line to 'False'
[0.212s] Level 5:colcon.colcon_core.verb:set package 'xarm_1s_moveit_config' build argument 'cmake_clean_first' from command line to 'False'
[0.212s] Level 5:colcon.colcon_core.verb:set package 'xarm_1s_moveit_config' build argument 'cmake_force_configure' from command line to 'False'
[0.212s] Level 5:colcon.colcon_core.verb:set package 'xarm_1s_moveit_config' build argument 'ament_cmake_args' from command line to 'None'
[0.212s] Level 5:colcon.colcon_core.verb:set package 'xarm_1s_moveit_config' build argument 'catkin_cmake_args' from command line to 'None'
[0.212s] Level 5:colcon.colcon_core.verb:set package 'xarm_1s_moveit_config' build argument 'catkin_skip_building_tests' from command line to 'False'
[0.212s] DEBUG:colcon.colcon_core.verb:Building package 'xarm_1s_moveit_config' with the following arguments: {'ament_cmake_args': None, 'build_base': '/home/hyeonsu/xarm_ws/build/xarm_1s_moveit_config', 'catkin_cmake_args': None, 'catkin_skip_building_tests': False, 'cmake_args': None, 'cmake_clean_cache': False, 'cmake_clean_first': False, 'cmake_force_configure': False, 'cmake_target': None, 'cmake_target_skip_unavailable': False, 'install_base': '/home/hyeonsu/xarm_ws/install/xarm_1s_moveit_config', 'merge_install': False, 'path': '/home/hyeonsu/xarm_ws/src/xarm_1s_moveit_config', 'symlink_install': False, 'test_result_base': None}
[0.212s] Level 5:colcon.colcon_core.verb:set package 'mtc' build argument 'cmake_args' from command line to 'None'
[0.212s] Level 5:colcon.colcon_core.verb:set package 'mtc' build argument 'cmake_target' from command line to 'None'
[0.212s] Level 5:colcon.colcon_core.verb:set package 'mtc' build argument 'cmake_target_skip_unavailable' from command line to 'False'
[0.212s] Level 5:colcon.colcon_core.verb:set package 'mtc' build argument 'cmake_clean_cache' from command line to 'False'
[0.212s] Level 5:colcon.colcon_core.verb:set package 'mtc' build argument 'cmake_clean_first' from command line to 'False'
[0.212s] Level 5:colcon.colcon_core.verb:set package 'mtc' build argument 'cmake_force_configure' from command line to 'False'
[0.212s] Level 5:colcon.colcon_core.verb:set package 'mtc' build argument 'ament_cmake_args' from command line to 'None'
[0.212s] Level 5:colcon.colcon_core.verb:set package 'mtc' build argument 'catkin_cmake_args' from command line to 'None'
[0.212s] Level 5:colcon.colcon_core.verb:set package 'mtc' build argument 'catkin_skip_building_tests' from command line to 'False'
[0.212s] DEBUG:colcon.colcon_core.verb:Building package 'mtc' with the following arguments: {'ament_cmake_args': None, 'build_base': '/home/hyeonsu/xarm_ws/build/mtc', 'catkin_cmake_args': None, 'catkin_skip_building_tests': False, 'cmake_args': None, 'cmake_clean_cache': False, 'cmake_clean_first': False, 'cmake_force_configure': False, 'cmake_target': None, 'cmake_target_skip_unavailable': False, 'install_base': '/home/hyeonsu/xarm_ws/install/mtc', 'merge_install': False, 'path': '/home/hyeonsu/xarm_ws/src/mtc', 'symlink_install': False, 'test_result_base': None}
[0.212s] INFO:colcon.colcon_core.executor:Executing jobs using 'parallel' executor
[0.213s] DEBUG:colcon.colcon_parallel_executor.executor.parallel:run_until_complete
[0.213s] INFO:colcon.colcon_ros.task.ament_cmake.build:Building ROS package in '/home/hyeonsu/xarm_ws/src/xarm_1s_moveit_config' with build type 'ament_cmake'
[0.213s] INFO:colcon.colcon_cmake.task.cmake.build:Building CMake package in '/home/hyeonsu/xarm_ws/src/xarm_1s_moveit_config'
[0.215s] INFO:colcon.colcon_core.plugin_system:Skipping extension 'colcon_core.shell.bat': Not used on non-Windows systems
[0.215s] INFO:colcon.colcon_core.shell:Skip shell extension 'powershell' for command environment: Not usable outside of PowerShell
[0.216s] DEBUG:colcon.colcon_core.shell:Skip shell extension 'dsv' for command environment
[0.219s] INFO:colcon.colcon_ros.task.ament_cmake.build:Building ROS package in '/home/hyeonsu/xarm_ws/src/xarm_1s_description' with build type 'ament_cmake'
[0.219s] INFO:colcon.colcon_cmake.task.cmake.build:Building CMake package in '/home/hyeonsu/xarm_ws/src/xarm_1s_description'
[0.219s] INFO:colcon.colcon_core.shell:Skip shell extension 'powershell' for command environment: Not usable outside of PowerShell
[0.219s] DEBUG:colcon.colcon_core.shell:Skip shell extension 'dsv' for command environment
[0.225s] DEBUG:colcon.colcon_core.event_handler.log_command:Invoking command in '/home/hyeonsu/xarm_ws/build/xarm_1s_moveit_config': CMAKE_PREFIX_PATH=${CMAKE_PREFIX_PATH}:/opt/ros/jazzy DEBUGINFOD_URLS=https://debuginfod.ubuntu.com /usr/bin/cmake --build /home/hyeonsu/xarm_ws/build/xarm_1s_moveit_config -- -j24 -l24
[0.227s] DEBUG:colcon.colcon_core.event_handler.log_command:Invoking command in '/home/hyeonsu/xarm_ws/build/xarm_1s_description': CMAKE_PREFIX_PATH=${CMAKE_PREFIX_PATH}:/opt/ros/jazzy DEBUGINFOD_URLS=https://debuginfod.ubuntu.com /usr/bin/cmake --build /home/hyeonsu/xarm_ws/build/xarm_1s_description -- -j24 -l24
[0.261s] DEBUG:colcon.colcon_core.event_handler.log_command:Invoked command in '/home/hyeonsu/xarm_ws/build/xarm_1s_description' returned '0': CMAKE_PREFIX_PATH=${CMAKE_PREFIX_PATH}:/opt/ros/jazzy DEBUGINFOD_URLS=https://debuginfod.ubuntu.com /usr/bin/cmake --build /home/hyeonsu/xarm_ws/build/xarm_1s_description -- -j24 -l24
[0.270s] DEBUG:colcon.colcon_core.event_handler.log_command:Invoking command in '/home/hyeonsu/xarm_ws/build/xarm_1s_description': CMAKE_PREFIX_PATH=${CMAKE_PREFIX_PATH}:/opt/ros/jazzy DEBUGINFOD_URLS=https://debuginfod.ubuntu.com /usr/bin/cmake --install /home/hyeonsu/xarm_ws/build/xarm_1s_description
[0.271s] DEBUG:colcon.colcon_core.event_handler.log_command:Invoked command in '/home/hyeonsu/xarm_ws/build/xarm_1s_moveit_config' returned '0': CMAKE_PREFIX_PATH=${CMAKE_PREFIX_PATH}:/opt/ros/jazzy DEBUGINFOD_URLS=https://debuginfod.ubuntu.com /usr/bin/cmake --build /home/hyeonsu/xarm_ws/build/xarm_1s_moveit_config -- -j24 -l24
[0.273s] DEBUG:colcon.colcon_core.event_handler.log_command:Invoking command in '/home/hyeonsu/xarm_ws/build/xarm_1s_moveit_config': CMAKE_PREFIX_PATH=${CMAKE_PREFIX_PATH}:/opt/ros/jazzy DEBUGINFOD_URLS=https://debuginfod.ubuntu.com /usr/bin/cmake --install /home/hyeonsu/xarm_ws/build/xarm_1s_moveit_config
[0.280s] Level 1:colcon.colcon_core.environment:create_environment_scripts_only(xarm_1s_description)
[0.280s] DEBUG:colcon.colcon_core.event_handler.log_command:Invoked command in '/home/hyeonsu/xarm_ws/build/xarm_1s_description' returned '0': CMAKE_PREFIX_PATH=${CMAKE_PREFIX_PATH}:/opt/ros/jazzy DEBUGINFOD_URLS=https://debuginfod.ubuntu.com /usr/bin/cmake --install /home/hyeonsu/xarm_ws/build/xarm_1s_description
[0.284s] Level 1:colcon.colcon_core.environment:checking '/home/hyeonsu/xarm_ws/install/xarm_1s_description' for CMake module files
[0.284s] Level 1:colcon.colcon_core.environment:checking '/home/hyeonsu/xarm_ws/install/xarm_1s_description' for CMake config files
[0.284s] Level 1:colcon.colcon_core.shell:create_environment_hook('xarm_1s_description', 'cmake_prefix_path')
[0.285s] INFO:colcon.colcon_core.shell:Creating environment hook '/home/hyeonsu/xarm_ws/install/xarm_1s_description/share/xarm_1s_description/hook/cmake_prefix_path.ps1'
[0.285s] INFO:colcon.colcon_core.shell:Creating environment descriptor '/home/hyeonsu/xarm_ws/install/xarm_1s_description/share/xarm_1s_description/hook/cmake_prefix_path.dsv'
[0.285s] INFO:colcon.colcon_core.shell:Creating environment hook '/home/hyeonsu/xarm_ws/install/xarm_1s_description/share/xarm_1s_description/hook/cmake_prefix_path.sh'
[0.286s] Level 1:colcon.colcon_core.environment:checking '/home/hyeonsu/xarm_ws/install/xarm_1s_description/bin'
[0.286s] Level 1:colcon.colcon_core.environment:checking '/home/hyeonsu/xarm_ws/install/xarm_1s_description/lib/pkgconfig/xarm_1s_description.pc'
[0.286s] Level 1:colcon.colcon_core.environment:checking '/home/hyeonsu/xarm_ws/install/xarm_1s_description/lib/python3.12/site-packages'
[0.287s] Level 1:colcon.colcon_core.environment:checking '/home/hyeonsu/xarm_ws/install/xarm_1s_description/bin'
[0.287s] INFO:colcon.colcon_core.shell:Creating package script '/home/hyeonsu/xarm_ws/install/xarm_1s_description/share/xarm_1s_description/package.ps1'
[0.287s] INFO:colcon.colcon_core.shell:Creating package descriptor '/home/hyeonsu/xarm_ws/install/xarm_1s_description/share/xarm_1s_description/package.dsv'
[0.288s] INFO:colcon.colcon_core.shell:Creating package script '/home/hyeonsu/xarm_ws/install/xarm_1s_description/share/xarm_1s_description/package.sh'
[0.288s] INFO:colcon.colcon_core.shell:Creating package script '/home/hyeonsu/xarm_ws/install/xarm_1s_description/share/xarm_1s_description/package.bash'
[0.288s] INFO:colcon.colcon_core.shell:Creating package script '/home/hyeonsu/xarm_ws/install/xarm_1s_description/share/xarm_1s_description/package.zsh'
[0.289s] Level 1:colcon.colcon_core.environment:create_file_with_runtime_dependencies(/home/hyeonsu/xarm_ws/install/xarm_1s_description/share/colcon-core/packages/xarm_1s_description)
[0.289s] Level 1:colcon.colcon_core.environment:create_environment_scripts_only(xarm_1s_description)
[0.289s] Level 1:colcon.colcon_core.environment:checking '/home/hyeonsu/xarm_ws/install/xarm_1s_description' for CMake module files
[0.289s] Level 1:colcon.colcon_core.environment:checking '/home/hyeonsu/xarm_ws/install/xarm_1s_description' for CMake config files
[0.289s] Level 1:colcon.colcon_core.shell:create_environment_hook('xarm_1s_description', 'cmake_prefix_path')
[0.290s] INFO:colcon.colcon_core.shell:Creating environment hook '/home/hyeonsu/xarm_ws/install/xarm_1s_description/share/xarm_1s_description/hook/cmake_prefix_path.ps1'
[0.290s] INFO:colcon.colcon_core.shell:Creating environment descriptor '/home/hyeonsu/xarm_ws/install/xarm_1s_description/share/xarm_1s_description/hook/cmake_prefix_path.dsv'
[0.290s] INFO:colcon.colcon_core.shell:Creating environment hook '/home/hyeonsu/xarm_ws/install/xarm_1s_description/share/xarm_1s_description/hook/cmake_prefix_path.sh'
[0.290s] Level 1:colcon.colcon_core.environment:checking '/home/hyeonsu/xarm_ws/install/xarm_1s_description/bin'
[0.290s] Level 1:colcon.colcon_core.environment:checking '/home/hyeonsu/xarm_ws/install/xarm_1s_description/lib/pkgconfig/xarm_1s_description.pc'
[0.290s] Level 1:colcon.colcon_core.environment:checking '/home/hyeonsu/xarm_ws/install/xarm_1s_description/lib/python3.12/site-packages'
[0.291s] Level 1:colcon.colcon_core.environment:checking '/home/hyeonsu/xarm_ws/install/xarm_1s_description/bin'
[0.291s] INFO:colcon.colcon_core.shell:Creating package script '/home/hyeonsu/xarm_ws/install/xarm_1s_description/share/xarm_1s_description/package.ps1'
[0.291s] INFO:colcon.colcon_core.shell:Creating package descriptor '/home/hyeonsu/xarm_ws/install/xarm_1s_description/share/xarm_1s_description/package.dsv'
[0.291s] INFO:colcon.colcon_core.shell:Creating package script '/home/hyeonsu/xarm_ws/install/xarm_1s_description/share/xarm_1s_description/package.sh'
[0.291s] INFO:colcon.colcon_core.shell:Creating package script '/home/hyeonsu/xarm_ws/install/xarm_1s_description/share/xarm_1s_description/package.bash'
[0.292s] INFO:colcon.colcon_core.shell:Creating package script '/home/hyeonsu/xarm_ws/install/xarm_1s_description/share/xarm_1s_description/package.zsh'
[0.292s] Level 1:colcon.colcon_core.environment:create_file_with_runtime_dependencies(/home/hyeonsu/xarm_ws/install/xarm_1s_description/share/colcon-core/packages/xarm_1s_description)
[0.292s] Level 1:colcon.colcon_core.environment:create_environment_scripts_only(xarm_1s_moveit_config)
[0.293s] Level 1:colcon.colcon_core.environment:checking '/home/hyeonsu/xarm_ws/install/xarm_1s_moveit_config' for CMake module files
[0.293s] DEBUG:colcon.colcon_core.event_handler.log_command:Invoked command in '/home/hyeonsu/xarm_ws/build/xarm_1s_moveit_config' returned '0': CMAKE_PREFIX_PATH=${CMAKE_PREFIX_PATH}:/opt/ros/jazzy DEBUGINFOD_URLS=https://debuginfod.ubuntu.com /usr/bin/cmake --install /home/hyeonsu/xarm_ws/build/xarm_1s_moveit_config
[0.293s] Level 1:colcon.colcon_core.environment:checking '/home/hyeonsu/xarm_ws/install/xarm_1s_moveit_config' for CMake config files
[0.293s] Level 1:colcon.colcon_core.shell:create_environment_hook('xarm_1s_moveit_config', 'cmake_prefix_path')
[0.293s] INFO:colcon.colcon_core.shell:Creating environment hook '/home/hyeonsu/xarm_ws/install/xarm_1s_moveit_config/share/xarm_1s_moveit_config/hook/cmake_prefix_path.ps1'
[0.294s] INFO:colcon.colcon_core.shell:Creating environment descriptor '/home/hyeonsu/xarm_ws/install/xarm_1s_moveit_config/share/xarm_1s_moveit_config/hook/cmake_prefix_path.dsv'
[0.294s] INFO:colcon.colcon_core.shell:Creating environment hook '/home/hyeonsu/xarm_ws/install/xarm_1s_moveit_config/share/xarm_1s_moveit_config/hook/cmake_prefix_path.sh'
[0.294s] Level 1:colcon.colcon_core.environment:checking '/home/hyeonsu/xarm_ws/install/xarm_1s_moveit_config/bin'
[0.294s] Level 1:colcon.colcon_core.environment:checking '/home/hyeonsu/xarm_ws/install/xarm_1s_moveit_config/lib/pkgconfig/xarm_1s_moveit_config.pc'
[0.294s] Level 1:colcon.colcon_core.environment:checking '/home/hyeonsu/xarm_ws/install/xarm_1s_moveit_config/lib/python3.12/site-packages'
[0.294s] Level 1:colcon.colcon_core.environment:checking '/home/hyeonsu/xarm_ws/install/xarm_1s_moveit_config/bin'
[0.295s] INFO:colcon.colcon_core.shell:Creating package script '/home/hyeonsu/xarm_ws/install/xarm_1s_moveit_config/share/xarm_1s_moveit_config/package.ps1'
[0.295s] INFO:colcon.colcon_core.shell:Creating package descriptor '/home/hyeonsu/xarm_ws/install/xarm_1s_moveit_config/share/xarm_1s_moveit_config/package.dsv'
[0.295s] INFO:colcon.colcon_core.shell:Creating package script '/home/hyeonsu/xarm_ws/install/xarm_1s_moveit_config/share/xarm_1s_moveit_config/package.sh'
[0.295s] INFO:colcon.colcon_core.shell:Creating package script '/home/hyeonsu/xarm_ws/install/xarm_1s_moveit_config/share/xarm_1s_moveit_config/package.bash'
[0.296s] INFO:colcon.colcon_core.shell:Creating package script '/home/hyeonsu/xarm_ws/install/xarm_1s_moveit_config/share/xarm_1s_moveit_config/package.zsh'
[0.296s] Level 1:colcon.colcon_core.environment:create_file_with_runtime_dependencies(/home/hyeonsu/xarm_ws/install/xarm_1s_moveit_config/share/colcon-core/packages/xarm_1s_moveit_config)
[0.296s] Level 1:colcon.colcon_core.environment:create_environment_scripts_only(xarm_1s_moveit_config)
[0.296s] Level 1:colcon.colcon_core.environment:checking '/home/hyeonsu/xarm_ws/install/xarm_1s_moveit_config' for CMake module files
[0.296s] Level 1:colcon.colcon_core.environment:checking '/home/hyeonsu/xarm_ws/install/xarm_1s_moveit_config' for CMake config files
[0.296s] Level 1:colcon.colcon_core.shell:create_environment_hook('xarm_1s_moveit_config', 'cmake_prefix_path')
[0.296s] INFO:colcon.colcon_core.shell:Creating environment hook '/home/hyeonsu/xarm_ws/install/xarm_1s_moveit_config/share/xarm_1s_moveit_config/hook/cmake_prefix_path.ps1'
[0.297s] INFO:colcon.colcon_core.shell:Creating environment descriptor '/home/hyeonsu/xarm_ws/install/xarm_1s_moveit_config/share/xarm_1s_moveit_config/hook/cmake_prefix_path.dsv'
[0.297s] INFO:colcon.colcon_core.shell:Creating environment hook '/home/hyeonsu/xarm_ws/install/xarm_1s_moveit_config/share/xarm_1s_moveit_config/hook/cmake_prefix_path.sh'
[0.297s] Level 1:colcon.colcon_core.environment:checking '/home/hyeonsu/xarm_ws/install/xarm_1s_moveit_config/bin'
[0.297s] Level 1:colcon.colcon_core.environment:checking '/home/hyeonsu/xarm_ws/install/xarm_1s_moveit_config/lib/pkgconfig/xarm_1s_moveit_config.pc'
[0.297s] Level 1:colcon.colcon_core.environment:checking '/home/hyeonsu/xarm_ws/install/xarm_1s_moveit_config/lib/python3.12/site-packages'
[0.297s] Level 1:colcon.colcon_core.environment:checking '/home/hyeonsu/xarm_ws/install/xarm_1s_moveit_config/bin'
[0.298s] INFO:colcon.colcon_core.shell:Creating package script '/home/hyeonsu/xarm_ws/install/xarm_1s_moveit_config/share/xarm_1s_moveit_config/package.ps1'
[0.298s] INFO:colcon.colcon_core.shell:Creating package descriptor '/home/hyeonsu/xarm_ws/install/xarm_1s_moveit_config/share/xarm_1s_moveit_config/package.dsv'
[0.298s] INFO:colcon.colcon_core.shell:Creating package script '/home/hyeonsu/xarm_ws/install/xarm_1s_moveit_config/share/xarm_1s_moveit_config/package.sh'
[0.298s] INFO:colcon.colcon_core.shell:Creating package script '/home/hyeonsu/xarm_ws/install/xarm_1s_moveit_config/share/xarm_1s_moveit_config/package.bash'
[0.298s] INFO:colcon.colcon_core.shell:Creating package script '/home/hyeonsu/xarm_ws/install/xarm_1s_moveit_config/share/xarm_1s_moveit_config/package.zsh'
[0.299s] Level 1:colcon.colcon_core.environment:create_file_with_runtime_dependencies(/home/hyeonsu/xarm_ws/install/xarm_1s_moveit_config/share/colcon-core/packages/xarm_1s_moveit_config)
[0.299s] INFO:colcon.colcon_ros.task.ament_cmake.build:Building ROS package in '/home/hyeonsu/xarm_ws/src/mtc' with build type 'ament_cmake'
[0.299s] INFO:colcon.colcon_cmake.task.cmake.build:Building CMake package in '/home/hyeonsu/xarm_ws/src/mtc'
[0.299s] INFO:colcon.colcon_core.shell:Skip shell extension 'powershell' for command environment: Not usable outside of PowerShell
[0.299s] DEBUG:colcon.colcon_core.shell:Skip shell extension 'dsv' for command environment
[0.306s] DEBUG:colcon.colcon_core.event_handler.log_command:Invoking command in '/home/hyeonsu/xarm_ws/build/mtc': CMAKE_PREFIX_PATH=/home/hyeonsu/xarm_ws/install/xarm_1s_moveit_config:/home/hyeonsu/xarm_ws/install/mtc:/home/hyeonsu/xarm_ws/install/xarm_1s_description:/opt/ros/jazzy/opt/gz_sim_vendor:/opt/ros/jazzy/opt/gz_sensors_vendor:/opt/ros/jazzy/opt/gz_physics_vendor:/opt/ros/jazzy/opt/sdformat_vendor:/opt/ros/jazzy/opt/gz_gui_vendor:/opt/ros/jazzy/opt/gz_transport_vendor:/opt/ros/jazzy/opt/gz_rendering_vendor:/opt/ros/jazzy/opt/gz_plugin_vendor:/opt/ros/jazzy/opt/gz_fuel_tools_vendor:/opt/ros/jazzy/opt/gz_msgs_vendor:/opt/ros/jazzy/opt/gz_common_vendor:/opt/ros/jazzy/opt/gz_math_vendor:/opt/ros/jazzy/opt/gz_utils_vendor:/opt/ros/jazzy/opt/gz_tools_vendor:/opt/ros/jazzy/opt/gz_ogre_next_vendor:/opt/ros/jazzy/opt/gz_dartsim_vendor:/opt/ros/jazzy/opt/gz_cmake_vendor:/opt/ros/jazzy DEBUGINFOD_URLS=https://debuginfod.ubuntu.com /usr/bin/cmake --build /home/hyeonsu/xarm_ws/build/mtc -- -j24 -l24
[6.808s] DEBUG:colcon.colcon_core.event_handler.log_command:Invoked command in '/home/hyeonsu/xarm_ws/build/mtc' returned '0': CMAKE_PREFIX_PATH=/home/hyeonsu/xarm_ws/install/xarm_1s_moveit_config:/home/hyeonsu/xarm_ws/install/mtc:/home/hyeonsu/xarm_ws/install/xarm_1s_description:/opt/ros/jazzy/opt/gz_sim_vendor:/opt/ros/jazzy/opt/gz_sensors_vendor:/opt/ros/jazzy/opt/gz_physics_vendor:/opt/ros/jazzy/opt/sdformat_vendor:/opt/ros/jazzy/opt/gz_gui_vendor:/opt/ros/jazzy/opt/gz_transport_vendor:/opt/ros/jazzy/opt/gz_rendering_vendor:/opt/ros/jazzy/opt/gz_plugin_vendor:/opt/ros/jazzy/opt/gz_fuel_tools_vendor:/opt/ros/jazzy/opt/gz_msgs_vendor:/opt/ros/jazzy/opt/gz_common_vendor:/opt/ros/jazzy/opt/gz_math_vendor:/opt/ros/jazzy/opt/gz_utils_vendor:/opt/ros/jazzy/opt/gz_tools_vendor:/opt/ros/jazzy/opt/gz_ogre_next_vendor:/opt/ros/jazzy/opt/gz_dartsim_vendor:/opt/ros/jazzy/opt/gz_cmake_vendor:/opt/ros/jazzy DEBUGINFOD_URLS=https://debuginfod.ubuntu.com /usr/bin/cmake --build /home/hyeonsu/xarm_ws/build/mtc -- -j24 -l24
[6.810s] DEBUG:colcon.colcon_core.event_handler.log_command:Invoking command in '/home/hyeonsu/xarm_ws/build/mtc': CMAKE_PREFIX_PATH=/home/hyeonsu/xarm_ws/install/xarm_1s_moveit_config:/home/hyeonsu/xarm_ws/install/mtc:/home/hyeonsu/xarm_ws/install/xarm_1s_description:/opt/ros/jazzy/opt/gz_sim_vendor:/opt/ros/jazzy/opt/gz_sensors_vendor:/opt/ros/jazzy/opt/gz_physics_vendor:/opt/ros/jazzy/opt/sdformat_vendor:/opt/ros/jazzy/opt/gz_gui_vendor:/opt/ros/jazzy/opt/gz_transport_vendor:/opt/ros/jazzy/opt/gz_rendering_vendor:/opt/ros/jazzy/opt/gz_plugin_vendor:/opt/ros/jazzy/opt/gz_fuel_tools_vendor:/opt/ros/jazzy/opt/gz_msgs_vendor:/opt/ros/jazzy/opt/gz_common_vendor:/opt/ros/jazzy/opt/gz_math_vendor:/opt/ros/jazzy/opt/gz_utils_vendor:/opt/ros/jazzy/opt/gz_tools_vendor:/opt/ros/jazzy/opt/gz_ogre_next_vendor:/opt/ros/jazzy/opt/gz_dartsim_vendor:/opt/ros/jazzy/opt/gz_cmake_vendor:/opt/ros/jazzy DEBUGINFOD_URLS=https://debuginfod.ubuntu.com /usr/bin/cmake --install /home/hyeonsu/xarm_ws/build/mtc
[6.820s] Level 1:colcon.colcon_core.environment:create_environment_scripts_only(mtc)
[6.820s] Level 1:colcon.colcon_core.environment:checking '/home/hyeonsu/xarm_ws/install/mtc' for CMake module files
[6.820s] DEBUG:colcon.colcon_core.event_handler.log_command:Invoked command in '/home/hyeonsu/xarm_ws/build/mtc' returned '0': CMAKE_PREFIX_PATH=/home/hyeonsu/xarm_ws/install/xarm_1s_moveit_config:/home/hyeonsu/xarm_ws/install/mtc:/home/hyeonsu/xarm_ws/install/xarm_1s_description:/opt/ros/jazzy/opt/gz_sim_vendor:/opt/ros/jazzy/opt/gz_sensors_vendor:/opt/ros/jazzy/opt/gz_physics_vendor:/opt/ros/jazzy/opt/sdformat_vendor:/opt/ros/jazzy/opt/gz_gui_vendor:/opt/ros/jazzy/opt/gz_transport_vendor:/opt/ros/jazzy/opt/gz_rendering_vendor:/opt/ros/jazzy/opt/gz_plugin_vendor:/opt/ros/jazzy/opt/gz_fuel_tools_vendor:/opt/ros/jazzy/opt/gz_msgs_vendor:/opt/ros/jazzy/opt/gz_common_vendor:/opt/ros/jazzy/opt/gz_math_vendor:/opt/ros/jazzy/opt/gz_utils_vendor:/opt/ros/jazzy/opt/gz_tools_vendor:/opt/ros/jazzy/opt/gz_ogre_next_vendor:/opt/ros/jazzy/opt/gz_dartsim_vendor:/opt/ros/jazzy/opt/gz_cmake_vendor:/opt/ros/jazzy DEBUGINFOD_URLS=https://debuginfod.ubuntu.com /usr/bin/cmake --install /home/hyeonsu/xarm_ws/build/mtc
[6.820s] Level 1:colcon.colcon_core.environment:checking '/home/hyeonsu/xarm_ws/install/mtc' for CMake config files
[6.820s] Level 1:colcon.colcon_core.shell:create_environment_hook('mtc', 'cmake_prefix_path')
[6.820s] INFO:colcon.colcon_core.shell:Creating environment hook '/home/hyeonsu/xarm_ws/install/mtc/share/mtc/hook/cmake_prefix_path.ps1'
[6.821s] INFO:colcon.colcon_core.shell:Creating environment descriptor '/home/hyeonsu/xarm_ws/install/mtc/share/mtc/hook/cmake_prefix_path.dsv'
[6.821s] INFO:colcon.colcon_core.shell:Creating environment hook '/home/hyeonsu/xarm_ws/install/mtc/share/mtc/hook/cmake_prefix_path.sh'
[6.821s] Level 1:colcon.colcon_core.environment:checking '/home/hyeonsu/xarm_ws/install/mtc/lib'
[6.821s] Level 1:colcon.colcon_core.environment:checking '/home/hyeonsu/xarm_ws/install/mtc/bin'
[6.821s] Level 1:colcon.colcon_core.environment:checking '/home/hyeonsu/xarm_ws/install/mtc/lib/pkgconfig/mtc.pc'
[6.822s] Level 1:colcon.colcon_core.environment:checking '/home/hyeonsu/xarm_ws/install/mtc/lib/python3.12/site-packages'
[6.822s] Level 1:colcon.colcon_core.environment:checking '/home/hyeonsu/xarm_ws/install/mtc/bin'
[6.822s] INFO:colcon.colcon_core.shell:Creating package script '/home/hyeonsu/xarm_ws/install/mtc/share/mtc/package.ps1'
[6.822s] INFO:colcon.colcon_core.shell:Creating package descriptor '/home/hyeonsu/xarm_ws/install/mtc/share/mtc/package.dsv'
[6.822s] INFO:colcon.colcon_core.shell:Creating package script '/home/hyeonsu/xarm_ws/install/mtc/share/mtc/package.sh'
[6.822s] INFO:colcon.colcon_core.shell:Creating package script '/home/hyeonsu/xarm_ws/install/mtc/share/mtc/package.bash'
[6.822s] INFO:colcon.colcon_core.shell:Creating package script '/home/hyeonsu/xarm_ws/install/mtc/share/mtc/package.zsh'
[6.823s] Level 1:colcon.colcon_core.environment:create_file_with_runtime_dependencies(/home/hyeonsu/xarm_ws/install/mtc/share/colcon-core/packages/mtc)
[6.823s] Level 1:colcon.colcon_core.environment:create_environment_scripts_only(mtc)
[6.823s] Level 1:colcon.colcon_core.environment:checking '/home/hyeonsu/xarm_ws/install/mtc' for CMake module files
[6.823s] Level 1:colcon.colcon_core.environment:checking '/home/hyeonsu/xarm_ws/install/mtc' for CMake config files
[6.823s] Level 1:colcon.colcon_core.shell:create_environment_hook('mtc', 'cmake_prefix_path')
[6.823s] INFO:colcon.colcon_core.shell:Creating environment hook '/home/hyeonsu/xarm_ws/install/mtc/share/mtc/hook/cmake_prefix_path.ps1'
[6.823s] INFO:colcon.colcon_core.shell:Creating environment descriptor '/home/hyeonsu/xarm_ws/install/mtc/share/mtc/hook/cmake_prefix_path.dsv'
[6.823s] INFO:colcon.colcon_core.shell:Creating environment hook '/home/hyeonsu/xarm_ws/install/mtc/share/mtc/hook/cmake_prefix_path.sh'
[6.824s] Level 1:colcon.colcon_core.environment:checking '/home/hyeonsu/xarm_ws/install/mtc/lib'
[6.824s] Level 1:colcon.colcon_core.environment:checking '/home/hyeonsu/xarm_ws/install/mtc/bin'
[6.824s] Level 1:colcon.colcon_core.environment:checking '/home/hyeonsu/xarm_ws/install/mtc/lib/pkgconfig/mtc.pc'
[6.824s] Level 1:colcon.colcon_core.environment:checking '/home/hyeonsu/xarm_ws/install/mtc/lib/python3.12/site-packages'
[6.824s] Level 1:colcon.colcon_core.environment:checking '/home/hyeonsu/xarm_ws/install/mtc/bin'
[6.824s] INFO:colcon.colcon_core.shell:Creating package script '/home/hyeonsu/xarm_ws/install/mtc/share/mtc/package.ps1'
[6.824s] INFO:colcon.colcon_core.shell:Creating package descriptor '/home/hyeonsu/xarm_ws/install/mtc/share/mtc/package.dsv'
[6.824s] INFO:colcon.colcon_core.shell:Creating package script '/home/hyeonsu/xarm_ws/install/mtc/share/mtc/package.sh'
[6.825s] INFO:colcon.colcon_core.shell:Creating package script '/home/hyeonsu/xarm_ws/install/mtc/share/mtc/package.bash'
[6.825s] INFO:colcon.colcon_core.shell:Creating package script '/home/hyeonsu/xarm_ws/install/mtc/share/mtc/package.zsh'
[6.825s] Level 1:colcon.colcon_core.environment:create_file_with_runtime_dependencies(/home/hyeonsu/xarm_ws/install/mtc/share/colcon-core/packages/mtc)
[6.825s] DEBUG:colcon.colcon_parallel_executor.executor.parallel:closing loop
[6.825s] DEBUG:colcon.colcon_parallel_executor.executor.parallel:loop closed
[6.825s] DEBUG:colcon.colcon_parallel_executor.executor.parallel:run_until_complete finished with '0'
[6.825s] DEBUG:colcon.colcon_core.event_reactor:joining thread
[6.829s] INFO:colcon.colcon_core.plugin_system:Skipping extension 'colcon_notification.desktop_notification.terminal_notifier': Not used on non-Darwin systems
[6.829s] INFO:colcon.colcon_core.plugin_system:Skipping extension 'colcon_notification.desktop_notification.win32': Not used on non-Windows systems
[6.829s] INFO:colcon.colcon_notification.desktop_notification:Sending desktop notification using 'notify2'
[6.837s] DEBUG:colcon.colcon_core.event_reactor:joined thread
[6.838s] INFO:colcon.colcon_core.shell:Creating prefix script '/home/hyeonsu/xarm_ws/install/local_setup.ps1'
[6.838s] INFO:colcon.colcon_core.shell:Creating prefix util module '/home/hyeonsu/xarm_ws/install/_local_setup_util_ps1.py'
[6.839s] INFO:colcon.colcon_core.shell:Creating prefix chain script '/home/hyeonsu/xarm_ws/install/setup.ps1'
[6.840s] INFO:colcon.colcon_core.shell:Creating prefix script '/home/hyeonsu/xarm_ws/install/local_setup.sh'
[6.841s] INFO:colcon.colcon_core.shell:Creating prefix util module '/home/hyeonsu/xarm_ws/install/_local_setup_util_sh.py'
[6.841s] INFO:colcon.colcon_core.shell:Creating prefix chain script '/home/hyeonsu/xarm_ws/install/setup.sh'
[6.841s] INFO:colcon.colcon_core.shell:Creating prefix script '/home/hyeonsu/xarm_ws/install/local_setup.bash'
[6.842s] INFO:colcon.colcon_core.shell:Creating prefix chain script '/home/hyeonsu/xarm_ws/install/setup.bash'
[6.842s] INFO:colcon.colcon_core.shell:Creating prefix script '/home/hyeonsu/xarm_ws/install/local_setup.zsh'
[6.842s] INFO:colcon.colcon_core.shell:Creating prefix chain script '/home/hyeonsu/xarm_ws/install/setup.zsh'
