[0.086s] DEBUG:colcon:Command line arguments: ['/usr/bin/colcon', 'build']
[0.086s] DEBUG:colcon:Parsed command line arguments: Namespace(log_base=None, log_level=None, verb_name='build', build_base='build', install_base='install', merge_install=False, symlink_install=False, test_result_base=None, continue_on_error=False, executor='parallel', parallel_workers=28, event_handlers=None, ignore_user_meta=False, metas=['./colcon.meta'], base_paths=['.'], packages_ignore=None, packages_ignore_regex=None, paths=None, packages_up_to=None, packages_up_to_regex=None, packages_above=None, packages_above_and_dependencies=None, packages_above_depth=None, packages_select_by_dep=None, packages_skip_by_dep=None, packages_skip_up_to=None, packages_select_build_failed=False, packages_skip_build_finished=False, packages_select_test_failures=False, packages_skip_test_passed=False, packages_select=None, packages_skip=None, packages_select_regex=None, packages_skip_regex=None, packages_start=None, packages_end=None, allow_overriding=[], cmake_args=None, cmake_target=None, cmake_target_skip_unavailable=False, cmake_clean_cache=False, cmake_clean_first=False, cmake_force_configure=False, ament_cmake_args=None, catkin_cmake_args=None, catkin_skip_building_tests=False, mixin_files=None, mixin=None, verb_parser=<colcon_mixin.mixin.mixin_argument.MixinArgumentDecorator object at 0x7148556df3e0>, verb_extension=<colcon_core.verb.build.BuildVerb object at 0x7148556de7b0>, main=<bound method BuildVerb.main of <colcon_core.verb.build.BuildVerb object at 0x7148556de7b0>>, mixin_verb=('build',))
[0.114s] Level 1:colcon.colcon_core.package_discovery:discover_packages(colcon_meta) check parameters
[0.114s] Level 1:colcon.colcon_core.package_discovery:discover_packages(recursive) check parameters
[0.114s] Level 1:colcon.colcon_core.package_discovery:discover_packages(ignore) check parameters
[0.114s] Level 1:colcon.colcon_core.package_discovery:discover_packages(path) check parameters
[0.114s] Level 1:colcon.colcon_core.package_discovery:discover_packages(colcon_meta) discover
[0.114s] Level 1:colcon.colcon_core.package_discovery:discover_packages(recursive) discover
[0.114s] INFO:colcon.colcon_core.package_discovery:Crawling recursively for packages in '/home/secu4090/xarm_ws'
[0.114s] Level 1:colcon.colcon_core.package_identification:_identify(.) by extensions ['ignore', 'ignore_ament_install']
[0.114s] Level 1:colcon.colcon_core.package_identification:_identify(.) by extension 'ignore'
[0.114s] Level 1:colcon.colcon_core.package_identification:_identify(.) by extension 'ignore_ament_install'
[0.114s] Level 1:colcon.colcon_core.package_identification:_identify(.) by extensions ['colcon_pkg']
[0.114s] Level 1:colcon.colcon_core.package_identification:_identify(.) by extension 'colcon_pkg'
[0.114s] Level 1:colcon.colcon_core.package_identification:_identify(.) by extensions ['colcon_meta']
[0.114s] Level 1:colcon.colcon_core.package_identification:_identify(.) by extension 'colcon_meta'
[0.114s] Level 1:colcon.colcon_core.package_identification:_identify(.) by extensions ['ros']
[0.114s] Level 1:colcon.colcon_core.package_identification:_identify(.) by extension 'ros'
[0.129s] Level 1:colcon.colcon_core.package_identification:_identify(.) by extensions ['cmake', 'python']
[0.129s] Level 1:colcon.colcon_core.package_identification:_identify(.) by extension 'cmake'
[0.129s] Level 1:colcon.colcon_core.package_identification:_identify(.) by extension 'python'
[0.129s] Level 1:colcon.colcon_core.package_identification:_identify(.) by extensions ['python_setup_py']
[0.129s] Level 1:colcon.colcon_core.package_identification:_identify(.) by extension 'python_setup_py'
[0.129s] Level 1:colcon.colcon_core.package_identification:_identify(build) by extensions ['ignore', 'ignore_ament_install']
[0.129s] Level 1:colcon.colcon_core.package_identification:_identify(build) by extension 'ignore'
[0.129s] Level 1:colcon.colcon_core.package_identification:_identify(build) ignored
[0.129s] Level 1:colcon.colcon_core.package_identification:_identify(install) by extensions ['ignore', 'ignore_ament_install']
[0.129s] Level 1:colcon.colcon_core.package_identification:_identify(install) by extension 'ignore'
[0.129s] Level 1:colcon.colcon_core.package_identification:_identify(install) ignored
[0.129s] Level 1:colcon.colcon_core.package_identification:_identify(log) by extensions ['ignore', 'ignore_ament_install']
[0.129s] Level 1:colcon.colcon_core.package_identification:_identify(log) by extension 'ignore'
[0.129s] Level 1:colcon.colcon_core.package_identification:_identify(log) ignored
[0.129s] Level 1:colcon.colcon_core.package_identification:_identify(src) by extensions ['ignore', 'ignore_ament_install']
[0.129s] Level 1:colcon.colcon_core.package_identification:_identify(src) by extension 'ignore'
[0.129s] Level 1:colcon.colcon_core.package_identification:_identify(src) by extension 'ignore_ament_install'
[0.129s] Level 1:colcon.colcon_core.package_identification:_identify(src) by extensions ['colcon_pkg']
[0.129s] Level 1:colcon.colcon_core.package_identification:_identify(src) by extension 'colcon_pkg'
[0.129s] Level 1:colcon.colcon_core.package_identification:_identify(src) by extensions ['colcon_meta']
[0.129s] Level 1:colcon.colcon_core.package_identification:_identify(src) by extension 'colcon_meta'
[0.129s] Level 1:colcon.colcon_core.package_identification:_identify(src) by extensions ['ros']
[0.129s] Level 1:colcon.colcon_core.package_identification:_identify(src) by extension 'ros'
[0.129s] Level 1:colcon.colcon_core.package_identification:_identify(src) by extensions ['cmake', 'python']
[0.129s] Level 1:colcon.colcon_core.package_identification:_identify(src) by extension 'cmake'
[0.129s] Level 1:colcon.colcon_core.package_identification:_identify(src) by extension 'python'
[0.129s] Level 1:colcon.colcon_core.package_identification:_identify(src) by extensions ['python_setup_py']
[0.129s] Level 1:colcon.colcon_core.package_identification:_identify(src) by extension 'python_setup_py'
[0.129s] Level 1:colcon.colcon_core.package_identification:_identify(src/mtc) by extensions ['ignore', 'ignore_ament_install']
[0.129s] Level 1:colcon.colcon_core.package_identification:_identify(src/mtc) by extension 'ignore'
[0.129s] Level 1:colcon.colcon_core.package_identification:_identify(src/mtc) by extension 'ignore_ament_install'
[0.129s] Level 1:colcon.colcon_core.package_identification:_identify(src/mtc) by extensions ['colcon_pkg']
[0.129s] Level 1:colcon.colcon_core.package_identification:_identify(src/mtc) by extension 'colcon_pkg'
[0.129s] Level 1:colcon.colcon_core.package_identification:_identify(src/mtc) by extensions ['colcon_meta']
[0.129s] Level 1:colcon.colcon_core.package_identification:_identify(src/mtc) by extension 'colcon_meta'
[0.129s] Level 1:colcon.colcon_core.package_identification:_identify(src/mtc) by extensions ['ros']
[0.129s] Level 1:colcon.colcon_core.package_identification:_identify(src/mtc) by extension 'ros'
[0.131s] DEBUG:colcon.colcon_core.package_identification:Package 'src/mtc' with type 'ros.ament_cmake' and name 'mtc'
[0.131s] Level 1:colcon.colcon_core.package_identification:_identify(src/xarm_1s_description) by extensions ['ignore', 'ignore_ament_install']
[0.131s] Level 1:colcon.colcon_core.package_identification:_identify(src/xarm_1s_description) by extension 'ignore'
[0.131s] Level 1:colcon.colcon_core.package_identification:_identify(src/xarm_1s_description) by extension 'ignore_ament_install'
[0.131s] Level 1:colcon.colcon_core.package_identification:_identify(src/xarm_1s_description) by extensions ['colcon_pkg']
[0.131s] Level 1:colcon.colcon_core.package_identification:_identify(src/xarm_1s_description) by extension 'colcon_pkg'
[0.131s] Level 1:colcon.colcon_core.package_identification:_identify(src/xarm_1s_description) by extensions ['colcon_meta']
[0.131s] Level 1:colcon.colcon_core.package_identification:_identify(src/xarm_1s_description) by extension 'colcon_meta'
[0.131s] Level 1:colcon.colcon_core.package_identification:_identify(src/xarm_1s_description) by extensions ['ros']
[0.131s] Level 1:colcon.colcon_core.package_identification:_identify(src/xarm_1s_description) by extension 'ros'
[0.131s] DEBUG:colcon.colcon_core.package_identification:Package 'src/xarm_1s_description' with type 'ros.ament_cmake' and name 'xarm_1s_description'
[0.131s] Level 1:colcon.colcon_core.package_identification:_identify(src/xarm_1s_moveit_config) by extensions ['ignore', 'ignore_ament_install']
[0.131s] Level 1:colcon.colcon_core.package_identification:_identify(src/xarm_1s_moveit_config) by extension 'ignore'
[0.131s] Level 1:colcon.colcon_core.package_identification:_identify(src/xarm_1s_moveit_config) by extension 'ignore_ament_install'
[0.131s] Level 1:colcon.colcon_core.package_identification:_identify(src/xarm_1s_moveit_config) by extensions ['colcon_pkg']
[0.131s] Level 1:colcon.colcon_core.package_identification:_identify(src/xarm_1s_moveit_config) by extension 'colcon_pkg'
[0.132s] Level 1:colcon.colcon_core.package_identification:_identify(src/xarm_1s_moveit_config) by extensions ['colcon_meta']
[0.132s] Level 1:colcon.colcon_core.package_identification:_identify(src/xarm_1s_moveit_config) by extension 'colcon_meta'
[0.132s] Level 1:colcon.colcon_core.package_identification:_identify(src/xarm_1s_moveit_config) by extensions ['ros']
[0.132s] Level 1:colcon.colcon_core.package_identification:_identify(src/xarm_1s_moveit_config) by extension 'ros'
[0.132s] DEBUG:colcon.colcon_core.package_identification:Package 'src/xarm_1s_moveit_config' with type 'ros.ament_cmake' and name 'xarm_1s_moveit_config'
[0.132s] Level 1:colcon.colcon_core.package_discovery:discover_packages(recursive) using defaults
[0.132s] Level 1:colcon.colcon_core.package_discovery:discover_packages(ignore) discover
[0.132s] Level 1:colcon.colcon_core.package_discovery:discover_packages(ignore) using defaults
[0.132s] Level 1:colcon.colcon_core.package_discovery:discover_packages(path) discover
[0.132s] Level 1:colcon.colcon_core.package_discovery:discover_packages(path) using defaults
[0.142s] Level 1:colcon.colcon_core.package_discovery:discover_packages(prefix_path) check parameters
[0.142s] Level 1:colcon.colcon_core.package_discovery:discover_packages(prefix_path) discover
[0.145s] DEBUG:colcon.colcon_installed_package_information.package_discovery:Found 3 installed packages in /home/secu4090/xarm_ws/install
[0.145s] DEBUG:colcon.colcon_installed_package_information.package_discovery:Found 4 installed packages in /home/secu4090/turtlebot3_ws/install
[0.146s] DEBUG:colcon.colcon_installed_package_information.package_discovery:Found 500 installed packages in /opt/ros/jazzy
[0.147s] Level 1:colcon.colcon_core.package_discovery:discover_packages(prefix_path) using defaults
[0.222s] Level 5:colcon.colcon_core.verb:set package 'mtc' build argument 'cmake_args' from command line to 'None'
[0.222s] Level 5:colcon.colcon_core.verb:set package 'mtc' build argument 'cmake_target' from command line to 'None'
[0.222s] Level 5:colcon.colcon_core.verb:set package 'mtc' build argument 'cmake_target_skip_unavailable' from command line to 'False'
[0.222s] Level 5:colcon.colcon_core.verb:set package 'mtc' build argument 'cmake_clean_cache' from command line to 'False'
[0.222s] Level 5:colcon.colcon_core.verb:set package 'mtc' build argument 'cmake_clean_first' from command line to 'False'
[0.222s] Level 5:colcon.colcon_core.verb:set package 'mtc' build argument 'cmake_force_configure' from command line to 'False'
[0.222s] Level 5:colcon.colcon_core.verb:set package 'mtc' build argument 'ament_cmake_args' from command line to 'None'
[0.222s] Level 5:colcon.colcon_core.verb:set package 'mtc' build argument 'catkin_cmake_args' from command line to 'None'
[0.222s] Level 5:colcon.colcon_core.verb:set package 'mtc' build argument 'catkin_skip_building_tests' from command line to 'False'
[0.222s] DEBUG:colcon.colcon_core.verb:Building package 'mtc' with the following arguments: {'ament_cmake_args': None, 'build_base': '/home/secu4090/xarm_ws/build/mtc', 'catkin_cmake_args': None, 'catkin_skip_building_tests': False, 'cmake_args': None, 'cmake_clean_cache': False, 'cmake_clean_first': False, 'cmake_force_configure': False, 'cmake_target': None, 'cmake_target_skip_unavailable': False, 'install_base': '/home/secu4090/xarm_ws/install/mtc', 'merge_install': False, 'path': '/home/secu4090/xarm_ws/src/mtc', 'symlink_install': False, 'test_result_base': None}
[0.222s] Level 5:colcon.colcon_core.verb:set package 'xarm_1s_description' build argument 'cmake_args' from command line to 'None'
[0.222s] Level 5:colcon.colcon_core.verb:set package 'xarm_1s_description' build argument 'cmake_target' from command line to 'None'
[0.222s] Level 5:colcon.colcon_core.verb:set package 'xarm_1s_description' build argument 'cmake_target_skip_unavailable' from command line to 'False'
[0.222s] Level 5:colcon.colcon_core.verb:set package 'xarm_1s_description' build argument 'cmake_clean_cache' from command line to 'False'
[0.222s] Level 5:colcon.colcon_core.verb:set package 'xarm_1s_description' build argument 'cmake_clean_first' from command line to 'False'
[0.222s] Level 5:colcon.colcon_core.verb:set package 'xarm_1s_description' build argument 'cmake_force_configure' from command line to 'False'
[0.222s] Level 5:colcon.colcon_core.verb:set package 'xarm_1s_description' build argument 'ament_cmake_args' from command line to 'None'
[0.222s] Level 5:colcon.colcon_core.verb:set package 'xarm_1s_description' build argument 'catkin_cmake_args' from command line to 'None'
[0.222s] Level 5:colcon.colcon_core.verb:set package 'xarm_1s_description' build argument 'catkin_skip_building_tests' from command line to 'False'
[0.222s] DEBUG:colcon.colcon_core.verb:Building package 'xarm_1s_description' with the following arguments: {'ament_cmake_args': None, 'build_base': '/home/secu4090/xarm_ws/build/xarm_1s_description', 'catkin_cmake_args': None, 'catkin_skip_building_tests': False, 'cmake_args': None, 'cmake_clean_cache': False, 'cmake_clean_first': False, 'cmake_force_configure': False, 'cmake_target': None, 'cmake_target_skip_unavailable': False, 'install_base': '/home/secu4090/xarm_ws/install/xarm_1s_description', 'merge_install': False, 'path': '/home/secu4090/xarm_ws/src/xarm_1s_description', 'symlink_install': False, 'test_result_base': None}
[0.222s] Level 5:colcon.colcon_core.verb:set package 'xarm_1s_moveit_config' build argument 'cmake_args' from command line to 'None'
[0.222s] Level 5:colcon.colcon_core.verb:set package 'xarm_1s_moveit_config' build argument 'cmake_target' from command line to 'None'
[0.222s] Level 5:colcon.colcon_core.verb:set package 'xarm_1s_moveit_config' build argument 'cmake_target_skip_unavailable' from command line to 'False'
[0.222s] Level 5:colcon.colcon_core.verb:set package 'xarm_1s_moveit_config' build argument 'cmake_clean_cache' from command line to 'False'
[0.222s] Level 5:colcon.colcon_core.verb:set package 'xarm_1s_moveit_config' build argument 'cmake_clean_first' from command line to 'False'
[0.222s] Level 5:colcon.colcon_core.verb:set package 'xarm_1s_moveit_config' build argument 'cmake_force_configure' from command line to 'False'
[0.222s] Level 5:colcon.colcon_core.verb:set package 'xarm_1s_moveit_config' build argument 'ament_cmake_args' from command line to 'None'
[0.222s] Level 5:colcon.colcon_core.verb:set package 'xarm_1s_moveit_config' build argument 'catkin_cmake_args' from command line to 'None'
[0.222s] Level 5:colcon.colcon_core.verb:set package 'xarm_1s_moveit_config' build argument 'catkin_skip_building_tests' from command line to 'False'
[0.222s] DEBUG:colcon.colcon_core.verb:Building package 'xarm_1s_moveit_config' with the following arguments: {'ament_cmake_args': None, 'build_base': '/home/secu4090/xarm_ws/build/xarm_1s_moveit_config', 'catkin_cmake_args': None, 'catkin_skip_building_tests': False, 'cmake_args': None, 'cmake_clean_cache': False, 'cmake_clean_first': False, 'cmake_force_configure': False, 'cmake_target': None, 'cmake_target_skip_unavailable': False, 'install_base': '/home/secu4090/xarm_ws/install/xarm_1s_moveit_config', 'merge_install': False, 'path': '/home/secu4090/xarm_ws/src/xarm_1s_moveit_config', 'symlink_install': False, 'test_result_base': None}
[0.222s] INFO:colcon.colcon_core.executor:Executing jobs using 'parallel' executor
[0.223s] DEBUG:colcon.colcon_parallel_executor.executor.parallel:run_until_complete
[0.223s] INFO:colcon.colcon_ros.task.ament_cmake.build:Building ROS package in '/home/secu4090/xarm_ws/src/mtc' with build type 'ament_cmake'
[0.223s] INFO:colcon.colcon_cmake.task.cmake.build:Building CMake package in '/home/secu4090/xarm_ws/src/mtc'
[0.225s] INFO:colcon.colcon_core.plugin_system:Skipping extension 'colcon_core.shell.bat': Not used on non-Windows systems
[0.225s] INFO:colcon.colcon_core.shell:Skip shell extension 'powershell' for command environment: Not usable outside of PowerShell
[0.225s] DEBUG:colcon.colcon_core.shell:Skip shell extension 'dsv' for command environment
[0.228s] INFO:colcon.colcon_ros.task.ament_cmake.build:Building ROS package in '/home/secu4090/xarm_ws/src/xarm_1s_description' with build type 'ament_cmake'
[0.228s] INFO:colcon.colcon_cmake.task.cmake.build:Building CMake package in '/home/secu4090/xarm_ws/src/xarm_1s_description'
[0.228s] INFO:colcon.colcon_core.shell:Skip shell extension 'powershell' for command environment: Not usable outside of PowerShell
[0.228s] DEBUG:colcon.colcon_core.shell:Skip shell extension 'dsv' for command environment
[0.230s] INFO:colcon.colcon_ros.task.ament_cmake.build:Building ROS package in '/home/secu4090/xarm_ws/src/xarm_1s_moveit_config' with build type 'ament_cmake'
[0.230s] INFO:colcon.colcon_cmake.task.cmake.build:Building CMake package in '/home/secu4090/xarm_ws/src/xarm_1s_moveit_config'
[0.230s] INFO:colcon.colcon_core.shell:Skip shell extension 'powershell' for command environment: Not usable outside of PowerShell
[0.230s] DEBUG:colcon.colcon_core.shell:Skip shell extension 'dsv' for command environment
[0.234s] DEBUG:colcon.colcon_core.event_handler.log_command:Invoking command in '/home/secu4090/xarm_ws/build/mtc': CMAKE_PREFIX_PATH=${CMAKE_PREFIX_PATH}:/home/secu4090/turtlebot3_ws/install/tb3_custom_explore DEBUGINFOD_URLS=https://debuginfod.ubuntu.com /usr/bin/cmake --build /home/secu4090/xarm_ws/build/mtc -- -j28 -l28
[0.236s] DEBUG:colcon.colcon_core.event_handler.log_command:Invoking command in '/home/secu4090/xarm_ws/build/xarm_1s_description': CMAKE_PREFIX_PATH=${CMAKE_PREFIX_PATH}:/home/secu4090/turtlebot3_ws/install/tb3_custom_explore DEBUGINFOD_URLS=https://debuginfod.ubuntu.com /usr/bin/cmake --build /home/secu4090/xarm_ws/build/xarm_1s_description -- -j28 -l28
[0.237s] DEBUG:colcon.colcon_core.event_handler.log_command:Invoking command in '/home/secu4090/xarm_ws/build/xarm_1s_moveit_config': CMAKE_PREFIX_PATH=${CMAKE_PREFIX_PATH}:/home/secu4090/turtlebot3_ws/install/tb3_custom_explore DEBUGINFOD_URLS=https://debuginfod.ubuntu.com /usr/bin/cmake --build /home/secu4090/xarm_ws/build/xarm_1s_moveit_config -- -j28 -l28
[0.298s] DEBUG:colcon.colcon_core.event_handler.log_command:Invoked command in '/home/secu4090/xarm_ws/build/xarm_1s_description' returned '0': CMAKE_PREFIX_PATH=${CMAKE_PREFIX_PATH}:/home/secu4090/turtlebot3_ws/install/tb3_custom_explore DEBUGINFOD_URLS=https://debuginfod.ubuntu.com /usr/bin/cmake --build /home/secu4090/xarm_ws/build/xarm_1s_description -- -j28 -l28
[0.316s] DEBUG:colcon.colcon_core.event_handler.log_command:Invoking command in '/home/secu4090/xarm_ws/build/xarm_1s_description': CMAKE_PREFIX_PATH=${CMAKE_PREFIX_PATH}:/home/secu4090/turtlebot3_ws/install/tb3_custom_explore DEBUGINFOD_URLS=https://debuginfod.ubuntu.com /usr/bin/cmake --install /home/secu4090/xarm_ws/build/xarm_1s_description
[0.318s] DEBUG:colcon.colcon_core.event_handler.log_command:Invoked command in '/home/secu4090/xarm_ws/build/xarm_1s_moveit_config' returned '0': CMAKE_PREFIX_PATH=${CMAKE_PREFIX_PATH}:/home/secu4090/turtlebot3_ws/install/tb3_custom_explore DEBUGINFOD_URLS=https://debuginfod.ubuntu.com /usr/bin/cmake --build /home/secu4090/xarm_ws/build/xarm_1s_moveit_config -- -j28 -l28
[0.319s] DEBUG:colcon.colcon_core.event_handler.log_command:Invoking command in '/home/secu4090/xarm_ws/build/xarm_1s_moveit_config': CMAKE_PREFIX_PATH=${CMAKE_PREFIX_PATH}:/home/secu4090/turtlebot3_ws/install/tb3_custom_explore DEBUGINFOD_URLS=https://debuginfod.ubuntu.com /usr/bin/cmake --install /home/secu4090/xarm_ws/build/xarm_1s_moveit_config
[0.330s] Level 1:colcon.colcon_core.environment:create_environment_scripts_only(xarm_1s_description)
[0.330s] DEBUG:colcon.colcon_core.event_handler.log_command:Invoked command in '/home/secu4090/xarm_ws/build/xarm_1s_description' returned '0': CMAKE_PREFIX_PATH=${CMAKE_PREFIX_PATH}:/home/secu4090/turtlebot3_ws/install/tb3_custom_explore DEBUGINFOD_URLS=https://debuginfod.ubuntu.com /usr/bin/cmake --install /home/secu4090/xarm_ws/build/xarm_1s_description
[0.337s] Level 1:colcon.colcon_core.environment:checking '/home/secu4090/xarm_ws/install/xarm_1s_description' for CMake module files
[0.338s] Level 1:colcon.colcon_core.environment:checking '/home/secu4090/xarm_ws/install/xarm_1s_description' for CMake config files
[0.338s] Level 1:colcon.colcon_core.shell:create_environment_hook('xarm_1s_description', 'cmake_prefix_path')
[0.338s] INFO:colcon.colcon_core.shell:Creating environment hook '/home/secu4090/xarm_ws/install/xarm_1s_description/share/xarm_1s_description/hook/cmake_prefix_path.ps1'
[0.339s] INFO:colcon.colcon_core.shell:Creating environment descriptor '/home/secu4090/xarm_ws/install/xarm_1s_description/share/xarm_1s_description/hook/cmake_prefix_path.dsv'
[0.339s] INFO:colcon.colcon_core.shell:Creating environment hook '/home/secu4090/xarm_ws/install/xarm_1s_description/share/xarm_1s_description/hook/cmake_prefix_path.sh'
[0.340s] Level 1:colcon.colcon_core.environment:checking '/home/secu4090/xarm_ws/install/xarm_1s_description/bin'
[0.340s] Level 1:colcon.colcon_core.environment:checking '/home/secu4090/xarm_ws/install/xarm_1s_description/lib/pkgconfig/xarm_1s_description.pc'
[0.340s] Level 1:colcon.colcon_core.environment:checking '/home/secu4090/xarm_ws/install/xarm_1s_description/lib/python3.12/site-packages'
[0.341s] Level 1:colcon.colcon_core.environment:checking '/home/secu4090/xarm_ws/install/xarm_1s_description/bin'
[0.341s] INFO:colcon.colcon_core.shell:Creating package script '/home/secu4090/xarm_ws/install/xarm_1s_description/share/xarm_1s_description/package.ps1'
[0.342s] INFO:colcon.colcon_core.shell:Creating package descriptor '/home/secu4090/xarm_ws/install/xarm_1s_description/share/xarm_1s_description/package.dsv'
[0.342s] INFO:colcon.colcon_core.shell:Creating package script '/home/secu4090/xarm_ws/install/xarm_1s_description/share/xarm_1s_description/package.sh'
[0.342s] INFO:colcon.colcon_core.shell:Creating package script '/home/secu4090/xarm_ws/install/xarm_1s_description/share/xarm_1s_description/package.bash'
[0.343s] INFO:colcon.colcon_core.shell:Creating package script '/home/secu4090/xarm_ws/install/xarm_1s_description/share/xarm_1s_description/package.zsh'
[0.343s] Level 1:colcon.colcon_core.environment:create_file_with_runtime_dependencies(/home/secu4090/xarm_ws/install/xarm_1s_description/share/colcon-core/packages/xarm_1s_description)
[0.344s] Level 1:colcon.colcon_core.environment:create_environment_scripts_only(xarm_1s_description)
[0.344s] Level 1:colcon.colcon_core.environment:checking '/home/secu4090/xarm_ws/install/xarm_1s_description' for CMake module files
[0.344s] Level 1:colcon.colcon_core.environment:checking '/home/secu4090/xarm_ws/install/xarm_1s_description' for CMake config files
[0.344s] Level 1:colcon.colcon_core.shell:create_environment_hook('xarm_1s_description', 'cmake_prefix_path')
[0.344s] INFO:colcon.colcon_core.shell:Creating environment hook '/home/secu4090/xarm_ws/install/xarm_1s_description/share/xarm_1s_description/hook/cmake_prefix_path.ps1'
[0.344s] INFO:colcon.colcon_core.shell:Creating environment descriptor '/home/secu4090/xarm_ws/install/xarm_1s_description/share/xarm_1s_description/hook/cmake_prefix_path.dsv'
[0.345s] INFO:colcon.colcon_core.shell:Creating environment hook '/home/secu4090/xarm_ws/install/xarm_1s_description/share/xarm_1s_description/hook/cmake_prefix_path.sh'
[0.345s] Level 1:colcon.colcon_core.environment:checking '/home/secu4090/xarm_ws/install/xarm_1s_description/bin'
[0.345s] Level 1:colcon.colcon_core.environment:checking '/home/secu4090/xarm_ws/install/xarm_1s_description/lib/pkgconfig/xarm_1s_description.pc'
[0.345s] Level 1:colcon.colcon_core.environment:checking '/home/secu4090/xarm_ws/install/xarm_1s_description/lib/python3.12/site-packages'
[0.345s] Level 1:colcon.colcon_core.environment:checking '/home/secu4090/xarm_ws/install/xarm_1s_description/bin'
[0.346s] INFO:colcon.colcon_core.shell:Creating package script '/home/secu4090/xarm_ws/install/xarm_1s_description/share/xarm_1s_description/package.ps1'
[0.346s] INFO:colcon.colcon_core.shell:Creating package descriptor '/home/secu4090/xarm_ws/install/xarm_1s_description/share/xarm_1s_description/package.dsv'
[0.346s] INFO:colcon.colcon_core.shell:Creating package script '/home/secu4090/xarm_ws/install/xarm_1s_description/share/xarm_1s_description/package.sh'
[0.346s] INFO:colcon.colcon_core.shell:Creating package script '/home/secu4090/xarm_ws/install/xarm_1s_description/share/xarm_1s_description/package.bash'
[0.346s] INFO:colcon.colcon_core.shell:Creating package script '/home/secu4090/xarm_ws/install/xarm_1s_description/share/xarm_1s_description/package.zsh'
[0.346s] Level 1:colcon.colcon_core.environment:create_file_with_runtime_dependencies(/home/secu4090/xarm_ws/install/xarm_1s_description/share/colcon-core/packages/xarm_1s_description)
[0.347s] Level 1:colcon.colcon_core.environment:create_environment_scripts_only(xarm_1s_moveit_config)
[0.347s] DEBUG:colcon.colcon_core.event_handler.log_command:Invoked command in '/home/secu4090/xarm_ws/build/xarm_1s_moveit_config' returned '0': CMAKE_PREFIX_PATH=${CMAKE_PREFIX_PATH}:/home/secu4090/turtlebot3_ws/install/tb3_custom_explore DEBUGINFOD_URLS=https://debuginfod.ubuntu.com /usr/bin/cmake --install /home/secu4090/xarm_ws/build/xarm_1s_moveit_config
[0.347s] Level 1:colcon.colcon_core.environment:checking '/home/secu4090/xarm_ws/install/xarm_1s_moveit_config' for CMake module files
[0.348s] Level 1:colcon.colcon_core.environment:checking '/home/secu4090/xarm_ws/install/xarm_1s_moveit_config' for CMake config files
[0.348s] Level 1:colcon.colcon_core.shell:create_environment_hook('xarm_1s_moveit_config', 'cmake_prefix_path')
[0.348s] INFO:colcon.colcon_core.shell:Creating environment hook '/home/secu4090/xarm_ws/install/xarm_1s_moveit_config/share/xarm_1s_moveit_config/hook/cmake_prefix_path.ps1'
[0.348s] INFO:colcon.colcon_core.shell:Creating environment descriptor '/home/secu4090/xarm_ws/install/xarm_1s_moveit_config/share/xarm_1s_moveit_config/hook/cmake_prefix_path.dsv'
[0.348s] INFO:colcon.colcon_core.shell:Creating environment hook '/home/secu4090/xarm_ws/install/xarm_1s_moveit_config/share/xarm_1s_moveit_config/hook/cmake_prefix_path.sh'
[0.348s] Level 1:colcon.colcon_core.environment:checking '/home/secu4090/xarm_ws/install/xarm_1s_moveit_config/bin'
[0.348s] Level 1:colcon.colcon_core.environment:checking '/home/secu4090/xarm_ws/install/xarm_1s_moveit_config/lib/pkgconfig/xarm_1s_moveit_config.pc'
[0.349s] Level 1:colcon.colcon_core.environment:checking '/home/secu4090/xarm_ws/install/xarm_1s_moveit_config/lib/python3.12/site-packages'
[0.349s] Level 1:colcon.colcon_core.environment:checking '/home/secu4090/xarm_ws/install/xarm_1s_moveit_config/bin'
[0.349s] INFO:colcon.colcon_core.shell:Creating package script '/home/secu4090/xarm_ws/install/xarm_1s_moveit_config/share/xarm_1s_moveit_config/package.ps1'
[0.349s] INFO:colcon.colcon_core.shell:Creating package descriptor '/home/secu4090/xarm_ws/install/xarm_1s_moveit_config/share/xarm_1s_moveit_config/package.dsv'
[0.349s] INFO:colcon.colcon_core.shell:Creating package script '/home/secu4090/xarm_ws/install/xarm_1s_moveit_config/share/xarm_1s_moveit_config/package.sh'
[0.349s] INFO:colcon.colcon_core.shell:Creating package script '/home/secu4090/xarm_ws/install/xarm_1s_moveit_config/share/xarm_1s_moveit_config/package.bash'
[0.349s] INFO:colcon.colcon_core.shell:Creating package script '/home/secu4090/xarm_ws/install/xarm_1s_moveit_config/share/xarm_1s_moveit_config/package.zsh'
[0.349s] Level 1:colcon.colcon_core.environment:create_file_with_runtime_dependencies(/home/secu4090/xarm_ws/install/xarm_1s_moveit_config/share/colcon-core/packages/xarm_1s_moveit_config)
[0.350s] Level 1:colcon.colcon_core.environment:create_environment_scripts_only(xarm_1s_moveit_config)
[0.350s] Level 1:colcon.colcon_core.environment:checking '/home/secu4090/xarm_ws/install/xarm_1s_moveit_config' for CMake module files
[0.350s] Level 1:colcon.colcon_core.environment:checking '/home/secu4090/xarm_ws/install/xarm_1s_moveit_config' for CMake config files
[0.350s] Level 1:colcon.colcon_core.shell:create_environment_hook('xarm_1s_moveit_config', 'cmake_prefix_path')
[0.350s] INFO:colcon.colcon_core.shell:Creating environment hook '/home/secu4090/xarm_ws/install/xarm_1s_moveit_config/share/xarm_1s_moveit_config/hook/cmake_prefix_path.ps1'
[0.350s] INFO:colcon.colcon_core.shell:Creating environment descriptor '/home/secu4090/xarm_ws/install/xarm_1s_moveit_config/share/xarm_1s_moveit_config/hook/cmake_prefix_path.dsv'
[0.350s] INFO:colcon.colcon_core.shell:Creating environment hook '/home/secu4090/xarm_ws/install/xarm_1s_moveit_config/share/xarm_1s_moveit_config/hook/cmake_prefix_path.sh'
[0.350s] Level 1:colcon.colcon_core.environment:checking '/home/secu4090/xarm_ws/install/xarm_1s_moveit_config/bin'
[0.350s] Level 1:colcon.colcon_core.environment:checking '/home/secu4090/xarm_ws/install/xarm_1s_moveit_config/lib/pkgconfig/xarm_1s_moveit_config.pc'
[0.350s] Level 1:colcon.colcon_core.environment:checking '/home/secu4090/xarm_ws/install/xarm_1s_moveit_config/lib/python3.12/site-packages'
[0.351s] Level 1:colcon.colcon_core.environment:checking '/home/secu4090/xarm_ws/install/xarm_1s_moveit_config/bin'
[0.351s] INFO:colcon.colcon_core.shell:Creating package script '/home/secu4090/xarm_ws/install/xarm_1s_moveit_config/share/xarm_1s_moveit_config/package.ps1'
[0.351s] INFO:colcon.colcon_core.shell:Creating package descriptor '/home/secu4090/xarm_ws/install/xarm_1s_moveit_config/share/xarm_1s_moveit_config/package.dsv'
[0.351s] INFO:colcon.colcon_core.shell:Creating package script '/home/secu4090/xarm_ws/install/xarm_1s_moveit_config/share/xarm_1s_moveit_config/package.sh'
[0.351s] INFO:colcon.colcon_core.shell:Creating package script '/home/secu4090/xarm_ws/install/xarm_1s_moveit_config/share/xarm_1s_moveit_config/package.bash'
[0.351s] INFO:colcon.colcon_core.shell:Creating package script '/home/secu4090/xarm_ws/install/xarm_1s_moveit_config/share/xarm_1s_moveit_config/package.zsh'
[0.351s] Level 1:colcon.colcon_core.environment:create_file_with_runtime_dependencies(/home/secu4090/xarm_ws/install/xarm_1s_moveit_config/share/colcon-core/packages/xarm_1s_moveit_config)
[0.419s] DEBUG:colcon.colcon_core.event_handler.log_command:Invoked command in '/home/secu4090/xarm_ws/build/mtc' returned '0': CMAKE_PREFIX_PATH=${CMAKE_PREFIX_PATH}:/home/secu4090/turtlebot3_ws/install/tb3_custom_explore DEBUGINFOD_URLS=https://debuginfod.ubuntu.com /usr/bin/cmake --build /home/secu4090/xarm_ws/build/mtc -- -j28 -l28
[0.421s] DEBUG:colcon.colcon_core.event_handler.log_command:Invoking command in '/home/secu4090/xarm_ws/build/mtc': CMAKE_PREFIX_PATH=${CMAKE_PREFIX_PATH}:/home/secu4090/turtlebot3_ws/install/tb3_custom_explore DEBUGINFOD_URLS=https://debuginfod.ubuntu.com /usr/bin/cmake --install /home/secu4090/xarm_ws/build/mtc
[0.441s] Level 1:colcon.colcon_core.environment:create_environment_scripts_only(mtc)
[0.441s] DEBUG:colcon.colcon_core.event_handler.log_command:Invoked command in '/home/secu4090/xarm_ws/build/mtc' returned '0': CMAKE_PREFIX_PATH=${CMAKE_PREFIX_PATH}:/home/secu4090/turtlebot3_ws/install/tb3_custom_explore DEBUGINFOD_URLS=https://debuginfod.ubuntu.com /usr/bin/cmake --install /home/secu4090/xarm_ws/build/mtc
[0.441s] Level 1:colcon.colcon_core.environment:checking '/home/secu4090/xarm_ws/install/mtc' for CMake module files
[0.443s] Level 1:colcon.colcon_core.environment:checking '/home/secu4090/xarm_ws/install/mtc' for CMake config files
[0.443s] Level 1:colcon.colcon_core.shell:create_environment_hook('mtc', 'cmake_prefix_path')
[0.444s] INFO:colcon.colcon_core.shell:Creating environment hook '/home/secu4090/xarm_ws/install/mtc/share/mtc/hook/cmake_prefix_path.ps1'
[0.445s] INFO:colcon.colcon_core.shell:Creating environment descriptor '/home/secu4090/xarm_ws/install/mtc/share/mtc/hook/cmake_prefix_path.dsv'
[0.446s] INFO:colcon.colcon_core.shell:Creating environment hook '/home/secu4090/xarm_ws/install/mtc/share/mtc/hook/cmake_prefix_path.sh'
[0.447s] Level 1:colcon.colcon_core.environment:checking '/home/secu4090/xarm_ws/install/mtc/lib'
[0.448s] Level 1:colcon.colcon_core.environment:checking '/home/secu4090/xarm_ws/install/mtc/bin'
[0.448s] Level 1:colcon.colcon_core.environment:checking '/home/secu4090/xarm_ws/install/mtc/lib/pkgconfig/mtc.pc'
[0.449s] Level 1:colcon.colcon_core.environment:checking '/home/secu4090/xarm_ws/install/mtc/lib/python3.12/site-packages'
[0.449s] Level 1:colcon.colcon_core.environment:checking '/home/secu4090/xarm_ws/install/mtc/bin'
[0.450s] INFO:colcon.colcon_core.shell:Creating package script '/home/secu4090/xarm_ws/install/mtc/share/mtc/package.ps1'
[0.451s] INFO:colcon.colcon_core.shell:Creating package descriptor '/home/secu4090/xarm_ws/install/mtc/share/mtc/package.dsv'
[0.451s] INFO:colcon.colcon_core.shell:Creating package script '/home/secu4090/xarm_ws/install/mtc/share/mtc/package.sh'
[0.452s] INFO:colcon.colcon_core.shell:Creating package script '/home/secu4090/xarm_ws/install/mtc/share/mtc/package.bash'
[0.453s] INFO:colcon.colcon_core.shell:Creating package script '/home/secu4090/xarm_ws/install/mtc/share/mtc/package.zsh'
[0.453s] Level 1:colcon.colcon_core.environment:create_file_with_runtime_dependencies(/home/secu4090/xarm_ws/install/mtc/share/colcon-core/packages/mtc)
[0.454s] Level 1:colcon.colcon_core.environment:create_environment_scripts_only(mtc)
[0.454s] Level 1:colcon.colcon_core.environment:checking '/home/secu4090/xarm_ws/install/mtc' for CMake module files
[0.455s] Level 1:colcon.colcon_core.environment:checking '/home/secu4090/xarm_ws/install/mtc' for CMake config files
[0.455s] Level 1:colcon.colcon_core.shell:create_environment_hook('mtc', 'cmake_prefix_path')
[0.455s] INFO:colcon.colcon_core.shell:Creating environment hook '/home/secu4090/xarm_ws/install/mtc/share/mtc/hook/cmake_prefix_path.ps1'
[0.455s] INFO:colcon.colcon_core.shell:Creating environment descriptor '/home/secu4090/xarm_ws/install/mtc/share/mtc/hook/cmake_prefix_path.dsv'
[0.455s] INFO:colcon.colcon_core.shell:Creating environment hook '/home/secu4090/xarm_ws/install/mtc/share/mtc/hook/cmake_prefix_path.sh'
[0.455s] Level 1:colcon.colcon_core.environment:checking '/home/secu4090/xarm_ws/install/mtc/lib'
[0.455s] Level 1:colcon.colcon_core.environment:checking '/home/secu4090/xarm_ws/install/mtc/bin'
[0.455s] Level 1:colcon.colcon_core.environment:checking '/home/secu4090/xarm_ws/install/mtc/lib/pkgconfig/mtc.pc'
[0.455s] Level 1:colcon.colcon_core.environment:checking '/home/secu4090/xarm_ws/install/mtc/lib/python3.12/site-packages'
[0.455s] Level 1:colcon.colcon_core.environment:checking '/home/secu4090/xarm_ws/install/mtc/bin'
[0.456s] INFO:colcon.colcon_core.shell:Creating package script '/home/secu4090/xarm_ws/install/mtc/share/mtc/package.ps1'
[0.456s] INFO:colcon.colcon_core.shell:Creating package descriptor '/home/secu4090/xarm_ws/install/mtc/share/mtc/package.dsv'
[0.456s] INFO:colcon.colcon_core.shell:Creating package script '/home/secu4090/xarm_ws/install/mtc/share/mtc/package.sh'
[0.456s] INFO:colcon.colcon_core.shell:Creating package script '/home/secu4090/xarm_ws/install/mtc/share/mtc/package.bash'
[0.456s] INFO:colcon.colcon_core.shell:Creating package script '/home/secu4090/xarm_ws/install/mtc/share/mtc/package.zsh'
[0.456s] Level 1:colcon.colcon_core.environment:create_file_with_runtime_dependencies(/home/secu4090/xarm_ws/install/mtc/share/colcon-core/packages/mtc)
[0.456s] DEBUG:colcon.colcon_parallel_executor.executor.parallel:closing loop
[0.457s] DEBUG:colcon.colcon_parallel_executor.executor.parallel:loop closed
[0.457s] DEBUG:colcon.colcon_parallel_executor.executor.parallel:run_until_complete finished with '0'
[0.457s] DEBUG:colcon.colcon_core.event_reactor:joining thread
[0.468s] INFO:colcon.colcon_core.plugin_system:Skipping extension 'colcon_notification.desktop_notification.terminal_notifier': Not used on non-Darwin systems
[0.468s] INFO:colcon.colcon_core.plugin_system:Skipping extension 'colcon_notification.desktop_notification.win32': Not used on non-Windows systems
[0.468s] INFO:colcon.colcon_notification.desktop_notification:Sending desktop notification using 'notify2'
[0.515s] DEBUG:colcon.colcon_core.event_reactor:joined thread
[0.515s] INFO:colcon.colcon_core.shell:Creating prefix script '/home/secu4090/xarm_ws/install/local_setup.ps1'
[0.516s] INFO:colcon.colcon_core.shell:Creating prefix util module '/home/secu4090/xarm_ws/install/_local_setup_util_ps1.py'
[0.517s] INFO:colcon.colcon_core.shell:Creating prefix chain script '/home/secu4090/xarm_ws/install/setup.ps1'
[0.518s] INFO:colcon.colcon_core.shell:Creating prefix script '/home/secu4090/xarm_ws/install/local_setup.sh'
[0.519s] INFO:colcon.colcon_core.shell:Creating prefix util module '/home/secu4090/xarm_ws/install/_local_setup_util_sh.py'
[0.519s] INFO:colcon.colcon_core.shell:Creating prefix chain script '/home/secu4090/xarm_ws/install/setup.sh'
[0.521s] INFO:colcon.colcon_core.shell:Creating prefix script '/home/secu4090/xarm_ws/install/local_setup.bash'
[0.521s] INFO:colcon.colcon_core.shell:Creating prefix chain script '/home/secu4090/xarm_ws/install/setup.bash'
[0.523s] INFO:colcon.colcon_core.shell:Creating prefix script '/home/secu4090/xarm_ws/install/local_setup.zsh'
[0.524s] INFO:colcon.colcon_core.shell:Creating prefix chain script '/home/secu4090/xarm_ws/install/setup.zsh'
