[0.013s] Invoking command in '/home/hyeon/xarm_ws/build/xarm_1s_description': CMAKE_PREFIX_PATH=${CMAKE_PREFIX_PATH}:/opt/ros/jazzy /usr/bin/cmake --build /home/hyeon/xarm_ws/build/xarm_1s_description -- -j24 -l24
[0.080s] Invoked command in '/home/hyeon/xarm_ws/build/xarm_1s_description' returned '0': CMAKE_PREFIX_PATH=${CMAKE_PREFIX_PATH}:/opt/ros/jazzy /usr/bin/cmake --build /home/hyeon/xarm_ws/build/xarm_1s_description -- -j24 -l24
[0.087s] Invoking command in '/home/hyeon/xarm_ws/build/xarm_1s_description': CMAKE_PREFIX_PATH=${CMAKE_PREFIX_PATH}:/opt/ros/jazzy /usr/bin/cmake --install /home/hyeon/xarm_ws/build/xarm_1s_description
[0.093s] -- Install configuration: ""
[0.094s] -- Execute custom install script
[0.095s] -- Up-to-date symlink: /home/hyeon/xarm_ws/install/xarm_1s_description/share/xarm_1s_description/meshes/base.stl
[0.095s] -- Up-to-date symlink: /home/hyeon/xarm_ws/install/xarm_1s_description/share/xarm_1s_description/meshes/base_collision.stl
[0.096s] -- Up-to-date symlink: /home/hyeon/xarm_ws/install/xarm_1s_description/share/xarm_1s_description/meshes/link0.stl
[0.096s] -- Up-to-date symlink: /home/hyeon/xarm_ws/install/xarm_1s_description/share/xarm_1s_description/meshes/link0_collision.stl
[0.096s] -- Up-to-date symlink: /home/hyeon/xarm_ws/install/xarm_1s_description/share/xarm_1s_description/meshes/link0_left.stl
[0.096s] -- Up-to-date symlink: /home/hyeon/xarm_ws/install/xarm_1s_description/share/xarm_1s_description/meshes/link0_left_collision.stl
[0.097s] -- Up-to-date symlink: /home/hyeon/xarm_ws/install/xarm_1s_description/share/xarm_1s_description/meshes/link1.stl
[0.097s] -- Up-to-date symlink: /home/hyeon/xarm_ws/install/xarm_1s_description/share/xarm_1s_description/meshes/link1_collision.stl
[0.098s] -- Up-to-date symlink: /home/hyeon/xarm_ws/install/xarm_1s_description/share/xarm_1s_description/meshes/link1_left.stl
[0.098s] -- Up-to-date symlink: /home/hyeon/xarm_ws/install/xarm_1s_description/share/xarm_1s_description/meshes/link1_left_collision.stl
[0.098s] -- Up-to-date symlink: /home/hyeon/xarm_ws/install/xarm_1s_description/share/xarm_1s_description/meshes/link2.stl
[0.098s] -- Up-to-date symlink: /home/hyeon/xarm_ws/install/xarm_1s_description/share/xarm_1s_description/meshes/link2_collision.stl
[0.098s] -- Up-to-date symlink: /home/hyeon/xarm_ws/install/xarm_1s_description/share/xarm_1s_description/meshes/link3.stl
[0.099s] -- Up-to-date symlink: /home/hyeon/xarm_ws/install/xarm_1s_description/share/xarm_1s_description/meshes/link3_collision.stl
[0.099s] -- Up-to-date symlink: /home/hyeon/xarm_ws/install/xarm_1s_description/share/xarm_1s_description/meshes/link4.stl
[0.099s] -- Up-to-date symlink: /home/hyeon/xarm_ws/install/xarm_1s_description/share/xarm_1s_description/meshes/link4_collision.stl
[0.099s] -- Up-to-date symlink: /home/hyeon/xarm_ws/install/xarm_1s_description/share/xarm_1s_description/meshes/link5.stl
[0.099s] -- Up-to-date symlink: /home/hyeon/xarm_ws/install/xarm_1s_description/share/xarm_1s_description/meshes/link5_collision.stl
[0.100s] -- Up-to-date symlink: /home/hyeon/xarm_ws/install/xarm_1s_description/share/xarm_1s_description/meshes/link6.stl
[0.100s] -- Up-to-date symlink: /home/hyeon/xarm_ws/install/xarm_1s_description/share/xarm_1s_description/meshes/link6_collision.stl
[0.101s] -- Up-to-date symlink: /home/hyeon/xarm_ws/install/xarm_1s_description/share/xarm_1s_description/rviz/xarm_1s.rviz
[0.102s] -- Up-to-date symlink: /home/hyeon/xarm_ws/install/xarm_1s_description/share/xarm_1s_description/urdf/control/xarm_1s.ros2_control.xacro
[0.102s] -- Up-to-date symlink: /home/hyeon/xarm_ws/install/xarm_1s_description/share/xarm_1s_description/urdf/xarm_1s.urdf.xacro
[0.102s] -- Up-to-date symlink: /home/hyeon/xarm_ws/install/xarm_1s_description/share/ament_index/resource_index/package_run_dependencies/xarm_1s_description
[0.102s] -- Up-to-date symlink: /home/hyeon/xarm_ws/install/xarm_1s_description/share/ament_index/resource_index/parent_prefix_path/xarm_1s_description
[0.103s] -- Up-to-date symlink: /home/hyeon/xarm_ws/install/xarm_1s_description/share/xarm_1s_description/environment/ament_prefix_path.sh
[0.103s] -- Up-to-date symlink: /home/hyeon/xarm_ws/install/xarm_1s_description/share/xarm_1s_description/environment/ament_prefix_path.dsv
[0.103s] -- Up-to-date symlink: /home/hyeon/xarm_ws/install/xarm_1s_description/share/xarm_1s_description/environment/path.sh
[0.104s] -- Up-to-date symlink: /home/hyeon/xarm_ws/install/xarm_1s_description/share/xarm_1s_description/environment/path.dsv
[0.104s] -- Up-to-date symlink: /home/hyeon/xarm_ws/install/xarm_1s_description/share/xarm_1s_description/local_setup.bash
[0.105s] -- Up-to-date symlink: /home/hyeon/xarm_ws/install/xarm_1s_description/share/xarm_1s_description/local_setup.sh
[0.105s] -- Up-to-date symlink: /home/hyeon/xarm_ws/install/xarm_1s_description/share/xarm_1s_description/local_setup.zsh
[0.106s] -- Up-to-date symlink: /home/hyeon/xarm_ws/install/xarm_1s_description/share/xarm_1s_description/local_setup.dsv
[0.106s] -- Symlinking: /home/hyeon/xarm_ws/install/xarm_1s_description/share/xarm_1s_description/package.dsv
[0.113s] -- Up-to-date symlink: /home/hyeon/xarm_ws/install/xarm_1s_description/share/ament_index/resource_index/packages/xarm_1s_description
[0.114s] -- Up-to-date symlink: /home/hyeon/xarm_ws/install/xarm_1s_description/share/xarm_1s_description/cmake/xarm_1s_descriptionConfig.cmake
[0.114s] -- Up-to-date symlink: /home/hyeon/xarm_ws/install/xarm_1s_description/share/xarm_1s_description/cmake/xarm_1s_descriptionConfig-version.cmake
[0.114s] -- Up-to-date symlink: /home/hyeon/xarm_ws/install/xarm_1s_description/share/xarm_1s_description/package.xml
[0.119s] Invoked command in '/home/hyeon/xarm_ws/build/xarm_1s_description' returned '0': CMAKE_PREFIX_PATH=${CMAKE_PREFIX_PATH}:/opt/ros/jazzy /usr/bin/cmake --install /home/hyeon/xarm_ws/build/xarm_1s_description
