-- Install configuration: ""
-- Up-to-date: /home/secu4090/xarm_ws/install/xarm_1s_description/share/xarm_1s_description/meshes
-- Up-to-date: /home/secu4090/xarm_ws/install/xarm_1s_description/share/xarm_1s_description/meshes/link0_left.stl
-- Up-to-date: /home/secu4090/xarm_ws/install/xarm_1s_description/share/xarm_1s_description/meshes/link3.stl
-- Up-to-date: /home/secu4090/xarm_ws/install/xarm_1s_description/share/xarm_1s_description/meshes/link6.stl
-- Up-to-date: /home/secu4090/xarm_ws/install/xarm_1s_description/share/xarm_1s_description/meshes/link5_collision.stl
-- Up-to-date: /home/secu4090/xarm_ws/install/xarm_1s_description/share/xarm_1s_description/meshes/link2.stl
-- Up-to-date: /home/secu4090/xarm_ws/install/xarm_1s_description/share/xarm_1s_description/meshes/link1_left_collision.stl
-- Up-to-date: /home/secu4090/xarm_ws/install/xarm_1s_description/share/xarm_1s_description/meshes/link5.stl
-- Up-to-date: /home/secu4090/xarm_ws/install/xarm_1s_description/share/xarm_1s_description/meshes/link4_collision.stl
-- Up-to-date: /home/secu4090/xarm_ws/install/xarm_1s_description/share/xarm_1s_description/meshes/link2_collision.stl
-- Up-to-date: /home/secu4090/xarm_ws/install/xarm_1s_description/share/xarm_1s_description/meshes/link1_collision.stl
-- Up-to-date: /home/secu4090/xarm_ws/install/xarm_1s_description/share/xarm_1s_description/meshes/link0.stl
-- Up-to-date: /home/secu4090/xarm_ws/install/xarm_1s_description/share/xarm_1s_description/meshes/link1.stl
-- Up-to-date: /home/secu4090/xarm_ws/install/xarm_1s_description/share/xarm_1s_description/meshes/link0_collision.stl
-- Up-to-date: /home/secu4090/xarm_ws/install/xarm_1s_description/share/xarm_1s_description/meshes/base.stl
-- Up-to-date: /home/secu4090/xarm_ws/install/xarm_1s_description/share/xarm_1s_description/meshes/link4.stl
-- Up-to-date: /home/secu4090/xarm_ws/install/xarm_1s_description/share/xarm_1s_description/meshes/link0_left_collision.stl
-- Up-to-date: /home/secu4090/xarm_ws/install/xarm_1s_description/share/xarm_1s_description/meshes/link3_collision.stl
-- Up-to-date: /home/secu4090/xarm_ws/install/xarm_1s_description/share/xarm_1s_description/meshes/link1_left.stl
-- Up-to-date: /home/secu4090/xarm_ws/install/xarm_1s_description/share/xarm_1s_description/meshes/base_collision.stl
-- Up-to-date: /home/secu4090/xarm_ws/install/xarm_1s_description/share/xarm_1s_description/meshes/link6_collision.stl
-- Up-to-date: /home/secu4090/xarm_ws/install/xarm_1s_description/share/xarm_1s_description/rviz
-- Up-to-date: /home/secu4090/xarm_ws/install/xarm_1s_description/share/xarm_1s_description/rviz/xarm_1s.rviz
-- Up-to-date: /home/secu4090/xarm_ws/install/xarm_1s_description/share/xarm_1s_description/urdf
-- Up-to-date: /home/secu4090/xarm_ws/install/xarm_1s_description/share/xarm_1s_description/urdf/xarm_1s.urdf.xacro
-- Up-to-date: /home/secu4090/xarm_ws/install/xarm_1s_description/share/ament_index/resource_index/package_run_dependencies/xarm_1s_description
-- Up-to-date: /home/secu4090/xarm_ws/install/xarm_1s_description/share/ament_index/resource_index/parent_prefix_path/xarm_1s_description
-- Up-to-date: /home/secu4090/xarm_ws/install/xarm_1s_description/share/xarm_1s_description/environment/ament_prefix_path.sh
-- Up-to-date: /home/secu4090/xarm_ws/install/xarm_1s_description/share/xarm_1s_description/environment/ament_prefix_path.dsv
-- Up-to-date: /home/secu4090/xarm_ws/install/xarm_1s_description/share/xarm_1s_description/environment/path.sh
-- Up-to-date: /home/secu4090/xarm_ws/install/xarm_1s_description/share/xarm_1s_description/environment/path.dsv
-- Up-to-date: /home/secu4090/xarm_ws/install/xarm_1s_description/share/xarm_1s_description/local_setup.bash
-- Up-to-date: /home/secu4090/xarm_ws/install/xarm_1s_description/share/xarm_1s_description/local_setup.sh
-- Up-to-date: /home/secu4090/xarm_ws/install/xarm_1s_description/share/xarm_1s_description/local_setup.zsh
-- Up-to-date: /home/secu4090/xarm_ws/install/xarm_1s_description/share/xarm_1s_description/local_setup.dsv
-- Installing: /home/secu4090/xarm_ws/install/xarm_1s_description/share/xarm_1s_description/package.dsv
-- Up-to-date: /home/secu4090/xarm_ws/install/xarm_1s_description/share/ament_index/resource_index/packages/xarm_1s_description
-- Up-to-date: /home/secu4090/xarm_ws/install/xarm_1s_description/share/xarm_1s_description/cmake/xarm_1s_descriptionConfig.cmake
-- Up-to-date: /home/secu4090/xarm_ws/install/xarm_1s_description/share/xarm_1s_description/cmake/xarm_1s_descriptionConfig-version.cmake
-- Up-to-date: /home/secu4090/xarm_ws/install/xarm_1s_description/share/xarm_1s_description/package.xml
