[0.006s] Invoking command in '/home/secu4090/xarm_ws/build/xarm_1s_moveit_config': CMAKE_PREFIX_PATH=${CMAKE_PREFIX_PATH}:/home/secu4090/turtlebot3_ws/install/tb3_custom_explore DEBUGINFOD_URLS=https://debuginfod.ubuntu.com /usr/bin/cmake --build /home/secu4090/xarm_ws/build/xarm_1s_moveit_config -- -j28 -l28
[0.033s] Invoked command in '/home/secu4090/xarm_ws/build/xarm_1s_moveit_config' returned '0': CMAKE_PREFIX_PATH=${CMAKE_PREFIX_PATH}:/home/secu4090/turtlebot3_ws/install/tb3_custom_explore DEBUGINFOD_URLS=https://debuginfod.ubuntu.com /usr/bin/cmake --build /home/secu4090/xarm_ws/build/xarm_1s_moveit_config -- -j28 -l28
[0.034s] Invoking command in '/home/secu4090/xarm_ws/build/xarm_1s_moveit_config': CMAKE_PREFIX_PATH=${CMAKE_PREFIX_PATH}:/home/secu4090/turtlebot3_ws/install/tb3_custom_explore DEBUGINFOD_URLS=https://debuginfod.ubuntu.com /usr/bin/cmake --install /home/secu4090/xarm_ws/build/xarm_1s_moveit_config
[0.039s] -- Install configuration: ""
[0.039s] -- Up-to-date: /home/secu4090/xarm_ws/install/xarm_1s_moveit_config/share/xarm_1s_moveit_config/launch
[0.039s] -- Installing: /home/secu4090/xarm_ws/install/xarm_1s_moveit_config/share/xarm_1s_moveit_config/launch/demo.launch.py
[0.040s] -- Up-to-date: /home/secu4090/xarm_ws/install/xarm_1s_moveit_config/share/xarm_1s_moveit_config/config
[0.040s] -- Up-to-date: /home/secu4090/xarm_ws/install/xarm_1s_moveit_config/share/xarm_1s_moveit_config/config/joint_limits.yaml
[0.040s] -- Up-to-date: /home/secu4090/xarm_ws/install/xarm_1s_moveit_config/share/xarm_1s_moveit_config/config/xarm_1s.ros2_control.xacro
[0.040s] -- Up-to-date: /home/secu4090/xarm_ws/install/xarm_1s_moveit_config/share/xarm_1s_moveit_config/config/pilz_cartesian_limits.yaml
[0.040s] -- Up-to-date: /home/secu4090/xarm_ws/install/xarm_1s_moveit_config/share/xarm_1s_moveit_config/config/xarm_1s.srdf
[0.040s] -- Up-to-date: /home/secu4090/xarm_ws/install/xarm_1s_moveit_config/share/xarm_1s_moveit_config/config/xarm_1s.urdf.xacro
[0.040s] -- Up-to-date: /home/secu4090/xarm_ws/install/xarm_1s_moveit_config/share/xarm_1s_moveit_config/config/moveit_controllers.yaml
[0.040s] -- Up-to-date: /home/secu4090/xarm_ws/install/xarm_1s_moveit_config/share/xarm_1s_moveit_config/config/sensors_3d.yaml
[0.040s] -- Up-to-date: /home/secu4090/xarm_ws/install/xarm_1s_moveit_config/share/xarm_1s_moveit_config/config/ros2_controllers.yaml
[0.040s] -- Up-to-date: /home/secu4090/xarm_ws/install/xarm_1s_moveit_config/share/xarm_1s_moveit_config/config/initial_positions.yaml
[0.040s] -- Up-to-date: /home/secu4090/xarm_ws/install/xarm_1s_moveit_config/share/xarm_1s_moveit_config/config/moveit.rviz
[0.040s] -- Up-to-date: /home/secu4090/xarm_ws/install/xarm_1s_moveit_config/share/xarm_1s_moveit_config/config/kinematics.yaml
[0.040s] -- Up-to-date: /home/secu4090/xarm_ws/install/xarm_1s_moveit_config/share/ament_index/resource_index/package_run_dependencies/xarm_1s_moveit_config
[0.040s] -- Up-to-date: /home/secu4090/xarm_ws/install/xarm_1s_moveit_config/share/ament_index/resource_index/parent_prefix_path/xarm_1s_moveit_config
[0.040s] -- Up-to-date: /home/secu4090/xarm_ws/install/xarm_1s_moveit_config/share/xarm_1s_moveit_config/environment/ament_prefix_path.sh
[0.040s] -- Up-to-date: /home/secu4090/xarm_ws/install/xarm_1s_moveit_config/share/xarm_1s_moveit_config/environment/ament_prefix_path.dsv
[0.040s] -- Up-to-date: /home/secu4090/xarm_ws/install/xarm_1s_moveit_config/share/xarm_1s_moveit_config/environment/path.sh
[0.040s] -- Up-to-date: /home/secu4090/xarm_ws/install/xarm_1s_moveit_config/share/xarm_1s_moveit_config/environment/path.dsv
[0.040s] -- Up-to-date: /home/secu4090/xarm_ws/install/xarm_1s_moveit_config/share/xarm_1s_moveit_config/local_setup.bash
[0.041s] -- Up-to-date: /home/secu4090/xarm_ws/install/xarm_1s_moveit_config/share/xarm_1s_moveit_config/local_setup.sh
[0.041s] -- Up-to-date: /home/secu4090/xarm_ws/install/xarm_1s_moveit_config/share/xarm_1s_moveit_config/local_setup.zsh
[0.041s] -- Up-to-date: /home/secu4090/xarm_ws/install/xarm_1s_moveit_config/share/xarm_1s_moveit_config/local_setup.dsv
[0.041s] -- Up-to-date: /home/secu4090/xarm_ws/install/xarm_1s_moveit_config/share/xarm_1s_moveit_config/package.dsv
[0.041s] -- Up-to-date: /home/secu4090/xarm_ws/install/xarm_1s_moveit_config/share/ament_index/resource_index/packages/xarm_1s_moveit_config
[0.041s] -- Up-to-date: /home/secu4090/xarm_ws/install/xarm_1s_moveit_config/share/xarm_1s_moveit_config/cmake/xarm_1s_moveit_configConfig.cmake
[0.041s] -- Up-to-date: /home/secu4090/xarm_ws/install/xarm_1s_moveit_config/share/xarm_1s_moveit_config/cmake/xarm_1s_moveit_configConfig-version.cmake
[0.041s] -- Up-to-date: /home/secu4090/xarm_ws/install/xarm_1s_moveit_config/share/xarm_1s_moveit_config/package.xml
[0.058s] Invoked command in '/home/secu4090/xarm_ws/build/xarm_1s_moveit_config' returned '0': CMAKE_PREFIX_PATH=${CMAKE_PREFIX_PATH}:/home/secu4090/turtlebot3_ws/install/tb3_custom_explore DEBUGINFOD_URLS=https://debuginfod.ubuntu.com /usr/bin/cmake --install /home/secu4090/xarm_ws/build/xarm_1s_moveit_config
