[0.063s] Invoking command in '/home/hyeon/xarm_ws/build/mtc': CMAKE_PREFIX_PATH=/home/hyeon/xarm_ws/install/xarm_1s_moveit_config:/opt/ros/jazzy/opt/gz_math_vendor:/opt/ros/jazzy/opt/gz_utils_vendor:/opt/ros/jazzy/opt/gz_cmake_vendor:/home/hyeon/xarm_ws/install/mtc:/home/hyeon/xarm_ws/install/xarm_1s_description:/opt/ros/jazzy /usr/bin/cmake /home/hyeon/xarm_ws/src/mtc -DAMENT_CMAKE_SYMLINK_INSTALL=1 -DCMAKE_INSTALL_PREFIX=/home/hyeon/xarm_ws/install/mtc
[0.200s] -- The C compiler identification is GNU 13.3.0
[0.931s] -- The CXX compiler identification is GNU 13.3.0
[1.645s] -- Detecting C compiler ABI info
[1.913s] -- Detecting C compiler ABI info - done
[1.918s] -- Check for working C compiler: /usr/bin/cc - skipped
[1.918s] -- Detecting C compile features
[1.919s] -- Detecting C compile features - done
[2.029s] -- Detecting CXX compiler ABI info
[2.309s] -- Detecting CXX compiler ABI info - done
[2.315s] -- Check for working CXX compiler: /usr/bin/c++ - skipped
[2.315s] -- Detecting CXX compile features
[2.315s] -- Detecting CXX compile features - done
[2.316s] -- Found ament_cmake: 2.5.6 (/opt/ros/jazzy/share/ament_cmake/cmake)
[2.403s] -- Found Python3: /usr/bin/python3 (found version "3.12.3") found components: Interpreter 
[2.449s] -- Override CMake install command with custom implementation using symlinks instead of copying resources
[2.467s] -- Found rclcpp: 28.1.18 (/opt/ros/jazzy/share/rclcpp/cmake)
[2.634s] -- Found rosidl_generator_c: 4.6.7 (/opt/ros/jazzy/share/rosidl_generator_c/cmake)
[2.641s] -- Found rosidl_generator_cpp: 4.6.7 (/opt/ros/jazzy/share/rosidl_generator_cpp/cmake)
[2.650s] -- Using all available rosidl_typesupport_c: rosidl_typesupport_fastrtps_c;rosidl_typesupport_introspection_c
[2.660s] -- Using all available rosidl_typesupport_cpp: rosidl_typesupport_fastrtps_cpp;rosidl_typesupport_introspection_cpp
[2.703s] -- Found rmw_implementation_cmake: 7.3.3 (/opt/ros/jazzy/share/rmw_implementation_cmake/cmake)
[2.705s] -- Found rmw_fastrtps_cpp: 8.4.3 (/opt/ros/jazzy/share/rmw_fastrtps_cpp/cmake)
[2.757s] -- Found OpenSSL: /usr/lib/x86_64-linux-gnu/libcrypto.so (found version "3.0.13")  
[2.967s] -- Found FastRTPS: /opt/ros/jazzy/include (Required is at least version "2.13") 
[3.079s] -- Using RMW implementation 'rmw_fastrtps_cpp' as default
[3.279s] -- Found moveit_ros_planning_interface: 2.12.4 (/opt/ros/jazzy/share/moveit_ros_planning_interface/cmake)
[3.459s] -- Found Boost: /usr/lib/x86_64-linux-gnu/cmake/Boost-1.83.0/BoostConfig.cmake (found version "1.83.0") found components: date_time filesystem program_options system thread 
[3.632s] -- Found Boost: /usr/lib/x86_64-linux-gnu/cmake/Boost-1.83.0/BoostConfig.cmake (found version "1.83.0") found components: chrono date_time filesystem iostreams program_options regex serialization system thread 
[5.288s] -- Found parameter_traits: 0.7.1 (/opt/ros/jazzy/share/parameter_traits/cmake)
[5.296s] -- Found rclcpp_lifecycle: 28.1.18 (/opt/ros/jazzy/share/rclcpp_lifecycle/cmake)
[5.319s] -- Found Boost: /usr/lib/x86_64-linux-gnu/cmake/Boost-1.83.0/BoostConfig.cmake (found version "1.83.0") found components: filesystem 
[5.408s] -- Found Eigen3: TRUE (found version "3.4.0") 
[5.408s] -- Ensuring Eigen3 include directory is part of orocos-kdl CMake target
[5.504s] -- Found Boost: /usr/lib/x86_64-linux-gnu/cmake/Boost-1.83.0/BoostConfig.cmake (found version "1.83.0") found components: system filesystem date_time program_options thread chrono 
[5.538s] -- Found Boost: /usr/lib/x86_64-linux-gnu/cmake/Boost-1.83.0/BoostConfig.cmake (found version "1.83.0") found components: thread system filesystem regex date_time program_options 
[5.555s] -- Found Boost: /usr/lib/x86_64-linux-gnu/cmake/Boost-1.83.0/BoostConfig.cmake (found version "1.83.0") found components: system filesystem date_time program_options thread 
[5.578s] -- Found moveit_task_constructor_core: 0.1.4 (/opt/ros/jazzy/share/moveit_task_constructor_core/cmake)
[5.624s] -- Found ament_lint_auto: 0.17.5 (/opt/ros/jazzy/share/ament_lint_auto/cmake)
[5.692s] -- Added test 'cppcheck' to perform static code analysis on C / C++ code
[5.692s] -- Configured cppcheck include dirs: 
[5.692s] -- Configured cppcheck exclude dirs and/or files: 
[5.693s] -- Added test 'flake8' to check Python code syntax and style conventions
[5.693s] -- Configured 'flake8' exclude dirs and/or files: 
[5.693s] -- Added test 'lint_cmake' to check CMake code style
[5.693s] -- Added test 'pep257' to check Python code against some of the docstring style conventions in PEP 257
[5.694s] -- Added test 'uncrustify' to check C / C++ code style
[5.694s] -- Configured uncrustify additional arguments: 
[5.695s] -- Added test 'xmllint' to check XML markup files
[5.695s] -- Configuring done (5.6s)
[5.722s] -- Generating done (0.0s)
[5.726s] -- Build files have been written to: /home/hyeon/xarm_ws/build/mtc
[5.737s] Invoked command in '/home/hyeon/xarm_ws/build/mtc' returned '0': CMAKE_PREFIX_PATH=/home/hyeon/xarm_ws/install/xarm_1s_moveit_config:/opt/ros/jazzy/opt/gz_math_vendor:/opt/ros/jazzy/opt/gz_utils_vendor:/opt/ros/jazzy/opt/gz_cmake_vendor:/home/hyeon/xarm_ws/install/mtc:/home/hyeon/xarm_ws/install/xarm_1s_description:/opt/ros/jazzy /usr/bin/cmake /home/hyeon/xarm_ws/src/mtc -DAMENT_CMAKE_SYMLINK_INSTALL=1 -DCMAKE_INSTALL_PREFIX=/home/hyeon/xarm_ws/install/mtc
[5.738s] Invoking command in '/home/hyeon/xarm_ws/build/mtc': CMAKE_PREFIX_PATH=/home/hyeon/xarm_ws/install/xarm_1s_moveit_config:/opt/ros/jazzy/opt/gz_math_vendor:/opt/ros/jazzy/opt/gz_utils_vendor:/opt/ros/jazzy/opt/gz_cmake_vendor:/home/hyeon/xarm_ws/install/mtc:/home/hyeon/xarm_ws/install/xarm_1s_description:/opt/ros/jazzy /usr/bin/cmake --build /home/hyeon/xarm_ws/build/mtc -- -j24 -l24
[5.770s] [ 50%] [32mBuilding CXX object CMakeFiles/mtc_node.dir/src/mtc_node.cpp.o[0m
[13.578s] [100%] [32m[1mLinking CXX executable mtc_node[0m
[13.985s] [100%] Built target mtc_node
[13.993s] Invoked command in '/home/hyeon/xarm_ws/build/mtc' returned '0': CMAKE_PREFIX_PATH=/home/hyeon/xarm_ws/install/xarm_1s_moveit_config:/opt/ros/jazzy/opt/gz_math_vendor:/opt/ros/jazzy/opt/gz_utils_vendor:/opt/ros/jazzy/opt/gz_cmake_vendor:/home/hyeon/xarm_ws/install/mtc:/home/hyeon/xarm_ws/install/xarm_1s_description:/opt/ros/jazzy /usr/bin/cmake --build /home/hyeon/xarm_ws/build/mtc -- -j24 -l24
[13.995s] Invoking command in '/home/hyeon/xarm_ws/build/mtc': CMAKE_PREFIX_PATH=/home/hyeon/xarm_ws/install/xarm_1s_moveit_config:/opt/ros/jazzy/opt/gz_math_vendor:/opt/ros/jazzy/opt/gz_utils_vendor:/opt/ros/jazzy/opt/gz_cmake_vendor:/home/hyeon/xarm_ws/install/mtc:/home/hyeon/xarm_ws/install/xarm_1s_description:/opt/ros/jazzy /usr/bin/cmake --install /home/hyeon/xarm_ws/build/mtc
[13.999s] -- Install configuration: ""
[13.999s] -- Execute custom install script
[14.000s] -- Symlinking: /home/hyeon/xarm_ws/install/mtc/lib/mtc/mtc_node
[14.006s] -- Symlinking: /home/hyeon/xarm_ws/install/mtc/share/mtc/launch/__pycache__/pick_place_demo.launch.cpython-312.pyc
[14.012s] -- Symlinking: /home/hyeon/xarm_ws/install/mtc/share/mtc/launch/pick_place_demo.launch.py
[14.018s] -- Symlinking: /home/hyeon/xarm_ws/install/mtc/share/ament_index/resource_index/package_run_dependencies/mtc
[14.023s] -- Symlinking: /home/hyeon/xarm_ws/install/mtc/share/ament_index/resource_index/parent_prefix_path/mtc
[14.028s] -- Symlinking: /home/hyeon/xarm_ws/install/mtc/share/mtc/environment/ament_prefix_path.sh
[14.033s] -- Symlinking: /home/hyeon/xarm_ws/install/mtc/share/mtc/environment/ament_prefix_path.dsv
[14.037s] -- Symlinking: /home/hyeon/xarm_ws/install/mtc/share/mtc/environment/path.sh
[14.042s] -- Symlinking: /home/hyeon/xarm_ws/install/mtc/share/mtc/environment/path.dsv
[14.047s] -- Symlinking: /home/hyeon/xarm_ws/install/mtc/share/mtc/local_setup.bash
[14.051s] -- Symlinking: /home/hyeon/xarm_ws/install/mtc/share/mtc/local_setup.sh
[14.057s] -- Symlinking: /home/hyeon/xarm_ws/install/mtc/share/mtc/local_setup.zsh
[14.061s] -- Symlinking: /home/hyeon/xarm_ws/install/mtc/share/mtc/local_setup.dsv
[14.066s] -- Symlinking: /home/hyeon/xarm_ws/install/mtc/share/mtc/package.dsv
[14.072s] -- Symlinking: /home/hyeon/xarm_ws/install/mtc/share/ament_index/resource_index/packages/mtc
[14.077s] -- Symlinking: /home/hyeon/xarm_ws/install/mtc/share/mtc/cmake/mtcConfig.cmake
[14.082s] -- Symlinking: /home/hyeon/xarm_ws/install/mtc/share/mtc/cmake/mtcConfig-version.cmake
[14.087s] -- Symlinking: /home/hyeon/xarm_ws/install/mtc/share/mtc/package.xml
[14.093s] Invoked command in '/home/hyeon/xarm_ws/build/mtc' returned '0': CMAKE_PREFIX_PATH=/home/hyeon/xarm_ws/install/xarm_1s_moveit_config:/opt/ros/jazzy/opt/gz_math_vendor:/opt/ros/jazzy/opt/gz_utils_vendor:/opt/ros/jazzy/opt/gz_cmake_vendor:/home/hyeon/xarm_ws/install/mtc:/home/hyeon/xarm_ws/install/xarm_1s_description:/opt/ros/jazzy /usr/bin/cmake --install /home/hyeon/xarm_ws/build/mtc
