[0.000000] (-) TimerEvent: {}
[0.000526] (-) JobUnselected: {'identifier': 'xarm_1s_description'}
[0.000597] (-) JobUnselected: {'identifier': 'xarm_1s_moveit_config'}
[0.000626] (mtc) JobQueued: {'identifier': 'mtc', 'dependencies': OrderedDict({'xarm_1s_moveit_config': '/home/hyeonsu/xarm_ws/install/xarm_1s_moveit_config'})}
[0.000660] (mtc) JobStarted: {'identifier': 'mtc'}
[0.007744] (mtc) JobProgress: {'identifier': 'mtc', 'progress': 'cmake'}
[0.008317] (mtc) JobProgress: {'identifier': 'mtc', 'progress': 'build'}
[0.009011] (mtc) Command: {'cmd': ['/usr/bin/cmake', '--build', '/home/hyeonsu/xarm_ws/build/mtc', '--', '-j24', '-l24'], 'cwd': '/home/hyeonsu/xarm_ws/build/mtc', 'env': OrderedDict({'GJS_DEBUG_TOPICS': 'JS ERROR;JS LOG', 'LESSOPEN': '| /usr/bin/lesspipe %s', 'VSCODE_CWD': '/home/hyeonsu', 'CURSOR_EXTENSION_HOST_ROLE': 'agent-exec', 'VSCODE_ESM_ENTRYPOINT': 'vs/workbench/api/node/extensionHostProcess', 'GZ_SIM_RESOURCE_PATH': '/opt/ros/jazzy/share', 'USER': 'hyeonsu', 'VSCODE_NLS_CONFIG': '{"userLocale":"en-us","osLocale":"en-us","resolvedLanguage":"en","defaultMessagesFile":"/usr/share/cursor/resources/app/out/nls.messages.json","locale":"en-us","availableLanguages":{}}', 'GZ_CONFIG_PATH': '/opt/ros/jazzy/opt/gz_sim_vendor/share/gz:/opt/ros/jazzy/opt/sdformat_vendor/share/gz:/opt/ros/jazzy/opt/gz_gui_vendor/share/gz:/opt/ros/jazzy/opt/gz_transport_vendor/share/gz:/opt/ros/jazzy/opt/gz_rendering_vendor/share/gz:/opt/ros/jazzy/opt/gz_plugin_vendor/share/gz:/opt/ros/jazzy/opt/gz_fuel_tools_vendor/share/gz:/opt/ros/jazzy/opt/gz_msgs_vendor/share/gz:/opt/ros/jazzy/opt/gz_common_vendor/share/gz', 'CI': '1', 'VSCODE_HANDLES_UNCAUGHT_ERRORS': 'true', 'XDG_SESSION_TYPE': 'wayland', 'CLUTTER_DISABLE_MIPMAPPED_TEXT': '1', 'SHLVL': '1', 'LD_LIBRARY_PATH': '/opt/ros/jazzy/opt/gz_sim_vendor/lib:/opt/ros/jazzy/opt/gz_sensors_vendor/lib:/opt/ros/jazzy/opt/gz_physics_vendor/lib:/opt/ros/jazzy/opt/sdformat_vendor/lib:/opt/ros/jazzy/opt/rviz_ogre_vendor/lib:/opt/ros/jazzy/lib/x86_64-linux-gnu:/opt/ros/jazzy/opt/gz_gui_vendor/lib:/opt/ros/jazzy/opt/gz_transport_vendor/lib:/opt/ros/jazzy/opt/gz_rendering_vendor/lib:/opt/ros/jazzy/opt/gz_plugin_vendor/lib:/opt/ros/jazzy/opt/gz_fuel_tools_vendor/lib:/opt/ros/jazzy/opt/gz_msgs_vendor/lib:/opt/ros/jazzy/opt/gz_common_vendor/lib:/opt/ros/jazzy/opt/gz_math_vendor/lib:/opt/ros/jazzy/opt/gz_utils_vendor/lib:/opt/ros/jazzy/opt/gz_tools_vendor/lib:/opt/ros/jazzy/opt/gz_ogre_next_vendor/lib:/opt/ros/jazzy/opt/gz_dartsim_vendor/lib:/opt/ros/jazzy/opt/gz_cmake_vendor/lib:/opt/ros/jazzy/lib', 'HOME': '/home/hyeonsu', 'CHROME_DESKTOP': 'cursor.desktop', 'DESKTOP_SESSION': 'ubuntu', 'VSCODE_IPC_HOOK': '/run/user/1000/vscode-102b83de-2.6.-main.sock', 'GIO_LAUNCHED_DESKTOP_FILE': '/usr/share/applications/cursor.desktop', 'ROS_PYTHON_VERSION': '3', 'GNOME_SHELL_SESSION_MODE': 'ubuntu', 'GTK_MODULES': 'gail:atk-bridge:appmenu-gtk-module', 'CURSOR_WORKSPACE_LABEL': 'hyeonsu', 'MANAGERPID': '2617', 'SYSTEMD_EXEC_PID': '2929', 'IM_CONFIG_CHECK_ENV': '1', 'GSM_SKIP_SSH_AGENT_WORKAROUND': 'true', 'NO_COLOR': '1', 'DBUS_SESSION_BUS_ADDRESS': 'unix:path=/run/user/1000/bus', 'GIO_LAUNCHED_DESKTOP_FILE_PID': '4992', 'VSCODE_CRASH_REPORTER_PROCESS_TYPE': 'extensionHost', 'DEBUGINFOD_URLS': 'https://debuginfod.ubuntu.com', 'IM_CONFIG_PHASE': '1', 'WAYLAND_DISPLAY': 'wayland-0', 'ROS_DISTRO': 'jazzy', 'LOGNAME': 'hyeonsu', 'FORCE_COLOR': '0', 'JOURNAL_STREAM': '9:16106', '_': '/usr/bin/colcon', 'ROS_VERSION': '2', 'MEMORY_PRESSURE_WATCH': '/sys/fs/cgroup/user.slice/user-1000.slice/user@1000.service/session.slice/org.gnome.Shell@wayland.service/memory.pressure', 'XDG_SESSION_CLASS': 'user', 'USERNAME': 'hyeonsu', 'TERM': 'dumb', 'GNOME_DESKTOP_SESSION_ID': 'this-is-deprecated', 'FC_FONTATIONS': '1', 'PATH': '/opt/ros/jazzy/opt/gz_msgs_vendor/bin:/opt/ros/jazzy/opt/gz_tools_vendor/bin:/opt/ros/jazzy/opt/gz_ogre_next_vendor/bin:/opt/ros/jazzy/bin:/home/hyeonsu/.local/bin:/home/hyeonsu/.local/bin:/home/hyeonsu/.local/bin:/usr/local/sbin:/usr/local/bin:/usr/sbin:/usr/bin:/sbin:/bin:/usr/games:/usr/local/games:/snap/bin:/snap/bin:/home/hyeonsu/.local/bin:/home/hyeonsu/.local/bin:/home/hyeonsu/.local/bin', 'SESSION_MANAGER': 'local/om:@/tmp/.ICE-unix/2859,unix/om:/tmp/.ICE-unix/2859', 'INVOCATION_ID': '869eb1786a0145cabc5371631b5784af', 'XDG_MENU_PREFIX': 'gnome-', 'VSCODE_PROCESS_TITLE': 'extension-host (agent-exec) hyeonsu [1-3]', 'GNOME_SETUP_DISPLAY': ':1', 'XDG_RUNTIME_DIR': '/run/user/1000', 'GDK_BACKEND': 'wayland', 'CURSOR_AGENT': '1', 'DISPLAY': ':0', 'LANG': 'en_US.UTF-8', 'XDG_CURRENT_DESKTOP': 'ubuntu:GNOME', 'XMODIFIERS': '@im=ibus', 'XDG_SESSION_DESKTOP': 'ubuntu', 'XAUTHORITY': '/run/user/1000/.mutter-Xwaylandauth.6V75M3', 'LS_COLORS': '', 'SBX_CHROME_API_RQ': '1', 'CURSOR_TRACE_ID': '83b91364b34b4a9e8ad9530eb3a43de0', 'SSH_AUTH_SOCK': '/run/user/1000/keyring/ssh', 'AMENT_PREFIX_PATH': '/home/hyeonsu/xarm_ws/install/xarm_1s_moveit_config:/opt/ros/jazzy', 'SHELL': '/bin/bash', 'QT_ACCESSIBILITY': '1', 'GDMSESSION': 'ubuntu', 'LESSCLOSE': '/usr/bin/lesspipe %s %s', 'GJS_DEBUG_OUTPUT': 'stderr', 'ROS_AUTOMATIC_DISCOVERY_RANGE': 'SUBNET', 'QT_IM_MODULE': 'ibus', 'PWD': '/home/hyeonsu/xarm_ws/build/mtc', 'LC_ALL': 'en_US.UTF-8', 'XDG_CONFIG_DIRS': '/etc/xdg/xdg-ubuntu:/etc/xdg', 'VSCODE_CODE_CACHE_PATH': '/home/hyeonsu/.config/Cursor/CachedData/60faf7b51077ed1df1db718157bbfed740d2e160', 'XDG_DATA_DIRS': '/usr/share/ubuntu:/usr/share/gnome:/usr/local/share/:/usr/share/:/var/lib/snapd/desktop', 'QTWEBENGINE_DICTIONARIES_PATH': '/usr/share/hunspell-bdic/', 'PYTHONPATH': '/opt/ros/jazzy/lib/python3.12/site-packages', 'COLCON': '1', '_ZO_DOCTOR': '0', 'MEMORY_PRESSURE_WRITE': 'c29tZSAyMDAwMDAgMjAwMDAwMAA=', 'CMAKE_PREFIX_PATH': '/home/hyeonsu/xarm_ws/install/xarm_1s_moveit_config:/opt/ros/jazzy/opt/gz_sim_vendor:/opt/ros/jazzy/opt/gz_sensors_vendor:/opt/ros/jazzy/opt/gz_physics_vendor:/opt/ros/jazzy/opt/sdformat_vendor:/opt/ros/jazzy/opt/gz_gui_vendor:/opt/ros/jazzy/opt/gz_transport_vendor:/opt/ros/jazzy/opt/gz_rendering_vendor:/opt/ros/jazzy/opt/gz_plugin_vendor:/opt/ros/jazzy/opt/gz_fuel_tools_vendor:/opt/ros/jazzy/opt/gz_msgs_vendor:/opt/ros/jazzy/opt/gz_common_vendor:/opt/ros/jazzy/opt/gz_math_vendor:/opt/ros/jazzy/opt/gz_utils_vendor:/opt/ros/jazzy/opt/gz_tools_vendor:/opt/ros/jazzy/opt/gz_ogre_next_vendor:/opt/ros/jazzy/opt/gz_dartsim_vendor:/opt/ros/jazzy/opt/gz_cmake_vendor:/opt/ros/jazzy', 'VSCODE_PID': '4992'}), 'shell': False}
[0.095365] (mtc) StdoutLine: {'line': b'[ 50%] Building CXX object CMakeFiles/mtc_node.dir/src/mtc_node.cpp.o\n'}
[0.099729] (-) TimerEvent: {}
[0.199939] (-) TimerEvent: {}
[0.300211] (-) TimerEvent: {}
[0.400433] (-) TimerEvent: {}
[0.500650] (-) TimerEvent: {}
[0.600868] (-) TimerEvent: {}
[0.701114] (-) TimerEvent: {}
[0.801498] (-) TimerEvent: {}
[0.901821] (-) TimerEvent: {}
[1.002044] (-) TimerEvent: {}
[1.102280] (-) TimerEvent: {}
[1.202517] (-) TimerEvent: {}
[1.302752] (-) TimerEvent: {}
[1.402983] (-) TimerEvent: {}
[1.503268] (-) TimerEvent: {}
[1.603491] (-) TimerEvent: {}
[1.703719] (-) TimerEvent: {}
[1.803983] (-) TimerEvent: {}
[1.904232] (-) TimerEvent: {}
[2.004443] (-) TimerEvent: {}
[2.104672] (-) TimerEvent: {}
[2.204898] (-) TimerEvent: {}
[2.305132] (-) TimerEvent: {}
[2.405450] (-) TimerEvent: {}
[2.505676] (-) TimerEvent: {}
[2.605920] (-) TimerEvent: {}
[2.706163] (-) TimerEvent: {}
[2.806410] (-) TimerEvent: {}
[2.906639] (-) TimerEvent: {}
[3.006870] (-) TimerEvent: {}
[3.107101] (-) TimerEvent: {}
[3.207332] (-) TimerEvent: {}
[3.307580] (-) TimerEvent: {}
[3.407825] (-) TimerEvent: {}
[3.508057] (-) TimerEvent: {}
[3.608297] (-) TimerEvent: {}
[3.708524] (-) TimerEvent: {}
[3.808761] (-) TimerEvent: {}
[3.908985] (-) TimerEvent: {}
[4.009266] (-) TimerEvent: {}
[4.109442] (-) TimerEvent: {}
[4.209607] (-) TimerEvent: {}
[4.309827] (-) TimerEvent: {}
[4.410022] (-) TimerEvent: {}
[4.510184] (-) TimerEvent: {}
[4.610357] (-) TimerEvent: {}
[4.710516] (-) TimerEvent: {}
[4.810675] (-) TimerEvent: {}
[4.910834] (-) TimerEvent: {}
[5.010993] (-) TimerEvent: {}
[5.111188] (-) TimerEvent: {}
[5.211399] (-) TimerEvent: {}
[5.311595] (-) TimerEvent: {}
[5.411798] (-) TimerEvent: {}
[5.512022] (-) TimerEvent: {}
[5.612213] (-) TimerEvent: {}
[5.712411] (-) TimerEvent: {}
[5.812614] (-) TimerEvent: {}
[5.912799] (-) TimerEvent: {}
[6.013005] (-) TimerEvent: {}
[6.113223] (-) TimerEvent: {}
[6.213477] (-) TimerEvent: {}
[6.313730] (-) TimerEvent: {}
[6.413925] (-) TimerEvent: {}
[6.514114] (-) TimerEvent: {}
[6.614261] (-) TimerEvent: {}
[6.714446] (-) TimerEvent: {}
[6.814641] (-) TimerEvent: {}
[6.914872] (-) TimerEvent: {}
[7.015095] (-) TimerEvent: {}
[7.115290] (-) TimerEvent: {}
[7.215488] (-) TimerEvent: {}
[7.315657] (-) TimerEvent: {}
[7.408368] (mtc) StdoutLine: {'line': b'[100%] Linking CXX executable mtc_node\n'}
[7.415741] (-) TimerEvent: {}
[7.515920] (-) TimerEvent: {}
[7.605633] (mtc) StdoutLine: {'line': b'[100%] Built target mtc_node\n'}
[7.616055] (-) TimerEvent: {}
[7.618263] (mtc) CommandEnded: {'returncode': 0}
[7.618908] (mtc) JobProgress: {'identifier': 'mtc', 'progress': 'install'}
[7.629707] (mtc) Command: {'cmd': ['/usr/bin/cmake', '--install', '/home/hyeonsu/xarm_ws/build/mtc'], 'cwd': '/home/hyeonsu/xarm_ws/build/mtc', 'env': OrderedDict({'GJS_DEBUG_TOPICS': 'JS ERROR;JS LOG', 'LESSOPEN': '| /usr/bin/lesspipe %s', 'VSCODE_CWD': '/home/hyeonsu', 'CURSOR_EXTENSION_HOST_ROLE': 'agent-exec', 'VSCODE_ESM_ENTRYPOINT': 'vs/workbench/api/node/extensionHostProcess', 'GZ_SIM_RESOURCE_PATH': '/opt/ros/jazzy/share', 'USER': 'hyeonsu', 'VSCODE_NLS_CONFIG': '{"userLocale":"en-us","osLocale":"en-us","resolvedLanguage":"en","defaultMessagesFile":"/usr/share/cursor/resources/app/out/nls.messages.json","locale":"en-us","availableLanguages":{}}', 'GZ_CONFIG_PATH': '/opt/ros/jazzy/opt/gz_sim_vendor/share/gz:/opt/ros/jazzy/opt/sdformat_vendor/share/gz:/opt/ros/jazzy/opt/gz_gui_vendor/share/gz:/opt/ros/jazzy/opt/gz_transport_vendor/share/gz:/opt/ros/jazzy/opt/gz_rendering_vendor/share/gz:/opt/ros/jazzy/opt/gz_plugin_vendor/share/gz:/opt/ros/jazzy/opt/gz_fuel_tools_vendor/share/gz:/opt/ros/jazzy/opt/gz_msgs_vendor/share/gz:/opt/ros/jazzy/opt/gz_common_vendor/share/gz', 'CI': '1', 'VSCODE_HANDLES_UNCAUGHT_ERRORS': 'true', 'XDG_SESSION_TYPE': 'wayland', 'CLUTTER_DISABLE_MIPMAPPED_TEXT': '1', 'SHLVL': '1', 'LD_LIBRARY_PATH': '/opt/ros/jazzy/opt/gz_sim_vendor/lib:/opt/ros/jazzy/opt/gz_sensors_vendor/lib:/opt/ros/jazzy/opt/gz_physics_vendor/lib:/opt/ros/jazzy/opt/sdformat_vendor/lib:/opt/ros/jazzy/opt/rviz_ogre_vendor/lib:/opt/ros/jazzy/lib/x86_64-linux-gnu:/opt/ros/jazzy/opt/gz_gui_vendor/lib:/opt/ros/jazzy/opt/gz_transport_vendor/lib:/opt/ros/jazzy/opt/gz_rendering_vendor/lib:/opt/ros/jazzy/opt/gz_plugin_vendor/lib:/opt/ros/jazzy/opt/gz_fuel_tools_vendor/lib:/opt/ros/jazzy/opt/gz_msgs_vendor/lib:/opt/ros/jazzy/opt/gz_common_vendor/lib:/opt/ros/jazzy/opt/gz_math_vendor/lib:/opt/ros/jazzy/opt/gz_utils_vendor/lib:/opt/ros/jazzy/opt/gz_tools_vendor/lib:/opt/ros/jazzy/opt/gz_ogre_next_vendor/lib:/opt/ros/jazzy/opt/gz_dartsim_vendor/lib:/opt/ros/jazzy/opt/gz_cmake_vendor/lib:/opt/ros/jazzy/lib', 'HOME': '/home/hyeonsu', 'CHROME_DESKTOP': 'cursor.desktop', 'DESKTOP_SESSION': 'ubuntu', 'VSCODE_IPC_HOOK': '/run/user/1000/vscode-102b83de-2.6.-main.sock', 'GIO_LAUNCHED_DESKTOP_FILE': '/usr/share/applications/cursor.desktop', 'ROS_PYTHON_VERSION': '3', 'GNOME_SHELL_SESSION_MODE': 'ubuntu', 'GTK_MODULES': 'gail:atk-bridge:appmenu-gtk-module', 'CURSOR_WORKSPACE_LABEL': 'hyeonsu', 'MANAGERPID': '2617', 'SYSTEMD_EXEC_PID': '2929', 'IM_CONFIG_CHECK_ENV': '1', 'GSM_SKIP_SSH_AGENT_WORKAROUND': 'true', 'NO_COLOR': '1', 'DBUS_SESSION_BUS_ADDRESS': 'unix:path=/run/user/1000/bus', 'GIO_LAUNCHED_DESKTOP_FILE_PID': '4992', 'VSCODE_CRASH_REPORTER_PROCESS_TYPE': 'extensionHost', 'DEBUGINFOD_URLS': 'https://debuginfod.ubuntu.com', 'IM_CONFIG_PHASE': '1', 'WAYLAND_DISPLAY': 'wayland-0', 'ROS_DISTRO': 'jazzy', 'LOGNAME': 'hyeonsu', 'FORCE_COLOR': '0', 'JOURNAL_STREAM': '9:16106', '_': '/usr/bin/colcon', 'ROS_VERSION': '2', 'MEMORY_PRESSURE_WATCH': '/sys/fs/cgroup/user.slice/user-1000.slice/user@1000.service/session.slice/org.gnome.Shell@wayland.service/memory.pressure', 'XDG_SESSION_CLASS': 'user', 'USERNAME': 'hyeonsu', 'TERM': 'dumb', 'GNOME_DESKTOP_SESSION_ID': 'this-is-deprecated', 'FC_FONTATIONS': '1', 'PATH': '/opt/ros/jazzy/opt/gz_msgs_vendor/bin:/opt/ros/jazzy/opt/gz_tools_vendor/bin:/opt/ros/jazzy/opt/gz_ogre_next_vendor/bin:/opt/ros/jazzy/bin:/home/hyeonsu/.local/bin:/home/hyeonsu/.local/bin:/home/hyeonsu/.local/bin:/usr/local/sbin:/usr/local/bin:/usr/sbin:/usr/bin:/sbin:/bin:/usr/games:/usr/local/games:/snap/bin:/snap/bin:/home/hyeonsu/.local/bin:/home/hyeonsu/.local/bin:/home/hyeonsu/.local/bin', 'SESSION_MANAGER': 'local/om:@/tmp/.ICE-unix/2859,unix/om:/tmp/.ICE-unix/2859', 'INVOCATION_ID': '869eb1786a0145cabc5371631b5784af', 'XDG_MENU_PREFIX': 'gnome-', 'VSCODE_PROCESS_TITLE': 'extension-host (agent-exec) hyeonsu [1-3]', 'GNOME_SETUP_DISPLAY': ':1', 'XDG_RUNTIME_DIR': '/run/user/1000', 'GDK_BACKEND': 'wayland', 'CURSOR_AGENT': '1', 'DISPLAY': ':0', 'LANG': 'en_US.UTF-8', 'XDG_CURRENT_DESKTOP': 'ubuntu:GNOME', 'XMODIFIERS': '@im=ibus', 'XDG_SESSION_DESKTOP': 'ubuntu', 'XAUTHORITY': '/run/user/1000/.mutter-Xwaylandauth.6V75M3', 'LS_COLORS': '', 'SBX_CHROME_API_RQ': '1', 'CURSOR_TRACE_ID': '83b91364b34b4a9e8ad9530eb3a43de0', 'SSH_AUTH_SOCK': '/run/user/1000/keyring/ssh', 'AMENT_PREFIX_PATH': '/home/hyeonsu/xarm_ws/install/xarm_1s_moveit_config:/opt/ros/jazzy', 'SHELL': '/bin/bash', 'QT_ACCESSIBILITY': '1', 'GDMSESSION': 'ubuntu', 'LESSCLOSE': '/usr/bin/lesspipe %s %s', 'GJS_DEBUG_OUTPUT': 'stderr', 'ROS_AUTOMATIC_DISCOVERY_RANGE': 'SUBNET', 'QT_IM_MODULE': 'ibus', 'PWD': '/home/hyeonsu/xarm_ws/build/mtc', 'LC_ALL': 'en_US.UTF-8', 'XDG_CONFIG_DIRS': '/etc/xdg/xdg-ubuntu:/etc/xdg', 'VSCODE_CODE_CACHE_PATH': '/home/hyeonsu/.config/Cursor/CachedData/60faf7b51077ed1df1db718157bbfed740d2e160', 'XDG_DATA_DIRS': '/usr/share/ubuntu:/usr/share/gnome:/usr/local/share/:/usr/share/:/var/lib/snapd/desktop', 'QTWEBENGINE_DICTIONARIES_PATH': '/usr/share/hunspell-bdic/', 'PYTHONPATH': '/opt/ros/jazzy/lib/python3.12/site-packages', 'COLCON': '1', '_ZO_DOCTOR': '0', 'MEMORY_PRESSURE_WRITE': 'c29tZSAyMDAwMDAgMjAwMDAwMAA=', 'CMAKE_PREFIX_PATH': '/home/hyeonsu/xarm_ws/install/xarm_1s_moveit_config:/opt/ros/jazzy/opt/gz_sim_vendor:/opt/ros/jazzy/opt/gz_sensors_vendor:/opt/ros/jazzy/opt/gz_physics_vendor:/opt/ros/jazzy/opt/sdformat_vendor:/opt/ros/jazzy/opt/gz_gui_vendor:/opt/ros/jazzy/opt/gz_transport_vendor:/opt/ros/jazzy/opt/gz_rendering_vendor:/opt/ros/jazzy/opt/gz_plugin_vendor:/opt/ros/jazzy/opt/gz_fuel_tools_vendor:/opt/ros/jazzy/opt/gz_msgs_vendor:/opt/ros/jazzy/opt/gz_common_vendor:/opt/ros/jazzy/opt/gz_math_vendor:/opt/ros/jazzy/opt/gz_utils_vendor:/opt/ros/jazzy/opt/gz_tools_vendor:/opt/ros/jazzy/opt/gz_ogre_next_vendor:/opt/ros/jazzy/opt/gz_dartsim_vendor:/opt/ros/jazzy/opt/gz_cmake_vendor:/opt/ros/jazzy', 'VSCODE_PID': '4992'}), 'shell': False}
[7.640079] (mtc) StdoutLine: {'line': b'-- Install configuration: "Release"\n'}
[7.640401] (mtc) StdoutLine: {'line': b'-- Installing: /home/hyeonsu/xarm_ws/install/mtc/lib/mtc/mtc_node\n'}
[7.640911] (mtc) StdoutLine: {'line': b'-- Set non-toolchain portion of runtime path of "/home/hyeonsu/xarm_ws/install/mtc/lib/mtc/mtc_node" to ""\n'}
[7.641235] (mtc) StdoutLine: {'line': b'-- Up-to-date: /home/hyeonsu/xarm_ws/install/mtc/share/mtc/launch\n'}
[7.641354] (mtc) StdoutLine: {'line': b'-- Up-to-date: /home/hyeonsu/xarm_ws/install/mtc/share/mtc/launch/pick_place_demo.launch.py\n'}
[7.641462] (mtc) StdoutLine: {'line': b'-- Up-to-date: /home/hyeonsu/xarm_ws/install/mtc/share/mtc/launch/__pycache__\n'}
[7.641568] (mtc) StdoutLine: {'line': b'-- Installing: /home/hyeonsu/xarm_ws/install/mtc/share/mtc/launch/__pycache__/pick_place_demo.launch.cpython-312.pyc\n'}
[7.641822] (mtc) StdoutLine: {'line': b'-- Up-to-date: /home/hyeonsu/xarm_ws/install/mtc/share/ament_index/resource_index/package_run_dependencies/mtc\n'}
[7.642037] (mtc) StdoutLine: {'line': b'-- Up-to-date: /home/hyeonsu/xarm_ws/install/mtc/share/ament_index/resource_index/parent_prefix_path/mtc\n'}
[7.642132] (mtc) StdoutLine: {'line': b'-- Up-to-date: /home/hyeonsu/xarm_ws/install/mtc/share/mtc/environment/ament_prefix_path.sh\n'}
[7.642424] (mtc) StdoutLine: {'line': b'-- Up-to-date: /home/hyeonsu/xarm_ws/install/mtc/share/mtc/environment/ament_prefix_path.dsv\n'}
[7.642590] (mtc) StdoutLine: {'line': b'-- Up-to-date: /home/hyeonsu/xarm_ws/install/mtc/share/mtc/environment/path.sh\n'}
[7.642662] (mtc) StdoutLine: {'line': b'-- Up-to-date: /home/hyeonsu/xarm_ws/install/mtc/share/mtc/environment/path.dsv\n'}
[7.642719] (mtc) StdoutLine: {'line': b'-- Up-to-date: /home/hyeonsu/xarm_ws/install/mtc/share/mtc/local_setup.bash\n'}
[7.642776] (mtc) StdoutLine: {'line': b'-- Up-to-date: /home/hyeonsu/xarm_ws/install/mtc/share/mtc/local_setup.sh\n'}
[7.642830] (mtc) StdoutLine: {'line': b'-- Up-to-date: /home/hyeonsu/xarm_ws/install/mtc/share/mtc/local_setup.zsh\n'}
[7.642884] (mtc) StdoutLine: {'line': b'-- Up-to-date: /home/hyeonsu/xarm_ws/install/mtc/share/mtc/local_setup.dsv\n'}
[7.642937] (mtc) StdoutLine: {'line': b'-- Installing: /home/hyeonsu/xarm_ws/install/mtc/share/mtc/package.dsv\n'}
[7.642989] (mtc) StdoutLine: {'line': b'-- Up-to-date: /home/hyeonsu/xarm_ws/install/mtc/share/ament_index/resource_index/packages/mtc\n'}
[7.643042] (mtc) StdoutLine: {'line': b'-- Up-to-date: /home/hyeonsu/xarm_ws/install/mtc/share/mtc/cmake/mtcConfig.cmake\n'}
[7.643098] (mtc) StdoutLine: {'line': b'-- Up-to-date: /home/hyeonsu/xarm_ws/install/mtc/share/mtc/cmake/mtcConfig-version.cmake\n'}
[7.643155] (mtc) StdoutLine: {'line': b'-- Up-to-date: /home/hyeonsu/xarm_ws/install/mtc/share/mtc/package.xml\n'}
[7.643740] (mtc) CommandEnded: {'returncode': 0}
[7.661952] (mtc) JobEnded: {'identifier': 'mtc', 'rc': 0}
[7.662599] (-) EventReactorShutdown: {}
