[0.178s] DEBUG:colcon:Command line arguments: ['/usr/bin/colcon', 'build', '--symlink-install', '--packages-select', 'xarm_1s_bringup', 'xarm_1s_moveit_config', 'mtc', '--event-handlers', 'console_cohesion+']
[0.178s] DEBUG:colcon:Parsed command line arguments: Namespace(log_base=None, log_level=None, verb_name='build', build_base='build', install_base='install', merge_install=False, symlink_install=True, test_result_base=None, continue_on_error=False, executor='parallel', parallel_workers=24, event_handlers=['console_cohesion+'], ignore_user_meta=False, metas=['./colcon.meta'], base_paths=['.'], packages_ignore=None, packages_ignore_regex=None, paths=None, packages_up_to=None, packages_up_to_regex=None, packages_above=None, packages_above_and_dependencies=None, packages_above_depth=None, packages_select_by_dep=None, packages_skip_by_dep=None, packages_skip_up_to=None, packages_select_build_failed=False, packages_skip_build_finished=False, packages_select_test_failures=False, packages_skip_test_passed=False, packages_select=['xarm_1s_bringup', 'xarm_1s_moveit_config', 'mtc'], packages_skip=None, packages_select_regex=None, packages_skip_regex=None, packages_start=None, packages_end=None, allow_overriding=[], cmake_args=None, cmake_target=None, cmake_target_skip_unavailable=False, cmake_clean_cache=False, cmake_clean_first=False, cmake_force_configure=False, ament_cmake_args=None, catkin_cmake_args=None, catkin_skip_building_tests=False, mixin_files=None, mixin=None, verb_parser=<colcon_mixin.mixin.mixin_argument.MixinArgumentDecorator object at 0x7b5f24876420>, verb_extension=<colcon_core.verb.build.BuildVerb object at 0x7b5f2499ed20>, main=<bound method BuildVerb.main of <colcon_core.verb.build.BuildVerb object at 0x7b5f2499ed20>>, mixin_verb=('build',))
[0.200s] Level 1:colcon.colcon_core.package_discovery:discover_packages(colcon_meta) check parameters
[0.200s] Level 1:colcon.colcon_core.package_discovery:discover_packages(recursive) check parameters
[0.200s] Level 1:colcon.colcon_core.package_discovery:discover_packages(ignore) check parameters
[0.201s] Level 1:colcon.colcon_core.package_discovery:discover_packages(path) check parameters
[0.201s] Level 1:colcon.colcon_core.package_discovery:discover_packages(colcon_meta) discover
[0.201s] Level 1:colcon.colcon_core.package_discovery:discover_packages(recursive) discover
[0.201s] INFO:colcon.colcon_core.package_discovery:Crawling recursively for packages in '/home/hyeon/xarm_ws'
[0.201s] Level 1:colcon.colcon_core.package_identification:_identify(.) by extensions ['ignore', 'ignore_ament_install']
[0.201s] Level 1:colcon.colcon_core.package_identification:_identify(.) by extension 'ignore'
[0.201s] Level 1:colcon.colcon_core.package_identification:_identify(.) by extension 'ignore_ament_install'
[0.201s] Level 1:colcon.colcon_core.package_identification:_identify(.) by extensions ['colcon_pkg']
[0.201s] Level 1:colcon.colcon_core.package_identification:_identify(.) by extension 'colcon_pkg'
[0.201s] Level 1:colcon.colcon_core.package_identification:_identify(.) by extensions ['colcon_meta']
[0.201s] Level 1:colcon.colcon_core.package_identification:_identify(.) by extension 'colcon_meta'
[0.201s] Level 1:colcon.colcon_core.package_identification:_identify(.) by extensions ['ros']
[0.201s] Level 1:colcon.colcon_core.package_identification:_identify(.) by extension 'ros'
[0.216s] Level 1:colcon.colcon_core.package_identification:_identify(.) by extensions ['cmake', 'python']
[0.216s] Level 1:colcon.colcon_core.package_identification:_identify(.) by extension 'cmake'
[0.216s] Level 1:colcon.colcon_core.package_identification:_identify(.) by extension 'python'
[0.216s] Level 1:colcon.colcon_core.package_identification:_identify(.) by extensions ['python_setup_py']
[0.216s] Level 1:colcon.colcon_core.package_identification:_identify(.) by extension 'python_setup_py'
[0.217s] Level 1:colcon.colcon_core.package_identification:_identify(build) by extensions ['ignore', 'ignore_ament_install']
[0.217s] Level 1:colcon.colcon_core.package_identification:_identify(build) by extension 'ignore'
[0.217s] Level 1:colcon.colcon_core.package_identification:_identify(build) ignored
[0.217s] Level 1:colcon.colcon_core.package_identification:_identify(install) by extensions ['ignore', 'ignore_ament_install']
[0.217s] Level 1:colcon.colcon_core.package_identification:_identify(install) by extension 'ignore'
[0.217s] Level 1:colcon.colcon_core.package_identification:_identify(install) ignored
[0.217s] Level 1:colcon.colcon_core.package_identification:_identify(log) by extensions ['ignore', 'ignore_ament_install']
[0.217s] Level 1:colcon.colcon_core.package_identification:_identify(log) by extension 'ignore'
[0.217s] Level 1:colcon.colcon_core.package_identification:_identify(log) ignored
[0.217s] Level 1:colcon.colcon_core.package_identification:_identify(src) by extensions ['ignore', 'ignore_ament_install']
[0.217s] Level 1:colcon.colcon_core.package_identification:_identify(src) by extension 'ignore'
[0.217s] Level 1:colcon.colcon_core.package_identification:_identify(src) by extension 'ignore_ament_install'
[0.217s] Level 1:colcon.colcon_core.package_identification:_identify(src) by extensions ['colcon_pkg']
[0.217s] Level 1:colcon.colcon_core.package_identification:_identify(src) by extension 'colcon_pkg'
[0.217s] Level 1:colcon.colcon_core.package_identification:_identify(src) by extensions ['colcon_meta']
[0.217s] Level 1:colcon.colcon_core.package_identification:_identify(src) by extension 'colcon_meta'
[0.217s] Level 1:colcon.colcon_core.package_identification:_identify(src) by extensions ['ros']
[0.217s] Level 1:colcon.colcon_core.package_identification:_identify(src) by extension 'ros'
[0.217s] Level 1:colcon.colcon_core.package_identification:_identify(src) by extensions ['cmake', 'python']
[0.217s] Level 1:colcon.colcon_core.package_identification:_identify(src) by extension 'cmake'
[0.217s] Level 1:colcon.colcon_core.package_identification:_identify(src) by extension 'python'
[0.217s] Level 1:colcon.colcon_core.package_identification:_identify(src) by extensions ['python_setup_py']
[0.217s] Level 1:colcon.colcon_core.package_identification:_identify(src) by extension 'python_setup_py'
[0.218s] Level 1:colcon.colcon_core.package_identification:_identify(src/mtc) by extensions ['ignore', 'ignore_ament_install']
[0.218s] Level 1:colcon.colcon_core.package_identification:_identify(src/mtc) by extension 'ignore'
[0.218s] Level 1:colcon.colcon_core.package_identification:_identify(src/mtc) by extension 'ignore_ament_install'
[0.218s] Level 1:colcon.colcon_core.package_identification:_identify(src/mtc) by extensions ['colcon_pkg']
[0.218s] Level 1:colcon.colcon_core.package_identification:_identify(src/mtc) by extension 'colcon_pkg'
[0.218s] Level 1:colcon.colcon_core.package_identification:_identify(src/mtc) by extensions ['colcon_meta']
[0.218s] Level 1:colcon.colcon_core.package_identification:_identify(src/mtc) by extension 'colcon_meta'
[0.218s] Level 1:colcon.colcon_core.package_identification:_identify(src/mtc) by extensions ['ros']
[0.218s] Level 1:colcon.colcon_core.package_identification:_identify(src/mtc) by extension 'ros'
[0.219s] DEBUG:colcon.colcon_core.package_identification:Package 'src/mtc' with type 'ros.ament_cmake' and name 'mtc'
[0.219s] Level 1:colcon.colcon_core.package_identification:_identify(src/xarm_1s_bringup) by extensions ['ignore', 'ignore_ament_install']
[0.219s] Level 1:colcon.colcon_core.package_identification:_identify(src/xarm_1s_bringup) by extension 'ignore'
[0.220s] Level 1:colcon.colcon_core.package_identification:_identify(src/xarm_1s_bringup) by extension 'ignore_ament_install'
[0.220s] Level 1:colcon.colcon_core.package_identification:_identify(src/xarm_1s_bringup) by extensions ['colcon_pkg']
[0.220s] Level 1:colcon.colcon_core.package_identification:_identify(src/xarm_1s_bringup) by extension 'colcon_pkg'
[0.220s] Level 1:colcon.colcon_core.package_identification:_identify(src/xarm_1s_bringup) by extensions ['colcon_meta']
[0.220s] Level 1:colcon.colcon_core.package_identification:_identify(src/xarm_1s_bringup) by extension 'colcon_meta'
[0.220s] Level 1:colcon.colcon_core.package_identification:_identify(src/xarm_1s_bringup) by extensions ['ros']
[0.220s] Level 1:colcon.colcon_core.package_identification:_identify(src/xarm_1s_bringup) by extension 'ros'
[0.220s] DEBUG:colcon.colcon_core.package_identification:Package 'src/xarm_1s_bringup' with type 'ros.ament_cmake' and name 'xarm_1s_bringup'
[0.220s] Level 1:colcon.colcon_core.package_identification:_identify(src/xarm_1s_description) by extensions ['ignore', 'ignore_ament_install']
[0.220s] Level 1:colcon.colcon_core.package_identification:_identify(src/xarm_1s_description) by extension 'ignore'
[0.220s] Level 1:colcon.colcon_core.package_identification:_identify(src/xarm_1s_description) by extension 'ignore_ament_install'
[0.220s] Level 1:colcon.colcon_core.package_identification:_identify(src/xarm_1s_description) by extensions ['colcon_pkg']
[0.220s] Level 1:colcon.colcon_core.package_identification:_identify(src/xarm_1s_description) by extension 'colcon_pkg'
[0.220s] Level 1:colcon.colcon_core.package_identification:_identify(src/xarm_1s_description) by extensions ['colcon_meta']
[0.220s] Level 1:colcon.colcon_core.package_identification:_identify(src/xarm_1s_description) by extension 'colcon_meta'
[0.220s] Level 1:colcon.colcon_core.package_identification:_identify(src/xarm_1s_description) by extensions ['ros']
[0.220s] Level 1:colcon.colcon_core.package_identification:_identify(src/xarm_1s_description) by extension 'ros'
[0.221s] DEBUG:colcon.colcon_core.package_identification:Package 'src/xarm_1s_description' with type 'ros.ament_cmake' and name 'xarm_1s_description'
[0.221s] Level 1:colcon.colcon_core.package_identification:_identify(src/xarm_1s_hardware) by extensions ['ignore', 'ignore_ament_install']
[0.221s] Level 1:colcon.colcon_core.package_identification:_identify(src/xarm_1s_hardware) by extension 'ignore'
[0.221s] Level 1:colcon.colcon_core.package_identification:_identify(src/xarm_1s_hardware) by extension 'ignore_ament_install'
[0.221s] Level 1:colcon.colcon_core.package_identification:_identify(src/xarm_1s_hardware) by extensions ['colcon_pkg']
[0.221s] Level 1:colcon.colcon_core.package_identification:_identify(src/xarm_1s_hardware) by extension 'colcon_pkg'
[0.221s] Level 1:colcon.colcon_core.package_identification:_identify(src/xarm_1s_hardware) by extensions ['colcon_meta']
[0.221s] Level 1:colcon.colcon_core.package_identification:_identify(src/xarm_1s_hardware) by extension 'colcon_meta'
[0.221s] Level 1:colcon.colcon_core.package_identification:_identify(src/xarm_1s_hardware) by extensions ['ros']
[0.221s] Level 1:colcon.colcon_core.package_identification:_identify(src/xarm_1s_hardware) by extension 'ros'
[0.221s] DEBUG:colcon.colcon_core.package_identification:Package 'src/xarm_1s_hardware' with type 'ros.ament_cmake' and name 'xarm_1s_hardware'
[0.221s] Level 1:colcon.colcon_core.package_identification:_identify(src/xarm_1s_moveit_config) by extensions ['ignore', 'ignore_ament_install']
[0.221s] Level 1:colcon.colcon_core.package_identification:_identify(src/xarm_1s_moveit_config) by extension 'ignore'
[0.222s] Level 1:colcon.colcon_core.package_identification:_identify(src/xarm_1s_moveit_config) by extension 'ignore_ament_install'
[0.222s] Level 1:colcon.colcon_core.package_identification:_identify(src/xarm_1s_moveit_config) by extensions ['colcon_pkg']
[0.222s] Level 1:colcon.colcon_core.package_identification:_identify(src/xarm_1s_moveit_config) by extension 'colcon_pkg'
[0.222s] Level 1:colcon.colcon_core.package_identification:_identify(src/xarm_1s_moveit_config) by extensions ['colcon_meta']
[0.222s] Level 1:colcon.colcon_core.package_identification:_identify(src/xarm_1s_moveit_config) by extension 'colcon_meta'
[0.222s] Level 1:colcon.colcon_core.package_identification:_identify(src/xarm_1s_moveit_config) by extensions ['ros']
[0.222s] Level 1:colcon.colcon_core.package_identification:_identify(src/xarm_1s_moveit_config) by extension 'ros'
[0.222s] DEBUG:colcon.colcon_core.package_identification:Package 'src/xarm_1s_moveit_config' with type 'ros.ament_cmake' and name 'xarm_1s_moveit_config'
[0.222s] Level 1:colcon.colcon_core.package_discovery:discover_packages(recursive) using defaults
[0.222s] Level 1:colcon.colcon_core.package_discovery:discover_packages(ignore) discover
[0.222s] Level 1:colcon.colcon_core.package_discovery:discover_packages(ignore) using defaults
[0.222s] Level 1:colcon.colcon_core.package_discovery:discover_packages(path) discover
[0.222s] Level 1:colcon.colcon_core.package_discovery:discover_packages(path) using defaults
[0.233s] INFO:colcon.colcon_core.package_selection:Skipping not selected package 'xarm_1s_description' in 'src/xarm_1s_description'
[0.233s] INFO:colcon.colcon_core.package_selection:Skipping not selected package 'xarm_1s_hardware' in 'src/xarm_1s_hardware'
[0.242s] Level 1:colcon.colcon_core.package_discovery:discover_packages(prefix_path) check parameters
[0.242s] Level 1:colcon.colcon_core.package_discovery:discover_packages(prefix_path) discover
[0.248s] DEBUG:colcon.colcon_installed_package_information.package_discovery:Found 397 installed packages in /opt/ros/jazzy
[0.249s] Level 1:colcon.colcon_core.package_discovery:discover_packages(prefix_path) using defaults
[0.275s] Level 5:colcon.colcon_core.verb:set package 'xarm_1s_moveit_config' build argument 'cmake_args' from command line to 'None'
[0.275s] Level 5:colcon.colcon_core.verb:set package 'xarm_1s_moveit_config' build argument 'cmake_target' from command line to 'None'
[0.275s] Level 5:colcon.colcon_core.verb:set package 'xarm_1s_moveit_config' build argument 'cmake_target_skip_unavailable' from command line to 'False'
[0.275s] Level 5:colcon.colcon_core.verb:set package 'xarm_1s_moveit_config' build argument 'cmake_clean_cache' from command line to 'False'
[0.275s] Level 5:colcon.colcon_core.verb:set package 'xarm_1s_moveit_config' build argument 'cmake_clean_first' from command line to 'False'
[0.275s] Level 5:colcon.colcon_core.verb:set package 'xarm_1s_moveit_config' build argument 'cmake_force_configure' from command line to 'False'
[0.275s] Level 5:colcon.colcon_core.verb:set package 'xarm_1s_moveit_config' build argument 'ament_cmake_args' from command line to 'None'
[0.275s] Level 5:colcon.colcon_core.verb:set package 'xarm_1s_moveit_config' build argument 'catkin_cmake_args' from command line to 'None'
[0.275s] Level 5:colcon.colcon_core.verb:set package 'xarm_1s_moveit_config' build argument 'catkin_skip_building_tests' from command line to 'False'
[0.275s] DEBUG:colcon.colcon_core.verb:Building package 'xarm_1s_moveit_config' with the following arguments: {'ament_cmake_args': None, 'build_base': '/home/hyeon/xarm_ws/build/xarm_1s_moveit_config', 'catkin_cmake_args': None, 'catkin_skip_building_tests': False, 'cmake_args': None, 'cmake_clean_cache': False, 'cmake_clean_first': False, 'cmake_force_configure': False, 'cmake_target': None, 'cmake_target_skip_unavailable': False, 'install_base': '/home/hyeon/xarm_ws/install/xarm_1s_moveit_config', 'merge_install': False, 'path': '/home/hyeon/xarm_ws/src/xarm_1s_moveit_config', 'symlink_install': True, 'test_result_base': None}
[0.275s] Level 5:colcon.colcon_core.verb:set package 'mtc' build argument 'cmake_args' from command line to 'None'
[0.275s] Level 5:colcon.colcon_core.verb:set package 'mtc' build argument 'cmake_target' from command line to 'None'
[0.275s] Level 5:colcon.colcon_core.verb:set package 'mtc' build argument 'cmake_target_skip_unavailable' from command line to 'False'
[0.275s] Level 5:colcon.colcon_core.verb:set package 'mtc' build argument 'cmake_clean_cache' from command line to 'False'
[0.275s] Level 5:colcon.colcon_core.verb:set package 'mtc' build argument 'cmake_clean_first' from command line to 'False'
[0.275s] Level 5:colcon.colcon_core.verb:set package 'mtc' build argument 'cmake_force_configure' from command line to 'False'
[0.275s] Level 5:colcon.colcon_core.verb:set package 'mtc' build argument 'ament_cmake_args' from command line to 'None'
[0.275s] Level 5:colcon.colcon_core.verb:set package 'mtc' build argument 'catkin_cmake_args' from command line to 'None'
[0.275s] Level 5:colcon.colcon_core.verb:set package 'mtc' build argument 'catkin_skip_building_tests' from command line to 'False'
[0.275s] DEBUG:colcon.colcon_core.verb:Building package 'mtc' with the following arguments: {'ament_cmake_args': None, 'build_base': '/home/hyeon/xarm_ws/build/mtc', 'catkin_cmake_args': None, 'catkin_skip_building_tests': False, 'cmake_args': None, 'cmake_clean_cache': False, 'cmake_clean_first': False, 'cmake_force_configure': False, 'cmake_target': None, 'cmake_target_skip_unavailable': False, 'install_base': '/home/hyeon/xarm_ws/install/mtc', 'merge_install': False, 'path': '/home/hyeon/xarm_ws/src/mtc', 'symlink_install': True, 'test_result_base': None}
[0.275s] Level 5:colcon.colcon_core.verb:set package 'xarm_1s_bringup' build argument 'cmake_args' from command line to 'None'
[0.275s] Level 5:colcon.colcon_core.verb:set package 'xarm_1s_bringup' build argument 'cmake_target' from command line to 'None'
[0.276s] Level 5:colcon.colcon_core.verb:set package 'xarm_1s_bringup' build argument 'cmake_target_skip_unavailable' from command line to 'False'
[0.276s] Level 5:colcon.colcon_core.verb:set package 'xarm_1s_bringup' build argument 'cmake_clean_cache' from command line to 'False'
[0.276s] Level 5:colcon.colcon_core.verb:set package 'xarm_1s_bringup' build argument 'cmake_clean_first' from command line to 'False'
[0.276s] Level 5:colcon.colcon_core.verb:set package 'xarm_1s_bringup' build argument 'cmake_force_configure' from command line to 'False'
[0.276s] Level 5:colcon.colcon_core.verb:set package 'xarm_1s_bringup' build argument 'ament_cmake_args' from command line to 'None'
[0.276s] Level 5:colcon.colcon_core.verb:set package 'xarm_1s_bringup' build argument 'catkin_cmake_args' from command line to 'None'
[0.276s] Level 5:colcon.colcon_core.verb:set package 'xarm_1s_bringup' build argument 'catkin_skip_building_tests' from command line to 'False'
[0.276s] DEBUG:colcon.colcon_core.verb:Building package 'xarm_1s_bringup' with the following arguments: {'ament_cmake_args': None, 'build_base': '/home/hyeon/xarm_ws/build/xarm_1s_bringup', 'catkin_cmake_args': None, 'catkin_skip_building_tests': False, 'cmake_args': None, 'cmake_clean_cache': False, 'cmake_clean_first': False, 'cmake_force_configure': False, 'cmake_target': None, 'cmake_target_skip_unavailable': False, 'install_base': '/home/hyeon/xarm_ws/install/xarm_1s_bringup', 'merge_install': False, 'path': '/home/hyeon/xarm_ws/src/xarm_1s_bringup', 'symlink_install': True, 'test_result_base': None}
[0.276s] INFO:colcon.colcon_core.executor:Executing jobs using 'parallel' executor
[0.277s] DEBUG:colcon.colcon_parallel_executor.executor.parallel:run_until_complete
[0.277s] INFO:colcon.colcon_ros.task.ament_cmake.build:Building ROS package in '/home/hyeon/xarm_ws/src/xarm_1s_moveit_config' with build type 'ament_cmake'
[0.278s] INFO:colcon.colcon_cmake.task.cmake.build:Building CMake package in '/home/hyeon/xarm_ws/src/xarm_1s_moveit_config'
[0.283s] INFO:colcon.colcon_core.plugin_system:Skipping extension 'colcon_core.shell.bat': Not used on non-Windows systems
[0.283s] INFO:colcon.colcon_core.shell:Skip shell extension 'powershell' for command environment: Not usable outside of PowerShell
[0.283s] DEBUG:colcon.colcon_core.shell:Skip shell extension 'dsv' for command environment
[0.290s] DEBUG:colcon.colcon_core.event_handler.log_command:Invoking command in '/home/hyeon/xarm_ws/build/xarm_1s_moveit_config': CMAKE_PREFIX_PATH=${CMAKE_PREFIX_PATH}:/opt/ros/jazzy /usr/bin/cmake /home/hyeon/xarm_ws/src/xarm_1s_moveit_config -DAMENT_CMAKE_SYMLINK_INSTALL=1 -DCMAKE_INSTALL_PREFIX=/home/hyeon/xarm_ws/install/xarm_1s_moveit_config
[8.967s] DEBUG:colcon.colcon_core.event_handler.log_command:Invoked command in '/home/hyeon/xarm_ws/build/xarm_1s_moveit_config' returned '0': CMAKE_PREFIX_PATH=${CMAKE_PREFIX_PATH}:/opt/ros/jazzy /usr/bin/cmake /home/hyeon/xarm_ws/src/xarm_1s_moveit_config -DAMENT_CMAKE_SYMLINK_INSTALL=1 -DCMAKE_INSTALL_PREFIX=/home/hyeon/xarm_ws/install/xarm_1s_moveit_config
[8.968s] DEBUG:colcon.colcon_core.event_handler.log_command:Invoking command in '/home/hyeon/xarm_ws/build/xarm_1s_moveit_config': CMAKE_PREFIX_PATH=${CMAKE_PREFIX_PATH}:/opt/ros/jazzy /usr/bin/cmake --build /home/hyeon/xarm_ws/build/xarm_1s_moveit_config -- -j24 -l24
[9.000s] DEBUG:colcon.colcon_core.event_handler.log_command:Invoked command in '/home/hyeon/xarm_ws/build/xarm_1s_moveit_config' returned '0': CMAKE_PREFIX_PATH=${CMAKE_PREFIX_PATH}:/opt/ros/jazzy /usr/bin/cmake --build /home/hyeon/xarm_ws/build/xarm_1s_moveit_config -- -j24 -l24
[9.007s] DEBUG:colcon.colcon_core.event_handler.log_command:Invoking command in '/home/hyeon/xarm_ws/build/xarm_1s_moveit_config': CMAKE_PREFIX_PATH=${CMAKE_PREFIX_PATH}:/opt/ros/jazzy /usr/bin/cmake --install /home/hyeon/xarm_ws/build/xarm_1s_moveit_config
[9.021s] Level 1:colcon.colcon_core.environment:create_environment_scripts_only(xarm_1s_moveit_config)
[9.022s] DEBUG:colcon.colcon_core.event_handler.log_command:Invoked command in '/home/hyeon/xarm_ws/build/xarm_1s_moveit_config' returned '0': CMAKE_PREFIX_PATH=${CMAKE_PREFIX_PATH}:/opt/ros/jazzy /usr/bin/cmake --install /home/hyeon/xarm_ws/build/xarm_1s_moveit_config
[9.029s] Level 1:colcon.colcon_core.environment:checking '/home/hyeon/xarm_ws/install/xarm_1s_moveit_config' for CMake module files
[9.029s] Level 1:colcon.colcon_core.environment:checking '/home/hyeon/xarm_ws/install/xarm_1s_moveit_config' for CMake config files
[9.029s] Level 1:colcon.colcon_core.shell:create_environment_hook('xarm_1s_moveit_config', 'cmake_prefix_path')
[9.029s] INFO:colcon.colcon_core.shell:Creating environment hook '/home/hyeon/xarm_ws/install/xarm_1s_moveit_config/share/xarm_1s_moveit_config/hook/cmake_prefix_path.ps1'
[9.030s] INFO:colcon.colcon_core.shell:Creating environment descriptor '/home/hyeon/xarm_ws/install/xarm_1s_moveit_config/share/xarm_1s_moveit_config/hook/cmake_prefix_path.dsv'
[9.031s] INFO:colcon.colcon_core.shell:Creating environment hook '/home/hyeon/xarm_ws/install/xarm_1s_moveit_config/share/xarm_1s_moveit_config/hook/cmake_prefix_path.sh'
[9.032s] Level 1:colcon.colcon_core.environment:checking '/home/hyeon/xarm_ws/install/xarm_1s_moveit_config/bin'
[9.032s] Level 1:colcon.colcon_core.environment:checking '/home/hyeon/xarm_ws/install/xarm_1s_moveit_config/lib/pkgconfig/xarm_1s_moveit_config.pc'
[9.032s] Level 1:colcon.colcon_core.environment:checking '/home/hyeon/xarm_ws/install/xarm_1s_moveit_config/lib/python3.12/site-packages'
[9.032s] Level 1:colcon.colcon_core.environment:checking '/home/hyeon/xarm_ws/install/xarm_1s_moveit_config/bin'
[9.033s] INFO:colcon.colcon_core.shell:Creating package script '/home/hyeon/xarm_ws/install/xarm_1s_moveit_config/share/xarm_1s_moveit_config/package.ps1'
[9.033s] INFO:colcon.colcon_core.shell:Creating package descriptor '/home/hyeon/xarm_ws/install/xarm_1s_moveit_config/share/xarm_1s_moveit_config/package.dsv'
[9.034s] INFO:colcon.colcon_core.shell:Creating package script '/home/hyeon/xarm_ws/install/xarm_1s_moveit_config/share/xarm_1s_moveit_config/package.sh'
[9.035s] INFO:colcon.colcon_core.shell:Creating package script '/home/hyeon/xarm_ws/install/xarm_1s_moveit_config/share/xarm_1s_moveit_config/package.bash'
[9.035s] INFO:colcon.colcon_core.shell:Creating package script '/home/hyeon/xarm_ws/install/xarm_1s_moveit_config/share/xarm_1s_moveit_config/package.zsh'
[9.036s] Level 1:colcon.colcon_core.environment:create_file_with_runtime_dependencies(/home/hyeon/xarm_ws/install/xarm_1s_moveit_config/share/colcon-core/packages/xarm_1s_moveit_config)
[9.037s] Level 1:colcon.colcon_core.environment:create_environment_scripts_only(xarm_1s_moveit_config)
[9.037s] Level 1:colcon.colcon_core.environment:checking '/home/hyeon/xarm_ws/install/xarm_1s_moveit_config' for CMake module files
[9.037s] Level 1:colcon.colcon_core.environment:checking '/home/hyeon/xarm_ws/install/xarm_1s_moveit_config' for CMake config files
[9.037s] Level 1:colcon.colcon_core.shell:create_environment_hook('xarm_1s_moveit_config', 'cmake_prefix_path')
[9.037s] INFO:colcon.colcon_core.shell:Creating environment hook '/home/hyeon/xarm_ws/install/xarm_1s_moveit_config/share/xarm_1s_moveit_config/hook/cmake_prefix_path.ps1'
[9.038s] INFO:colcon.colcon_core.shell:Creating environment descriptor '/home/hyeon/xarm_ws/install/xarm_1s_moveit_config/share/xarm_1s_moveit_config/hook/cmake_prefix_path.dsv'
[9.038s] INFO:colcon.colcon_core.shell:Creating environment hook '/home/hyeon/xarm_ws/install/xarm_1s_moveit_config/share/xarm_1s_moveit_config/hook/cmake_prefix_path.sh'
[9.038s] Level 1:colcon.colcon_core.environment:checking '/home/hyeon/xarm_ws/install/xarm_1s_moveit_config/bin'
[9.038s] Level 1:colcon.colcon_core.environment:checking '/home/hyeon/xarm_ws/install/xarm_1s_moveit_config/lib/pkgconfig/xarm_1s_moveit_config.pc'
[9.038s] Level 1:colcon.colcon_core.environment:checking '/home/hyeon/xarm_ws/install/xarm_1s_moveit_config/lib/python3.12/site-packages'
[9.039s] Level 1:colcon.colcon_core.environment:checking '/home/hyeon/xarm_ws/install/xarm_1s_moveit_config/bin'
[9.039s] INFO:colcon.colcon_core.shell:Creating package script '/home/hyeon/xarm_ws/install/xarm_1s_moveit_config/share/xarm_1s_moveit_config/package.ps1'
[9.039s] INFO:colcon.colcon_core.shell:Creating package descriptor '/home/hyeon/xarm_ws/install/xarm_1s_moveit_config/share/xarm_1s_moveit_config/package.dsv'
[9.039s] INFO:colcon.colcon_core.shell:Creating package script '/home/hyeon/xarm_ws/install/xarm_1s_moveit_config/share/xarm_1s_moveit_config/package.sh'
[9.040s] INFO:colcon.colcon_core.shell:Creating package script '/home/hyeon/xarm_ws/install/xarm_1s_moveit_config/share/xarm_1s_moveit_config/package.bash'
[9.040s] INFO:colcon.colcon_core.shell:Creating package script '/home/hyeon/xarm_ws/install/xarm_1s_moveit_config/share/xarm_1s_moveit_config/package.zsh'
[9.040s] Level 1:colcon.colcon_core.environment:create_file_with_runtime_dependencies(/home/hyeon/xarm_ws/install/xarm_1s_moveit_config/share/colcon-core/packages/xarm_1s_moveit_config)
[9.041s] INFO:colcon.colcon_ros.task.ament_cmake.build:Building ROS package in '/home/hyeon/xarm_ws/src/mtc' with build type 'ament_cmake'
[9.041s] INFO:colcon.colcon_cmake.task.cmake.build:Building CMake package in '/home/hyeon/xarm_ws/src/mtc'
[9.041s] INFO:colcon.colcon_core.shell:Skip shell extension 'powershell' for command environment: Not usable outside of PowerShell
[9.041s] DEBUG:colcon.colcon_core.shell:Skip shell extension 'dsv' for command environment
[9.106s] DEBUG:colcon.colcon_core.event_handler.log_command:Invoking command in '/home/hyeon/xarm_ws/build/mtc': AMENT_PREFIX_PATH=/home/hyeon/xarm_ws/install/xarm_1s_moveit_config:${AMENT_PREFIX_PATH} CMAKE_PREFIX_PATH=/home/hyeon/xarm_ws/install/xarm_1s_moveit_config:/opt/ros/jazzy/opt/sdformat_vendor:/opt/ros/jazzy/opt/gz_math_vendor:/opt/ros/jazzy/opt/gz_utils_vendor:/opt/ros/jazzy/opt/gz_tools_vendor:/opt/ros/jazzy/opt/gz_cmake_vendor:/opt/ros/jazzy /usr/bin/cmake /home/hyeon/xarm_ws/src/mtc -DAMENT_CMAKE_SYMLINK_INSTALL=1 -DCMAKE_INSTALL_PREFIX=/home/hyeon/xarm_ws/install/mtc
[11.542s] DEBUG:colcon.colcon_core.event_handler.log_command:Invoked command in '/home/hyeon/xarm_ws/build/mtc' returned '0': AMENT_PREFIX_PATH=/home/hyeon/xarm_ws/install/xarm_1s_moveit_config:${AMENT_PREFIX_PATH} CMAKE_PREFIX_PATH=/home/hyeon/xarm_ws/install/xarm_1s_moveit_config:/opt/ros/jazzy/opt/sdformat_vendor:/opt/ros/jazzy/opt/gz_math_vendor:/opt/ros/jazzy/opt/gz_utils_vendor:/opt/ros/jazzy/opt/gz_tools_vendor:/opt/ros/jazzy/opt/gz_cmake_vendor:/opt/ros/jazzy /usr/bin/cmake /home/hyeon/xarm_ws/src/mtc -DAMENT_CMAKE_SYMLINK_INSTALL=1 -DCMAKE_INSTALL_PREFIX=/home/hyeon/xarm_ws/install/mtc
[11.542s] DEBUG:colcon.colcon_core.event_handler.log_command:Invoking command in '/home/hyeon/xarm_ws/build/mtc': AMENT_PREFIX_PATH=/home/hyeon/xarm_ws/install/xarm_1s_moveit_config:${AMENT_PREFIX_PATH} CMAKE_PREFIX_PATH=/home/hyeon/xarm_ws/install/xarm_1s_moveit_config:/opt/ros/jazzy/opt/sdformat_vendor:/opt/ros/jazzy/opt/gz_math_vendor:/opt/ros/jazzy/opt/gz_utils_vendor:/opt/ros/jazzy/opt/gz_tools_vendor:/opt/ros/jazzy/opt/gz_cmake_vendor:/opt/ros/jazzy /usr/bin/cmake --build /home/hyeon/xarm_ws/build/mtc -- -j24 -l24
[11.669s] DEBUG:colcon.colcon_core.event_handler.log_command:Invoked command in '/home/hyeon/xarm_ws/build/mtc' returned '0': AMENT_PREFIX_PATH=/home/hyeon/xarm_ws/install/xarm_1s_moveit_config:${AMENT_PREFIX_PATH} CMAKE_PREFIX_PATH=/home/hyeon/xarm_ws/install/xarm_1s_moveit_config:/opt/ros/jazzy/opt/sdformat_vendor:/opt/ros/jazzy/opt/gz_math_vendor:/opt/ros/jazzy/opt/gz_utils_vendor:/opt/ros/jazzy/opt/gz_tools_vendor:/opt/ros/jazzy/opt/gz_cmake_vendor:/opt/ros/jazzy /usr/bin/cmake --build /home/hyeon/xarm_ws/build/mtc -- -j24 -l24
[11.671s] DEBUG:colcon.colcon_core.event_handler.log_command:Invoking command in '/home/hyeon/xarm_ws/build/mtc': AMENT_PREFIX_PATH=/home/hyeon/xarm_ws/install/xarm_1s_moveit_config:${AMENT_PREFIX_PATH} CMAKE_PREFIX_PATH=/home/hyeon/xarm_ws/install/xarm_1s_moveit_config:/opt/ros/jazzy/opt/sdformat_vendor:/opt/ros/jazzy/opt/gz_math_vendor:/opt/ros/jazzy/opt/gz_utils_vendor:/opt/ros/jazzy/opt/gz_tools_vendor:/opt/ros/jazzy/opt/gz_cmake_vendor:/opt/ros/jazzy /usr/bin/cmake --install /home/hyeon/xarm_ws/build/mtc
[11.691s] Level 1:colcon.colcon_core.environment:create_environment_scripts_only(mtc)
[11.691s] Level 1:colcon.colcon_core.environment:checking '/home/hyeon/xarm_ws/install/mtc' for CMake module files
[11.691s] DEBUG:colcon.colcon_core.event_handler.log_command:Invoked command in '/home/hyeon/xarm_ws/build/mtc' returned '0': AMENT_PREFIX_PATH=/home/hyeon/xarm_ws/install/xarm_1s_moveit_config:${AMENT_PREFIX_PATH} CMAKE_PREFIX_PATH=/home/hyeon/xarm_ws/install/xarm_1s_moveit_config:/opt/ros/jazzy/opt/sdformat_vendor:/opt/ros/jazzy/opt/gz_math_vendor:/opt/ros/jazzy/opt/gz_utils_vendor:/opt/ros/jazzy/opt/gz_tools_vendor:/opt/ros/jazzy/opt/gz_cmake_vendor:/opt/ros/jazzy /usr/bin/cmake --install /home/hyeon/xarm_ws/build/mtc
[11.692s] Level 1:colcon.colcon_core.environment:checking '/home/hyeon/xarm_ws/install/mtc' for CMake config files
[11.692s] Level 1:colcon.colcon_core.shell:create_environment_hook('mtc', 'cmake_prefix_path')
[11.693s] INFO:colcon.colcon_core.shell:Creating environment hook '/home/hyeon/xarm_ws/install/mtc/share/mtc/hook/cmake_prefix_path.ps1'
[11.693s] INFO:colcon.colcon_core.shell:Creating environment descriptor '/home/hyeon/xarm_ws/install/mtc/share/mtc/hook/cmake_prefix_path.dsv'
[11.693s] INFO:colcon.colcon_core.shell:Creating environment hook '/home/hyeon/xarm_ws/install/mtc/share/mtc/hook/cmake_prefix_path.sh'
[11.694s] Level 1:colcon.colcon_core.environment:checking '/home/hyeon/xarm_ws/install/mtc/lib'
[11.694s] Level 1:colcon.colcon_core.environment:checking '/home/hyeon/xarm_ws/install/mtc/bin'
[11.694s] Level 1:colcon.colcon_core.environment:checking '/home/hyeon/xarm_ws/install/mtc/lib/pkgconfig/mtc.pc'
[11.694s] Level 1:colcon.colcon_core.environment:checking '/home/hyeon/xarm_ws/install/mtc/lib/python3.12/site-packages'
[11.694s] Level 1:colcon.colcon_core.environment:checking '/home/hyeon/xarm_ws/install/mtc/bin'
[11.695s] INFO:colcon.colcon_core.shell:Creating package script '/home/hyeon/xarm_ws/install/mtc/share/mtc/package.ps1'
[11.695s] INFO:colcon.colcon_core.shell:Creating package descriptor '/home/hyeon/xarm_ws/install/mtc/share/mtc/package.dsv'
[11.695s] INFO:colcon.colcon_core.shell:Creating package script '/home/hyeon/xarm_ws/install/mtc/share/mtc/package.sh'
[11.695s] INFO:colcon.colcon_core.shell:Creating package script '/home/hyeon/xarm_ws/install/mtc/share/mtc/package.bash'
[11.696s] INFO:colcon.colcon_core.shell:Creating package script '/home/hyeon/xarm_ws/install/mtc/share/mtc/package.zsh'
[11.696s] Level 1:colcon.colcon_core.environment:create_file_with_runtime_dependencies(/home/hyeon/xarm_ws/install/mtc/share/colcon-core/packages/mtc)
[11.696s] Level 1:colcon.colcon_core.environment:create_environment_scripts_only(mtc)
[11.696s] Level 1:colcon.colcon_core.environment:checking '/home/hyeon/xarm_ws/install/mtc' for CMake module files
[11.697s] Level 1:colcon.colcon_core.environment:checking '/home/hyeon/xarm_ws/install/mtc' for CMake config files
[11.697s] Level 1:colcon.colcon_core.shell:create_environment_hook('mtc', 'cmake_prefix_path')
[11.697s] INFO:colcon.colcon_core.shell:Creating environment hook '/home/hyeon/xarm_ws/install/mtc/share/mtc/hook/cmake_prefix_path.ps1'
[11.697s] INFO:colcon.colcon_core.shell:Creating environment descriptor '/home/hyeon/xarm_ws/install/mtc/share/mtc/hook/cmake_prefix_path.dsv'
[11.698s] INFO:colcon.colcon_core.shell:Creating environment hook '/home/hyeon/xarm_ws/install/mtc/share/mtc/hook/cmake_prefix_path.sh'
[11.698s] Level 1:colcon.colcon_core.environment:checking '/home/hyeon/xarm_ws/install/mtc/lib'
[11.698s] Level 1:colcon.colcon_core.environment:checking '/home/hyeon/xarm_ws/install/mtc/bin'
[11.698s] Level 1:colcon.colcon_core.environment:checking '/home/hyeon/xarm_ws/install/mtc/lib/pkgconfig/mtc.pc'
[11.698s] Level 1:colcon.colcon_core.environment:checking '/home/hyeon/xarm_ws/install/mtc/lib/python3.12/site-packages'
[11.699s] Level 1:colcon.colcon_core.environment:checking '/home/hyeon/xarm_ws/install/mtc/bin'
[11.699s] INFO:colcon.colcon_core.shell:Creating package script '/home/hyeon/xarm_ws/install/mtc/share/mtc/package.ps1'
[11.699s] INFO:colcon.colcon_core.shell:Creating package descriptor '/home/hyeon/xarm_ws/install/mtc/share/mtc/package.dsv'
[11.700s] INFO:colcon.colcon_core.shell:Creating package script '/home/hyeon/xarm_ws/install/mtc/share/mtc/package.sh'
[11.700s] INFO:colcon.colcon_core.shell:Creating package script '/home/hyeon/xarm_ws/install/mtc/share/mtc/package.bash'
[11.700s] INFO:colcon.colcon_core.shell:Creating package script '/home/hyeon/xarm_ws/install/mtc/share/mtc/package.zsh'
[11.700s] Level 1:colcon.colcon_core.environment:create_file_with_runtime_dependencies(/home/hyeon/xarm_ws/install/mtc/share/colcon-core/packages/mtc)
[11.701s] INFO:colcon.colcon_ros.task.ament_cmake.build:Building ROS package in '/home/hyeon/xarm_ws/src/xarm_1s_bringup' with build type 'ament_cmake'
[11.701s] INFO:colcon.colcon_cmake.task.cmake.build:Building CMake package in '/home/hyeon/xarm_ws/src/xarm_1s_bringup'
[11.701s] INFO:colcon.colcon_core.shell:Skip shell extension 'powershell' for command environment: Not usable outside of PowerShell
[11.701s] DEBUG:colcon.colcon_core.shell:Skip shell extension 'dsv' for command environment
[12.006s] DEBUG:colcon.colcon_core.event_handler.log_command:Invoking command in '/home/hyeon/xarm_ws/build/xarm_1s_bringup': AMENT_PREFIX_PATH=/home/hyeon/xarm_ws/install/mtc:/home/hyeon/xarm_ws/install/xarm_1s_moveit_config:/home/hyeon/xarm_ws/install/xarm_1s_hardware:/home/hyeon/xarm_ws/install/xarm_1s_description:${AMENT_PREFIX_PATH} CMAKE_PREFIX_PATH=/home/hyeon/xarm_ws/install/mtc:/home/hyeon/xarm_ws/install/xarm_1s_moveit_config:/home/hyeon/xarm_ws/install/xarm_1s_hardware:/home/hyeon/xarm_ws/install/xarm_1s_description:/opt/ros/jazzy/opt/sdformat_vendor:/opt/ros/jazzy/opt/gz_math_vendor:/opt/ros/jazzy/opt/gz_utils_vendor:/opt/ros/jazzy/opt/gz_tools_vendor:/opt/ros/jazzy/opt/gz_cmake_vendor:/opt/ros/jazzy LD_LIBRARY_PATH=/home/hyeon/xarm_ws/install/xarm_1s_hardware/lib:${LD_LIBRARY_PATH} /usr/bin/cmake /home/hyeon/xarm_ws/src/xarm_1s_bringup -DAMENT_CMAKE_SYMLINK_INSTALL=1 -DCMAKE_INSTALL_PREFIX=/home/hyeon/xarm_ws/install/xarm_1s_bringup
[14.844s] DEBUG:colcon.colcon_core.event_handler.log_command:Invoked command in '/home/hyeon/xarm_ws/build/xarm_1s_bringup' returned '0': AMENT_PREFIX_PATH=/home/hyeon/xarm_ws/install/mtc:/home/hyeon/xarm_ws/install/xarm_1s_moveit_config:/home/hyeon/xarm_ws/install/xarm_1s_hardware:/home/hyeon/xarm_ws/install/xarm_1s_description:${AMENT_PREFIX_PATH} CMAKE_PREFIX_PATH=/home/hyeon/xarm_ws/install/mtc:/home/hyeon/xarm_ws/install/xarm_1s_moveit_config:/home/hyeon/xarm_ws/install/xarm_1s_hardware:/home/hyeon/xarm_ws/install/xarm_1s_description:/opt/ros/jazzy/opt/sdformat_vendor:/opt/ros/jazzy/opt/gz_math_vendor:/opt/ros/jazzy/opt/gz_utils_vendor:/opt/ros/jazzy/opt/gz_tools_vendor:/opt/ros/jazzy/opt/gz_cmake_vendor:/opt/ros/jazzy LD_LIBRARY_PATH=/home/hyeon/xarm_ws/install/xarm_1s_hardware/lib:${LD_LIBRARY_PATH} /usr/bin/cmake /home/hyeon/xarm_ws/src/xarm_1s_bringup -DAMENT_CMAKE_SYMLINK_INSTALL=1 -DCMAKE_INSTALL_PREFIX=/home/hyeon/xarm_ws/install/xarm_1s_bringup
[14.846s] DEBUG:colcon.colcon_core.event_handler.log_command:Invoking command in '/home/hyeon/xarm_ws/build/xarm_1s_bringup': AMENT_PREFIX_PATH=/home/hyeon/xarm_ws/install/mtc:/home/hyeon/xarm_ws/install/xarm_1s_moveit_config:/home/hyeon/xarm_ws/install/xarm_1s_hardware:/home/hyeon/xarm_ws/install/xarm_1s_description:${AMENT_PREFIX_PATH} CMAKE_PREFIX_PATH=/home/hyeon/xarm_ws/install/mtc:/home/hyeon/xarm_ws/install/xarm_1s_moveit_config:/home/hyeon/xarm_ws/install/xarm_1s_hardware:/home/hyeon/xarm_ws/install/xarm_1s_description:/opt/ros/jazzy/opt/sdformat_vendor:/opt/ros/jazzy/opt/gz_math_vendor:/opt/ros/jazzy/opt/gz_utils_vendor:/opt/ros/jazzy/opt/gz_tools_vendor:/opt/ros/jazzy/opt/gz_cmake_vendor:/opt/ros/jazzy LD_LIBRARY_PATH=/home/hyeon/xarm_ws/install/xarm_1s_hardware/lib:${LD_LIBRARY_PATH} /usr/bin/cmake --build /home/hyeon/xarm_ws/build/xarm_1s_bringup -- -j24 -l24
[14.870s] DEBUG:colcon.colcon_core.event_handler.log_command:Invoked command in '/home/hyeon/xarm_ws/build/xarm_1s_bringup' returned '0': AMENT_PREFIX_PATH=/home/hyeon/xarm_ws/install/mtc:/home/hyeon/xarm_ws/install/xarm_1s_moveit_config:/home/hyeon/xarm_ws/install/xarm_1s_hardware:/home/hyeon/xarm_ws/install/xarm_1s_description:${AMENT_PREFIX_PATH} CMAKE_PREFIX_PATH=/home/hyeon/xarm_ws/install/mtc:/home/hyeon/xarm_ws/install/xarm_1s_moveit_config:/home/hyeon/xarm_ws/install/xarm_1s_hardware:/home/hyeon/xarm_ws/install/xarm_1s_description:/opt/ros/jazzy/opt/sdformat_vendor:/opt/ros/jazzy/opt/gz_math_vendor:/opt/ros/jazzy/opt/gz_utils_vendor:/opt/ros/jazzy/opt/gz_tools_vendor:/opt/ros/jazzy/opt/gz_cmake_vendor:/opt/ros/jazzy LD_LIBRARY_PATH=/home/hyeon/xarm_ws/install/xarm_1s_hardware/lib:${LD_LIBRARY_PATH} /usr/bin/cmake --build /home/hyeon/xarm_ws/build/xarm_1s_bringup -- -j24 -l24
[14.871s] DEBUG:colcon.colcon_core.event_handler.log_command:Invoking command in '/home/hyeon/xarm_ws/build/xarm_1s_bringup': AMENT_PREFIX_PATH=/home/hyeon/xarm_ws/install/mtc:/home/hyeon/xarm_ws/install/xarm_1s_moveit_config:/home/hyeon/xarm_ws/install/xarm_1s_hardware:/home/hyeon/xarm_ws/install/xarm_1s_description:${AMENT_PREFIX_PATH} CMAKE_PREFIX_PATH=/home/hyeon/xarm_ws/install/mtc:/home/hyeon/xarm_ws/install/xarm_1s_moveit_config:/home/hyeon/xarm_ws/install/xarm_1s_hardware:/home/hyeon/xarm_ws/install/xarm_1s_description:/opt/ros/jazzy/opt/sdformat_vendor:/opt/ros/jazzy/opt/gz_math_vendor:/opt/ros/jazzy/opt/gz_utils_vendor:/opt/ros/jazzy/opt/gz_tools_vendor:/opt/ros/jazzy/opt/gz_cmake_vendor:/opt/ros/jazzy LD_LIBRARY_PATH=/home/hyeon/xarm_ws/install/xarm_1s_hardware/lib:${LD_LIBRARY_PATH} /usr/bin/cmake --install /home/hyeon/xarm_ws/build/xarm_1s_bringup
[14.973s] Level 1:colcon.colcon_core.environment:create_environment_scripts_only(xarm_1s_bringup)
[14.973s] Level 1:colcon.colcon_core.environment:checking '/home/hyeon/xarm_ws/install/xarm_1s_bringup' for CMake module files
[14.974s] DEBUG:colcon.colcon_core.event_handler.log_command:Invoked command in '/home/hyeon/xarm_ws/build/xarm_1s_bringup' returned '0': AMENT_PREFIX_PATH=/home/hyeon/xarm_ws/install/mtc:/home/hyeon/xarm_ws/install/xarm_1s_moveit_config:/home/hyeon/xarm_ws/install/xarm_1s_hardware:/home/hyeon/xarm_ws/install/xarm_1s_description:${AMENT_PREFIX_PATH} CMAKE_PREFIX_PATH=/home/hyeon/xarm_ws/install/mtc:/home/hyeon/xarm_ws/install/xarm_1s_moveit_config:/home/hyeon/xarm_ws/install/xarm_1s_hardware:/home/hyeon/xarm_ws/install/xarm_1s_description:/opt/ros/jazzy/opt/sdformat_vendor:/opt/ros/jazzy/opt/gz_math_vendor:/opt/ros/jazzy/opt/gz_utils_vendor:/opt/ros/jazzy/opt/gz_tools_vendor:/opt/ros/jazzy/opt/gz_cmake_vendor:/opt/ros/jazzy LD_LIBRARY_PATH=/home/hyeon/xarm_ws/install/xarm_1s_hardware/lib:${LD_LIBRARY_PATH} /usr/bin/cmake --install /home/hyeon/xarm_ws/build/xarm_1s_bringup
[14.974s] Level 1:colcon.colcon_core.environment:checking '/home/hyeon/xarm_ws/install/xarm_1s_bringup' for CMake config files
[14.974s] Level 1:colcon.colcon_core.shell:create_environment_hook('xarm_1s_bringup', 'cmake_prefix_path')
[14.974s] INFO:colcon.colcon_core.shell:Creating environment hook '/home/hyeon/xarm_ws/install/xarm_1s_bringup/share/xarm_1s_bringup/hook/cmake_prefix_path.ps1'
[14.975s] INFO:colcon.colcon_core.shell:Creating environment descriptor '/home/hyeon/xarm_ws/install/xarm_1s_bringup/share/xarm_1s_bringup/hook/cmake_prefix_path.dsv'
[14.975s] INFO:colcon.colcon_core.shell:Creating environment hook '/home/hyeon/xarm_ws/install/xarm_1s_bringup/share/xarm_1s_bringup/hook/cmake_prefix_path.sh'
[14.976s] Level 1:colcon.colcon_core.environment:checking '/home/hyeon/xarm_ws/install/xarm_1s_bringup/bin'
[14.976s] Level 1:colcon.colcon_core.environment:checking '/home/hyeon/xarm_ws/install/xarm_1s_bringup/lib/pkgconfig/xarm_1s_bringup.pc'
[14.976s] Level 1:colcon.colcon_core.environment:checking '/home/hyeon/xarm_ws/install/xarm_1s_bringup/lib/python3.12/site-packages'
[14.976s] Level 1:colcon.colcon_core.environment:checking '/home/hyeon/xarm_ws/install/xarm_1s_bringup/bin'
[14.976s] INFO:colcon.colcon_core.shell:Creating package script '/home/hyeon/xarm_ws/install/xarm_1s_bringup/share/xarm_1s_bringup/package.ps1'
[14.977s] INFO:colcon.colcon_core.shell:Creating package descriptor '/home/hyeon/xarm_ws/install/xarm_1s_bringup/share/xarm_1s_bringup/package.dsv'
[14.977s] INFO:colcon.colcon_core.shell:Creating package script '/home/hyeon/xarm_ws/install/xarm_1s_bringup/share/xarm_1s_bringup/package.sh'
[14.977s] INFO:colcon.colcon_core.shell:Creating package script '/home/hyeon/xarm_ws/install/xarm_1s_bringup/share/xarm_1s_bringup/package.bash'
[14.978s] INFO:colcon.colcon_core.shell:Creating package script '/home/hyeon/xarm_ws/install/xarm_1s_bringup/share/xarm_1s_bringup/package.zsh'
[14.978s] Level 1:colcon.colcon_core.environment:create_file_with_runtime_dependencies(/home/hyeon/xarm_ws/install/xarm_1s_bringup/share/colcon-core/packages/xarm_1s_bringup)
[14.979s] Level 1:colcon.colcon_core.environment:create_environment_scripts_only(xarm_1s_bringup)
[14.979s] Level 1:colcon.colcon_core.environment:checking '/home/hyeon/xarm_ws/install/xarm_1s_bringup' for CMake module files
[14.979s] Level 1:colcon.colcon_core.environment:checking '/home/hyeon/xarm_ws/install/xarm_1s_bringup' for CMake config files
[14.979s] Level 1:colcon.colcon_core.shell:create_environment_hook('xarm_1s_bringup', 'cmake_prefix_path')
[14.979s] INFO:colcon.colcon_core.shell:Creating environment hook '/home/hyeon/xarm_ws/install/xarm_1s_bringup/share/xarm_1s_bringup/hook/cmake_prefix_path.ps1'
[14.980s] INFO:colcon.colcon_core.shell:Creating environment descriptor '/home/hyeon/xarm_ws/install/xarm_1s_bringup/share/xarm_1s_bringup/hook/cmake_prefix_path.dsv'
[14.980s] INFO:colcon.colcon_core.shell:Creating environment hook '/home/hyeon/xarm_ws/install/xarm_1s_bringup/share/xarm_1s_bringup/hook/cmake_prefix_path.sh'
[14.980s] Level 1:colcon.colcon_core.environment:checking '/home/hyeon/xarm_ws/install/xarm_1s_bringup/bin'
[14.980s] Level 1:colcon.colcon_core.environment:checking '/home/hyeon/xarm_ws/install/xarm_1s_bringup/lib/pkgconfig/xarm_1s_bringup.pc'
[14.980s] Level 1:colcon.colcon_core.environment:checking '/home/hyeon/xarm_ws/install/xarm_1s_bringup/lib/python3.12/site-packages'
[14.981s] Level 1:colcon.colcon_core.environment:checking '/home/hyeon/xarm_ws/install/xarm_1s_bringup/bin'
[14.981s] INFO:colcon.colcon_core.shell:Creating package script '/home/hyeon/xarm_ws/install/xarm_1s_bringup/share/xarm_1s_bringup/package.ps1'
[14.981s] INFO:colcon.colcon_core.shell:Creating package descriptor '/home/hyeon/xarm_ws/install/xarm_1s_bringup/share/xarm_1s_bringup/package.dsv'
[14.981s] INFO:colcon.colcon_core.shell:Creating package script '/home/hyeon/xarm_ws/install/xarm_1s_bringup/share/xarm_1s_bringup/package.sh'
[14.982s] INFO:colcon.colcon_core.shell:Creating package script '/home/hyeon/xarm_ws/install/xarm_1s_bringup/share/xarm_1s_bringup/package.bash'
[14.982s] INFO:colcon.colcon_core.shell:Creating package script '/home/hyeon/xarm_ws/install/xarm_1s_bringup/share/xarm_1s_bringup/package.zsh'
[14.982s] Level 1:colcon.colcon_core.environment:create_file_with_runtime_dependencies(/home/hyeon/xarm_ws/install/xarm_1s_bringup/share/colcon-core/packages/xarm_1s_bringup)
[14.982s] DEBUG:colcon.colcon_parallel_executor.executor.parallel:closing loop
[14.983s] DEBUG:colcon.colcon_parallel_executor.executor.parallel:loop closed
[14.983s] DEBUG:colcon.colcon_parallel_executor.executor.parallel:run_until_complete finished with '0'
[14.983s] DEBUG:colcon.colcon_core.event_reactor:joining thread
[15.043s] INFO:colcon.colcon_core.plugin_system:Skipping extension 'colcon_notification.desktop_notification.notify_send': Could not find 'notify-send'
[15.044s] INFO:colcon.colcon_core.plugin_system:Skipping extension 'colcon_notification.desktop_notification.terminal_notifier': Not used on non-Darwin systems
[15.044s] INFO:colcon.colcon_core.plugin_system:Skipping extension 'colcon_notification.desktop_notification.win32': Not used on non-Windows systems
[15.044s] INFO:colcon.colcon_notification.desktop_notification:Sending desktop notification using 'notify2'
[15.046s] DEBUG:colcon.colcon_notification.desktop_notification.notify2:Failed to initialize notify2: org.freedesktop.DBus.Error.ServiceUnknown: The name org.freedesktop.Notifications was not provided by any .service files
[15.046s] DEBUG:colcon.colcon_core.event_reactor:joined thread
[15.046s] INFO:colcon.colcon_core.shell:Creating prefix script '/home/hyeon/xarm_ws/install/local_setup.ps1'
[15.047s] INFO:colcon.colcon_core.shell:Creating prefix util module '/home/hyeon/xarm_ws/install/_local_setup_util_ps1.py'
[15.048s] INFO:colcon.colcon_core.shell:Creating prefix chain script '/home/hyeon/xarm_ws/install/setup.ps1'
[15.049s] INFO:colcon.colcon_core.shell:Creating prefix script '/home/hyeon/xarm_ws/install/local_setup.sh'
[15.049s] INFO:colcon.colcon_core.shell:Creating prefix util module '/home/hyeon/xarm_ws/install/_local_setup_util_sh.py'
[15.050s] INFO:colcon.colcon_core.shell:Creating prefix chain script '/home/hyeon/xarm_ws/install/setup.sh'
[15.050s] INFO:colcon.colcon_core.shell:Creating prefix script '/home/hyeon/xarm_ws/install/local_setup.bash'
[15.051s] INFO:colcon.colcon_core.shell:Creating prefix chain script '/home/hyeon/xarm_ws/install/setup.bash'
[15.052s] INFO:colcon.colcon_core.shell:Creating prefix script '/home/hyeon/xarm_ws/install/local_setup.zsh'
[15.052s] INFO:colcon.colcon_core.shell:Creating prefix chain script '/home/hyeon/xarm_ws/install/setup.zsh'
