[0.015s] Invoking command in '/home/hyeon/xarm_ws/build/xarm_1s_hardware': CMAKE_PREFIX_PATH=${CMAKE_PREFIX_PATH}:/opt/ros/jazzy /usr/bin/cmake --build /home/hyeon/xarm_ws/build/xarm_1s_hardware -- -j24 -l24
[0.104s] [100%] Built target xarm_1s_hardware
[0.113s] Invoked command in '/home/hyeon/xarm_ws/build/xarm_1s_hardware' returned '0': CMAKE_PREFIX_PATH=${CMAKE_PREFIX_PATH}:/opt/ros/jazzy /usr/bin/cmake --build /home/hyeon/xarm_ws/build/xarm_1s_hardware -- -j24 -l24
[0.115s] Invoking command in '/home/hyeon/xarm_ws/build/xarm_1s_hardware': CMAKE_PREFIX_PATH=${CMAKE_PREFIX_PATH}:/opt/ros/jazzy /usr/bin/cmake --install /home/hyeon/xarm_ws/build/xarm_1s_hardware
[0.120s] -- Install configuration: ""
[0.122s] -- Execute custom install script
[0.123s] -- Up-to-date symlink: /home/hyeon/xarm_ws/install/xarm_1s_hardware/share/xarm_1s_hardware//xarm_1s_hardware_plugin.xml
[0.123s] -- Up-to-date symlink: /home/hyeon/xarm_ws/install/xarm_1s_hardware/include/xarm_1s_hardware/xarm_1s_hardware_interface.hpp
[0.123s] -- Up-to-date symlink: /home/hyeon/xarm_ws/install/xarm_1s_hardware/share/xarm_1s_hardware/xarm_1s_hardware_plugin.xml
[0.123s] -- Up-to-date symlink: /home/hyeon/xarm_ws/install/xarm_1s_hardware/share/xarm_1s_hardware/environment/library_path.sh
[0.124s] -- Up-to-date symlink: /home/hyeon/xarm_ws/install/xarm_1s_hardware/share/xarm_1s_hardware/environment/library_path.dsv
[0.124s] -- Up-to-date symlink: /home/hyeon/xarm_ws/install/xarm_1s_hardware/share/ament_index/resource_index/package_run_dependencies/xarm_1s_hardware
[0.124s] -- Up-to-date symlink: /home/hyeon/xarm_ws/install/xarm_1s_hardware/share/ament_index/resource_index/parent_prefix_path/xarm_1s_hardware
[0.125s] -- Up-to-date symlink: /home/hyeon/xarm_ws/install/xarm_1s_hardware/share/xarm_1s_hardware/environment/ament_prefix_path.sh
[0.125s] -- Up-to-date symlink: /home/hyeon/xarm_ws/install/xarm_1s_hardware/share/xarm_1s_hardware/environment/ament_prefix_path.dsv
[0.125s] -- Up-to-date symlink: /home/hyeon/xarm_ws/install/xarm_1s_hardware/share/xarm_1s_hardware/environment/path.sh
[0.127s] -- Up-to-date symlink: /home/hyeon/xarm_ws/install/xarm_1s_hardware/share/xarm_1s_hardware/environment/path.dsv
[0.127s] -- Up-to-date symlink: /home/hyeon/xarm_ws/install/xarm_1s_hardware/share/xarm_1s_hardware/local_setup.bash
[0.127s] -- Up-to-date symlink: /home/hyeon/xarm_ws/install/xarm_1s_hardware/share/xarm_1s_hardware/local_setup.sh
[0.128s] -- Up-to-date symlink: /home/hyeon/xarm_ws/install/xarm_1s_hardware/share/xarm_1s_hardware/local_setup.zsh
[0.128s] -- Up-to-date symlink: /home/hyeon/xarm_ws/install/xarm_1s_hardware/share/xarm_1s_hardware/local_setup.dsv
[0.129s] -- Symlinking: /home/hyeon/xarm_ws/install/xarm_1s_hardware/share/xarm_1s_hardware/package.dsv
[0.136s] -- Up-to-date symlink: /home/hyeon/xarm_ws/install/xarm_1s_hardware/share/ament_index/resource_index/packages/xarm_1s_hardware
[0.137s] -- Up-to-date symlink: /home/hyeon/xarm_ws/install/xarm_1s_hardware/share/ament_index/resource_index/hardware_interface__pluginlib__plugin/xarm_1s_hardware
[0.137s] -- Up-to-date symlink: /home/hyeon/xarm_ws/install/xarm_1s_hardware/share/xarm_1s_hardware/cmake/ament_cmake_export_include_directories-extras.cmake
[0.138s] -- Up-to-date symlink: /home/hyeon/xarm_ws/install/xarm_1s_hardware/share/xarm_1s_hardware/cmake/ament_cmake_export_libraries-extras.cmake
[0.139s] -- Up-to-date symlink: /home/hyeon/xarm_ws/install/xarm_1s_hardware/share/xarm_1s_hardware/cmake/ament_cmake_export_targets-extras.cmake
[0.139s] -- Up-to-date symlink: /home/hyeon/xarm_ws/install/xarm_1s_hardware/share/xarm_1s_hardware/cmake/xarm_1s_hardwareConfig.cmake
[0.140s] -- Up-to-date symlink: /home/hyeon/xarm_ws/install/xarm_1s_hardware/share/xarm_1s_hardware/cmake/xarm_1s_hardwareConfig-version.cmake
[0.140s] -- Up-to-date symlink: /home/hyeon/xarm_ws/install/xarm_1s_hardware/share/xarm_1s_hardware/package.xml
[0.141s] -- Up-to-date: /home/hyeon/xarm_ws/install/xarm_1s_hardware/lib/libxarm_1s_hardware.so
[0.141s] -- Up-to-date: /home/hyeon/xarm_ws/install/xarm_1s_hardware/share/xarm_1s_hardware/cmake/export_xarm_1s_hardwareExport.cmake
[0.141s] -- Up-to-date: /home/hyeon/xarm_ws/install/xarm_1s_hardware/share/xarm_1s_hardware/cmake/export_xarm_1s_hardwareExport-noconfig.cmake
[0.149s] Invoked command in '/home/hyeon/xarm_ws/build/xarm_1s_hardware' returned '0': CMAKE_PREFIX_PATH=${CMAKE_PREFIX_PATH}:/opt/ros/jazzy /usr/bin/cmake --install /home/hyeon/xarm_ws/build/xarm_1s_hardware
