[0.072s] Invoking command in '/home/hyeon/xarm_ws/build/mtc': CMAKE_PREFIX_PATH=/home/hyeon/xarm_ws/install/xarm_1s_moveit_config:/home/hyeon/xarm_ws/install/mtc:/home/hyeon/xarm_ws/install/xarm_1s_hardware:/home/hyeon/xarm_ws/install/xarm_1s_description:/opt/ros/jazzy/opt/sdformat_vendor:/opt/ros/jazzy/opt/gz_math_vendor:/opt/ros/jazzy/opt/gz_utils_vendor:/opt/ros/jazzy/opt/gz_tools_vendor:/opt/ros/jazzy/opt/gz_cmake_vendor:/opt/ros/jazzy /usr/bin/cmake /home/hyeon/xarm_ws/src/mtc -DCMAKE_INSTALL_PREFIX=/home/hyeon/xarm_ws/install/mtc
[0.082s] -- Found ament_cmake: 2.5.6 (/opt/ros/jazzy/share/ament_cmake/cmake)
[0.204s] -- Override CMake install command with custom implementation using symlinks instead of copying resources
[0.210s] -- Found rclcpp: 28.1.18 (/opt/ros/jazzy/share/rclcpp/cmake)
[0.382s] -- Found rosidl_generator_c: 4.6.7 (/opt/ros/jazzy/share/rosidl_generator_c/cmake)
[0.386s] -- Found rosidl_generator_cpp: 4.6.7 (/opt/ros/jazzy/share/rosidl_generator_cpp/cmake)
[0.392s] -- Using all available rosidl_typesupport_c: rosidl_typesupport_fastrtps_c;rosidl_typesupport_introspection_c
[0.398s] -- Using all available rosidl_typesupport_cpp: rosidl_typesupport_fastrtps_cpp;rosidl_typesupport_introspection_cpp
[0.432s] -- Found rmw_implementation_cmake: 7.3.3 (/opt/ros/jazzy/share/rmw_implementation_cmake/cmake)
[0.432s] -- Found rmw_fastrtps_cpp: 8.4.3 (/opt/ros/jazzy/share/rmw_fastrtps_cpp/cmake)
[0.705s] -- Using RMW implementation 'rmw_fastrtps_cpp' as default
[0.925s] -- Found moveit_ros_planning_interface: 2.12.4 (/opt/ros/jazzy/share/moveit_ros_planning_interface/cmake)
[0.931s] -- Found Boost: /usr/lib/x86_64-linux-gnu/cmake/Boost-1.83.0/BoostConfig.cmake (found version "1.83.0") found components: date_time filesystem program_options system thread 
[1.090s] -- Found Boost: /usr/lib/x86_64-linux-gnu/cmake/Boost-1.83.0/BoostConfig.cmake (found version "1.83.0") found components: chrono date_time filesystem iostreams program_options regex serialization system thread 
[2.384s] -- Found parameter_traits: 0.7.1 (/opt/ros/jazzy/share/parameter_traits/cmake)
[2.387s] -- Found rclcpp_lifecycle: 28.1.18 (/opt/ros/jazzy/share/rclcpp_lifecycle/cmake)
[2.406s] -- Found Boost: /usr/lib/x86_64-linux-gnu/cmake/Boost-1.83.0/BoostConfig.cmake (found version "1.83.0") found components: filesystem 
[2.433s] -- Ensuring Eigen3 include directory is part of orocos-kdl CMake target
[2.508s] -- Found Boost: /usr/lib/x86_64-linux-gnu/cmake/Boost-1.83.0/BoostConfig.cmake (found version "1.83.0") found components: system filesystem date_time program_options thread chrono 
[2.539s] -- Found Boost: /usr/lib/x86_64-linux-gnu/cmake/Boost-1.83.0/BoostConfig.cmake (found version "1.83.0") found components: thread system filesystem regex date_time program_options 
[2.554s] -- Found Boost: /usr/lib/x86_64-linux-gnu/cmake/Boost-1.83.0/BoostConfig.cmake (found version "1.83.0") found components: system filesystem date_time program_options thread 
[2.585s] -- Found moveit_task_constructor_core: 0.1.4 (/opt/ros/jazzy/share/moveit_task_constructor_core/cmake)
[2.637s] -- Found ament_lint_auto: 0.17.5 (/opt/ros/jazzy/share/ament_lint_auto/cmake)
[2.700s] -- Added test 'cppcheck' to perform static code analysis on C / C++ code
[2.700s] -- Configured cppcheck include dirs: 
[2.700s] -- Configured cppcheck exclude dirs and/or files: 
[2.700s] -- Added test 'flake8' to check Python code syntax and style conventions
[2.700s] -- Configured 'flake8' exclude dirs and/or files: 
[2.700s] -- Added test 'lint_cmake' to check CMake code style
[2.700s] -- Added test 'pep257' to check Python code against some of the docstring style conventions in PEP 257
[2.701s] -- Added test 'uncrustify' to check C / C++ code style
[2.701s] -- Configured uncrustify additional arguments: 
[2.701s] -- Added test 'xmllint' to check XML markup files
[2.702s] -- Configuring done (2.6s)
[2.735s] -- Generating done (0.0s)
[2.740s] -- Build files have been written to: /home/hyeon/xarm_ws/build/mtc
[2.750s] Invoked command in '/home/hyeon/xarm_ws/build/mtc' returned '0': CMAKE_PREFIX_PATH=/home/hyeon/xarm_ws/install/xarm_1s_moveit_config:/home/hyeon/xarm_ws/install/mtc:/home/hyeon/xarm_ws/install/xarm_1s_hardware:/home/hyeon/xarm_ws/install/xarm_1s_description:/opt/ros/jazzy/opt/sdformat_vendor:/opt/ros/jazzy/opt/gz_math_vendor:/opt/ros/jazzy/opt/gz_utils_vendor:/opt/ros/jazzy/opt/gz_tools_vendor:/opt/ros/jazzy/opt/gz_cmake_vendor:/opt/ros/jazzy /usr/bin/cmake /home/hyeon/xarm_ws/src/mtc -DCMAKE_INSTALL_PREFIX=/home/hyeon/xarm_ws/install/mtc
[2.750s] Invoking command in '/home/hyeon/xarm_ws/build/mtc': CMAKE_PREFIX_PATH=/home/hyeon/xarm_ws/install/xarm_1s_moveit_config:/home/hyeon/xarm_ws/install/mtc:/home/hyeon/xarm_ws/install/xarm_1s_hardware:/home/hyeon/xarm_ws/install/xarm_1s_description:/opt/ros/jazzy/opt/sdformat_vendor:/opt/ros/jazzy/opt/gz_math_vendor:/opt/ros/jazzy/opt/gz_utils_vendor:/opt/ros/jazzy/opt/gz_tools_vendor:/opt/ros/jazzy/opt/gz_cmake_vendor:/opt/ros/jazzy /usr/bin/cmake --build /home/hyeon/xarm_ws/build/mtc -- -j24 -l24
[2.838s] [100%] Built target mtc_node
[2.845s] Invoked command in '/home/hyeon/xarm_ws/build/mtc' returned '0': CMAKE_PREFIX_PATH=/home/hyeon/xarm_ws/install/xarm_1s_moveit_config:/home/hyeon/xarm_ws/install/mtc:/home/hyeon/xarm_ws/install/xarm_1s_hardware:/home/hyeon/xarm_ws/install/xarm_1s_description:/opt/ros/jazzy/opt/sdformat_vendor:/opt/ros/jazzy/opt/gz_math_vendor:/opt/ros/jazzy/opt/gz_utils_vendor:/opt/ros/jazzy/opt/gz_tools_vendor:/opt/ros/jazzy/opt/gz_cmake_vendor:/opt/ros/jazzy /usr/bin/cmake --build /home/hyeon/xarm_ws/build/mtc -- -j24 -l24
[2.847s] Invoking command in '/home/hyeon/xarm_ws/build/mtc': CMAKE_PREFIX_PATH=/home/hyeon/xarm_ws/install/xarm_1s_moveit_config:/home/hyeon/xarm_ws/install/mtc:/home/hyeon/xarm_ws/install/xarm_1s_hardware:/home/hyeon/xarm_ws/install/xarm_1s_description:/opt/ros/jazzy/opt/sdformat_vendor:/opt/ros/jazzy/opt/gz_math_vendor:/opt/ros/jazzy/opt/gz_utils_vendor:/opt/ros/jazzy/opt/gz_tools_vendor:/opt/ros/jazzy/opt/gz_cmake_vendor:/opt/ros/jazzy /usr/bin/cmake --install /home/hyeon/xarm_ws/build/mtc
[2.851s] -- Install configuration: ""
[2.851s] -- Execute custom install script
[2.852s] -- Up-to-date symlink: /home/hyeon/xarm_ws/install/mtc/lib/mtc/mtc_node
[2.853s] -- Up-to-date symlink: /home/hyeon/xarm_ws/install/mtc/share/mtc/launch/__pycache__/pick_place_demo.launch.cpython-312.pyc
[2.853s] -- Up-to-date symlink: /home/hyeon/xarm_ws/install/mtc/share/mtc/launch/pick_place_demo.launch.py
[2.853s] -- Up-to-date symlink: /home/hyeon/xarm_ws/install/mtc/share/ament_index/resource_index/package_run_dependencies/mtc
[2.854s] -- Up-to-date symlink: /home/hyeon/xarm_ws/install/mtc/share/ament_index/resource_index/parent_prefix_path/mtc
[2.854s] -- Up-to-date symlink: /home/hyeon/xarm_ws/install/mtc/share/mtc/environment/ament_prefix_path.sh
[2.854s] -- Up-to-date symlink: /home/hyeon/xarm_ws/install/mtc/share/mtc/environment/ament_prefix_path.dsv
[2.854s] -- Up-to-date symlink: /home/hyeon/xarm_ws/install/mtc/share/mtc/environment/path.sh
[2.855s] -- Up-to-date symlink: /home/hyeon/xarm_ws/install/mtc/share/mtc/environment/path.dsv
[2.855s] -- Up-to-date symlink: /home/hyeon/xarm_ws/install/mtc/share/mtc/local_setup.bash
[2.855s] -- Up-to-date symlink: /home/hyeon/xarm_ws/install/mtc/share/mtc/local_setup.sh
[2.856s] -- Up-to-date symlink: /home/hyeon/xarm_ws/install/mtc/share/mtc/local_setup.zsh
[2.856s] -- Up-to-date symlink: /home/hyeon/xarm_ws/install/mtc/share/mtc/local_setup.dsv
[2.856s] -- Symlinking: /home/hyeon/xarm_ws/install/mtc/share/mtc/package.dsv
[2.861s] -- Up-to-date symlink: /home/hyeon/xarm_ws/install/mtc/share/ament_index/resource_index/packages/mtc
[2.862s] -- Up-to-date symlink: /home/hyeon/xarm_ws/install/mtc/share/mtc/cmake/mtcConfig.cmake
[2.862s] -- Up-to-date symlink: /home/hyeon/xarm_ws/install/mtc/share/mtc/cmake/mtcConfig-version.cmake
[2.862s] -- Up-to-date symlink: /home/hyeon/xarm_ws/install/mtc/share/mtc/package.xml
[2.864s] Invoked command in '/home/hyeon/xarm_ws/build/mtc' returned '0': CMAKE_PREFIX_PATH=/home/hyeon/xarm_ws/install/xarm_1s_moveit_config:/home/hyeon/xarm_ws/install/mtc:/home/hyeon/xarm_ws/install/xarm_1s_hardware:/home/hyeon/xarm_ws/install/xarm_1s_description:/opt/ros/jazzy/opt/sdformat_vendor:/opt/ros/jazzy/opt/gz_math_vendor:/opt/ros/jazzy/opt/gz_utils_vendor:/opt/ros/jazzy/opt/gz_tools_vendor:/opt/ros/jazzy/opt/gz_cmake_vendor:/opt/ros/jazzy /usr/bin/cmake --install /home/hyeon/xarm_ws/build/mtc
