[0.006s] Invoking command in '/home/hyeonsu/xarm_ws/build/mtc': DEBUGINFOD_URLS=https://debuginfod.ubuntu.com /usr/bin/cmake --build /home/hyeonsu/xarm_ws/build/mtc -- -j24 -l24
[0.031s] -- Found ament_cmake: 2.5.5 (/opt/ros/jazzy/share/ament_cmake/cmake)
[0.981s] Traceback (most recent call last):
[0.981s]   File "/opt/ros/jazzy/share/ament_cmake_core/cmake/package_templates/templates_2_cmake.py", line 21, in <module>
[0.981s]     from ament_package.templates import get_environment_hook_template_path
[0.981s] ModuleNotFoundError: No module named 'ament_package'
[1.002s] CMake Error at /opt/ros/jazzy/share/ament_cmake_core/cmake/ament_cmake_package_templates-extras.cmake:41 (message):
[1.002s]   execute_process(/usr/bin/python3
[1.002s]   /opt/ros/jazzy/share/ament_cmake_core/cmake/package_templates/templates_2_cmake.py
[1.002s]   /home/hyeonsu/xarm_ws/build/mtc/ament_cmake_package_templates/templates.cmake)
[1.002s]   returned error code 1
[1.002s] Call Stack (most recent call first):
[1.002s]   /opt/ros/jazzy/share/ament_cmake_core/cmake/ament_cmake_coreConfig.cmake:41 (include)
[1.002s]   /opt/ros/jazzy/share/ament_cmake/cmake/ament_cmake_export_dependencies-extras.cmake:15 (find_package)
[1.002s]   /opt/ros/jazzy/share/ament_cmake/cmake/ament_cmakeConfig.cmake:41 (include)
[1.002s]   CMakeLists.txt:11 (find_package)
[1.002s] 
[1.002s] 
[1.002s] -- Configuring incomplete, errors occurred!
[1.005s] gmake: *** [Makefile:308: cmake_check_build_system] Error 1
[1.006s] Invoked command in '/home/hyeonsu/xarm_ws/build/mtc' returned '2': DEBUGINFOD_URLS=https://debuginfod.ubuntu.com /usr/bin/cmake --build /home/hyeonsu/xarm_ws/build/mtc -- -j24 -l24
