[0.207s] DEBUG:colcon:Command line arguments: ['/usr/bin/colcon', 'build']
[0.207s] DEBUG:colcon:Parsed command line arguments: Namespace(log_base=None, log_level=None, verb_name='build', build_base='build', install_base='install', merge_install=False, symlink_install=False, test_result_base=None, continue_on_error=False, executor='parallel', parallel_workers=24, event_handlers=None, ignore_user_meta=False, metas=['./colcon.meta'], base_paths=['.'], packages_ignore=None, packages_ignore_regex=None, paths=None, packages_up_to=None, packages_up_to_regex=None, packages_above=None, packages_above_and_dependencies=None, packages_above_depth=None, packages_select_by_dep=None, packages_skip_by_dep=None, packages_skip_up_to=None, packages_select_build_failed=False, packages_skip_build_finished=False, packages_select_test_failures=False, packages_skip_test_passed=False, packages_select=None, packages_skip=None, packages_select_regex=None, packages_skip_regex=None, packages_start=None, packages_end=None, allow_overriding=[], cmake_args=None, cmake_target=None, cmake_target_skip_unavailable=False, cmake_clean_cache=False, cmake_clean_first=False, cmake_force_configure=False, ament_cmake_args=None, catkin_cmake_args=None, catkin_skip_building_tests=False, mixin_files=None, mixin=None, verb_parser=<colcon_mixin.mixin.mixin_argument.MixinArgumentDecorator object at 0x70ed1bd86420>, verb_extension=<colcon_core.verb.build.BuildVerb object at 0x70ed1beaea80>, main=<bound method BuildVerb.main of <colcon_core.verb.build.BuildVerb object at 0x70ed1beaea80>>, mixin_verb=('build',))
[0.253s] Level 1:colcon.colcon_core.package_discovery:discover_packages(colcon_meta) check parameters
[0.253s] Level 1:colcon.colcon_core.package_discovery:discover_packages(recursive) check parameters
[0.253s] Level 1:colcon.colcon_core.package_discovery:discover_packages(ignore) check parameters
[0.253s] Level 1:colcon.colcon_core.package_discovery:discover_packages(path) check parameters
[0.253s] Level 1:colcon.colcon_core.package_discovery:discover_packages(colcon_meta) discover
[0.253s] Level 1:colcon.colcon_core.package_discovery:discover_packages(recursive) discover
[0.253s] INFO:colcon.colcon_core.package_discovery:Crawling recursively for packages in '/home/hyeon/xarm_ws'
[0.253s] Level 1:colcon.colcon_core.package_identification:_identify(.) by extensions ['ignore', 'ignore_ament_install']
[0.253s] Level 1:colcon.colcon_core.package_identification:_identify(.) by extension 'ignore'
[0.253s] Level 1:colcon.colcon_core.package_identification:_identify(.) by extension 'ignore_ament_install'
[0.253s] Level 1:colcon.colcon_core.package_identification:_identify(.) by extensions ['colcon_pkg']
[0.253s] Level 1:colcon.colcon_core.package_identification:_identify(.) by extension 'colcon_pkg'
[0.253s] Level 1:colcon.colcon_core.package_identification:_identify(.) by extensions ['colcon_meta']
[0.253s] Level 1:colcon.colcon_core.package_identification:_identify(.) by extension 'colcon_meta'
[0.253s] Level 1:colcon.colcon_core.package_identification:_identify(.) by extensions ['ros']
[0.253s] Level 1:colcon.colcon_core.package_identification:_identify(.) by extension 'ros'
[0.274s] Level 1:colcon.colcon_core.package_identification:_identify(.) by extensions ['cmake', 'python']
[0.274s] Level 1:colcon.colcon_core.package_identification:_identify(.) by extension 'cmake'
[0.274s] Level 1:colcon.colcon_core.package_identification:_identify(.) by extension 'python'
[0.274s] Level 1:colcon.colcon_core.package_identification:_identify(.) by extensions ['python_setup_py']
[0.274s] Level 1:colcon.colcon_core.package_identification:_identify(.) by extension 'python_setup_py'
[0.275s] Level 1:colcon.colcon_core.package_identification:_identify(build) by extensions ['ignore', 'ignore_ament_install']
[0.275s] Level 1:colcon.colcon_core.package_identification:_identify(build) by extension 'ignore'
[0.275s] Level 1:colcon.colcon_core.package_identification:_identify(build) ignored
[0.275s] Level 1:colcon.colcon_core.package_identification:_identify(install) by extensions ['ignore', 'ignore_ament_install']
[0.275s] Level 1:colcon.colcon_core.package_identification:_identify(install) by extension 'ignore'
[0.275s] Level 1:colcon.colcon_core.package_identification:_identify(install) ignored
[0.275s] Level 1:colcon.colcon_core.package_identification:_identify(log) by extensions ['ignore', 'ignore_ament_install']
[0.275s] Level 1:colcon.colcon_core.package_identification:_identify(log) by extension 'ignore'
[0.275s] Level 1:colcon.colcon_core.package_identification:_identify(log) ignored
[0.276s] Level 1:colcon.colcon_core.package_identification:_identify(src) by extensions ['ignore', 'ignore_ament_install']
[0.276s] Level 1:colcon.colcon_core.package_identification:_identify(src) by extension 'ignore'
[0.276s] Level 1:colcon.colcon_core.package_identification:_identify(src) by extension 'ignore_ament_install'
[0.276s] Level 1:colcon.colcon_core.package_identification:_identify(src) by extensions ['colcon_pkg']
[0.276s] Level 1:colcon.colcon_core.package_identification:_identify(src) by extension 'colcon_pkg'
[0.276s] Level 1:colcon.colcon_core.package_identification:_identify(src) by extensions ['colcon_meta']
[0.276s] Level 1:colcon.colcon_core.package_identification:_identify(src) by extension 'colcon_meta'
[0.276s] Level 1:colcon.colcon_core.package_identification:_identify(src) by extensions ['ros']
[0.276s] Level 1:colcon.colcon_core.package_identification:_identify(src) by extension 'ros'
[0.276s] Level 1:colcon.colcon_core.package_identification:_identify(src) by extensions ['cmake', 'python']
[0.276s] Level 1:colcon.colcon_core.package_identification:_identify(src) by extension 'cmake'
[0.276s] Level 1:colcon.colcon_core.package_identification:_identify(src) by extension 'python'
[0.276s] Level 1:colcon.colcon_core.package_identification:_identify(src) by extensions ['python_setup_py']
[0.276s] Level 1:colcon.colcon_core.package_identification:_identify(src) by extension 'python_setup_py'
[0.276s] Level 1:colcon.colcon_core.package_identification:_identify(src/mtc) by extensions ['ignore', 'ignore_ament_install']
[0.276s] Level 1:colcon.colcon_core.package_identification:_identify(src/mtc) by extension 'ignore'
[0.276s] Level 1:colcon.colcon_core.package_identification:_identify(src/mtc) by extension 'ignore_ament_install'
[0.276s] Level 1:colcon.colcon_core.package_identification:_identify(src/mtc) by extensions ['colcon_pkg']
[0.276s] Level 1:colcon.colcon_core.package_identification:_identify(src/mtc) by extension 'colcon_pkg'
[0.276s] Level 1:colcon.colcon_core.package_identification:_identify(src/mtc) by extensions ['colcon_meta']
[0.277s] Level 1:colcon.colcon_core.package_identification:_identify(src/mtc) by extension 'colcon_meta'
[0.277s] Level 1:colcon.colcon_core.package_identification:_identify(src/mtc) by extensions ['ros']
[0.277s] Level 1:colcon.colcon_core.package_identification:_identify(src/mtc) by extension 'ros'
[0.279s] DEBUG:colcon.colcon_core.package_identification:Package 'src/mtc' with type 'ros.ament_cmake' and name 'mtc'
[0.279s] Level 1:colcon.colcon_core.package_identification:_identify(src/xarm_1s_bringup) by extensions ['ignore', 'ignore_ament_install']
[0.279s] Level 1:colcon.colcon_core.package_identification:_identify(src/xarm_1s_bringup) by extension 'ignore'
[0.279s] Level 1:colcon.colcon_core.package_identification:_identify(src/xarm_1s_bringup) by extension 'ignore_ament_install'
[0.279s] Level 1:colcon.colcon_core.package_identification:_identify(src/xarm_1s_bringup) by extensions ['colcon_pkg']
[0.279s] Level 1:colcon.colcon_core.package_identification:_identify(src/xarm_1s_bringup) by extension 'colcon_pkg'
[0.279s] Level 1:colcon.colcon_core.package_identification:_identify(src/xarm_1s_bringup) by extensions ['colcon_meta']
[0.279s] Level 1:colcon.colcon_core.package_identification:_identify(src/xarm_1s_bringup) by extension 'colcon_meta'
[0.279s] Level 1:colcon.colcon_core.package_identification:_identify(src/xarm_1s_bringup) by extensions ['ros']
[0.279s] Level 1:colcon.colcon_core.package_identification:_identify(src/xarm_1s_bringup) by extension 'ros'
[0.280s] DEBUG:colcon.colcon_core.package_identification:Package 'src/xarm_1s_bringup' with type 'ros.ament_cmake' and name 'xarm_1s_bringup'
[0.280s] Level 1:colcon.colcon_core.package_identification:_identify(src/xarm_1s_description) by extensions ['ignore', 'ignore_ament_install']
[0.280s] Level 1:colcon.colcon_core.package_identification:_identify(src/xarm_1s_description) by extension 'ignore'
[0.280s] Level 1:colcon.colcon_core.package_identification:_identify(src/xarm_1s_description) by extension 'ignore_ament_install'
[0.280s] Level 1:colcon.colcon_core.package_identification:_identify(src/xarm_1s_description) by extensions ['colcon_pkg']
[0.280s] Level 1:colcon.colcon_core.package_identification:_identify(src/xarm_1s_description) by extension 'colcon_pkg'
[0.280s] Level 1:colcon.colcon_core.package_identification:_identify(src/xarm_1s_description) by extensions ['colcon_meta']
[0.280s] Level 1:colcon.colcon_core.package_identification:_identify(src/xarm_1s_description) by extension 'colcon_meta'
[0.280s] Level 1:colcon.colcon_core.package_identification:_identify(src/xarm_1s_description) by extensions ['ros']
[0.280s] Level 1:colcon.colcon_core.package_identification:_identify(src/xarm_1s_description) by extension 'ros'
[0.281s] DEBUG:colcon.colcon_core.package_identification:Package 'src/xarm_1s_description' with type 'ros.ament_cmake' and name 'xarm_1s_description'
[0.281s] Level 1:colcon.colcon_core.package_identification:_identify(src/xarm_1s_hardware) by extensions ['ignore', 'ignore_ament_install']
[0.281s] Level 1:colcon.colcon_core.package_identification:_identify(src/xarm_1s_hardware) by extension 'ignore'
[0.281s] Level 1:colcon.colcon_core.package_identification:_identify(src/xarm_1s_hardware) by extension 'ignore_ament_install'
[0.281s] Level 1:colcon.colcon_core.package_identification:_identify(src/xarm_1s_hardware) by extensions ['colcon_pkg']
[0.281s] Level 1:colcon.colcon_core.package_identification:_identify(src/xarm_1s_hardware) by extension 'colcon_pkg'
[0.281s] Level 1:colcon.colcon_core.package_identification:_identify(src/xarm_1s_hardware) by extensions ['colcon_meta']
[0.281s] Level 1:colcon.colcon_core.package_identification:_identify(src/xarm_1s_hardware) by extension 'colcon_meta'
[0.281s] Level 1:colcon.colcon_core.package_identification:_identify(src/xarm_1s_hardware) by extensions ['ros']
[0.281s] Level 1:colcon.colcon_core.package_identification:_identify(src/xarm_1s_hardware) by extension 'ros'
[0.282s] DEBUG:colcon.colcon_core.package_identification:Package 'src/xarm_1s_hardware' with type 'ros.ament_cmake' and name 'xarm_1s_hardware'
[0.282s] Level 1:colcon.colcon_core.package_identification:_identify(src/xarm_1s_moveit_config) by extensions ['ignore', 'ignore_ament_install']
[0.282s] Level 1:colcon.colcon_core.package_identification:_identify(src/xarm_1s_moveit_config) by extension 'ignore'
[0.282s] Level 1:colcon.colcon_core.package_identification:_identify(src/xarm_1s_moveit_config) by extension 'ignore_ament_install'
[0.282s] Level 1:colcon.colcon_core.package_identification:_identify(src/xarm_1s_moveit_config) by extensions ['colcon_pkg']
[0.282s] Level 1:colcon.colcon_core.package_identification:_identify(src/xarm_1s_moveit_config) by extension 'colcon_pkg'
[0.282s] Level 1:colcon.colcon_core.package_identification:_identify(src/xarm_1s_moveit_config) by extensions ['colcon_meta']
[0.282s] Level 1:colcon.colcon_core.package_identification:_identify(src/xarm_1s_moveit_config) by extension 'colcon_meta'
[0.282s] Level 1:colcon.colcon_core.package_identification:_identify(src/xarm_1s_moveit_config) by extensions ['ros']
[0.282s] Level 1:colcon.colcon_core.package_identification:_identify(src/xarm_1s_moveit_config) by extension 'ros'
[0.283s] DEBUG:colcon.colcon_core.package_identification:Package 'src/xarm_1s_moveit_config' with type 'ros.ament_cmake' and name 'xarm_1s_moveit_config'
[0.283s] Level 1:colcon.colcon_core.package_discovery:discover_packages(recursive) using defaults
[0.283s] Level 1:colcon.colcon_core.package_discovery:discover_packages(ignore) discover
[0.283s] Level 1:colcon.colcon_core.package_discovery:discover_packages(ignore) using defaults
[0.283s] Level 1:colcon.colcon_core.package_discovery:discover_packages(path) discover
[0.283s] Level 1:colcon.colcon_core.package_discovery:discover_packages(path) using defaults
[0.299s] Level 1:colcon.colcon_core.package_discovery:discover_packages(prefix_path) check parameters
[0.299s] Level 1:colcon.colcon_core.package_discovery:discover_packages(prefix_path) discover
[0.302s] DEBUG:colcon.colcon_installed_package_information.package_discovery:Found 5 installed packages in /home/hyeon/xarm_ws/install
[0.303s] DEBUG:colcon.colcon_installed_package_information.package_discovery:Found 397 installed packages in /opt/ros/jazzy
[0.304s] Level 1:colcon.colcon_core.package_discovery:discover_packages(prefix_path) using defaults
[0.330s] Level 5:colcon.colcon_core.verb:set package 'xarm_1s_description' build argument 'cmake_args' from command line to 'None'
[0.330s] Level 5:colcon.colcon_core.verb:set package 'xarm_1s_description' build argument 'cmake_target' from command line to 'None'
[0.330s] Level 5:colcon.colcon_core.verb:set package 'xarm_1s_description' build argument 'cmake_target_skip_unavailable' from command line to 'False'
[0.330s] Level 5:colcon.colcon_core.verb:set package 'xarm_1s_description' build argument 'cmake_clean_cache' from command line to 'False'
[0.330s] Level 5:colcon.colcon_core.verb:set package 'xarm_1s_description' build argument 'cmake_clean_first' from command line to 'False'
[0.330s] Level 5:colcon.colcon_core.verb:set package 'xarm_1s_description' build argument 'cmake_force_configure' from command line to 'False'
[0.330s] Level 5:colcon.colcon_core.verb:set package 'xarm_1s_description' build argument 'ament_cmake_args' from command line to 'None'
[0.330s] Level 5:colcon.colcon_core.verb:set package 'xarm_1s_description' build argument 'catkin_cmake_args' from command line to 'None'
[0.330s] Level 5:colcon.colcon_core.verb:set package 'xarm_1s_description' build argument 'catkin_skip_building_tests' from command line to 'False'
[0.330s] DEBUG:colcon.colcon_core.verb:Building package 'xarm_1s_description' with the following arguments: {'ament_cmake_args': None, 'build_base': '/home/hyeon/xarm_ws/build/xarm_1s_description', 'catkin_cmake_args': None, 'catkin_skip_building_tests': False, 'cmake_args': None, 'cmake_clean_cache': False, 'cmake_clean_first': False, 'cmake_force_configure': False, 'cmake_target': None, 'cmake_target_skip_unavailable': False, 'install_base': '/home/hyeon/xarm_ws/install/xarm_1s_description', 'merge_install': False, 'path': '/home/hyeon/xarm_ws/src/xarm_1s_description', 'symlink_install': False, 'test_result_base': None}
[0.330s] Level 5:colcon.colcon_core.verb:set package 'xarm_1s_hardware' build argument 'cmake_args' from command line to 'None'
[0.330s] Level 5:colcon.colcon_core.verb:set package 'xarm_1s_hardware' build argument 'cmake_target' from command line to 'None'
[0.330s] Level 5:colcon.colcon_core.verb:set package 'xarm_1s_hardware' build argument 'cmake_target_skip_unavailable' from command line to 'False'
[0.330s] Level 5:colcon.colcon_core.verb:set package 'xarm_1s_hardware' build argument 'cmake_clean_cache' from command line to 'False'
[0.330s] Level 5:colcon.colcon_core.verb:set package 'xarm_1s_hardware' build argument 'cmake_clean_first' from command line to 'False'
[0.330s] Level 5:colcon.colcon_core.verb:set package 'xarm_1s_hardware' build argument 'cmake_force_configure' from command line to 'False'
[0.330s] Level 5:colcon.colcon_core.verb:set package 'xarm_1s_hardware' build argument 'ament_cmake_args' from command line to 'None'
[0.330s] Level 5:colcon.colcon_core.verb:set package 'xarm_1s_hardware' build argument 'catkin_cmake_args' from command line to 'None'
[0.330s] Level 5:colcon.colcon_core.verb:set package 'xarm_1s_hardware' build argument 'catkin_skip_building_tests' from command line to 'False'
[0.330s] DEBUG:colcon.colcon_core.verb:Building package 'xarm_1s_hardware' with the following arguments: {'ament_cmake_args': None, 'build_base': '/home/hyeon/xarm_ws/build/xarm_1s_hardware', 'catkin_cmake_args': None, 'catkin_skip_building_tests': False, 'cmake_args': None, 'cmake_clean_cache': False, 'cmake_clean_first': False, 'cmake_force_configure': False, 'cmake_target': None, 'cmake_target_skip_unavailable': False, 'install_base': '/home/hyeon/xarm_ws/install/xarm_1s_hardware', 'merge_install': False, 'path': '/home/hyeon/xarm_ws/src/xarm_1s_hardware', 'symlink_install': False, 'test_result_base': None}
[0.331s] Level 5:colcon.colcon_core.verb:set package 'xarm_1s_moveit_config' build argument 'cmake_args' from command line to 'None'
[0.331s] Level 5:colcon.colcon_core.verb:set package 'xarm_1s_moveit_config' build argument 'cmake_target' from command line to 'None'
[0.331s] Level 5:colcon.colcon_core.verb:set package 'xarm_1s_moveit_config' build argument 'cmake_target_skip_unavailable' from command line to 'False'
[0.331s] Level 5:colcon.colcon_core.verb:set package 'xarm_1s_moveit_config' build argument 'cmake_clean_cache' from command line to 'False'
[0.331s] Level 5:colcon.colcon_core.verb:set package 'xarm_1s_moveit_config' build argument 'cmake_clean_first' from command line to 'False'
[0.331s] Level 5:colcon.colcon_core.verb:set package 'xarm_1s_moveit_config' build argument 'cmake_force_configure' from command line to 'False'
[0.331s] Level 5:colcon.colcon_core.verb:set package 'xarm_1s_moveit_config' build argument 'ament_cmake_args' from command line to 'None'
[0.331s] Level 5:colcon.colcon_core.verb:set package 'xarm_1s_moveit_config' build argument 'catkin_cmake_args' from command line to 'None'
[0.331s] Level 5:colcon.colcon_core.verb:set package 'xarm_1s_moveit_config' build argument 'catkin_skip_building_tests' from command line to 'False'
[0.331s] DEBUG:colcon.colcon_core.verb:Building package 'xarm_1s_moveit_config' with the following arguments: {'ament_cmake_args': None, 'build_base': '/home/hyeon/xarm_ws/build/xarm_1s_moveit_config', 'catkin_cmake_args': None, 'catkin_skip_building_tests': False, 'cmake_args': None, 'cmake_clean_cache': False, 'cmake_clean_first': False, 'cmake_force_configure': False, 'cmake_target': None, 'cmake_target_skip_unavailable': False, 'install_base': '/home/hyeon/xarm_ws/install/xarm_1s_moveit_config', 'merge_install': False, 'path': '/home/hyeon/xarm_ws/src/xarm_1s_moveit_config', 'symlink_install': False, 'test_result_base': None}
[0.331s] Level 5:colcon.colcon_core.verb:set package 'mtc' build argument 'cmake_args' from command line to 'None'
[0.331s] Level 5:colcon.colcon_core.verb:set package 'mtc' build argument 'cmake_target' from command line to 'None'
[0.331s] Level 5:colcon.colcon_core.verb:set package 'mtc' build argument 'cmake_target_skip_unavailable' from command line to 'False'
[0.331s] Level 5:colcon.colcon_core.verb:set package 'mtc' build argument 'cmake_clean_cache' from command line to 'False'
[0.331s] Level 5:colcon.colcon_core.verb:set package 'mtc' build argument 'cmake_clean_first' from command line to 'False'
[0.331s] Level 5:colcon.colcon_core.verb:set package 'mtc' build argument 'cmake_force_configure' from command line to 'False'
[0.331s] Level 5:colcon.colcon_core.verb:set package 'mtc' build argument 'ament_cmake_args' from command line to 'None'
[0.331s] Level 5:colcon.colcon_core.verb:set package 'mtc' build argument 'catkin_cmake_args' from command line to 'None'
[0.331s] Level 5:colcon.colcon_core.verb:set package 'mtc' build argument 'catkin_skip_building_tests' from command line to 'False'
[0.331s] DEBUG:colcon.colcon_core.verb:Building package 'mtc' with the following arguments: {'ament_cmake_args': None, 'build_base': '/home/hyeon/xarm_ws/build/mtc', 'catkin_cmake_args': None, 'catkin_skip_building_tests': False, 'cmake_args': None, 'cmake_clean_cache': False, 'cmake_clean_first': False, 'cmake_force_configure': False, 'cmake_target': None, 'cmake_target_skip_unavailable': False, 'install_base': '/home/hyeon/xarm_ws/install/mtc', 'merge_install': False, 'path': '/home/hyeon/xarm_ws/src/mtc', 'symlink_install': False, 'test_result_base': None}
[0.331s] Level 5:colcon.colcon_core.verb:set package 'xarm_1s_bringup' build argument 'cmake_args' from command line to 'None'
[0.331s] Level 5:colcon.colcon_core.verb:set package 'xarm_1s_bringup' build argument 'cmake_target' from command line to 'None'
[0.331s] Level 5:colcon.colcon_core.verb:set package 'xarm_1s_bringup' build argument 'cmake_target_skip_unavailable' from command line to 'False'
[0.331s] Level 5:colcon.colcon_core.verb:set package 'xarm_1s_bringup' build argument 'cmake_clean_cache' from command line to 'False'
[0.331s] Level 5:colcon.colcon_core.verb:set package 'xarm_1s_bringup' build argument 'cmake_clean_first' from command line to 'False'
[0.331s] Level 5:colcon.colcon_core.verb:set package 'xarm_1s_bringup' build argument 'cmake_force_configure' from command line to 'False'
[0.331s] Level 5:colcon.colcon_core.verb:set package 'xarm_1s_bringup' build argument 'ament_cmake_args' from command line to 'None'
[0.331s] Level 5:colcon.colcon_core.verb:set package 'xarm_1s_bringup' build argument 'catkin_cmake_args' from command line to 'None'
[0.331s] Level 5:colcon.colcon_core.verb:set package 'xarm_1s_bringup' build argument 'catkin_skip_building_tests' from command line to 'False'
[0.331s] DEBUG:colcon.colcon_core.verb:Building package 'xarm_1s_bringup' with the following arguments: {'ament_cmake_args': None, 'build_base': '/home/hyeon/xarm_ws/build/xarm_1s_bringup', 'catkin_cmake_args': None, 'catkin_skip_building_tests': False, 'cmake_args': None, 'cmake_clean_cache': False, 'cmake_clean_first': False, 'cmake_force_configure': False, 'cmake_target': None, 'cmake_target_skip_unavailable': False, 'install_base': '/home/hyeon/xarm_ws/install/xarm_1s_bringup', 'merge_install': False, 'path': '/home/hyeon/xarm_ws/src/xarm_1s_bringup', 'symlink_install': False, 'test_result_base': None}
[0.331s] INFO:colcon.colcon_core.executor:Executing jobs using 'parallel' executor
[0.332s] DEBUG:colcon.colcon_parallel_executor.executor.parallel:run_until_complete
[0.333s] INFO:colcon.colcon_ros.task.ament_cmake.build:Building ROS package in '/home/hyeon/xarm_ws/src/xarm_1s_moveit_config' with build type 'ament_cmake'
[0.333s] INFO:colcon.colcon_cmake.task.cmake.build:Building CMake package in '/home/hyeon/xarm_ws/src/xarm_1s_moveit_config'
[0.337s] INFO:colcon.colcon_core.plugin_system:Skipping extension 'colcon_core.shell.bat': Not used on non-Windows systems
[0.337s] INFO:colcon.colcon_core.shell:Skip shell extension 'powershell' for command environment: Not usable outside of PowerShell
[0.337s] DEBUG:colcon.colcon_core.shell:Skip shell extension 'dsv' for command environment
[0.341s] INFO:colcon.colcon_ros.task.ament_cmake.build:Building ROS package in '/home/hyeon/xarm_ws/src/xarm_1s_description' with build type 'ament_cmake'
[0.341s] INFO:colcon.colcon_cmake.task.cmake.build:Building CMake package in '/home/hyeon/xarm_ws/src/xarm_1s_description'
[0.341s] INFO:colcon.colcon_core.shell:Skip shell extension 'powershell' for command environment: Not usable outside of PowerShell
[0.341s] DEBUG:colcon.colcon_core.shell:Skip shell extension 'dsv' for command environment
[0.343s] INFO:colcon.colcon_ros.task.ament_cmake.build:Building ROS package in '/home/hyeon/xarm_ws/src/xarm_1s_hardware' with build type 'ament_cmake'
[0.344s] INFO:colcon.colcon_cmake.task.cmake.build:Building CMake package in '/home/hyeon/xarm_ws/src/xarm_1s_hardware'
[0.344s] INFO:colcon.colcon_core.shell:Skip shell extension 'powershell' for command environment: Not usable outside of PowerShell
[0.344s] DEBUG:colcon.colcon_core.shell:Skip shell extension 'dsv' for command environment
[0.350s] DEBUG:colcon.colcon_core.event_handler.log_command:Invoking command in '/home/hyeon/xarm_ws/build/xarm_1s_moveit_config': CMAKE_PREFIX_PATH=${CMAKE_PREFIX_PATH}:/opt/ros/jazzy /usr/bin/cmake /home/hyeon/xarm_ws/src/xarm_1s_moveit_config -DCMAKE_INSTALL_PREFIX=/home/hyeon/xarm_ws/install/xarm_1s_moveit_config
[0.354s] DEBUG:colcon.colcon_core.event_handler.log_command:Invoking command in '/home/hyeon/xarm_ws/build/xarm_1s_description': CMAKE_PREFIX_PATH=${CMAKE_PREFIX_PATH}:/opt/ros/jazzy /usr/bin/cmake --build /home/hyeon/xarm_ws/build/xarm_1s_description -- -j24 -l24
[0.359s] DEBUG:colcon.colcon_core.event_handler.log_command:Invoking command in '/home/hyeon/xarm_ws/build/xarm_1s_hardware': CMAKE_PREFIX_PATH=${CMAKE_PREFIX_PATH}:/opt/ros/jazzy /usr/bin/cmake --build /home/hyeon/xarm_ws/build/xarm_1s_hardware -- -j24 -l24
[0.421s] DEBUG:colcon.colcon_core.event_handler.log_command:Invoked command in '/home/hyeon/xarm_ws/build/xarm_1s_description' returned '0': CMAKE_PREFIX_PATH=${CMAKE_PREFIX_PATH}:/opt/ros/jazzy /usr/bin/cmake --build /home/hyeon/xarm_ws/build/xarm_1s_description -- -j24 -l24
[0.428s] DEBUG:colcon.colcon_core.event_handler.log_command:Invoking command in '/home/hyeon/xarm_ws/build/xarm_1s_description': CMAKE_PREFIX_PATH=${CMAKE_PREFIX_PATH}:/opt/ros/jazzy /usr/bin/cmake --install /home/hyeon/xarm_ws/build/xarm_1s_description
[0.457s] DEBUG:colcon.colcon_core.event_handler.log_command:Invoked command in '/home/hyeon/xarm_ws/build/xarm_1s_hardware' returned '0': CMAKE_PREFIX_PATH=${CMAKE_PREFIX_PATH}:/opt/ros/jazzy /usr/bin/cmake --build /home/hyeon/xarm_ws/build/xarm_1s_hardware -- -j24 -l24
[0.459s] DEBUG:colcon.colcon_core.event_handler.log_command:Invoking command in '/home/hyeon/xarm_ws/build/xarm_1s_hardware': CMAKE_PREFIX_PATH=${CMAKE_PREFIX_PATH}:/opt/ros/jazzy /usr/bin/cmake --install /home/hyeon/xarm_ws/build/xarm_1s_hardware
[0.460s] Level 1:colcon.colcon_core.environment:create_environment_scripts_only(xarm_1s_description)
[0.460s] DEBUG:colcon.colcon_core.event_handler.log_command:Invoked command in '/home/hyeon/xarm_ws/build/xarm_1s_description' returned '0': CMAKE_PREFIX_PATH=${CMAKE_PREFIX_PATH}:/opt/ros/jazzy /usr/bin/cmake --install /home/hyeon/xarm_ws/build/xarm_1s_description
[0.470s] Level 1:colcon.colcon_core.environment:checking '/home/hyeon/xarm_ws/install/xarm_1s_description' for CMake module files
[0.473s] Level 1:colcon.colcon_core.environment:checking '/home/hyeon/xarm_ws/install/xarm_1s_description' for CMake config files
[0.475s] Level 1:colcon.colcon_core.shell:create_environment_hook('xarm_1s_description', 'cmake_prefix_path')
[0.475s] INFO:colcon.colcon_core.shell:Creating environment hook '/home/hyeon/xarm_ws/install/xarm_1s_description/share/xarm_1s_description/hook/cmake_prefix_path.ps1'
[0.476s] INFO:colcon.colcon_core.shell:Creating environment descriptor '/home/hyeon/xarm_ws/install/xarm_1s_description/share/xarm_1s_description/hook/cmake_prefix_path.dsv'
[0.476s] INFO:colcon.colcon_core.shell:Creating environment hook '/home/hyeon/xarm_ws/install/xarm_1s_description/share/xarm_1s_description/hook/cmake_prefix_path.sh'
[0.478s] Level 1:colcon.colcon_core.environment:checking '/home/hyeon/xarm_ws/install/xarm_1s_description/bin'
[0.478s] Level 1:colcon.colcon_core.environment:checking '/home/hyeon/xarm_ws/install/xarm_1s_description/lib/pkgconfig/xarm_1s_description.pc'
[0.478s] Level 1:colcon.colcon_core.environment:checking '/home/hyeon/xarm_ws/install/xarm_1s_description/lib/python3.12/site-packages'
[0.478s] Level 1:colcon.colcon_core.environment:checking '/home/hyeon/xarm_ws/install/xarm_1s_description/bin'
[0.478s] INFO:colcon.colcon_core.shell:Creating package script '/home/hyeon/xarm_ws/install/xarm_1s_description/share/xarm_1s_description/package.ps1'
[0.479s] INFO:colcon.colcon_core.shell:Creating package descriptor '/home/hyeon/xarm_ws/install/xarm_1s_description/share/xarm_1s_description/package.dsv'
[0.480s] INFO:colcon.colcon_core.shell:Creating package script '/home/hyeon/xarm_ws/install/xarm_1s_description/share/xarm_1s_description/package.sh'
[0.482s] INFO:colcon.colcon_core.shell:Creating package script '/home/hyeon/xarm_ws/install/xarm_1s_description/share/xarm_1s_description/package.bash'
[0.484s] INFO:colcon.colcon_core.shell:Creating package script '/home/hyeon/xarm_ws/install/xarm_1s_description/share/xarm_1s_description/package.zsh'
[0.485s] Level 1:colcon.colcon_core.environment:create_file_with_runtime_dependencies(/home/hyeon/xarm_ws/install/xarm_1s_description/share/colcon-core/packages/xarm_1s_description)
[0.486s] Level 1:colcon.colcon_core.environment:create_environment_scripts_only(xarm_1s_description)
[0.486s] Level 1:colcon.colcon_core.environment:checking '/home/hyeon/xarm_ws/install/xarm_1s_description' for CMake module files
[0.486s] Level 1:colcon.colcon_core.environment:checking '/home/hyeon/xarm_ws/install/xarm_1s_description' for CMake config files
[0.486s] Level 1:colcon.colcon_core.shell:create_environment_hook('xarm_1s_description', 'cmake_prefix_path')
[0.487s] INFO:colcon.colcon_core.shell:Creating environment hook '/home/hyeon/xarm_ws/install/xarm_1s_description/share/xarm_1s_description/hook/cmake_prefix_path.ps1'
[0.487s] INFO:colcon.colcon_core.shell:Creating environment descriptor '/home/hyeon/xarm_ws/install/xarm_1s_description/share/xarm_1s_description/hook/cmake_prefix_path.dsv'
[0.487s] INFO:colcon.colcon_core.shell:Creating environment hook '/home/hyeon/xarm_ws/install/xarm_1s_description/share/xarm_1s_description/hook/cmake_prefix_path.sh'
[0.488s] Level 1:colcon.colcon_core.environment:checking '/home/hyeon/xarm_ws/install/xarm_1s_description/bin'
[0.488s] Level 1:colcon.colcon_core.environment:checking '/home/hyeon/xarm_ws/install/xarm_1s_description/lib/pkgconfig/xarm_1s_description.pc'
[0.488s] Level 1:colcon.colcon_core.environment:checking '/home/hyeon/xarm_ws/install/xarm_1s_description/lib/python3.12/site-packages'
[0.488s] Level 1:colcon.colcon_core.environment:checking '/home/hyeon/xarm_ws/install/xarm_1s_description/bin'
[0.488s] INFO:colcon.colcon_core.shell:Creating package script '/home/hyeon/xarm_ws/install/xarm_1s_description/share/xarm_1s_description/package.ps1'
[0.489s] INFO:colcon.colcon_core.shell:Creating package descriptor '/home/hyeon/xarm_ws/install/xarm_1s_description/share/xarm_1s_description/package.dsv'
[0.489s] INFO:colcon.colcon_core.shell:Creating package script '/home/hyeon/xarm_ws/install/xarm_1s_description/share/xarm_1s_description/package.sh'
[0.489s] INFO:colcon.colcon_core.shell:Creating package script '/home/hyeon/xarm_ws/install/xarm_1s_description/share/xarm_1s_description/package.bash'
[0.490s] INFO:colcon.colcon_core.shell:Creating package script '/home/hyeon/xarm_ws/install/xarm_1s_description/share/xarm_1s_description/package.zsh'
[0.490s] Level 1:colcon.colcon_core.environment:create_file_with_runtime_dependencies(/home/hyeon/xarm_ws/install/xarm_1s_description/share/colcon-core/packages/xarm_1s_description)
[0.491s] Level 1:colcon.colcon_core.environment:create_environment_scripts_only(xarm_1s_hardware)
[0.492s] Level 1:colcon.colcon_core.environment:checking '/home/hyeon/xarm_ws/install/xarm_1s_hardware' for CMake module files
[0.493s] DEBUG:colcon.colcon_core.event_handler.log_command:Invoked command in '/home/hyeon/xarm_ws/build/xarm_1s_hardware' returned '0': CMAKE_PREFIX_PATH=${CMAKE_PREFIX_PATH}:/opt/ros/jazzy /usr/bin/cmake --install /home/hyeon/xarm_ws/build/xarm_1s_hardware
[0.493s] Level 1:colcon.colcon_core.environment:checking '/home/hyeon/xarm_ws/install/xarm_1s_hardware' for CMake config files
[0.495s] Level 1:colcon.colcon_core.shell:create_environment_hook('xarm_1s_hardware', 'cmake_prefix_path')
[0.496s] INFO:colcon.colcon_core.shell:Creating environment hook '/home/hyeon/xarm_ws/install/xarm_1s_hardware/share/xarm_1s_hardware/hook/cmake_prefix_path.ps1'
[0.496s] INFO:colcon.colcon_core.shell:Creating environment descriptor '/home/hyeon/xarm_ws/install/xarm_1s_hardware/share/xarm_1s_hardware/hook/cmake_prefix_path.dsv'
[0.496s] INFO:colcon.colcon_core.shell:Creating environment hook '/home/hyeon/xarm_ws/install/xarm_1s_hardware/share/xarm_1s_hardware/hook/cmake_prefix_path.sh'
[0.497s] Level 1:colcon.colcon_core.environment:checking '/home/hyeon/xarm_ws/install/xarm_1s_hardware/lib'
[0.497s] Level 1:colcon.colcon_core.shell:create_environment_hook('xarm_1s_hardware', 'ld_library_path_lib')
[0.497s] INFO:colcon.colcon_core.shell:Creating environment hook '/home/hyeon/xarm_ws/install/xarm_1s_hardware/share/xarm_1s_hardware/hook/ld_library_path_lib.ps1'
[0.497s] INFO:colcon.colcon_core.shell:Creating environment descriptor '/home/hyeon/xarm_ws/install/xarm_1s_hardware/share/xarm_1s_hardware/hook/ld_library_path_lib.dsv'
[0.498s] INFO:colcon.colcon_core.shell:Creating environment hook '/home/hyeon/xarm_ws/install/xarm_1s_hardware/share/xarm_1s_hardware/hook/ld_library_path_lib.sh'
[0.498s] Level 1:colcon.colcon_core.environment:checking '/home/hyeon/xarm_ws/install/xarm_1s_hardware/bin'
[0.498s] Level 1:colcon.colcon_core.environment:checking '/home/hyeon/xarm_ws/install/xarm_1s_hardware/lib/pkgconfig/xarm_1s_hardware.pc'
[0.498s] Level 1:colcon.colcon_core.environment:checking '/home/hyeon/xarm_ws/install/xarm_1s_hardware/lib/python3.12/site-packages'
[0.498s] Level 1:colcon.colcon_core.environment:checking '/home/hyeon/xarm_ws/install/xarm_1s_hardware/bin'
[0.499s] INFO:colcon.colcon_core.shell:Creating package script '/home/hyeon/xarm_ws/install/xarm_1s_hardware/share/xarm_1s_hardware/package.ps1'
[0.499s] INFO:colcon.colcon_core.shell:Creating package descriptor '/home/hyeon/xarm_ws/install/xarm_1s_hardware/share/xarm_1s_hardware/package.dsv'
[0.500s] INFO:colcon.colcon_core.shell:Creating package script '/home/hyeon/xarm_ws/install/xarm_1s_hardware/share/xarm_1s_hardware/package.sh'
[0.500s] INFO:colcon.colcon_core.shell:Creating package script '/home/hyeon/xarm_ws/install/xarm_1s_hardware/share/xarm_1s_hardware/package.bash'
[0.501s] INFO:colcon.colcon_core.shell:Creating package script '/home/hyeon/xarm_ws/install/xarm_1s_hardware/share/xarm_1s_hardware/package.zsh'
[0.501s] Level 1:colcon.colcon_core.environment:create_file_with_runtime_dependencies(/home/hyeon/xarm_ws/install/xarm_1s_hardware/share/colcon-core/packages/xarm_1s_hardware)
[0.501s] Level 1:colcon.colcon_core.environment:create_environment_scripts_only(xarm_1s_hardware)
[0.502s] Level 1:colcon.colcon_core.environment:checking '/home/hyeon/xarm_ws/install/xarm_1s_hardware' for CMake module files
[0.502s] Level 1:colcon.colcon_core.environment:checking '/home/hyeon/xarm_ws/install/xarm_1s_hardware' for CMake config files
[0.502s] Level 1:colcon.colcon_core.shell:create_environment_hook('xarm_1s_hardware', 'cmake_prefix_path')
[0.502s] INFO:colcon.colcon_core.shell:Creating environment hook '/home/hyeon/xarm_ws/install/xarm_1s_hardware/share/xarm_1s_hardware/hook/cmake_prefix_path.ps1'
[0.503s] INFO:colcon.colcon_core.shell:Creating environment descriptor '/home/hyeon/xarm_ws/install/xarm_1s_hardware/share/xarm_1s_hardware/hook/cmake_prefix_path.dsv'
[0.503s] INFO:colcon.colcon_core.shell:Creating environment hook '/home/hyeon/xarm_ws/install/xarm_1s_hardware/share/xarm_1s_hardware/hook/cmake_prefix_path.sh'
[0.503s] Level 1:colcon.colcon_core.environment:checking '/home/hyeon/xarm_ws/install/xarm_1s_hardware/lib'
[0.504s] Level 1:colcon.colcon_core.shell:create_environment_hook('xarm_1s_hardware', 'ld_library_path_lib')
[0.504s] INFO:colcon.colcon_core.shell:Creating environment hook '/home/hyeon/xarm_ws/install/xarm_1s_hardware/share/xarm_1s_hardware/hook/ld_library_path_lib.ps1'
[0.504s] INFO:colcon.colcon_core.shell:Creating environment descriptor '/home/hyeon/xarm_ws/install/xarm_1s_hardware/share/xarm_1s_hardware/hook/ld_library_path_lib.dsv'
[0.504s] INFO:colcon.colcon_core.shell:Creating environment hook '/home/hyeon/xarm_ws/install/xarm_1s_hardware/share/xarm_1s_hardware/hook/ld_library_path_lib.sh'
[0.505s] Level 1:colcon.colcon_core.environment:checking '/home/hyeon/xarm_ws/install/xarm_1s_hardware/bin'
[0.505s] Level 1:colcon.colcon_core.environment:checking '/home/hyeon/xarm_ws/install/xarm_1s_hardware/lib/pkgconfig/xarm_1s_hardware.pc'
[0.505s] Level 1:colcon.colcon_core.environment:checking '/home/hyeon/xarm_ws/install/xarm_1s_hardware/lib/python3.12/site-packages'
[0.505s] Level 1:colcon.colcon_core.environment:checking '/home/hyeon/xarm_ws/install/xarm_1s_hardware/bin'
[0.505s] INFO:colcon.colcon_core.shell:Creating package script '/home/hyeon/xarm_ws/install/xarm_1s_hardware/share/xarm_1s_hardware/package.ps1'
[0.506s] INFO:colcon.colcon_core.shell:Creating package descriptor '/home/hyeon/xarm_ws/install/xarm_1s_hardware/share/xarm_1s_hardware/package.dsv'
[0.506s] INFO:colcon.colcon_core.shell:Creating package script '/home/hyeon/xarm_ws/install/xarm_1s_hardware/share/xarm_1s_hardware/package.sh'
[0.507s] INFO:colcon.colcon_core.shell:Creating package script '/home/hyeon/xarm_ws/install/xarm_1s_hardware/share/xarm_1s_hardware/package.bash'
[0.507s] INFO:colcon.colcon_core.shell:Creating package script '/home/hyeon/xarm_ws/install/xarm_1s_hardware/share/xarm_1s_hardware/package.zsh'
[0.507s] Level 1:colcon.colcon_core.environment:create_file_with_runtime_dependencies(/home/hyeon/xarm_ws/install/xarm_1s_hardware/share/colcon-core/packages/xarm_1s_hardware)
[8.707s] DEBUG:colcon.colcon_core.event_handler.log_command:Invoked command in '/home/hyeon/xarm_ws/build/xarm_1s_moveit_config' returned '0': CMAKE_PREFIX_PATH=${CMAKE_PREFIX_PATH}:/opt/ros/jazzy /usr/bin/cmake /home/hyeon/xarm_ws/src/xarm_1s_moveit_config -DCMAKE_INSTALL_PREFIX=/home/hyeon/xarm_ws/install/xarm_1s_moveit_config
[8.708s] DEBUG:colcon.colcon_core.event_handler.log_command:Invoking command in '/home/hyeon/xarm_ws/build/xarm_1s_moveit_config': CMAKE_PREFIX_PATH=${CMAKE_PREFIX_PATH}:/opt/ros/jazzy /usr/bin/cmake --build /home/hyeon/xarm_ws/build/xarm_1s_moveit_config -- -j24 -l24
[8.735s] DEBUG:colcon.colcon_core.event_handler.log_command:Invoked command in '/home/hyeon/xarm_ws/build/xarm_1s_moveit_config' returned '0': CMAKE_PREFIX_PATH=${CMAKE_PREFIX_PATH}:/opt/ros/jazzy /usr/bin/cmake --build /home/hyeon/xarm_ws/build/xarm_1s_moveit_config -- -j24 -l24
[8.737s] DEBUG:colcon.colcon_core.event_handler.log_command:Invoking command in '/home/hyeon/xarm_ws/build/xarm_1s_moveit_config': CMAKE_PREFIX_PATH=${CMAKE_PREFIX_PATH}:/opt/ros/jazzy /usr/bin/cmake --install /home/hyeon/xarm_ws/build/xarm_1s_moveit_config
[8.757s] Level 1:colcon.colcon_core.environment:create_environment_scripts_only(xarm_1s_moveit_config)
[8.757s] Level 1:colcon.colcon_core.environment:checking '/home/hyeon/xarm_ws/install/xarm_1s_moveit_config' for CMake module files
[8.758s] DEBUG:colcon.colcon_core.event_handler.log_command:Invoked command in '/home/hyeon/xarm_ws/build/xarm_1s_moveit_config' returned '0': CMAKE_PREFIX_PATH=${CMAKE_PREFIX_PATH}:/opt/ros/jazzy /usr/bin/cmake --install /home/hyeon/xarm_ws/build/xarm_1s_moveit_config
[8.759s] Level 1:colcon.colcon_core.environment:checking '/home/hyeon/xarm_ws/install/xarm_1s_moveit_config' for CMake config files
[8.760s] Level 1:colcon.colcon_core.shell:create_environment_hook('xarm_1s_moveit_config', 'cmake_prefix_path')
[8.761s] INFO:colcon.colcon_core.shell:Creating environment hook '/home/hyeon/xarm_ws/install/xarm_1s_moveit_config/share/xarm_1s_moveit_config/hook/cmake_prefix_path.ps1'
[8.761s] INFO:colcon.colcon_core.shell:Creating environment descriptor '/home/hyeon/xarm_ws/install/xarm_1s_moveit_config/share/xarm_1s_moveit_config/hook/cmake_prefix_path.dsv'
[8.761s] INFO:colcon.colcon_core.shell:Creating environment hook '/home/hyeon/xarm_ws/install/xarm_1s_moveit_config/share/xarm_1s_moveit_config/hook/cmake_prefix_path.sh'
[8.762s] Level 1:colcon.colcon_core.environment:checking '/home/hyeon/xarm_ws/install/xarm_1s_moveit_config/bin'
[8.762s] Level 1:colcon.colcon_core.environment:checking '/home/hyeon/xarm_ws/install/xarm_1s_moveit_config/lib/pkgconfig/xarm_1s_moveit_config.pc'
[8.762s] Level 1:colcon.colcon_core.environment:checking '/home/hyeon/xarm_ws/install/xarm_1s_moveit_config/lib/python3.12/site-packages'
[8.762s] Level 1:colcon.colcon_core.environment:checking '/home/hyeon/xarm_ws/install/xarm_1s_moveit_config/bin'
[8.763s] INFO:colcon.colcon_core.shell:Creating package script '/home/hyeon/xarm_ws/install/xarm_1s_moveit_config/share/xarm_1s_moveit_config/package.ps1'
[8.763s] INFO:colcon.colcon_core.shell:Creating package descriptor '/home/hyeon/xarm_ws/install/xarm_1s_moveit_config/share/xarm_1s_moveit_config/package.dsv'
[8.763s] INFO:colcon.colcon_core.shell:Creating package script '/home/hyeon/xarm_ws/install/xarm_1s_moveit_config/share/xarm_1s_moveit_config/package.sh'
[8.764s] INFO:colcon.colcon_core.shell:Creating package script '/home/hyeon/xarm_ws/install/xarm_1s_moveit_config/share/xarm_1s_moveit_config/package.bash'
[8.764s] INFO:colcon.colcon_core.shell:Creating package script '/home/hyeon/xarm_ws/install/xarm_1s_moveit_config/share/xarm_1s_moveit_config/package.zsh'
[8.764s] Level 1:colcon.colcon_core.environment:create_file_with_runtime_dependencies(/home/hyeon/xarm_ws/install/xarm_1s_moveit_config/share/colcon-core/packages/xarm_1s_moveit_config)
[8.764s] Level 1:colcon.colcon_core.environment:create_environment_scripts_only(xarm_1s_moveit_config)
[8.764s] Level 1:colcon.colcon_core.environment:checking '/home/hyeon/xarm_ws/install/xarm_1s_moveit_config' for CMake module files
[8.765s] Level 1:colcon.colcon_core.environment:checking '/home/hyeon/xarm_ws/install/xarm_1s_moveit_config' for CMake config files
[8.765s] Level 1:colcon.colcon_core.shell:create_environment_hook('xarm_1s_moveit_config', 'cmake_prefix_path')
[8.765s] INFO:colcon.colcon_core.shell:Creating environment hook '/home/hyeon/xarm_ws/install/xarm_1s_moveit_config/share/xarm_1s_moveit_config/hook/cmake_prefix_path.ps1'
[8.765s] INFO:colcon.colcon_core.shell:Creating environment descriptor '/home/hyeon/xarm_ws/install/xarm_1s_moveit_config/share/xarm_1s_moveit_config/hook/cmake_prefix_path.dsv'
[8.766s] INFO:colcon.colcon_core.shell:Creating environment hook '/home/hyeon/xarm_ws/install/xarm_1s_moveit_config/share/xarm_1s_moveit_config/hook/cmake_prefix_path.sh'
[8.766s] Level 1:colcon.colcon_core.environment:checking '/home/hyeon/xarm_ws/install/xarm_1s_moveit_config/bin'
[8.766s] Level 1:colcon.colcon_core.environment:checking '/home/hyeon/xarm_ws/install/xarm_1s_moveit_config/lib/pkgconfig/xarm_1s_moveit_config.pc'
[8.766s] Level 1:colcon.colcon_core.environment:checking '/home/hyeon/xarm_ws/install/xarm_1s_moveit_config/lib/python3.12/site-packages'
[8.767s] Level 1:colcon.colcon_core.environment:checking '/home/hyeon/xarm_ws/install/xarm_1s_moveit_config/bin'
[8.767s] INFO:colcon.colcon_core.shell:Creating package script '/home/hyeon/xarm_ws/install/xarm_1s_moveit_config/share/xarm_1s_moveit_config/package.ps1'
[8.767s] INFO:colcon.colcon_core.shell:Creating package descriptor '/home/hyeon/xarm_ws/install/xarm_1s_moveit_config/share/xarm_1s_moveit_config/package.dsv'
[8.767s] INFO:colcon.colcon_core.shell:Creating package script '/home/hyeon/xarm_ws/install/xarm_1s_moveit_config/share/xarm_1s_moveit_config/package.sh'
[8.768s] INFO:colcon.colcon_core.shell:Creating package script '/home/hyeon/xarm_ws/install/xarm_1s_moveit_config/share/xarm_1s_moveit_config/package.bash'
[8.768s] INFO:colcon.colcon_core.shell:Creating package script '/home/hyeon/xarm_ws/install/xarm_1s_moveit_config/share/xarm_1s_moveit_config/package.zsh'
[8.768s] Level 1:colcon.colcon_core.environment:create_file_with_runtime_dependencies(/home/hyeon/xarm_ws/install/xarm_1s_moveit_config/share/colcon-core/packages/xarm_1s_moveit_config)
[8.768s] INFO:colcon.colcon_ros.task.ament_cmake.build:Building ROS package in '/home/hyeon/xarm_ws/src/mtc' with build type 'ament_cmake'
[8.769s] INFO:colcon.colcon_cmake.task.cmake.build:Building CMake package in '/home/hyeon/xarm_ws/src/mtc'
[8.769s] INFO:colcon.colcon_core.shell:Skip shell extension 'powershell' for command environment: Not usable outside of PowerShell
[8.769s] DEBUG:colcon.colcon_core.shell:Skip shell extension 'dsv' for command environment
[8.831s] DEBUG:colcon.colcon_core.event_handler.log_command:Invoking command in '/home/hyeon/xarm_ws/build/mtc': CMAKE_PREFIX_PATH=/home/hyeon/xarm_ws/install/xarm_1s_moveit_config:/home/hyeon/xarm_ws/install/xarm_1s_bringup:/home/hyeon/xarm_ws/install/mtc:/home/hyeon/xarm_ws/install/xarm_1s_hardware:/home/hyeon/xarm_ws/install/xarm_1s_description:/opt/ros/jazzy/opt/sdformat_vendor:/opt/ros/jazzy/opt/gz_math_vendor:/opt/ros/jazzy/opt/gz_utils_vendor:/opt/ros/jazzy/opt/gz_tools_vendor:/opt/ros/jazzy/opt/gz_cmake_vendor:/opt/ros/jazzy /usr/bin/cmake /home/hyeon/xarm_ws/src/mtc -DCMAKE_INSTALL_PREFIX=/home/hyeon/xarm_ws/install/mtc
[11.182s] DEBUG:colcon.colcon_core.event_handler.log_command:Invoked command in '/home/hyeon/xarm_ws/build/mtc' returned '0': CMAKE_PREFIX_PATH=/home/hyeon/xarm_ws/install/xarm_1s_moveit_config:/home/hyeon/xarm_ws/install/xarm_1s_bringup:/home/hyeon/xarm_ws/install/mtc:/home/hyeon/xarm_ws/install/xarm_1s_hardware:/home/hyeon/xarm_ws/install/xarm_1s_description:/opt/ros/jazzy/opt/sdformat_vendor:/opt/ros/jazzy/opt/gz_math_vendor:/opt/ros/jazzy/opt/gz_utils_vendor:/opt/ros/jazzy/opt/gz_tools_vendor:/opt/ros/jazzy/opt/gz_cmake_vendor:/opt/ros/jazzy /usr/bin/cmake /home/hyeon/xarm_ws/src/mtc -DCMAKE_INSTALL_PREFIX=/home/hyeon/xarm_ws/install/mtc
[11.183s] DEBUG:colcon.colcon_core.event_handler.log_command:Invoking command in '/home/hyeon/xarm_ws/build/mtc': CMAKE_PREFIX_PATH=/home/hyeon/xarm_ws/install/xarm_1s_moveit_config:/home/hyeon/xarm_ws/install/xarm_1s_bringup:/home/hyeon/xarm_ws/install/mtc:/home/hyeon/xarm_ws/install/xarm_1s_hardware:/home/hyeon/xarm_ws/install/xarm_1s_description:/opt/ros/jazzy/opt/sdformat_vendor:/opt/ros/jazzy/opt/gz_math_vendor:/opt/ros/jazzy/opt/gz_utils_vendor:/opt/ros/jazzy/opt/gz_tools_vendor:/opt/ros/jazzy/opt/gz_cmake_vendor:/opt/ros/jazzy /usr/bin/cmake --build /home/hyeon/xarm_ws/build/mtc -- -j24 -l24
[11.235s] DEBUG:colcon.colcon_core.event_handler.log_command:Invoked command in '/home/hyeon/xarm_ws/build/mtc' returned '0': CMAKE_PREFIX_PATH=/home/hyeon/xarm_ws/install/xarm_1s_moveit_config:/home/hyeon/xarm_ws/install/xarm_1s_bringup:/home/hyeon/xarm_ws/install/mtc:/home/hyeon/xarm_ws/install/xarm_1s_hardware:/home/hyeon/xarm_ws/install/xarm_1s_description:/opt/ros/jazzy/opt/sdformat_vendor:/opt/ros/jazzy/opt/gz_math_vendor:/opt/ros/jazzy/opt/gz_utils_vendor:/opt/ros/jazzy/opt/gz_tools_vendor:/opt/ros/jazzy/opt/gz_cmake_vendor:/opt/ros/jazzy /usr/bin/cmake --build /home/hyeon/xarm_ws/build/mtc -- -j24 -l24
[11.236s] DEBUG:colcon.colcon_core.event_handler.log_command:Invoking command in '/home/hyeon/xarm_ws/build/mtc': CMAKE_PREFIX_PATH=/home/hyeon/xarm_ws/install/xarm_1s_moveit_config:/home/hyeon/xarm_ws/install/xarm_1s_bringup:/home/hyeon/xarm_ws/install/mtc:/home/hyeon/xarm_ws/install/xarm_1s_hardware:/home/hyeon/xarm_ws/install/xarm_1s_description:/opt/ros/jazzy/opt/sdformat_vendor:/opt/ros/jazzy/opt/gz_math_vendor:/opt/ros/jazzy/opt/gz_utils_vendor:/opt/ros/jazzy/opt/gz_tools_vendor:/opt/ros/jazzy/opt/gz_cmake_vendor:/opt/ros/jazzy /usr/bin/cmake --install /home/hyeon/xarm_ws/build/mtc
[11.252s] Level 1:colcon.colcon_core.environment:create_environment_scripts_only(mtc)
[11.252s] Level 1:colcon.colcon_core.environment:checking '/home/hyeon/xarm_ws/install/mtc' for CMake module files
[11.253s] DEBUG:colcon.colcon_core.event_handler.log_command:Invoked command in '/home/hyeon/xarm_ws/build/mtc' returned '0': CMAKE_PREFIX_PATH=/home/hyeon/xarm_ws/install/xarm_1s_moveit_config:/home/hyeon/xarm_ws/install/xarm_1s_bringup:/home/hyeon/xarm_ws/install/mtc:/home/hyeon/xarm_ws/install/xarm_1s_hardware:/home/hyeon/xarm_ws/install/xarm_1s_description:/opt/ros/jazzy/opt/sdformat_vendor:/opt/ros/jazzy/opt/gz_math_vendor:/opt/ros/jazzy/opt/gz_utils_vendor:/opt/ros/jazzy/opt/gz_tools_vendor:/opt/ros/jazzy/opt/gz_cmake_vendor:/opt/ros/jazzy /usr/bin/cmake --install /home/hyeon/xarm_ws/build/mtc
[11.253s] Level 1:colcon.colcon_core.environment:checking '/home/hyeon/xarm_ws/install/mtc' for CMake config files
[11.255s] Level 1:colcon.colcon_core.shell:create_environment_hook('mtc', 'cmake_prefix_path')
[11.255s] INFO:colcon.colcon_core.shell:Creating environment hook '/home/hyeon/xarm_ws/install/mtc/share/mtc/hook/cmake_prefix_path.ps1'
[11.255s] INFO:colcon.colcon_core.shell:Creating environment descriptor '/home/hyeon/xarm_ws/install/mtc/share/mtc/hook/cmake_prefix_path.dsv'
[11.256s] INFO:colcon.colcon_core.shell:Creating environment hook '/home/hyeon/xarm_ws/install/mtc/share/mtc/hook/cmake_prefix_path.sh'
[11.256s] Level 1:colcon.colcon_core.environment:checking '/home/hyeon/xarm_ws/install/mtc/lib'
[11.256s] Level 1:colcon.colcon_core.environment:checking '/home/hyeon/xarm_ws/install/mtc/bin'
[11.256s] Level 1:colcon.colcon_core.environment:checking '/home/hyeon/xarm_ws/install/mtc/lib/pkgconfig/mtc.pc'
[11.256s] Level 1:colcon.colcon_core.environment:checking '/home/hyeon/xarm_ws/install/mtc/lib/python3.12/site-packages'
[11.257s] Level 1:colcon.colcon_core.environment:checking '/home/hyeon/xarm_ws/install/mtc/bin'
[11.257s] INFO:colcon.colcon_core.shell:Creating package script '/home/hyeon/xarm_ws/install/mtc/share/mtc/package.ps1'
[11.257s] INFO:colcon.colcon_core.shell:Creating package descriptor '/home/hyeon/xarm_ws/install/mtc/share/mtc/package.dsv'
[11.258s] INFO:colcon.colcon_core.shell:Creating package script '/home/hyeon/xarm_ws/install/mtc/share/mtc/package.sh'
[11.258s] INFO:colcon.colcon_core.shell:Creating package script '/home/hyeon/xarm_ws/install/mtc/share/mtc/package.bash'
[11.258s] INFO:colcon.colcon_core.shell:Creating package script '/home/hyeon/xarm_ws/install/mtc/share/mtc/package.zsh'
[11.258s] Level 1:colcon.colcon_core.environment:create_file_with_runtime_dependencies(/home/hyeon/xarm_ws/install/mtc/share/colcon-core/packages/mtc)
[11.259s] Level 1:colcon.colcon_core.environment:create_environment_scripts_only(mtc)
[11.259s] Level 1:colcon.colcon_core.environment:checking '/home/hyeon/xarm_ws/install/mtc' for CMake module files
[11.259s] Level 1:colcon.colcon_core.environment:checking '/home/hyeon/xarm_ws/install/mtc' for CMake config files
[11.259s] Level 1:colcon.colcon_core.shell:create_environment_hook('mtc', 'cmake_prefix_path')
[11.259s] INFO:colcon.colcon_core.shell:Creating environment hook '/home/hyeon/xarm_ws/install/mtc/share/mtc/hook/cmake_prefix_path.ps1'
[11.260s] INFO:colcon.colcon_core.shell:Creating environment descriptor '/home/hyeon/xarm_ws/install/mtc/share/mtc/hook/cmake_prefix_path.dsv'
[11.260s] INFO:colcon.colcon_core.shell:Creating environment hook '/home/hyeon/xarm_ws/install/mtc/share/mtc/hook/cmake_prefix_path.sh'
[11.260s] Level 1:colcon.colcon_core.environment:checking '/home/hyeon/xarm_ws/install/mtc/lib'
[11.260s] Level 1:colcon.colcon_core.environment:checking '/home/hyeon/xarm_ws/install/mtc/bin'
[11.260s] Level 1:colcon.colcon_core.environment:checking '/home/hyeon/xarm_ws/install/mtc/lib/pkgconfig/mtc.pc'
[11.261s] Level 1:colcon.colcon_core.environment:checking '/home/hyeon/xarm_ws/install/mtc/lib/python3.12/site-packages'
[11.261s] Level 1:colcon.colcon_core.environment:checking '/home/hyeon/xarm_ws/install/mtc/bin'
[11.261s] INFO:colcon.colcon_core.shell:Creating package script '/home/hyeon/xarm_ws/install/mtc/share/mtc/package.ps1'
[11.261s] INFO:colcon.colcon_core.shell:Creating package descriptor '/home/hyeon/xarm_ws/install/mtc/share/mtc/package.dsv'
[11.262s] INFO:colcon.colcon_core.shell:Creating package script '/home/hyeon/xarm_ws/install/mtc/share/mtc/package.sh'
[11.262s] INFO:colcon.colcon_core.shell:Creating package script '/home/hyeon/xarm_ws/install/mtc/share/mtc/package.bash'
[11.262s] INFO:colcon.colcon_core.shell:Creating package script '/home/hyeon/xarm_ws/install/mtc/share/mtc/package.zsh'
[11.262s] Level 1:colcon.colcon_core.environment:create_file_with_runtime_dependencies(/home/hyeon/xarm_ws/install/mtc/share/colcon-core/packages/mtc)
[11.263s] INFO:colcon.colcon_ros.task.ament_cmake.build:Building ROS package in '/home/hyeon/xarm_ws/src/xarm_1s_bringup' with build type 'ament_cmake'
[11.263s] INFO:colcon.colcon_cmake.task.cmake.build:Building CMake package in '/home/hyeon/xarm_ws/src/xarm_1s_bringup'
[11.263s] INFO:colcon.colcon_core.shell:Skip shell extension 'powershell' for command environment: Not usable outside of PowerShell
[11.263s] DEBUG:colcon.colcon_core.shell:Skip shell extension 'dsv' for command environment
[11.534s] DEBUG:colcon.colcon_core.event_handler.log_command:Invoking command in '/home/hyeon/xarm_ws/build/xarm_1s_bringup': CMAKE_PREFIX_PATH=/home/hyeon/xarm_ws/install/mtc:/home/hyeon/xarm_ws/install/xarm_1s_moveit_config:/home/hyeon/xarm_ws/install/xarm_1s_hardware:/home/hyeon/xarm_ws/install/xarm_1s_description:/home/hyeon/xarm_ws/install/xarm_1s_bringup:/opt/ros/jazzy/opt/sdformat_vendor:/opt/ros/jazzy/opt/gz_math_vendor:/opt/ros/jazzy/opt/gz_utils_vendor:/opt/ros/jazzy/opt/gz_tools_vendor:/opt/ros/jazzy/opt/gz_cmake_vendor:/opt/ros/jazzy /usr/bin/cmake /home/hyeon/xarm_ws/src/xarm_1s_bringup -DCMAKE_INSTALL_PREFIX=/home/hyeon/xarm_ws/install/xarm_1s_bringup
[11.734s] DEBUG:colcon.colcon_core.event_handler.log_command:Invoked command in '/home/hyeon/xarm_ws/build/xarm_1s_bringup' returned '0': CMAKE_PREFIX_PATH=/home/hyeon/xarm_ws/install/mtc:/home/hyeon/xarm_ws/install/xarm_1s_moveit_config:/home/hyeon/xarm_ws/install/xarm_1s_hardware:/home/hyeon/xarm_ws/install/xarm_1s_description:/home/hyeon/xarm_ws/install/xarm_1s_bringup:/opt/ros/jazzy/opt/sdformat_vendor:/opt/ros/jazzy/opt/gz_math_vendor:/opt/ros/jazzy/opt/gz_utils_vendor:/opt/ros/jazzy/opt/gz_tools_vendor:/opt/ros/jazzy/opt/gz_cmake_vendor:/opt/ros/jazzy /usr/bin/cmake /home/hyeon/xarm_ws/src/xarm_1s_bringup -DCMAKE_INSTALL_PREFIX=/home/hyeon/xarm_ws/install/xarm_1s_bringup
[11.735s] DEBUG:colcon.colcon_core.event_handler.log_command:Invoking command in '/home/hyeon/xarm_ws/build/xarm_1s_bringup': CMAKE_PREFIX_PATH=/home/hyeon/xarm_ws/install/mtc:/home/hyeon/xarm_ws/install/xarm_1s_moveit_config:/home/hyeon/xarm_ws/install/xarm_1s_hardware:/home/hyeon/xarm_ws/install/xarm_1s_description:/home/hyeon/xarm_ws/install/xarm_1s_bringup:/opt/ros/jazzy/opt/sdformat_vendor:/opt/ros/jazzy/opt/gz_math_vendor:/opt/ros/jazzy/opt/gz_utils_vendor:/opt/ros/jazzy/opt/gz_tools_vendor:/opt/ros/jazzy/opt/gz_cmake_vendor:/opt/ros/jazzy /usr/bin/cmake --build /home/hyeon/xarm_ws/build/xarm_1s_bringup -- -j24 -l24
[11.756s] DEBUG:colcon.colcon_core.event_handler.log_command:Invoked command in '/home/hyeon/xarm_ws/build/xarm_1s_bringup' returned '0': CMAKE_PREFIX_PATH=/home/hyeon/xarm_ws/install/mtc:/home/hyeon/xarm_ws/install/xarm_1s_moveit_config:/home/hyeon/xarm_ws/install/xarm_1s_hardware:/home/hyeon/xarm_ws/install/xarm_1s_description:/home/hyeon/xarm_ws/install/xarm_1s_bringup:/opt/ros/jazzy/opt/sdformat_vendor:/opt/ros/jazzy/opt/gz_math_vendor:/opt/ros/jazzy/opt/gz_utils_vendor:/opt/ros/jazzy/opt/gz_tools_vendor:/opt/ros/jazzy/opt/gz_cmake_vendor:/opt/ros/jazzy /usr/bin/cmake --build /home/hyeon/xarm_ws/build/xarm_1s_bringup -- -j24 -l24
[11.757s] DEBUG:colcon.colcon_core.event_handler.log_command:Invoking command in '/home/hyeon/xarm_ws/build/xarm_1s_bringup': CMAKE_PREFIX_PATH=/home/hyeon/xarm_ws/install/mtc:/home/hyeon/xarm_ws/install/xarm_1s_moveit_config:/home/hyeon/xarm_ws/install/xarm_1s_hardware:/home/hyeon/xarm_ws/install/xarm_1s_description:/home/hyeon/xarm_ws/install/xarm_1s_bringup:/opt/ros/jazzy/opt/sdformat_vendor:/opt/ros/jazzy/opt/gz_math_vendor:/opt/ros/jazzy/opt/gz_utils_vendor:/opt/ros/jazzy/opt/gz_tools_vendor:/opt/ros/jazzy/opt/gz_cmake_vendor:/opt/ros/jazzy /usr/bin/cmake --install /home/hyeon/xarm_ws/build/xarm_1s_bringup
[11.773s] Level 1:colcon.colcon_core.environment:create_environment_scripts_only(xarm_1s_bringup)
[11.773s] Level 1:colcon.colcon_core.environment:checking '/home/hyeon/xarm_ws/install/xarm_1s_bringup' for CMake module files
[11.774s] DEBUG:colcon.colcon_core.event_handler.log_command:Invoked command in '/home/hyeon/xarm_ws/build/xarm_1s_bringup' returned '0': CMAKE_PREFIX_PATH=/home/hyeon/xarm_ws/install/mtc:/home/hyeon/xarm_ws/install/xarm_1s_moveit_config:/home/hyeon/xarm_ws/install/xarm_1s_hardware:/home/hyeon/xarm_ws/install/xarm_1s_description:/home/hyeon/xarm_ws/install/xarm_1s_bringup:/opt/ros/jazzy/opt/sdformat_vendor:/opt/ros/jazzy/opt/gz_math_vendor:/opt/ros/jazzy/opt/gz_utils_vendor:/opt/ros/jazzy/opt/gz_tools_vendor:/opt/ros/jazzy/opt/gz_cmake_vendor:/opt/ros/jazzy /usr/bin/cmake --install /home/hyeon/xarm_ws/build/xarm_1s_bringup
[11.774s] Level 1:colcon.colcon_core.environment:checking '/home/hyeon/xarm_ws/install/xarm_1s_bringup' for CMake config files
[11.775s] Level 1:colcon.colcon_core.shell:create_environment_hook('xarm_1s_bringup', 'cmake_prefix_path')
[11.776s] INFO:colcon.colcon_core.shell:Creating environment hook '/home/hyeon/xarm_ws/install/xarm_1s_bringup/share/xarm_1s_bringup/hook/cmake_prefix_path.ps1'
[11.776s] INFO:colcon.colcon_core.shell:Creating environment descriptor '/home/hyeon/xarm_ws/install/xarm_1s_bringup/share/xarm_1s_bringup/hook/cmake_prefix_path.dsv'
[11.776s] INFO:colcon.colcon_core.shell:Creating environment hook '/home/hyeon/xarm_ws/install/xarm_1s_bringup/share/xarm_1s_bringup/hook/cmake_prefix_path.sh'
[11.777s] Level 1:colcon.colcon_core.environment:checking '/home/hyeon/xarm_ws/install/xarm_1s_bringup/bin'
[11.777s] Level 1:colcon.colcon_core.environment:checking '/home/hyeon/xarm_ws/install/xarm_1s_bringup/lib/pkgconfig/xarm_1s_bringup.pc'
[11.777s] Level 1:colcon.colcon_core.environment:checking '/home/hyeon/xarm_ws/install/xarm_1s_bringup/lib/python3.12/site-packages'
[11.777s] Level 1:colcon.colcon_core.environment:checking '/home/hyeon/xarm_ws/install/xarm_1s_bringup/bin'
[11.777s] INFO:colcon.colcon_core.shell:Creating package script '/home/hyeon/xarm_ws/install/xarm_1s_bringup/share/xarm_1s_bringup/package.ps1'
[11.777s] INFO:colcon.colcon_core.shell:Creating package descriptor '/home/hyeon/xarm_ws/install/xarm_1s_bringup/share/xarm_1s_bringup/package.dsv'
[11.778s] INFO:colcon.colcon_core.shell:Creating package script '/home/hyeon/xarm_ws/install/xarm_1s_bringup/share/xarm_1s_bringup/package.sh'
[11.778s] INFO:colcon.colcon_core.shell:Creating package script '/home/hyeon/xarm_ws/install/xarm_1s_bringup/share/xarm_1s_bringup/package.bash'
[11.778s] INFO:colcon.colcon_core.shell:Creating package script '/home/hyeon/xarm_ws/install/xarm_1s_bringup/share/xarm_1s_bringup/package.zsh'
[11.778s] Level 1:colcon.colcon_core.environment:create_file_with_runtime_dependencies(/home/hyeon/xarm_ws/install/xarm_1s_bringup/share/colcon-core/packages/xarm_1s_bringup)
[11.779s] Level 1:colcon.colcon_core.environment:create_environment_scripts_only(xarm_1s_bringup)
[11.779s] Level 1:colcon.colcon_core.environment:checking '/home/hyeon/xarm_ws/install/xarm_1s_bringup' for CMake module files
[11.779s] Level 1:colcon.colcon_core.environment:checking '/home/hyeon/xarm_ws/install/xarm_1s_bringup' for CMake config files
[11.779s] Level 1:colcon.colcon_core.shell:create_environment_hook('xarm_1s_bringup', 'cmake_prefix_path')
[11.780s] INFO:colcon.colcon_core.shell:Creating environment hook '/home/hyeon/xarm_ws/install/xarm_1s_bringup/share/xarm_1s_bringup/hook/cmake_prefix_path.ps1'
[11.780s] INFO:colcon.colcon_core.shell:Creating environment descriptor '/home/hyeon/xarm_ws/install/xarm_1s_bringup/share/xarm_1s_bringup/hook/cmake_prefix_path.dsv'
[11.780s] INFO:colcon.colcon_core.shell:Creating environment hook '/home/hyeon/xarm_ws/install/xarm_1s_bringup/share/xarm_1s_bringup/hook/cmake_prefix_path.sh'
[11.780s] Level 1:colcon.colcon_core.environment:checking '/home/hyeon/xarm_ws/install/xarm_1s_bringup/bin'
[11.780s] Level 1:colcon.colcon_core.environment:checking '/home/hyeon/xarm_ws/install/xarm_1s_bringup/lib/pkgconfig/xarm_1s_bringup.pc'
[11.781s] Level 1:colcon.colcon_core.environment:checking '/home/hyeon/xarm_ws/install/xarm_1s_bringup/lib/python3.12/site-packages'
[11.781s] Level 1:colcon.colcon_core.environment:checking '/home/hyeon/xarm_ws/install/xarm_1s_bringup/bin'
[11.781s] INFO:colcon.colcon_core.shell:Creating package script '/home/hyeon/xarm_ws/install/xarm_1s_bringup/share/xarm_1s_bringup/package.ps1'
[11.781s] INFO:colcon.colcon_core.shell:Creating package descriptor '/home/hyeon/xarm_ws/install/xarm_1s_bringup/share/xarm_1s_bringup/package.dsv'
[11.782s] INFO:colcon.colcon_core.shell:Creating package script '/home/hyeon/xarm_ws/install/xarm_1s_bringup/share/xarm_1s_bringup/package.sh'
[11.782s] INFO:colcon.colcon_core.shell:Creating package script '/home/hyeon/xarm_ws/install/xarm_1s_bringup/share/xarm_1s_bringup/package.bash'
[11.782s] INFO:colcon.colcon_core.shell:Creating package script '/home/hyeon/xarm_ws/install/xarm_1s_bringup/share/xarm_1s_bringup/package.zsh'
[11.782s] Level 1:colcon.colcon_core.environment:create_file_with_runtime_dependencies(/home/hyeon/xarm_ws/install/xarm_1s_bringup/share/colcon-core/packages/xarm_1s_bringup)
[11.783s] DEBUG:colcon.colcon_parallel_executor.executor.parallel:closing loop
[11.783s] DEBUG:colcon.colcon_parallel_executor.executor.parallel:loop closed
[11.784s] DEBUG:colcon.colcon_parallel_executor.executor.parallel:run_until_complete finished with '0'
[11.784s] DEBUG:colcon.colcon_core.event_reactor:joining thread
[11.842s] INFO:colcon.colcon_core.plugin_system:Skipping extension 'colcon_notification.desktop_notification.notify_send': Could not find 'notify-send'
[11.842s] INFO:colcon.colcon_core.plugin_system:Skipping extension 'colcon_notification.desktop_notification.terminal_notifier': Not used on non-Darwin systems
[11.842s] INFO:colcon.colcon_core.plugin_system:Skipping extension 'colcon_notification.desktop_notification.win32': Not used on non-Windows systems
[11.842s] INFO:colcon.colcon_notification.desktop_notification:Sending desktop notification using 'notify2'
[11.843s] DEBUG:colcon.colcon_notification.desktop_notification.notify2:Failed to initialize notify2: org.freedesktop.DBus.Error.ServiceUnknown: The name org.freedesktop.Notifications was not provided by any .service files
[11.844s] DEBUG:colcon.colcon_core.event_reactor:joined thread
[11.844s] INFO:colcon.colcon_core.shell:Creating prefix script '/home/hyeon/xarm_ws/install/local_setup.ps1'
[11.845s] INFO:colcon.colcon_core.shell:Creating prefix util module '/home/hyeon/xarm_ws/install/_local_setup_util_ps1.py'
[11.845s] INFO:colcon.colcon_core.shell:Creating prefix chain script '/home/hyeon/xarm_ws/install/setup.ps1'
[11.846s] INFO:colcon.colcon_core.shell:Creating prefix script '/home/hyeon/xarm_ws/install/local_setup.sh'
[11.847s] INFO:colcon.colcon_core.shell:Creating prefix util module '/home/hyeon/xarm_ws/install/_local_setup_util_sh.py'
[11.847s] INFO:colcon.colcon_core.shell:Creating prefix chain script '/home/hyeon/xarm_ws/install/setup.sh'
[11.848s] INFO:colcon.colcon_core.shell:Creating prefix script '/home/hyeon/xarm_ws/install/local_setup.bash'
[11.848s] INFO:colcon.colcon_core.shell:Creating prefix chain script '/home/hyeon/xarm_ws/install/setup.bash'
[11.849s] INFO:colcon.colcon_core.shell:Creating prefix script '/home/hyeon/xarm_ws/install/local_setup.zsh'
[11.850s] INFO:colcon.colcon_core.shell:Creating prefix chain script '/home/hyeon/xarm_ws/install/setup.zsh'
