[0.008s] Invoking command in '/home/hyeonsu/xarm_ws/build/mtc': DEBUGINFOD_URLS=https://debuginfod.ubuntu.com /usr/bin/cmake --build /home/hyeonsu/xarm_ws/build/mtc -- -j24 -l24
[0.096s] [ 50%] Building CXX object CMakeFiles/mtc_node.dir/src/mtc_node.cpp.o
[3.489s] /home/hyeonsu/xarm_ws/src/mtc/src/mtc_node.cpp: In member function ‘moveit::task_constructor::Task MTCTaskNode::createTask()’:
[3.489s] /home/hyeonsu/xarm_ws/src/mtc/src/mtc_node.cpp:147:15: warning: variable ‘attach_object_stage’ set but not used [-Wunused-but-set-variable]
[3.489s]   147 |   mtc::Stage* attach_object_stage = nullptr;
[3.489s]       |               ^~~~~~~~~~~~~~~~~~~
[6.770s] [100%] Linking CXX executable mtc_node
[7.000s] [100%] Built target mtc_node
[7.009s] Invoked command in '/home/hyeonsu/xarm_ws/build/mtc' returned '0': DEBUGINFOD_URLS=https://debuginfod.ubuntu.com /usr/bin/cmake --build /home/hyeonsu/xarm_ws/build/mtc -- -j24 -l24
[7.011s] Invoking command in '/home/hyeonsu/xarm_ws/build/mtc': DEBUGINFOD_URLS=https://debuginfod.ubuntu.com /usr/bin/cmake --install /home/hyeonsu/xarm_ws/build/mtc
[7.019s] -- Install configuration: ""
[7.019s] -- Installing: /home/hyeonsu/xarm_ws/install/mtc/lib/mtc/mtc_node
[7.020s] -- Set non-toolchain portion of runtime path of "/home/hyeonsu/xarm_ws/install/mtc/lib/mtc/mtc_node" to ""
[7.020s] -- Up-to-date: /home/hyeonsu/xarm_ws/install/mtc/share/mtc/launch
[7.020s] -- Up-to-date: /home/hyeonsu/xarm_ws/install/mtc/share/mtc/launch/pick_place_demo.launch.py
[7.020s] -- Up-to-date: /home/hyeonsu/xarm_ws/install/mtc/share/ament_index/resource_index/package_run_dependencies/mtc
[7.020s] -- Up-to-date: /home/hyeonsu/xarm_ws/install/mtc/share/ament_index/resource_index/parent_prefix_path/mtc
[7.021s] -- Up-to-date: /home/hyeonsu/xarm_ws/install/mtc/share/mtc/environment/ament_prefix_path.sh
[7.021s] -- Up-to-date: /home/hyeonsu/xarm_ws/install/mtc/share/mtc/environment/ament_prefix_path.dsv
[7.021s] -- Up-to-date: /home/hyeonsu/xarm_ws/install/mtc/share/mtc/environment/path.sh
[7.021s] -- Up-to-date: /home/hyeonsu/xarm_ws/install/mtc/share/mtc/environment/path.dsv
[7.021s] -- Up-to-date: /home/hyeonsu/xarm_ws/install/mtc/share/mtc/local_setup.bash
[7.021s] -- Up-to-date: /home/hyeonsu/xarm_ws/install/mtc/share/mtc/local_setup.sh
[7.021s] -- Up-to-date: /home/hyeonsu/xarm_ws/install/mtc/share/mtc/local_setup.zsh
[7.021s] -- Up-to-date: /home/hyeonsu/xarm_ws/install/mtc/share/mtc/local_setup.dsv
[7.021s] -- Installing: /home/hyeonsu/xarm_ws/install/mtc/share/mtc/package.dsv
[7.021s] -- Up-to-date: /home/hyeonsu/xarm_ws/install/mtc/share/ament_index/resource_index/packages/mtc
[7.021s] -- Up-to-date: /home/hyeonsu/xarm_ws/install/mtc/share/mtc/cmake/mtcConfig.cmake
[7.021s] -- Up-to-date: /home/hyeonsu/xarm_ws/install/mtc/share/mtc/cmake/mtcConfig-version.cmake
[7.021s] -- Up-to-date: /home/hyeonsu/xarm_ws/install/mtc/share/mtc/package.xml
[7.022s] Invoked command in '/home/hyeonsu/xarm_ws/build/mtc' returned '0': DEBUGINFOD_URLS=https://debuginfod.ubuntu.com /usr/bin/cmake --install /home/hyeonsu/xarm_ws/build/mtc
