[0.303s] Invoking command in '/home/hyeon/xarm_ws/build/xarm_1s_bringup': AMENT_PREFIX_PATH=/home/hyeon/xarm_ws/install/mtc:/home/hyeon/xarm_ws/install/xarm_1s_moveit_config:/home/hyeon/xarm_ws/install/xarm_1s_hardware:/home/hyeon/xarm_ws/install/xarm_1s_description:${AMENT_PREFIX_PATH} CMAKE_PREFIX_PATH=/home/hyeon/xarm_ws/install/mtc:/home/hyeon/xarm_ws/install/xarm_1s_moveit_config:/home/hyeon/xarm_ws/install/xarm_1s_hardware:/home/hyeon/xarm_ws/install/xarm_1s_description:/opt/ros/jazzy/opt/sdformat_vendor:/opt/ros/jazzy/opt/gz_math_vendor:/opt/ros/jazzy/opt/gz_utils_vendor:/opt/ros/jazzy/opt/gz_tools_vendor:/opt/ros/jazzy/opt/gz_cmake_vendor:/opt/ros/jazzy LD_LIBRARY_PATH=/home/hyeon/xarm_ws/install/xarm_1s_hardware/lib:${LD_LIBRARY_PATH} /usr/bin/cmake /home/hyeon/xarm_ws/src/xarm_1s_bringup -DAMENT_CMAKE_SYMLINK_INSTALL=1 -DCMAKE_INSTALL_PREFIX=/home/hyeon/xarm_ws/install/xarm_1s_bringup
[0.527s] -- The C compiler identification is GNU 13.3.0
[1.414s] -- The CXX compiler identification is GNU 13.3.0
[2.179s] -- Detecting C compiler ABI info
[2.466s] -- Detecting C compiler ABI info - done
[2.471s] -- Check for working C compiler: /usr/bin/cc - skipped
[2.472s] -- Detecting C compile features
[2.472s] -- Detecting C compile features - done
[2.592s] -- Detecting CXX compiler ABI info
[2.887s] -- Detecting CXX compiler ABI info - done
[2.892s] -- Check for working CXX compiler: /usr/bin/c++ - skipped
[2.892s] -- Detecting CXX compile features
[2.892s] -- Detecting CXX compile features - done
[2.901s] -- Found ament_cmake: 2.5.6 (/opt/ros/jazzy/share/ament_cmake/cmake)
[2.994s] -- Found Python3: /usr/bin/python3 (found version "3.12.3") found components: Interpreter 
[3.041s] -- Override CMake install command with custom implementation using symlinks instead of copying resources
[3.063s] -- Found ament_lint_auto: 0.17.5 (/opt/ros/jazzy/share/ament_lint_auto/cmake)
[3.132s] -- Added test 'flake8' to check Python code syntax and style conventions
[3.132s] -- Configured 'flake8' exclude dirs and/or files: 
[3.132s] -- Added test 'lint_cmake' to check CMake code style
[3.132s] -- Added test 'pep257' to check Python code against some of the docstring style conventions in PEP 257
[3.133s] -- Added test 'xmllint' to check XML markup files
[3.134s] -- Configuring done (2.8s)
[3.137s] -- Generating done (0.0s)
[3.138s] -- Build files have been written to: /home/hyeon/xarm_ws/build/xarm_1s_bringup
[3.142s] Invoked command in '/home/hyeon/xarm_ws/build/xarm_1s_bringup' returned '0': AMENT_PREFIX_PATH=/home/hyeon/xarm_ws/install/mtc:/home/hyeon/xarm_ws/install/xarm_1s_moveit_config:/home/hyeon/xarm_ws/install/xarm_1s_hardware:/home/hyeon/xarm_ws/install/xarm_1s_description:${AMENT_PREFIX_PATH} CMAKE_PREFIX_PATH=/home/hyeon/xarm_ws/install/mtc:/home/hyeon/xarm_ws/install/xarm_1s_moveit_config:/home/hyeon/xarm_ws/install/xarm_1s_hardware:/home/hyeon/xarm_ws/install/xarm_1s_description:/opt/ros/jazzy/opt/sdformat_vendor:/opt/ros/jazzy/opt/gz_math_vendor:/opt/ros/jazzy/opt/gz_utils_vendor:/opt/ros/jazzy/opt/gz_tools_vendor:/opt/ros/jazzy/opt/gz_cmake_vendor:/opt/ros/jazzy LD_LIBRARY_PATH=/home/hyeon/xarm_ws/install/xarm_1s_hardware/lib:${LD_LIBRARY_PATH} /usr/bin/cmake /home/hyeon/xarm_ws/src/xarm_1s_bringup -DAMENT_CMAKE_SYMLINK_INSTALL=1 -DCMAKE_INSTALL_PREFIX=/home/hyeon/xarm_ws/install/xarm_1s_bringup
[3.144s] Invoking command in '/home/hyeon/xarm_ws/build/xarm_1s_bringup': AMENT_PREFIX_PATH=/home/hyeon/xarm_ws/install/mtc:/home/hyeon/xarm_ws/install/xarm_1s_moveit_config:/home/hyeon/xarm_ws/install/xarm_1s_hardware:/home/hyeon/xarm_ws/install/xarm_1s_description:${AMENT_PREFIX_PATH} CMAKE_PREFIX_PATH=/home/hyeon/xarm_ws/install/mtc:/home/hyeon/xarm_ws/install/xarm_1s_moveit_config:/home/hyeon/xarm_ws/install/xarm_1s_hardware:/home/hyeon/xarm_ws/install/xarm_1s_description:/opt/ros/jazzy/opt/sdformat_vendor:/opt/ros/jazzy/opt/gz_math_vendor:/opt/ros/jazzy/opt/gz_utils_vendor:/opt/ros/jazzy/opt/gz_tools_vendor:/opt/ros/jazzy/opt/gz_cmake_vendor:/opt/ros/jazzy LD_LIBRARY_PATH=/home/hyeon/xarm_ws/install/xarm_1s_hardware/lib:${LD_LIBRARY_PATH} /usr/bin/cmake --build /home/hyeon/xarm_ws/build/xarm_1s_bringup -- -j24 -l24
[3.168s] Invoked command in '/home/hyeon/xarm_ws/build/xarm_1s_bringup' returned '0': AMENT_PREFIX_PATH=/home/hyeon/xarm_ws/install/mtc:/home/hyeon/xarm_ws/install/xarm_1s_moveit_config:/home/hyeon/xarm_ws/install/xarm_1s_hardware:/home/hyeon/xarm_ws/install/xarm_1s_description:${AMENT_PREFIX_PATH} CMAKE_PREFIX_PATH=/home/hyeon/xarm_ws/install/mtc:/home/hyeon/xarm_ws/install/xarm_1s_moveit_config:/home/hyeon/xarm_ws/install/xarm_1s_hardware:/home/hyeon/xarm_ws/install/xarm_1s_description:/opt/ros/jazzy/opt/sdformat_vendor:/opt/ros/jazzy/opt/gz_math_vendor:/opt/ros/jazzy/opt/gz_utils_vendor:/opt/ros/jazzy/opt/gz_tools_vendor:/opt/ros/jazzy/opt/gz_cmake_vendor:/opt/ros/jazzy LD_LIBRARY_PATH=/home/hyeon/xarm_ws/install/xarm_1s_hardware/lib:${LD_LIBRARY_PATH} /usr/bin/cmake --build /home/hyeon/xarm_ws/build/xarm_1s_bringup -- -j24 -l24
[3.169s] Invoking command in '/home/hyeon/xarm_ws/build/xarm_1s_bringup': AMENT_PREFIX_PATH=/home/hyeon/xarm_ws/install/mtc:/home/hyeon/xarm_ws/install/xarm_1s_moveit_config:/home/hyeon/xarm_ws/install/xarm_1s_hardware:/home/hyeon/xarm_ws/install/xarm_1s_description:${AMENT_PREFIX_PATH} CMAKE_PREFIX_PATH=/home/hyeon/xarm_ws/install/mtc:/home/hyeon/xarm_ws/install/xarm_1s_moveit_config:/home/hyeon/xarm_ws/install/xarm_1s_hardware:/home/hyeon/xarm_ws/install/xarm_1s_description:/opt/ros/jazzy/opt/sdformat_vendor:/opt/ros/jazzy/opt/gz_math_vendor:/opt/ros/jazzy/opt/gz_utils_vendor:/opt/ros/jazzy/opt/gz_tools_vendor:/opt/ros/jazzy/opt/gz_cmake_vendor:/opt/ros/jazzy LD_LIBRARY_PATH=/home/hyeon/xarm_ws/install/xarm_1s_hardware/lib:${LD_LIBRARY_PATH} /usr/bin/cmake --install /home/hyeon/xarm_ws/build/xarm_1s_bringup
[3.172s] -- Install configuration: ""
[3.173s] -- Execute custom install script
[3.174s] -- Symlinking: /home/hyeon/xarm_ws/install/xarm_1s_bringup/share/xarm_1s_bringup/launch/demo.launch.py
[3.180s] -- Symlinking: /home/hyeon/xarm_ws/install/xarm_1s_bringup/share/xarm_1s_bringup/launch/pick_place_demo.launch.py
[3.186s] -- Symlinking: /home/hyeon/xarm_ws/install/xarm_1s_bringup/share/ament_index/resource_index/package_run_dependencies/xarm_1s_bringup
[3.193s] -- Symlinking: /home/hyeon/xarm_ws/install/xarm_1s_bringup/share/ament_index/resource_index/parent_prefix_path/xarm_1s_bringup
[3.200s] -- Symlinking: /home/hyeon/xarm_ws/install/xarm_1s_bringup/share/xarm_1s_bringup/environment/ament_prefix_path.sh
[3.204s] -- Symlinking: /home/hyeon/xarm_ws/install/xarm_1s_bringup/share/xarm_1s_bringup/environment/ament_prefix_path.dsv
[3.210s] -- Symlinking: /home/hyeon/xarm_ws/install/xarm_1s_bringup/share/xarm_1s_bringup/environment/path.sh
[3.216s] -- Symlinking: /home/hyeon/xarm_ws/install/xarm_1s_bringup/share/xarm_1s_bringup/environment/path.dsv
[3.221s] -- Symlinking: /home/hyeon/xarm_ws/install/xarm_1s_bringup/share/xarm_1s_bringup/local_setup.bash
[3.226s] -- Symlinking: /home/hyeon/xarm_ws/install/xarm_1s_bringup/share/xarm_1s_bringup/local_setup.sh
[3.232s] -- Symlinking: /home/hyeon/xarm_ws/install/xarm_1s_bringup/share/xarm_1s_bringup/local_setup.zsh
[3.238s] -- Symlinking: /home/hyeon/xarm_ws/install/xarm_1s_bringup/share/xarm_1s_bringup/local_setup.dsv
[3.243s] -- Symlinking: /home/hyeon/xarm_ws/install/xarm_1s_bringup/share/xarm_1s_bringup/package.dsv
[3.248s] -- Symlinking: /home/hyeon/xarm_ws/install/xarm_1s_bringup/share/ament_index/resource_index/packages/xarm_1s_bringup
[3.254s] -- Symlinking: /home/hyeon/xarm_ws/install/xarm_1s_bringup/share/xarm_1s_bringup/cmake/xarm_1s_bringupConfig.cmake
[3.260s] -- Symlinking: /home/hyeon/xarm_ws/install/xarm_1s_bringup/share/xarm_1s_bringup/cmake/xarm_1s_bringupConfig-version.cmake
[3.265s] -- Symlinking: /home/hyeon/xarm_ws/install/xarm_1s_bringup/share/xarm_1s_bringup/package.xml
[3.272s] Invoked command in '/home/hyeon/xarm_ws/build/xarm_1s_bringup' returned '0': AMENT_PREFIX_PATH=/home/hyeon/xarm_ws/install/mtc:/home/hyeon/xarm_ws/install/xarm_1s_moveit_config:/home/hyeon/xarm_ws/install/xarm_1s_hardware:/home/hyeon/xarm_ws/install/xarm_1s_description:${AMENT_PREFIX_PATH} CMAKE_PREFIX_PATH=/home/hyeon/xarm_ws/install/mtc:/home/hyeon/xarm_ws/install/xarm_1s_moveit_config:/home/hyeon/xarm_ws/install/xarm_1s_hardware:/home/hyeon/xarm_ws/install/xarm_1s_description:/opt/ros/jazzy/opt/sdformat_vendor:/opt/ros/jazzy/opt/gz_math_vendor:/opt/ros/jazzy/opt/gz_utils_vendor:/opt/ros/jazzy/opt/gz_tools_vendor:/opt/ros/jazzy/opt/gz_cmake_vendor:/opt/ros/jazzy LD_LIBRARY_PATH=/home/hyeon/xarm_ws/install/xarm_1s_hardware/lib:${LD_LIBRARY_PATH} /usr/bin/cmake --install /home/hyeon/xarm_ws/build/xarm_1s_bringup
