[0.000000] (-) TimerEvent: {}
[0.000118] (-) JobUnselected: {'identifier': 'xarm_1s_description'}
[0.000211] (-) JobUnselected: {'identifier': 'xarm_1s_moveit_config'}
[0.000362] (mtc) JobQueued: {'identifier': 'mtc', 'dependencies': OrderedDict({'xarm_1s_moveit_config': '/home/hyeonsu/xarm_ws/install/xarm_1s_moveit_config'})}
[0.000510] (mtc) JobStarted: {'identifier': 'mtc'}
[0.006929] (mtc) JobProgress: {'identifier': 'mtc', 'progress': 'cmake'}
[0.007537] (mtc) JobProgress: {'identifier': 'mtc', 'progress': 'build'}
[0.008266] (mtc) Command: {'cmd': ['/usr/bin/cmake', '--build', '/home/hyeonsu/xarm_ws/build/mtc', '--', '-j24', '-l24'], 'cwd': '/home/hyeonsu/xarm_ws/build/mtc', 'env': OrderedDict({'GJS_DEBUG_TOPICS': 'JS ERROR;JS LOG', 'LESSOPEN': '| /usr/bin/lesspipe %s', 'VSCODE_CWD': '/home/hyeonsu', 'CURSOR_EXTENSION_HOST_ROLE': 'agent-exec', 'VSCODE_ESM_ENTRYPOINT': 'vs/workbench/api/node/extensionHostProcess', 'GZ_SIM_RESOURCE_PATH': '/opt/ros/jazzy/share', 'USER': 'hyeonsu', 'VSCODE_NLS_CONFIG': '{"userLocale":"en-us","osLocale":"en-us","resolvedLanguage":"en","defaultMessagesFile":"/usr/share/cursor/resources/app/out/nls.messages.json","locale":"en-us","availableLanguages":{}}', 'GZ_CONFIG_PATH': '/opt/ros/jazzy/opt/gz_sim_vendor/share/gz:/opt/ros/jazzy/opt/sdformat_vendor/share/gz:/opt/ros/jazzy/opt/gz_gui_vendor/share/gz:/opt/ros/jazzy/opt/gz_transport_vendor/share/gz:/opt/ros/jazzy/opt/gz_rendering_vendor/share/gz:/opt/ros/jazzy/opt/gz_plugin_vendor/share/gz:/opt/ros/jazzy/opt/gz_fuel_tools_vendor/share/gz:/opt/ros/jazzy/opt/gz_msgs_vendor/share/gz:/opt/ros/jazzy/opt/gz_common_vendor/share/gz', 'CI': '1', 'VSCODE_HANDLES_UNCAUGHT_ERRORS': 'true', 'XDG_SESSION_TYPE': 'wayland', 'CLUTTER_DISABLE_MIPMAPPED_TEXT': '1', 'SHLVL': '1', 'LD_LIBRARY_PATH': '/opt/ros/jazzy/opt/gz_sim_vendor/lib:/opt/ros/jazzy/opt/gz_sensors_vendor/lib:/opt/ros/jazzy/opt/gz_physics_vendor/lib:/opt/ros/jazzy/opt/sdformat_vendor/lib:/opt/ros/jazzy/opt/rviz_ogre_vendor/lib:/opt/ros/jazzy/lib/x86_64-linux-gnu:/opt/ros/jazzy/opt/gz_gui_vendor/lib:/opt/ros/jazzy/opt/gz_transport_vendor/lib:/opt/ros/jazzy/opt/gz_rendering_vendor/lib:/opt/ros/jazzy/opt/gz_plugin_vendor/lib:/opt/ros/jazzy/opt/gz_fuel_tools_vendor/lib:/opt/ros/jazzy/opt/gz_msgs_vendor/lib:/opt/ros/jazzy/opt/gz_common_vendor/lib:/opt/ros/jazzy/opt/gz_math_vendor/lib:/opt/ros/jazzy/opt/gz_utils_vendor/lib:/opt/ros/jazzy/opt/gz_tools_vendor/lib:/opt/ros/jazzy/opt/gz_ogre_next_vendor/lib:/opt/ros/jazzy/opt/gz_dartsim_vendor/lib:/opt/ros/jazzy/opt/gz_cmake_vendor/lib:/opt/ros/jazzy/lib', 'HOME': '/home/hyeonsu', 'CHROME_DESKTOP': 'cursor.desktop', 'OLDPWD': '/home/hyeonsu/xarm_ws', 'DESKTOP_SESSION': 'ubuntu', 'VSCODE_IPC_HOOK': '/run/user/1000/vscode-102b83de-2.6.-main.sock', 'GIO_LAUNCHED_DESKTOP_FILE': '/usr/share/applications/cursor.desktop', 'ROS_PYTHON_VERSION': '3', 'GNOME_SHELL_SESSION_MODE': 'ubuntu', 'GTK_MODULES': 'gail:atk-bridge:appmenu-gtk-module', 'CURSOR_WORKSPACE_LABEL': 'hyeonsu', 'MANAGERPID': '2610', 'SYSTEMD_EXEC_PID': '2872', 'IM_CONFIG_CHECK_ENV': '1', 'GSM_SKIP_SSH_AGENT_WORKAROUND': 'true', 'NO_COLOR': '1', 'DBUS_SESSION_BUS_ADDRESS': 'unix:path=/run/user/1000/bus', 'GIO_LAUNCHED_DESKTOP_FILE_PID': '4267', 'VSCODE_CRASH_REPORTER_PROCESS_TYPE': 'extensionHost', 'DEBUGINFOD_URLS': 'https://debuginfod.ubuntu.com', 'IM_CONFIG_PHASE': '1', 'WAYLAND_DISPLAY': 'wayland-0', 'COLCON_PREFIX_PATH': '/home/hyeonsu/xarm_ws/install', 'ROS_DISTRO': 'jazzy', 'LOGNAME': 'hyeonsu', 'FORCE_COLOR': '0', 'JOURNAL_STREAM': '9:32856', '_': '/usr/bin/colcon', 'ROS_VERSION': '2', 'MEMORY_PRESSURE_WATCH': '/sys/fs/cgroup/user.slice/user-1000.slice/user@1000.service/session.slice/org.gnome.Shell@wayland.service/memory.pressure', 'XDG_SESSION_CLASS': 'user', 'USERNAME': 'hyeonsu', 'TERM': 'dumb', 'GNOME_DESKTOP_SESSION_ID': 'this-is-deprecated', 'FC_FONTATIONS': '1', 'PATH': '/opt/ros/jazzy/opt/gz_msgs_vendor/bin:/opt/ros/jazzy/opt/gz_tools_vendor/bin:/opt/ros/jazzy/opt/gz_ogre_next_vendor/bin:/opt/ros/jazzy/bin:/home/hyeonsu/.local/bin:/home/hyeonsu/.local/bin:/home/hyeonsu/.local/bin:/usr/local/sbin:/usr/local/bin:/usr/sbin:/usr/bin:/sbin:/bin:/usr/games:/usr/local/games:/snap/bin:/snap/bin:/home/hyeonsu/.local/bin:/home/hyeonsu/.local/bin:/home/hyeonsu/.local/bin', 'SESSION_MANAGER': 'local/om:@/tmp/.ICE-unix/2838,unix/om:/tmp/.ICE-unix/2838', 'INVOCATION_ID': '3bb8fa1cdf0f488b867aec45224d355b', 'XDG_MENU_PREFIX': 'gnome-', 'VSCODE_PROCESS_TITLE': 'extension-host (agent-exec) hyeonsu [1-3]', 'GNOME_SETUP_DISPLAY': ':1', 'XDG_RUNTIME_DIR': '/run/user/1000', 'GDK_BACKEND': 'wayland', 'CURSOR_AGENT': '1', 'DISPLAY': ':0', 'LANG': 'en_US.UTF-8', 'XDG_CURRENT_DESKTOP': 'ubuntu:GNOME', 'XMODIFIERS': '@im=ibus', 'XDG_SESSION_DESKTOP': 'ubuntu', 'XAUTHORITY': '/run/user/1000/.mutter-Xwaylandauth.9YRHM3', 'LS_COLORS': '', 'SBX_CHROME_API_RQ': '1', 'CURSOR_TRACE_ID': '1bccd7047d18468daa4bfaca4afdbce9', 'SSH_AUTH_SOCK': '/run/user/1000/keyring/ssh', 'AMENT_PREFIX_PATH': '/home/hyeonsu/xarm_ws/install/mtc:/home/hyeonsu/xarm_ws/install/xarm_1s_moveit_config:/home/hyeonsu/xarm_ws/install/xarm_1s_description:/opt/ros/jazzy', 'SHELL': '/bin/bash', 'QT_ACCESSIBILITY': '1', 'GDMSESSION': 'ubuntu', 'LESSCLOSE': '/usr/bin/lesspipe %s %s', 'GJS_DEBUG_OUTPUT': 'stderr', 'ROS_AUTOMATIC_DISCOVERY_RANGE': 'SUBNET', 'QT_IM_MODULE': 'ibus', 'PWD': '/home/hyeonsu/xarm_ws/build/mtc', 'LC_ALL': 'en_US.UTF-8', 'XDG_CONFIG_DIRS': '/etc/xdg/xdg-ubuntu:/etc/xdg', 'VSCODE_CODE_CACHE_PATH': '/home/hyeonsu/.config/Cursor/CachedData/60faf7b51077ed1df1db718157bbfed740d2e160', 'XDG_DATA_DIRS': '/usr/share/ubuntu:/usr/share/gnome:/usr/local/share/:/usr/share/:/var/lib/snapd/desktop', 'QTWEBENGINE_DICTIONARIES_PATH': '/usr/share/hunspell-bdic/', 'PYTHONPATH': '/opt/ros/jazzy/lib/python3.12/site-packages', 'COLCON': '1', '_ZO_DOCTOR': '0', 'MEMORY_PRESSURE_WRITE': 'c29tZSAyMDAwMDAgMjAwMDAwMAA=', 'CMAKE_PREFIX_PATH': '/home/hyeonsu/xarm_ws/install/xarm_1s_moveit_config:/home/hyeonsu/xarm_ws/install/mtc:/home/hyeonsu/xarm_ws/install/xarm_1s_description:/opt/ros/jazzy/opt/gz_sim_vendor:/opt/ros/jazzy/opt/gz_sensors_vendor:/opt/ros/jazzy/opt/gz_physics_vendor:/opt/ros/jazzy/opt/sdformat_vendor:/opt/ros/jazzy/opt/gz_gui_vendor:/opt/ros/jazzy/opt/gz_transport_vendor:/opt/ros/jazzy/opt/gz_rendering_vendor:/opt/ros/jazzy/opt/gz_plugin_vendor:/opt/ros/jazzy/opt/gz_fuel_tools_vendor:/opt/ros/jazzy/opt/gz_msgs_vendor:/opt/ros/jazzy/opt/gz_common_vendor:/opt/ros/jazzy/opt/gz_math_vendor:/opt/ros/jazzy/opt/gz_utils_vendor:/opt/ros/jazzy/opt/gz_tools_vendor:/opt/ros/jazzy/opt/gz_ogre_next_vendor:/opt/ros/jazzy/opt/gz_dartsim_vendor:/opt/ros/jazzy/opt/gz_cmake_vendor:/opt/ros/jazzy', 'VSCODE_PID': '4267'}), 'shell': False}
[0.078080] (mtc) StdoutLine: {'line': b'[ 50%] Building CXX object CMakeFiles/mtc_node.dir/src/mtc_node.cpp.o\n'}
[0.099838] (-) TimerEvent: {}
[0.200097] (-) TimerEvent: {}
[0.300336] (-) TimerEvent: {}
[0.400528] (-) TimerEvent: {}
[0.500749] (-) TimerEvent: {}
[0.600959] (-) TimerEvent: {}
[0.701184] (-) TimerEvent: {}
[0.801400] (-) TimerEvent: {}
[0.901614] (-) TimerEvent: {}
[1.001830] (-) TimerEvent: {}
[1.102062] (-) TimerEvent: {}
[1.202256] (-) TimerEvent: {}
[1.302441] (-) TimerEvent: {}
[1.402657] (-) TimerEvent: {}
[1.502872] (-) TimerEvent: {}
[1.603073] (-) TimerEvent: {}
[1.703287] (-) TimerEvent: {}
[1.803493] (-) TimerEvent: {}
[1.903708] (-) TimerEvent: {}
[2.003934] (-) TimerEvent: {}
[2.104183] (-) TimerEvent: {}
[2.204449] (-) TimerEvent: {}
[2.304692] (-) TimerEvent: {}
[2.404906] (-) TimerEvent: {}
[2.505075] (-) TimerEvent: {}
[2.605274] (-) TimerEvent: {}
[2.705470] (-) TimerEvent: {}
[2.805670] (-) TimerEvent: {}
[2.905855] (-) TimerEvent: {}
[3.006052] (-) TimerEvent: {}
[3.106252] (-) TimerEvent: {}
[3.165720] (mtc) StderrLine: {'line': b'/home/hyeonsu/xarm_ws/src/mtc/src/mtc_node.cpp: In member function \xe2\x80\x98moveit::task_constructor::Task MTCTaskNode::createTask()\xe2\x80\x99:\n'}
[3.165984] (mtc) StderrLine: {'line': b'/home/hyeonsu/xarm_ws/src/mtc/src/mtc_node.cpp:200:29: error: no matching function for call to \xe2\x80\x98moveit::task_constructor::stages::ModifyPlanningScene::allowCollisions(const char [7], <brace-enclosed initializer list>, bool)\xe2\x80\x99\n'}
[3.166073] (mtc) StderrLine: {'line': b'  200 |       stage->allowCollisions(\n'}
[3.166126] (mtc) StderrLine: {'line': b'      |       ~~~~~~~~~~~~~~~~~~~~~~^\n'}
[3.166176] (mtc) StderrLine: {'line': b'  201 |         "object",\n'}
[3.166224] (mtc) StderrLine: {'line': b'      |         ~~~~~~~~~            \n'}
[3.166273] (mtc) StderrLine: {'line': b'  202 |         { "link1", "link1_left", "link0", "link0_left" },\n'}
[3.166320] (mtc) StderrLine: {'line': b'      |         ~~~~~~~~~~~~~~~~~~~~~~~~~~~~~~~~~~~~~~~~~~~~~~~~~\n'}
[3.166365] (mtc) StderrLine: {'line': b'  203 |         true\n'}
[3.166410] (mtc) StderrLine: {'line': b'      |         ~~~~                 \n'}
[3.166456] (mtc) StderrLine: {'line': b'  204 |       );\n'}
[3.166501] (mtc) StderrLine: {'line': b'      |       ~                      \n'}
[3.166544] (mtc) StderrLine: {'line': b'In file included from /opt/ros/jazzy/include/moveit/task_constructor/stages.h:52,\n'}
[3.166587] (mtc) StderrLine: {'line': b'                 from /home/hyeonsu/xarm_ws/src/mtc/src/mtc_node.cpp:6:\n'}
[3.166631] (mtc) StderrLine: {'line': b'/opt/ros/jazzy/include/moveit/task_constructor/stages/modify_planning_scene.h:157:14: note: candidate: \xe2\x80\x98void moveit::task_constructor::stages::ModifyPlanningScene::allowCollisions(planning_scene::PlanningScene&, const CollisionMatrixPairs&, bool)\xe2\x80\x99\n'}
[3.166678] (mtc) StderrLine: {'line': b'  157 |         void allowCollisions(planning_scene::PlanningScene& scene, const CollisionMatrixPairs& pairs, bool invert);\n'}
[3.166722] (mtc) StderrLine: {'line': b'      |              ^~~~~~~~~~~~~~~\n'}
[3.166765] (mtc) StderrLine: {'line': b'/opt/ros/jazzy/include/moveit/task_constructor/stages/modify_planning_scene.h:157:61: note:   no known conversion for argument 1 from \xe2\x80\x98const char [7]\xe2\x80\x99 to \xe2\x80\x98planning_scene::PlanningScene&\xe2\x80\x99\n'}
[3.166812] (mtc) StderrLine: {'line': b'  157 |         void allowCollisions(planning_scene::PlanningScene& scene, const CollisionMatrixPairs& pairs, bool invert);\n'}
[3.166857] (mtc) StderrLine: {'line': b'      |                              ~~~~~~~~~~~~~~~~~~~~~~~~~~~~~~~^~~~~\n'}
[3.166900] (mtc) StderrLine: {'line': b'/opt/ros/jazzy/include/moveit/task_constructor/stages/modify_planning_scene.h:116:21: note: candidate: \xe2\x80\x98template<class T1, class T2, class E1, class E2> void moveit::task_constructor::stages::ModifyPlanningScene::allowCollisions(const T1&, const T2&, bool)\xe2\x80\x99\n'}
[3.166946] (mtc) StderrLine: {'line': b'  116 |         inline void allowCollisions(const T1& first, const T2& second, bool enable_collision) {\n'}
[3.166990] (mtc) StderrLine: {'line': b'      |                     ^~~~~~~~~~~~~~~\n'}
[3.167041] (mtc) StderrLine: {'line': b'/opt/ros/jazzy/include/moveit/task_constructor/stages/modify_planning_scene.h:116:21: note:   template argument deduction/substitution failed:\n'}
[3.167085] (mtc) StderrLine: {'line': b'/home/hyeonsu/xarm_ws/src/mtc/src/mtc_node.cpp:200:29: note:   couldn\xe2\x80\x99t deduce template parameter \xe2\x80\x98T2\xe2\x80\x99\n'}
[3.167130] (mtc) StderrLine: {'line': b'  200 |       stage->allowCollisions(\n'}
[3.167173] (mtc) StderrLine: {'line': b'      |       ~~~~~~~~~~~~~~~~~~~~~~^\n'}
[3.167215] (mtc) StderrLine: {'line': b'  201 |         "object",\n'}
[3.167259] (mtc) StderrLine: {'line': b'      |         ~~~~~~~~~            \n'}
[3.167300] (mtc) StderrLine: {'line': b'  202 |         { "link1", "link1_left", "link0", "link0_left" },\n'}
[3.167343] (mtc) StderrLine: {'line': b'      |         ~~~~~~~~~~~~~~~~~~~~~~~~~~~~~~~~~~~~~~~~~~~~~~~~~\n'}
[3.167384] (mtc) StderrLine: {'line': b'  203 |         true\n'}
[3.167427] (mtc) StderrLine: {'line': b'      |         ~~~~                 \n'}
[3.167469] (mtc) StderrLine: {'line': b'  204 |       );\n'}
[3.167511] (mtc) StderrLine: {'line': b'      |       ~                      \n'}
[3.167557] (mtc) StderrLine: {'line': b'/opt/ros/jazzy/include/moveit/task_constructor/stages/modify_planning_scene.h:122:21: note: candidate: \xe2\x80\x98template<class T, class E> void moveit::task_constructor::stages::ModifyPlanningScene::allowCollisions(const std::string&, const T&, bool)\xe2\x80\x99\n'}
[3.167602] (mtc) StderrLine: {'line': b'  122 |         inline void allowCollisions(const std::string& first, const T& second, bool enable_collision) {\n'}
[3.167646] (mtc) StderrLine: {'line': b'      |                     ^~~~~~~~~~~~~~~\n'}
[3.167687] (mtc) StderrLine: {'line': b'/opt/ros/jazzy/include/moveit/task_constructor/stages/modify_planning_scene.h:122:21: note:   template argument deduction/substitution failed:\n'}
[3.167731] (mtc) StderrLine: {'line': b'/home/hyeonsu/xarm_ws/src/mtc/src/mtc_node.cpp:200:29: note:   couldn\xe2\x80\x99t deduce template parameter \xe2\x80\x98T\xe2\x80\x99\n'}
[3.167773] (mtc) StderrLine: {'line': b'  200 |       stage->allowCollisions(\n'}
[3.167815] (mtc) StderrLine: {'line': b'      |       ~~~~~~~~~~~~~~~~~~~~~~^\n'}
[3.167857] (mtc) StderrLine: {'line': b'  201 |         "object",\n'}
[3.167900] (mtc) StderrLine: {'line': b'      |         ~~~~~~~~~            \n'}
[3.167942] (mtc) StderrLine: {'line': b'  202 |         { "link1", "link1_left", "link0", "link0_left" },\n'}
[3.167984] (mtc) StderrLine: {'line': b'      |         ~~~~~~~~~~~~~~~~~~~~~~~~~~~~~~~~~~~~~~~~~~~~~~~~~\n'}
[3.168030] (mtc) StderrLine: {'line': b'  203 |         true\n'}
[3.168073] (mtc) StderrLine: {'line': b'      |         ~~~~                 \n'}
[3.168115] (mtc) StderrLine: {'line': b'  204 |       );\n'}
[3.168157] (mtc) StderrLine: {'line': b'      |       ~                      \n'}
[3.168199] (mtc) StderrLine: {'line': b'/opt/ros/jazzy/include/moveit/task_constructor/stages/modify_planning_scene.h:128:21: note: candidate: \xe2\x80\x98template<class T, class E> void moveit::task_constructor::stages::ModifyPlanningScene::allowCollisions(const char*, const T&, bool)\xe2\x80\x99\n'}
[3.168245] (mtc) StderrLine: {'line': b'  128 |         inline void allowCollisions(const char* first, const T& second, bool enable_collision) {\n'}
[3.168290] (mtc) StderrLine: {'line': b'      |                     ^~~~~~~~~~~~~~~\n'}
[3.168332] (mtc) StderrLine: {'line': b'/opt/ros/jazzy/include/moveit/task_constructor/stages/modify_planning_scene.h:128:21: note:   template argument deduction/substitution failed:\n'}
[3.168374] (mtc) StderrLine: {'line': b'/home/hyeonsu/xarm_ws/src/mtc/src/mtc_node.cpp:200:29: note:   couldn\xe2\x80\x99t deduce template parameter \xe2\x80\x98T\xe2\x80\x99\n'}
[3.168418] (mtc) StderrLine: {'line': b'  200 |       stage->allowCollisions(\n'}
[3.168460] (mtc) StderrLine: {'line': b'      |       ~~~~~~~~~~~~~~~~~~~~~~^\n'}
[3.168503] (mtc) StderrLine: {'line': b'  201 |         "object",\n'}
[3.168544] (mtc) StderrLine: {'line': b'      |         ~~~~~~~~~            \n'}
[3.168586] (mtc) StderrLine: {'line': b'  202 |         { "link1", "link1_left", "link0", "link0_left" },\n'}
[3.168628] (mtc) StderrLine: {'line': b'      |         ~~~~~~~~~~~~~~~~~~~~~~~~~~~~~~~~~~~~~~~~~~~~~~~~~\n'}
[3.168669] (mtc) StderrLine: {'line': b'  203 |         true\n'}
[3.168711] (mtc) StderrLine: {'line': b'      |         ~~~~                 \n'}
[3.168753] (mtc) StderrLine: {'line': b'  204 |       );\n'}
[3.168795] (mtc) StderrLine: {'line': b'      |       ~                      \n'}
[3.168838] (mtc) StderrLine: {'line': b'/opt/ros/jazzy/include/moveit/task_constructor/stages/modify_planning_scene.h:102:14: note: candidate: \xe2\x80\x98void moveit::task_constructor::stages::ModifyPlanningScene::allowCollisions(const Names&, const Names&, bool)\xe2\x80\x99\n'}
[3.168882] (mtc) StderrLine: {'line': b'  102 |         void allowCollisions(const Names& first, const Names& second, bool allow);\n'}
[3.168925] (mtc) StderrLine: {'line': b'      |              ^~~~~~~~~~~~~~~\n'}
[3.168967] (mtc) StderrLine: {'line': b'/opt/ros/jazzy/include/moveit/task_constructor/stages/modify_planning_scene.h:102:43: note:   no known conversion for argument 1 from \xe2\x80\x98const char [7]\xe2\x80\x99 to \xe2\x80\x98const moveit::task_constructor::stages::ModifyPlanningScene::Names&\xe2\x80\x99 {aka \xe2\x80\x98const std::vector<std::__cxx11::basic_string<char>, std::allocator<std::__cxx11::basic_string<char> > >&\xe2\x80\x99}\n'}
[3.169020] (mtc) StderrLine: {'line': b'  102 |         void allowCollisions(const Names& first, const Names& second, bool allow);\n'}
[3.169063] (mtc) StderrLine: {'line': b'      |                              ~~~~~~~~~~~~~^~~~~\n'}
[3.169106] (mtc) StderrLine: {'line': b'/opt/ros/jazzy/include/moveit/task_constructor/stages/modify_planning_scene.h:104:14: note: candidate: \xe2\x80\x98void moveit::task_constructor::stages::ModifyPlanningScene::allowCollisions(const std::string&, const std::string&, bool)\xe2\x80\x99\n'}
[3.169149] (mtc) StderrLine: {'line': b'  104 |         void allowCollisions(const std::string& first, const std::string& second, bool allow) {\n'}
[3.169192] (mtc) StderrLine: {'line': b'      |              ^~~~~~~~~~~~~~~\n'}
[3.169235] (mtc) StderrLine: {'line': b'/opt/ros/jazzy/include/moveit/task_constructor/stages/modify_planning_scene.h:104:75: note:   no known conversion for argument 2 from \xe2\x80\x98<brace-enclosed initializer list>\xe2\x80\x99 to \xe2\x80\x98const std::string&\xe2\x80\x99 {aka \xe2\x80\x98const std::__cxx11::basic_string<char>&\xe2\x80\x99}\n'}
[3.169278] (mtc) StderrLine: {'line': b'  104 |         void allowCollisions(const std::string& first, const std::string& second, bool allow) {\n'}
[3.169321] (mtc) StderrLine: {'line': b'      |                                                        ~~~~~~~~~~~~~~~~~~~^~~~~~\n'}
[3.169365] (mtc) StderrLine: {'line': b'/opt/ros/jazzy/include/moveit/task_constructor/stages/modify_planning_scene.h:108:14: note: candidate: \xe2\x80\x98void moveit::task_constructor::stages::ModifyPlanningScene::allowCollisions(const std::string&, bool)\xe2\x80\x99\n'}
[3.169410] (mtc) StderrLine: {'line': b'  108 |         void allowCollisions(const std::string& object, bool allow) { allowCollisions(Names({ object }), Names(), allow); }\n'}
[3.169454] (mtc) StderrLine: {'line': b'      |              ^~~~~~~~~~~~~~~\n'}
[3.169498] (mtc) StderrLine: {'line': b'/opt/ros/jazzy/include/moveit/task_constructor/stages/modify_planning_scene.h:108:14: note:   candidate expects 2 arguments, 3 provided\n'}
[3.169543] (mtc) StderrLine: {'line': b'/opt/ros/jazzy/include/moveit/task_constructor/stages/modify_planning_scene.h:132:14: note: candidate: \xe2\x80\x98void moveit::task_constructor::stages::ModifyPlanningScene::allowCollisions(const std::string&, const moveit::core::JointModelGroup&, bool)\xe2\x80\x99\n'}
[3.169587] (mtc) StderrLine: {'line': b'  132 |         void allowCollisions(const std::string& first, const moveit::core::JointModelGroup& jmg, bool allow);\n'}
[3.169629] (mtc) StderrLine: {'line': b'      |              ^~~~~~~~~~~~~~~\n'}
[3.169671] (mtc) StderrLine: {'line': b'/opt/ros/jazzy/include/moveit/task_constructor/stages/modify_planning_scene.h:132:93: note:   no known conversion for argument 2 from \xe2\x80\x98<brace-enclosed initializer list>\xe2\x80\x99 to \xe2\x80\x98const moveit::core::JointModelGroup&\xe2\x80\x99\n'}
[3.169715] (mtc) StderrLine: {'line': b'  132 |         void allowCollisions(const std::string& first, const moveit::core::JointModelGroup& jmg, bool allow);\n'}
[3.169757] (mtc) StderrLine: {'line': b'      |                                                        ~~~~~~~~~~~~~~~~~~~~~~~~~~~~~~~~~~~~~^~~\n'}
[3.206369] (-) TimerEvent: {}
[3.306579] (-) TimerEvent: {}
[3.406794] (-) TimerEvent: {}
[3.507005] (-) TimerEvent: {}
[3.607292] (-) TimerEvent: {}
[3.707582] (-) TimerEvent: {}
[3.807981] (-) TimerEvent: {}
[3.908300] (-) TimerEvent: {}
[4.008585] (-) TimerEvent: {}
[4.109232] (-) TimerEvent: {}
[4.209554] (-) TimerEvent: {}
[4.309835] (-) TimerEvent: {}
[4.410159] (-) TimerEvent: {}
[4.510463] (-) TimerEvent: {}
[4.610765] (-) TimerEvent: {}
[4.711033] (-) TimerEvent: {}
[4.811424] (-) TimerEvent: {}
[4.912477] (-) TimerEvent: {}
[5.012730] (-) TimerEvent: {}
[5.112933] (-) TimerEvent: {}
[5.213162] (-) TimerEvent: {}
[5.313375] (-) TimerEvent: {}
[5.413580] (-) TimerEvent: {}
[5.513767] (-) TimerEvent: {}
[5.613977] (-) TimerEvent: {}
[5.691361] (mtc) StderrLine: {'line': b'gmake[2]: *** [CMakeFiles/mtc_node.dir/build.make:76: CMakeFiles/mtc_node.dir/src/mtc_node.cpp.o] Error 1\n'}
[5.691680] (mtc) StderrLine: {'line': b'gmake[1]: *** [CMakeFiles/Makefile2:137: CMakeFiles/mtc_node.dir/all] Error 2\n'}
[5.691861] (mtc) StderrLine: {'line': b'gmake: *** [Makefile:146: all] Error 2\n'}
[5.693583] (mtc) CommandEnded: {'returncode': 2}
[5.700466] (mtc) JobEnded: {'identifier': 'mtc', 'rc': 2}
[5.710660] (-) EventReactorShutdown: {}
