-- The C compiler identification is GNU 13.3.0
-- The CXX compiler identification is GNU 13.3.0
-- Detecting C compiler ABI info
-- Detecting C compiler ABI info - done
-- Check for working C compiler: /usr/bin/cc - skipped
-- Detecting C compile features
-- Detecting C compile features - done
-- Detecting CXX compiler ABI info
-- Detecting CXX compiler ABI info - done
-- Check for working CXX compiler: /usr/bin/c++ - skipped
-- Detecting CXX compile features
-- Detecting CXX compile features - done
-- Found ament_cmake: 2.5.6 (/opt/ros/jazzy/share/ament_cmake/cmake)
-- Found Python3: /usr/bin/python3 (found version "3.12.3") found components: Interpreter 
-- Override CMake install command with custom implementation using symlinks instead of copying resources
-- Found rclcpp: 28.1.18 (/opt/ros/jazzy/share/rclcpp/cmake)
-- Found rosidl_generator_c: 4.6.7 (/opt/ros/jazzy/share/rosidl_generator_c/cmake)
-- Found rosidl_generator_cpp: 4.6.7 (/opt/ros/jazzy/share/rosidl_generator_cpp/cmake)
-- Using all available rosidl_typesupport_c: rosidl_typesupport_fastrtps_c;rosidl_typesupport_introspection_c
-- Using all available rosidl_typesupport_cpp: rosidl_typesupport_fastrtps_cpp;rosidl_typesupport_introspection_cpp
-- Found rmw_implementation_cmake: 7.3.3 (/opt/ros/jazzy/share/rmw_implementation_cmake/cmake)
-- Found rmw_fastrtps_cpp: 8.4.3 (/opt/ros/jazzy/share/rmw_fastrtps_cpp/cmake)
-- Found OpenSSL: /usr/lib/x86_64-linux-gnu/libcrypto.so (found version "3.0.13")  
-- Found FastRTPS: /opt/ros/jazzy/include (Required is at least version "2.13") 
-- Using RMW implementation 'rmw_fastrtps_cpp' as default
-- Found hardware_interface: 4.44.0 (/opt/ros/jazzy/share/hardware_interface/cmake)
-- Found PkgConfig: /usr/bin/pkg-config (found version "1.8.1") 
-- Checking for module 'hidapi-hidraw'
--   Found hidapi-hidraw, version 0.14.0
-- Configuring done (3.5s)
-- Generating done (0.0s)
-- Build files have been written to: /home/hyeon/xarm_ws/build/xarm_1s_hardware
[ 50%] [32mBuilding CXX object CMakeFiles/xarm_1s_hardware.dir/src/xarm_1s_hardware_interface.cpp.o[0m
[01m[K/home/hyeon/xarm_ws/src/xarm_1s_hardware/src/xarm_1s_hardware_interface.cpp:[m[K In member function ‘[01m[Kvirtual hardware_interface::CallbackReturn xarm_1s_hardware::XArm1SHardwareInterface::[01;32m[Kon_init[m[K(const hardware_interface::HardwareInfo&)[m[K’:
[01m[K/home/hyeon/xarm_ws/src/xarm_1s_hardware/src/xarm_1s_hardware_interface.cpp:29:51:[m[K [01;35m[Kwarning: [m[K‘[01m[Kvirtual rclcpp_lifecycle::node_interfaces::LifecycleNodeInterface::CallbackReturn hardware_interface::HardwareComponentInterface::[01;32m[Kon_init[m[K(const hardware_interface::HardwareInfo&)[m[K’ is deprecated: Use on_init(const HardwareComponentInterfaceParams & params) instead. [[01;35m[K]8;;https://gcc.gnu.org/onlinedocs/gcc/Warning-Options.html#index-Wdeprecated-declarations-Wdeprecated-declarations]8;;[m[K]
   29 |   if ([01;35m[Khardware_interface::SystemInterface::on_init(info)[m[K !=
      |       [01;35m[K~~~~~~~~~~~~~~~~~~~~~~~~~~~~~~~~~~~~~~~~~~~~^~~~~~[m[K
In file included from [01m[K/opt/ros/jazzy/include/hardware_interface/hardware_interface/system_interface.hpp:18[m[K,
                 from [01m[K/home/hyeon/xarm_ws/src/xarm_1s_hardware/include/xarm_1s_hardware/xarm_1s_hardware_interface.hpp:4[m[K,
                 from [01m[K/home/hyeon/xarm_ws/src/xarm_1s_hardware/src/xarm_1s_hardware_interface.cpp:1[m[K:
[01m[K/opt/ros/jazzy/include/hardware_interface/hardware_interface/hardware_component_interface.hpp:140:26:[m[K [01;36m[Knote: [m[Kdeclared here
  140 |   virtual CallbackReturn [01;36m[Kon_init[m[K(const HardwareInfo & hardware_info);
      |                          [01;36m[K^~~~~~~[m[K
[100%] [32m[1mLinking CXX shared library libxarm_1s_hardware.so[0m
[100%] Built target xarm_1s_hardware
-- Install configuration: ""
-- Execute custom install script
-- Symlinking: /home/hyeon/xarm_ws/install/xarm_1s_hardware/share/xarm_1s_hardware//xarm_1s_hardware_plugin.xml
-- Symlinking: /home/hyeon/xarm_ws/install/xarm_1s_hardware/include/xarm_1s_hardware/xarm_1s_hardware_interface.hpp
-- Up-to-date symlink: /home/hyeon/xarm_ws/install/xarm_1s_hardware/share/xarm_1s_hardware/xarm_1s_hardware_plugin.xml
-- Symlinking: /home/hyeon/xarm_ws/install/xarm_1s_hardware/share/xarm_1s_hardware/environment/library_path.sh
-- Symlinking: /home/hyeon/xarm_ws/install/xarm_1s_hardware/share/xarm_1s_hardware/environment/library_path.dsv
-- Symlinking: /home/hyeon/xarm_ws/install/xarm_1s_hardware/share/ament_index/resource_index/package_run_dependencies/xarm_1s_hardware
-- Symlinking: /home/hyeon/xarm_ws/install/xarm_1s_hardware/share/ament_index/resource_index/parent_prefix_path/xarm_1s_hardware
-- Symlinking: /home/hyeon/xarm_ws/install/xarm_1s_hardware/share/xarm_1s_hardware/environment/ament_prefix_path.sh
-- Symlinking: /home/hyeon/xarm_ws/install/xarm_1s_hardware/share/xarm_1s_hardware/environment/ament_prefix_path.dsv
-- Symlinking: /home/hyeon/xarm_ws/install/xarm_1s_hardware/share/xarm_1s_hardware/environment/path.sh
-- Symlinking: /home/hyeon/xarm_ws/install/xarm_1s_hardware/share/xarm_1s_hardware/environment/path.dsv
-- Symlinking: /home/hyeon/xarm_ws/install/xarm_1s_hardware/share/xarm_1s_hardware/local_setup.bash
-- Symlinking: /home/hyeon/xarm_ws/install/xarm_1s_hardware/share/xarm_1s_hardware/local_setup.sh
-- Symlinking: /home/hyeon/xarm_ws/install/xarm_1s_hardware/share/xarm_1s_hardware/local_setup.zsh
-- Symlinking: /home/hyeon/xarm_ws/install/xarm_1s_hardware/share/xarm_1s_hardware/local_setup.dsv
-- Symlinking: /home/hyeon/xarm_ws/install/xarm_1s_hardware/share/xarm_1s_hardware/package.dsv
-- Symlinking: /home/hyeon/xarm_ws/install/xarm_1s_hardware/share/ament_index/resource_index/packages/xarm_1s_hardware
-- Symlinking: /home/hyeon/xarm_ws/install/xarm_1s_hardware/share/ament_index/resource_index/hardware_interface__pluginlib__plugin/xarm_1s_hardware
-- Symlinking: /home/hyeon/xarm_ws/install/xarm_1s_hardware/share/xarm_1s_hardware/cmake/ament_cmake_export_include_directories-extras.cmake
-- Symlinking: /home/hyeon/xarm_ws/install/xarm_1s_hardware/share/xarm_1s_hardware/cmake/ament_cmake_export_libraries-extras.cmake
-- Symlinking: /home/hyeon/xarm_ws/install/xarm_1s_hardware/share/xarm_1s_hardware/cmake/ament_cmake_export_targets-extras.cmake
-- Symlinking: /home/hyeon/xarm_ws/install/xarm_1s_hardware/share/xarm_1s_hardware/cmake/xarm_1s_hardwareConfig.cmake
-- Symlinking: /home/hyeon/xarm_ws/install/xarm_1s_hardware/share/xarm_1s_hardware/cmake/xarm_1s_hardwareConfig-version.cmake
-- Symlinking: /home/hyeon/xarm_ws/install/xarm_1s_hardware/share/xarm_1s_hardware/package.xml
-- Installing: /home/hyeon/xarm_ws/install/xarm_1s_hardware/lib/libxarm_1s_hardware.so
-- Set non-toolchain portion of runtime path of "/home/hyeon/xarm_ws/install/xarm_1s_hardware/lib/libxarm_1s_hardware.so" to ""
-- Installing: /home/hyeon/xarm_ws/install/xarm_1s_hardware/share/xarm_1s_hardware/cmake/export_xarm_1s_hardwareExport.cmake
-- Installing: /home/hyeon/xarm_ws/install/xarm_1s_hardware/share/xarm_1s_hardware/cmake/export_xarm_1s_hardwareExport-noconfig.cmake
