[0.000000] (-) TimerEvent: {}
[0.000103] (-) JobUnselected: {'identifier': 'xarm_1s_description'}
[0.000195] (xarm_1s_moveit_config) JobQueued: {'identifier': 'xarm_1s_moveit_config', 'dependencies': OrderedDict()}
[0.000332] (mtc) JobQueued: {'identifier': 'mtc', 'dependencies': OrderedDict({'xarm_1s_moveit_config': '/home/hyeonsu/xarm_ws/install/xarm_1s_moveit_config'})}
[0.000465] (xarm_1s_moveit_config) JobStarted: {'identifier': 'xarm_1s_moveit_config'}
[0.006257] (xarm_1s_moveit_config) JobProgress: {'identifier': 'xarm_1s_moveit_config', 'progress': 'cmake'}
[0.006721] (xarm_1s_moveit_config) JobProgress: {'identifier': 'xarm_1s_moveit_config', 'progress': 'build'}
[0.007383] (xarm_1s_moveit_config) Command: {'cmd': ['/usr/bin/cmake', '--build', '/home/hyeonsu/xarm_ws/build/xarm_1s_moveit_config', '--', '-j24', '-l24'], 'cwd': '/home/hyeonsu/xarm_ws/build/xarm_1s_moveit_config', 'env': OrderedDict({'GJS_DEBUG_TOPICS': 'JS ERROR;JS LOG', 'LESSOPEN': '| /usr/bin/lesspipe %s', 'VSCODE_CWD': '/home/hyeonsu', 'CURSOR_EXTENSION_HOST_ROLE': 'agent-exec', 'VSCODE_ESM_ENTRYPOINT': 'vs/workbench/api/node/extensionHostProcess', 'GZ_SIM_RESOURCE_PATH': '/opt/ros/jazzy/share', 'USER': 'hyeonsu', 'VSCODE_NLS_CONFIG': '{"userLocale":"en-us","osLocale":"en-us","resolvedLanguage":"en","defaultMessagesFile":"/usr/share/cursor/resources/app/out/nls.messages.json","locale":"en-us","availableLanguages":{}}', 'GZ_CONFIG_PATH': '/opt/ros/jazzy/opt/gz_sim_vendor/share/gz:/opt/ros/jazzy/opt/sdformat_vendor/share/gz:/opt/ros/jazzy/opt/gz_gui_vendor/share/gz:/opt/ros/jazzy/opt/gz_transport_vendor/share/gz:/opt/ros/jazzy/opt/gz_rendering_vendor/share/gz:/opt/ros/jazzy/opt/gz_plugin_vendor/share/gz:/opt/ros/jazzy/opt/gz_fuel_tools_vendor/share/gz:/opt/ros/jazzy/opt/gz_msgs_vendor/share/gz:/opt/ros/jazzy/opt/gz_common_vendor/share/gz', 'CI': '1', 'VSCODE_HANDLES_UNCAUGHT_ERRORS': 'true', 'XDG_SESSION_TYPE': 'wayland', 'CLUTTER_DISABLE_MIPMAPPED_TEXT': '1', 'SHLVL': '1', 'LD_LIBRARY_PATH': '/opt/ros/jazzy/opt/gz_sim_vendor/lib:/opt/ros/jazzy/opt/gz_sensors_vendor/lib:/opt/ros/jazzy/opt/gz_physics_vendor/lib:/opt/ros/jazzy/opt/sdformat_vendor/lib:/opt/ros/jazzy/opt/rviz_ogre_vendor/lib:/opt/ros/jazzy/lib/x86_64-linux-gnu:/opt/ros/jazzy/opt/gz_gui_vendor/lib:/opt/ros/jazzy/opt/gz_transport_vendor/lib:/opt/ros/jazzy/opt/gz_rendering_vendor/lib:/opt/ros/jazzy/opt/gz_plugin_vendor/lib:/opt/ros/jazzy/opt/gz_fuel_tools_vendor/lib:/opt/ros/jazzy/opt/gz_msgs_vendor/lib:/opt/ros/jazzy/opt/gz_common_vendor/lib:/opt/ros/jazzy/opt/gz_math_vendor/lib:/opt/ros/jazzy/opt/gz_utils_vendor/lib:/opt/ros/jazzy/opt/gz_tools_vendor/lib:/opt/ros/jazzy/opt/gz_ogre_next_vendor/lib:/opt/ros/jazzy/opt/gz_dartsim_vendor/lib:/opt/ros/jazzy/opt/gz_cmake_vendor/lib:/opt/ros/jazzy/lib', 'HOME': '/home/hyeonsu', 'CHROME_DESKTOP': 'cursor.desktop', 'DESKTOP_SESSION': 'ubuntu', 'VSCODE_IPC_HOOK': '/run/user/1000/vscode-102b83de-2.5.-main.sock', 'GIO_LAUNCHED_DESKTOP_FILE': '/usr/share/applications/cursor.desktop', 'ROS_PYTHON_VERSION': '3', 'GNOME_SHELL_SESSION_MODE': 'ubuntu', 'GTK_MODULES': 'gail:atk-bridge:appmenu-gtk-module', 'MANAGERPID': '2670', 'SYSTEMD_EXEC_PID': '2963', 'IM_CONFIG_CHECK_ENV': '1', 'GSM_SKIP_SSH_AGENT_WORKAROUND': 'true', 'NO_COLOR': '1', 'DBUS_SESSION_BUS_ADDRESS': 'unix:path=/run/user/1000/bus', 'GIO_LAUNCHED_DESKTOP_FILE_PID': '4150', 'VSCODE_CRASH_REPORTER_PROCESS_TYPE': 'extensionHost', 'DEBUGINFOD_URLS': 'https://debuginfod.ubuntu.com', 'IM_CONFIG_PHASE': '1', 'WAYLAND_DISPLAY': 'wayland-0', 'COLCON_PREFIX_PATH': '/home/hyeonsu/xarm_ws/install', 'ROS_DISTRO': 'jazzy', 'LOGNAME': 'hyeonsu', 'FORCE_COLOR': '0', 'JOURNAL_STREAM': '9:29271', '_': '/usr/bin/colcon', 'ROS_VERSION': '2', 'MEMORY_PRESSURE_WATCH': '/sys/fs/cgroup/user.slice/user-1000.slice/user@1000.service/session.slice/org.gnome.Shell@wayland.service/memory.pressure', 'XDG_SESSION_CLASS': 'user', 'USERNAME': 'hyeonsu', 'TERM': 'dumb', 'GNOME_DESKTOP_SESSION_ID': 'this-is-deprecated', 'FC_FONTATIONS': '1', 'PATH': '/opt/ros/jazzy/opt/gz_msgs_vendor/bin:/opt/ros/jazzy/opt/gz_tools_vendor/bin:/opt/ros/jazzy/opt/gz_ogre_next_vendor/bin:/opt/ros/jazzy/bin:/home/hyeonsu/.local/bin:/home/hyeonsu/.local/bin:/home/hyeonsu/.local/bin:/usr/local/sbin:/usr/local/bin:/usr/sbin:/usr/bin:/sbin:/bin:/usr/games:/usr/local/games:/snap/bin:/snap/bin:/home/hyeonsu/.local/bin:/home/hyeonsu/.local/bin:/home/hyeonsu/.local/bin', 'SESSION_MANAGER': 'local/om:@/tmp/.ICE-unix/2901,unix/om:/tmp/.ICE-unix/2901', 'INVOCATION_ID': 'aeae974ceb764caca71cf6a76b88eb5a', 'XDG_MENU_PREFIX': 'gnome-', 'VSCODE_PROCESS_TITLE': 'extension-host (agent-exec) [1-3]', 'GNOME_SETUP_DISPLAY': ':1', 'XDG_RUNTIME_DIR': '/run/user/1000', 'GDK_BACKEND': 'wayland', 'CURSOR_AGENT': '1', 'DISPLAY': ':0', 'LANG': 'en_US.UTF-8', 'XDG_CURRENT_DESKTOP': 'ubuntu:GNOME', 'XMODIFIERS': '@im=ibus', 'XDG_SESSION_DESKTOP': 'ubuntu', 'XAUTHORITY': '/run/user/1000/.mutter-Xwaylandauth.JYHLL3', 'LS_COLORS': '', 'SBX_CHROME_API_RQ': '1', 'CURSOR_TRACE_ID': '75e309d286c1448ca93465d00990a353', 'SSH_AUTH_SOCK': '/run/user/1000/keyring/ssh', 'AMENT_PREFIX_PATH': '/home/hyeonsu/xarm_ws/install/mtc:/home/hyeonsu/xarm_ws/install/xarm_1s_moveit_config:/home/hyeonsu/xarm_ws/install/xarm_1s_description:/opt/ros/jazzy', 'SHELL': '/bin/bash', 'QT_ACCESSIBILITY': '1', 'GDMSESSION': 'ubuntu', 'LESSCLOSE': '/usr/bin/lesspipe %s %s', 'GJS_DEBUG_OUTPUT': 'stderr', 'ROS_AUTOMATIC_DISCOVERY_RANGE': 'SUBNET', 'QT_IM_MODULE': 'ibus', 'PWD': '/home/hyeonsu/xarm_ws/build/xarm_1s_moveit_config', 'LC_ALL': 'en_US.UTF-8', 'XDG_CONFIG_DIRS': '/etc/xdg/xdg-ubuntu:/etc/xdg', 'VSCODE_CODE_CACHE_PATH': '/home/hyeonsu/.config/Cursor/CachedData/7d96c2a03bb088ad367615e9da1a3fe20fbbc6a0', 'XDG_DATA_DIRS': '/usr/share/ubuntu:/usr/share/gnome:/usr/local/share/:/usr/share/:/var/lib/snapd/desktop', 'QTWEBENGINE_DICTIONARIES_PATH': '/usr/share/hunspell-bdic/', 'PYTHONPATH': '/opt/ros/jazzy/lib/python3.12/site-packages', 'COLCON': '1', '_ZO_DOCTOR': '0', 'MEMORY_PRESSURE_WRITE': 'c29tZSAyMDAwMDAgMjAwMDAwMAA=', 'CMAKE_PREFIX_PATH': '/home/hyeonsu/xarm_ws/install/mtc:/home/hyeonsu/xarm_ws/install/xarm_1s_moveit_config:/home/hyeonsu/xarm_ws/install/xarm_1s_description:/opt/ros/jazzy/opt/gz_sim_vendor:/opt/ros/jazzy/opt/gz_sensors_vendor:/opt/ros/jazzy/opt/gz_physics_vendor:/opt/ros/jazzy/opt/sdformat_vendor:/opt/ros/jazzy/opt/gz_gui_vendor:/opt/ros/jazzy/opt/gz_transport_vendor:/opt/ros/jazzy/opt/gz_rendering_vendor:/opt/ros/jazzy/opt/gz_plugin_vendor:/opt/ros/jazzy/opt/gz_fuel_tools_vendor:/opt/ros/jazzy/opt/gz_msgs_vendor:/opt/ros/jazzy/opt/gz_common_vendor:/opt/ros/jazzy/opt/gz_math_vendor:/opt/ros/jazzy/opt/gz_utils_vendor:/opt/ros/jazzy/opt/gz_tools_vendor:/opt/ros/jazzy/opt/gz_ogre_next_vendor:/opt/ros/jazzy/opt/gz_dartsim_vendor:/opt/ros/jazzy/opt/gz_cmake_vendor:/opt/ros/jazzy', 'VSCODE_PID': '4150'}), 'shell': False}
[0.044542] (xarm_1s_moveit_config) CommandEnded: {'returncode': 0}
[0.045122] (xarm_1s_moveit_config) JobProgress: {'identifier': 'xarm_1s_moveit_config', 'progress': 'install'}
[0.052124] (xarm_1s_moveit_config) Command: {'cmd': ['/usr/bin/cmake', '--install', '/home/hyeonsu/xarm_ws/build/xarm_1s_moveit_config'], 'cwd': '/home/hyeonsu/xarm_ws/build/xarm_1s_moveit_config', 'env': OrderedDict({'GJS_DEBUG_TOPICS': 'JS ERROR;JS LOG', 'LESSOPEN': '| /usr/bin/lesspipe %s', 'VSCODE_CWD': '/home/hyeonsu', 'CURSOR_EXTENSION_HOST_ROLE': 'agent-exec', 'VSCODE_ESM_ENTRYPOINT': 'vs/workbench/api/node/extensionHostProcess', 'GZ_SIM_RESOURCE_PATH': '/opt/ros/jazzy/share', 'USER': 'hyeonsu', 'VSCODE_NLS_CONFIG': '{"userLocale":"en-us","osLocale":"en-us","resolvedLanguage":"en","defaultMessagesFile":"/usr/share/cursor/resources/app/out/nls.messages.json","locale":"en-us","availableLanguages":{}}', 'GZ_CONFIG_PATH': '/opt/ros/jazzy/opt/gz_sim_vendor/share/gz:/opt/ros/jazzy/opt/sdformat_vendor/share/gz:/opt/ros/jazzy/opt/gz_gui_vendor/share/gz:/opt/ros/jazzy/opt/gz_transport_vendor/share/gz:/opt/ros/jazzy/opt/gz_rendering_vendor/share/gz:/opt/ros/jazzy/opt/gz_plugin_vendor/share/gz:/opt/ros/jazzy/opt/gz_fuel_tools_vendor/share/gz:/opt/ros/jazzy/opt/gz_msgs_vendor/share/gz:/opt/ros/jazzy/opt/gz_common_vendor/share/gz', 'CI': '1', 'VSCODE_HANDLES_UNCAUGHT_ERRORS': 'true', 'XDG_SESSION_TYPE': 'wayland', 'CLUTTER_DISABLE_MIPMAPPED_TEXT': '1', 'SHLVL': '1', 'LD_LIBRARY_PATH': '/opt/ros/jazzy/opt/gz_sim_vendor/lib:/opt/ros/jazzy/opt/gz_sensors_vendor/lib:/opt/ros/jazzy/opt/gz_physics_vendor/lib:/opt/ros/jazzy/opt/sdformat_vendor/lib:/opt/ros/jazzy/opt/rviz_ogre_vendor/lib:/opt/ros/jazzy/lib/x86_64-linux-gnu:/opt/ros/jazzy/opt/gz_gui_vendor/lib:/opt/ros/jazzy/opt/gz_transport_vendor/lib:/opt/ros/jazzy/opt/gz_rendering_vendor/lib:/opt/ros/jazzy/opt/gz_plugin_vendor/lib:/opt/ros/jazzy/opt/gz_fuel_tools_vendor/lib:/opt/ros/jazzy/opt/gz_msgs_vendor/lib:/opt/ros/jazzy/opt/gz_common_vendor/lib:/opt/ros/jazzy/opt/gz_math_vendor/lib:/opt/ros/jazzy/opt/gz_utils_vendor/lib:/opt/ros/jazzy/opt/gz_tools_vendor/lib:/opt/ros/jazzy/opt/gz_ogre_next_vendor/lib:/opt/ros/jazzy/opt/gz_dartsim_vendor/lib:/opt/ros/jazzy/opt/gz_cmake_vendor/lib:/opt/ros/jazzy/lib', 'HOME': '/home/hyeonsu', 'CHROME_DESKTOP': 'cursor.desktop', 'DESKTOP_SESSION': 'ubuntu', 'VSCODE_IPC_HOOK': '/run/user/1000/vscode-102b83de-2.5.-main.sock', 'GIO_LAUNCHED_DESKTOP_FILE': '/usr/share/applications/cursor.desktop', 'ROS_PYTHON_VERSION': '3', 'GNOME_SHELL_SESSION_MODE': 'ubuntu', 'GTK_MODULES': 'gail:atk-bridge:appmenu-gtk-module', 'MANAGERPID': '2670', 'SYSTEMD_EXEC_PID': '2963', 'IM_CONFIG_CHECK_ENV': '1', 'GSM_SKIP_SSH_AGENT_WORKAROUND': 'true', 'NO_COLOR': '1', 'DBUS_SESSION_BUS_ADDRESS': 'unix:path=/run/user/1000/bus', 'GIO_LAUNCHED_DESKTOP_FILE_PID': '4150', 'VSCODE_CRASH_REPORTER_PROCESS_TYPE': 'extensionHost', 'DEBUGINFOD_URLS': 'https://debuginfod.ubuntu.com', 'IM_CONFIG_PHASE': '1', 'WAYLAND_DISPLAY': 'wayland-0', 'COLCON_PREFIX_PATH': '/home/hyeonsu/xarm_ws/install', 'ROS_DISTRO': 'jazzy', 'LOGNAME': 'hyeonsu', 'FORCE_COLOR': '0', 'JOURNAL_STREAM': '9:29271', '_': '/usr/bin/colcon', 'ROS_VERSION': '2', 'MEMORY_PRESSURE_WATCH': '/sys/fs/cgroup/user.slice/user-1000.slice/user@1000.service/session.slice/org.gnome.Shell@wayland.service/memory.pressure', 'XDG_SESSION_CLASS': 'user', 'USERNAME': 'hyeonsu', 'TERM': 'dumb', 'GNOME_DESKTOP_SESSION_ID': 'this-is-deprecated', 'FC_FONTATIONS': '1', 'PATH': '/opt/ros/jazzy/opt/gz_msgs_vendor/bin:/opt/ros/jazzy/opt/gz_tools_vendor/bin:/opt/ros/jazzy/opt/gz_ogre_next_vendor/bin:/opt/ros/jazzy/bin:/home/hyeonsu/.local/bin:/home/hyeonsu/.local/bin:/home/hyeonsu/.local/bin:/usr/local/sbin:/usr/local/bin:/usr/sbin:/usr/bin:/sbin:/bin:/usr/games:/usr/local/games:/snap/bin:/snap/bin:/home/hyeonsu/.local/bin:/home/hyeonsu/.local/bin:/home/hyeonsu/.local/bin', 'SESSION_MANAGER': 'local/om:@/tmp/.ICE-unix/2901,unix/om:/tmp/.ICE-unix/2901', 'INVOCATION_ID': 'aeae974ceb764caca71cf6a76b88eb5a', 'XDG_MENU_PREFIX': 'gnome-', 'VSCODE_PROCESS_TITLE': 'extension-host (agent-exec) [1-3]', 'GNOME_SETUP_DISPLAY': ':1', 'XDG_RUNTIME_DIR': '/run/user/1000', 'GDK_BACKEND': 'wayland', 'CURSOR_AGENT': '1', 'DISPLAY': ':0', 'LANG': 'en_US.UTF-8', 'XDG_CURRENT_DESKTOP': 'ubuntu:GNOME', 'XMODIFIERS': '@im=ibus', 'XDG_SESSION_DESKTOP': 'ubuntu', 'XAUTHORITY': '/run/user/1000/.mutter-Xwaylandauth.JYHLL3', 'LS_COLORS': '', 'SBX_CHROME_API_RQ': '1', 'CURSOR_TRACE_ID': '75e309d286c1448ca93465d00990a353', 'SSH_AUTH_SOCK': '/run/user/1000/keyring/ssh', 'AMENT_PREFIX_PATH': '/home/hyeonsu/xarm_ws/install/mtc:/home/hyeonsu/xarm_ws/install/xarm_1s_moveit_config:/home/hyeonsu/xarm_ws/install/xarm_1s_description:/opt/ros/jazzy', 'SHELL': '/bin/bash', 'QT_ACCESSIBILITY': '1', 'GDMSESSION': 'ubuntu', 'LESSCLOSE': '/usr/bin/lesspipe %s %s', 'GJS_DEBUG_OUTPUT': 'stderr', 'ROS_AUTOMATIC_DISCOVERY_RANGE': 'SUBNET', 'QT_IM_MODULE': 'ibus', 'PWD': '/home/hyeonsu/xarm_ws/build/xarm_1s_moveit_config', 'LC_ALL': 'en_US.UTF-8', 'XDG_CONFIG_DIRS': '/etc/xdg/xdg-ubuntu:/etc/xdg', 'VSCODE_CODE_CACHE_PATH': '/home/hyeonsu/.config/Cursor/CachedData/7d96c2a03bb088ad367615e9da1a3fe20fbbc6a0', 'XDG_DATA_DIRS': '/usr/share/ubuntu:/usr/share/gnome:/usr/local/share/:/usr/share/:/var/lib/snapd/desktop', 'QTWEBENGINE_DICTIONARIES_PATH': '/usr/share/hunspell-bdic/', 'PYTHONPATH': '/opt/ros/jazzy/lib/python3.12/site-packages', 'COLCON': '1', '_ZO_DOCTOR': '0', 'MEMORY_PRESSURE_WRITE': 'c29tZSAyMDAwMDAgMjAwMDAwMAA=', 'CMAKE_PREFIX_PATH': '/home/hyeonsu/xarm_ws/install/mtc:/home/hyeonsu/xarm_ws/install/xarm_1s_moveit_config:/home/hyeonsu/xarm_ws/install/xarm_1s_description:/opt/ros/jazzy/opt/gz_sim_vendor:/opt/ros/jazzy/opt/gz_sensors_vendor:/opt/ros/jazzy/opt/gz_physics_vendor:/opt/ros/jazzy/opt/sdformat_vendor:/opt/ros/jazzy/opt/gz_gui_vendor:/opt/ros/jazzy/opt/gz_transport_vendor:/opt/ros/jazzy/opt/gz_rendering_vendor:/opt/ros/jazzy/opt/gz_plugin_vendor:/opt/ros/jazzy/opt/gz_fuel_tools_vendor:/opt/ros/jazzy/opt/gz_msgs_vendor:/opt/ros/jazzy/opt/gz_common_vendor:/opt/ros/jazzy/opt/gz_math_vendor:/opt/ros/jazzy/opt/gz_utils_vendor:/opt/ros/jazzy/opt/gz_tools_vendor:/opt/ros/jazzy/opt/gz_ogre_next_vendor:/opt/ros/jazzy/opt/gz_dartsim_vendor:/opt/ros/jazzy/opt/gz_cmake_vendor:/opt/ros/jazzy', 'VSCODE_PID': '4150'}), 'shell': False}
[0.058462] (xarm_1s_moveit_config) StdoutLine: {'line': b'-- Install configuration: ""\n'}
[0.058624] (xarm_1s_moveit_config) StdoutLine: {'line': b'-- Up-to-date: /home/hyeonsu/xarm_ws/install/xarm_1s_moveit_config/share/xarm_1s_moveit_config/launch\n'}
[0.058663] (xarm_1s_moveit_config) StdoutLine: {'line': b'-- Up-to-date: /home/hyeonsu/xarm_ws/install/xarm_1s_moveit_config/share/xarm_1s_moveit_config/launch/demo.launch.py\n'}
[0.058693] (xarm_1s_moveit_config) StdoutLine: {'line': b'-- Up-to-date: /home/hyeonsu/xarm_ws/install/xarm_1s_moveit_config/share/xarm_1s_moveit_config/config\n'}
[0.058720] (xarm_1s_moveit_config) StdoutLine: {'line': b'-- Up-to-date: /home/hyeonsu/xarm_ws/install/xarm_1s_moveit_config/share/xarm_1s_moveit_config/config/moveit.rviz\n'}
[0.058748] (xarm_1s_moveit_config) StdoutLine: {'line': b'-- Up-to-date: /home/hyeonsu/xarm_ws/install/xarm_1s_moveit_config/share/xarm_1s_moveit_config/config/ros2_controllers.yaml\n'}
[0.058774] (xarm_1s_moveit_config) StdoutLine: {'line': b'-- Up-to-date: /home/hyeonsu/xarm_ws/install/xarm_1s_moveit_config/share/xarm_1s_moveit_config/config/sensors_3d.yaml\n'}
[0.058835] (xarm_1s_moveit_config) StdoutLine: {'line': b'-- Up-to-date: /home/hyeonsu/xarm_ws/install/xarm_1s_moveit_config/share/xarm_1s_moveit_config/config/initial_positions.yaml\n'}
[0.058862] (xarm_1s_moveit_config) StdoutLine: {'line': b'-- Up-to-date: /home/hyeonsu/xarm_ws/install/xarm_1s_moveit_config/share/xarm_1s_moveit_config/config/kinematics.yaml\n'}
[0.058887] (xarm_1s_moveit_config) StdoutLine: {'line': b'-- Up-to-date: /home/hyeonsu/xarm_ws/install/xarm_1s_moveit_config/share/xarm_1s_moveit_config/config/xarm_1s.ros2_control.xacro\n'}
[0.058919] (xarm_1s_moveit_config) StdoutLine: {'line': b'-- Up-to-date: /home/hyeonsu/xarm_ws/install/xarm_1s_moveit_config/share/xarm_1s_moveit_config/config/joint_limits.yaml\n'}
[0.058945] (xarm_1s_moveit_config) StdoutLine: {'line': b'-- Up-to-date: /home/hyeonsu/xarm_ws/install/xarm_1s_moveit_config/share/xarm_1s_moveit_config/config/xarm_1s.srdf\n'}
[0.058970] (xarm_1s_moveit_config) StdoutLine: {'line': b'-- Up-to-date: /home/hyeonsu/xarm_ws/install/xarm_1s_moveit_config/share/xarm_1s_moveit_config/config/pilz_cartesian_limits.yaml\n'}
[0.058996] (xarm_1s_moveit_config) StdoutLine: {'line': b'-- Up-to-date: /home/hyeonsu/xarm_ws/install/xarm_1s_moveit_config/share/xarm_1s_moveit_config/config/xarm_1s.urdf.xacro\n'}
[0.059021] (xarm_1s_moveit_config) StdoutLine: {'line': b'-- Up-to-date: /home/hyeonsu/xarm_ws/install/xarm_1s_moveit_config/share/xarm_1s_moveit_config/config/moveit_controllers.yaml\n'}
[0.059046] (xarm_1s_moveit_config) StdoutLine: {'line': b'-- Up-to-date: /home/hyeonsu/xarm_ws/install/xarm_1s_moveit_config/share/ament_index/resource_index/package_run_dependencies/xarm_1s_moveit_config\n'}
[0.059073] (xarm_1s_moveit_config) StdoutLine: {'line': b'-- Up-to-date: /home/hyeonsu/xarm_ws/install/xarm_1s_moveit_config/share/ament_index/resource_index/parent_prefix_path/xarm_1s_moveit_config\n'}
[0.059099] (xarm_1s_moveit_config) StdoutLine: {'line': b'-- Up-to-date: /home/hyeonsu/xarm_ws/install/xarm_1s_moveit_config/share/xarm_1s_moveit_config/environment/ament_prefix_path.sh\n'}
[0.059138] (xarm_1s_moveit_config) StdoutLine: {'line': b'-- Up-to-date: /home/hyeonsu/xarm_ws/install/xarm_1s_moveit_config/share/xarm_1s_moveit_config/environment/ament_prefix_path.dsv\n'}
[0.059162] (xarm_1s_moveit_config) StdoutLine: {'line': b'-- Up-to-date: /home/hyeonsu/xarm_ws/install/xarm_1s_moveit_config/share/xarm_1s_moveit_config/environment/path.sh\n'}
[0.059185] (xarm_1s_moveit_config) StdoutLine: {'line': b'-- Up-to-date: /home/hyeonsu/xarm_ws/install/xarm_1s_moveit_config/share/xarm_1s_moveit_config/environment/path.dsv\n'}
[0.059209] (xarm_1s_moveit_config) StdoutLine: {'line': b'-- Up-to-date: /home/hyeonsu/xarm_ws/install/xarm_1s_moveit_config/share/xarm_1s_moveit_config/local_setup.bash\n'}
[0.059232] (xarm_1s_moveit_config) StdoutLine: {'line': b'-- Up-to-date: /home/hyeonsu/xarm_ws/install/xarm_1s_moveit_config/share/xarm_1s_moveit_config/local_setup.sh\n'}
[0.059256] (xarm_1s_moveit_config) StdoutLine: {'line': b'-- Up-to-date: /home/hyeonsu/xarm_ws/install/xarm_1s_moveit_config/share/xarm_1s_moveit_config/local_setup.zsh\n'}
[0.059279] (xarm_1s_moveit_config) StdoutLine: {'line': b'-- Up-to-date: /home/hyeonsu/xarm_ws/install/xarm_1s_moveit_config/share/xarm_1s_moveit_config/local_setup.dsv\n'}
[0.059303] (xarm_1s_moveit_config) StdoutLine: {'line': b'-- Installing: /home/hyeonsu/xarm_ws/install/xarm_1s_moveit_config/share/xarm_1s_moveit_config/package.dsv\n'}
[0.059326] (xarm_1s_moveit_config) StdoutLine: {'line': b'-- Up-to-date: /home/hyeonsu/xarm_ws/install/xarm_1s_moveit_config/share/ament_index/resource_index/packages/xarm_1s_moveit_config\n'}
[0.059351] (xarm_1s_moveit_config) StdoutLine: {'line': b'-- Up-to-date: /home/hyeonsu/xarm_ws/install/xarm_1s_moveit_config/share/xarm_1s_moveit_config/cmake/xarm_1s_moveit_configConfig.cmake\n'}
[0.059374] (xarm_1s_moveit_config) StdoutLine: {'line': b'-- Up-to-date: /home/hyeonsu/xarm_ws/install/xarm_1s_moveit_config/share/xarm_1s_moveit_config/cmake/xarm_1s_moveit_configConfig-version.cmake\n'}
[0.059398] (xarm_1s_moveit_config) StdoutLine: {'line': b'-- Up-to-date: /home/hyeonsu/xarm_ws/install/xarm_1s_moveit_config/share/xarm_1s_moveit_config/package.xml\n'}
[0.059603] (xarm_1s_moveit_config) CommandEnded: {'returncode': 0}
[0.067441] (xarm_1s_moveit_config) JobEnded: {'identifier': 'xarm_1s_moveit_config', 'rc': 0}
[0.068019] (mtc) JobStarted: {'identifier': 'mtc'}
[0.073084] (mtc) JobProgress: {'identifier': 'mtc', 'progress': 'cmake'}
[0.073742] (mtc) JobProgress: {'identifier': 'mtc', 'progress': 'build'}
[0.074148] (mtc) Command: {'cmd': ['/usr/bin/cmake', '--build', '/home/hyeonsu/xarm_ws/build/mtc', '--', '-j24', '-l24'], 'cwd': '/home/hyeonsu/xarm_ws/build/mtc', 'env': OrderedDict({'GJS_DEBUG_TOPICS': 'JS ERROR;JS LOG', 'LESSOPEN': '| /usr/bin/lesspipe %s', 'VSCODE_CWD': '/home/hyeonsu', 'CURSOR_EXTENSION_HOST_ROLE': 'agent-exec', 'VSCODE_ESM_ENTRYPOINT': 'vs/workbench/api/node/extensionHostProcess', 'GZ_SIM_RESOURCE_PATH': '/opt/ros/jazzy/share', 'USER': 'hyeonsu', 'VSCODE_NLS_CONFIG': '{"userLocale":"en-us","osLocale":"en-us","resolvedLanguage":"en","defaultMessagesFile":"/usr/share/cursor/resources/app/out/nls.messages.json","locale":"en-us","availableLanguages":{}}', 'GZ_CONFIG_PATH': '/opt/ros/jazzy/opt/gz_sim_vendor/share/gz:/opt/ros/jazzy/opt/sdformat_vendor/share/gz:/opt/ros/jazzy/opt/gz_gui_vendor/share/gz:/opt/ros/jazzy/opt/gz_transport_vendor/share/gz:/opt/ros/jazzy/opt/gz_rendering_vendor/share/gz:/opt/ros/jazzy/opt/gz_plugin_vendor/share/gz:/opt/ros/jazzy/opt/gz_fuel_tools_vendor/share/gz:/opt/ros/jazzy/opt/gz_msgs_vendor/share/gz:/opt/ros/jazzy/opt/gz_common_vendor/share/gz', 'CI': '1', 'VSCODE_HANDLES_UNCAUGHT_ERRORS': 'true', 'XDG_SESSION_TYPE': 'wayland', 'CLUTTER_DISABLE_MIPMAPPED_TEXT': '1', 'SHLVL': '1', 'LD_LIBRARY_PATH': '/opt/ros/jazzy/opt/gz_sim_vendor/lib:/opt/ros/jazzy/opt/gz_sensors_vendor/lib:/opt/ros/jazzy/opt/gz_physics_vendor/lib:/opt/ros/jazzy/opt/sdformat_vendor/lib:/opt/ros/jazzy/opt/rviz_ogre_vendor/lib:/opt/ros/jazzy/lib/x86_64-linux-gnu:/opt/ros/jazzy/opt/gz_gui_vendor/lib:/opt/ros/jazzy/opt/gz_transport_vendor/lib:/opt/ros/jazzy/opt/gz_rendering_vendor/lib:/opt/ros/jazzy/opt/gz_plugin_vendor/lib:/opt/ros/jazzy/opt/gz_fuel_tools_vendor/lib:/opt/ros/jazzy/opt/gz_msgs_vendor/lib:/opt/ros/jazzy/opt/gz_common_vendor/lib:/opt/ros/jazzy/opt/gz_math_vendor/lib:/opt/ros/jazzy/opt/gz_utils_vendor/lib:/opt/ros/jazzy/opt/gz_tools_vendor/lib:/opt/ros/jazzy/opt/gz_ogre_next_vendor/lib:/opt/ros/jazzy/opt/gz_dartsim_vendor/lib:/opt/ros/jazzy/opt/gz_cmake_vendor/lib:/opt/ros/jazzy/lib', 'HOME': '/home/hyeonsu', 'CHROME_DESKTOP': 'cursor.desktop', 'DESKTOP_SESSION': 'ubuntu', 'VSCODE_IPC_HOOK': '/run/user/1000/vscode-102b83de-2.5.-main.sock', 'GIO_LAUNCHED_DESKTOP_FILE': '/usr/share/applications/cursor.desktop', 'ROS_PYTHON_VERSION': '3', 'GNOME_SHELL_SESSION_MODE': 'ubuntu', 'GTK_MODULES': 'gail:atk-bridge:appmenu-gtk-module', 'MANAGERPID': '2670', 'SYSTEMD_EXEC_PID': '2963', 'IM_CONFIG_CHECK_ENV': '1', 'GSM_SKIP_SSH_AGENT_WORKAROUND': 'true', 'NO_COLOR': '1', 'DBUS_SESSION_BUS_ADDRESS': 'unix:path=/run/user/1000/bus', 'GIO_LAUNCHED_DESKTOP_FILE_PID': '4150', 'VSCODE_CRASH_REPORTER_PROCESS_TYPE': 'extensionHost', 'DEBUGINFOD_URLS': 'https://debuginfod.ubuntu.com', 'IM_CONFIG_PHASE': '1', 'WAYLAND_DISPLAY': 'wayland-0', 'COLCON_PREFIX_PATH': '/home/hyeonsu/xarm_ws/install', 'ROS_DISTRO': 'jazzy', 'LOGNAME': 'hyeonsu', 'FORCE_COLOR': '0', 'JOURNAL_STREAM': '9:29271', '_': '/usr/bin/colcon', 'ROS_VERSION': '2', 'MEMORY_PRESSURE_WATCH': '/sys/fs/cgroup/user.slice/user-1000.slice/user@1000.service/session.slice/org.gnome.Shell@wayland.service/memory.pressure', 'XDG_SESSION_CLASS': 'user', 'USERNAME': 'hyeonsu', 'TERM': 'dumb', 'GNOME_DESKTOP_SESSION_ID': 'this-is-deprecated', 'FC_FONTATIONS': '1', 'PATH': '/opt/ros/jazzy/opt/gz_msgs_vendor/bin:/opt/ros/jazzy/opt/gz_tools_vendor/bin:/opt/ros/jazzy/opt/gz_ogre_next_vendor/bin:/opt/ros/jazzy/bin:/home/hyeonsu/.local/bin:/home/hyeonsu/.local/bin:/home/hyeonsu/.local/bin:/usr/local/sbin:/usr/local/bin:/usr/sbin:/usr/bin:/sbin:/bin:/usr/games:/usr/local/games:/snap/bin:/snap/bin:/home/hyeonsu/.local/bin:/home/hyeonsu/.local/bin:/home/hyeonsu/.local/bin', 'SESSION_MANAGER': 'local/om:@/tmp/.ICE-unix/2901,unix/om:/tmp/.ICE-unix/2901', 'INVOCATION_ID': 'aeae974ceb764caca71cf6a76b88eb5a', 'XDG_MENU_PREFIX': 'gnome-', 'VSCODE_PROCESS_TITLE': 'extension-host (agent-exec) [1-3]', 'GNOME_SETUP_DISPLAY': ':1', 'XDG_RUNTIME_DIR': '/run/user/1000', 'GDK_BACKEND': 'wayland', 'CURSOR_AGENT': '1', 'DISPLAY': ':0', 'LANG': 'en_US.UTF-8', 'XDG_CURRENT_DESKTOP': 'ubuntu:GNOME', 'XMODIFIERS': '@im=ibus', 'XDG_SESSION_DESKTOP': 'ubuntu', 'XAUTHORITY': '/run/user/1000/.mutter-Xwaylandauth.JYHLL3', 'LS_COLORS': '', 'SBX_CHROME_API_RQ': '1', 'CURSOR_TRACE_ID': '75e309d286c1448ca93465d00990a353', 'SSH_AUTH_SOCK': '/run/user/1000/keyring/ssh', 'AMENT_PREFIX_PATH': '/home/hyeonsu/xarm_ws/install/mtc:/home/hyeonsu/xarm_ws/install/xarm_1s_moveit_config:/home/hyeonsu/xarm_ws/install/xarm_1s_description:/opt/ros/jazzy', 'SHELL': '/bin/bash', 'QT_ACCESSIBILITY': '1', 'GDMSESSION': 'ubuntu', 'LESSCLOSE': '/usr/bin/lesspipe %s %s', 'GJS_DEBUG_OUTPUT': 'stderr', 'ROS_AUTOMATIC_DISCOVERY_RANGE': 'SUBNET', 'QT_IM_MODULE': 'ibus', 'PWD': '/home/hyeonsu/xarm_ws/build/mtc', 'LC_ALL': 'en_US.UTF-8', 'XDG_CONFIG_DIRS': '/etc/xdg/xdg-ubuntu:/etc/xdg', 'VSCODE_CODE_CACHE_PATH': '/home/hyeonsu/.config/Cursor/CachedData/7d96c2a03bb088ad367615e9da1a3fe20fbbc6a0', 'XDG_DATA_DIRS': '/usr/share/ubuntu:/usr/share/gnome:/usr/local/share/:/usr/share/:/var/lib/snapd/desktop', 'QTWEBENGINE_DICTIONARIES_PATH': '/usr/share/hunspell-bdic/', 'PYTHONPATH': '/opt/ros/jazzy/lib/python3.12/site-packages', 'COLCON': '1', '_ZO_DOCTOR': '0', 'MEMORY_PRESSURE_WRITE': 'c29tZSAyMDAwMDAgMjAwMDAwMAA=', 'CMAKE_PREFIX_PATH': '/home/hyeonsu/xarm_ws/install/xarm_1s_moveit_config:/home/hyeonsu/xarm_ws/install/mtc:/home/hyeonsu/xarm_ws/install/xarm_1s_description:/opt/ros/jazzy/opt/gz_sim_vendor:/opt/ros/jazzy/opt/gz_sensors_vendor:/opt/ros/jazzy/opt/gz_physics_vendor:/opt/ros/jazzy/opt/sdformat_vendor:/opt/ros/jazzy/opt/gz_gui_vendor:/opt/ros/jazzy/opt/gz_transport_vendor:/opt/ros/jazzy/opt/gz_rendering_vendor:/opt/ros/jazzy/opt/gz_plugin_vendor:/opt/ros/jazzy/opt/gz_fuel_tools_vendor:/opt/ros/jazzy/opt/gz_msgs_vendor:/opt/ros/jazzy/opt/gz_common_vendor:/opt/ros/jazzy/opt/gz_math_vendor:/opt/ros/jazzy/opt/gz_utils_vendor:/opt/ros/jazzy/opt/gz_tools_vendor:/opt/ros/jazzy/opt/gz_ogre_next_vendor:/opt/ros/jazzy/opt/gz_dartsim_vendor:/opt/ros/jazzy/opt/gz_cmake_vendor:/opt/ros/jazzy', 'VSCODE_PID': '4150'}), 'shell': False}
[0.099830] (-) TimerEvent: {}
[0.135529] (mtc) StdoutLine: {'line': b'[ 50%] Building CXX object CMakeFiles/mtc_node.dir/src/mtc_node.cpp.o\n'}
[0.199921] (-) TimerEvent: {}
[0.300110] (-) TimerEvent: {}
[0.400286] (-) TimerEvent: {}
[0.500453] (-) TimerEvent: {}
[0.600617] (-) TimerEvent: {}
[0.700782] (-) TimerEvent: {}
[0.800946] (-) TimerEvent: {}
[0.901106] (-) TimerEvent: {}
[1.001269] (-) TimerEvent: {}
[1.101388] (-) TimerEvent: {}
[1.201552] (-) TimerEvent: {}
[1.301718] (-) TimerEvent: {}
[1.401905] (-) TimerEvent: {}
[1.502101] (-) TimerEvent: {}
[1.602302] (-) TimerEvent: {}
[1.702468] (-) TimerEvent: {}
[1.802630] (-) TimerEvent: {}
[1.902801] (-) TimerEvent: {}
[2.002964] (-) TimerEvent: {}
[2.103125] (-) TimerEvent: {}
[2.203287] (-) TimerEvent: {}
[2.303448] (-) TimerEvent: {}
[2.403612] (-) TimerEvent: {}
[2.503773] (-) TimerEvent: {}
[2.603942] (-) TimerEvent: {}
[2.704104] (-) TimerEvent: {}
[2.804273] (-) TimerEvent: {}
[2.904437] (-) TimerEvent: {}
[3.004597] (-) TimerEvent: {}
[3.104757] (-) TimerEvent: {}
[3.204927] (-) TimerEvent: {}
[3.305088] (-) TimerEvent: {}
[3.405251] (-) TimerEvent: {}
[3.505411] (-) TimerEvent: {}
[3.605570] (-) TimerEvent: {}
[3.705729] (-) TimerEvent: {}
[3.805895] (-) TimerEvent: {}
[3.906114] (-) TimerEvent: {}
[4.006320] (-) TimerEvent: {}
[4.106483] (-) TimerEvent: {}
[4.206634] (-) TimerEvent: {}
[4.306800] (-) TimerEvent: {}
[4.407024] (-) TimerEvent: {}
[4.507258] (-) TimerEvent: {}
[4.607448] (-) TimerEvent: {}
[4.707664] (-) TimerEvent: {}
[4.807806] (-) TimerEvent: {}
[4.907967] (-) TimerEvent: {}
[5.008127] (-) TimerEvent: {}
[5.108290] (-) TimerEvent: {}
[5.208454] (-) TimerEvent: {}
[5.308628] (-) TimerEvent: {}
[5.408838] (-) TimerEvent: {}
[5.509028] (-) TimerEvent: {}
[5.609179] (-) TimerEvent: {}
[5.709331] (-) TimerEvent: {}
[5.809483] (-) TimerEvent: {}
[5.909642] (-) TimerEvent: {}
[5.937013] (mtc) StdoutLine: {'line': b'[100%] Linking CXX executable mtc_node\n'}
[6.009732] (-) TimerEvent: {}
[6.109923] (-) TimerEvent: {}
[6.144069] (mtc) StdoutLine: {'line': b'[100%] Built target mtc_node\n'}
[6.154206] (mtc) CommandEnded: {'returncode': 0}
[6.154575] (mtc) JobProgress: {'identifier': 'mtc', 'progress': 'install'}
[6.154704] (mtc) Command: {'cmd': ['/usr/bin/cmake', '--install', '/home/hyeonsu/xarm_ws/build/mtc'], 'cwd': '/home/hyeonsu/xarm_ws/build/mtc', 'env': OrderedDict({'GJS_DEBUG_TOPICS': 'JS ERROR;JS LOG', 'LESSOPEN': '| /usr/bin/lesspipe %s', 'VSCODE_CWD': '/home/hyeonsu', 'CURSOR_EXTENSION_HOST_ROLE': 'agent-exec', 'VSCODE_ESM_ENTRYPOINT': 'vs/workbench/api/node/extensionHostProcess', 'GZ_SIM_RESOURCE_PATH': '/opt/ros/jazzy/share', 'USER': 'hyeonsu', 'VSCODE_NLS_CONFIG': '{"userLocale":"en-us","osLocale":"en-us","resolvedLanguage":"en","defaultMessagesFile":"/usr/share/cursor/resources/app/out/nls.messages.json","locale":"en-us","availableLanguages":{}}', 'GZ_CONFIG_PATH': '/opt/ros/jazzy/opt/gz_sim_vendor/share/gz:/opt/ros/jazzy/opt/sdformat_vendor/share/gz:/opt/ros/jazzy/opt/gz_gui_vendor/share/gz:/opt/ros/jazzy/opt/gz_transport_vendor/share/gz:/opt/ros/jazzy/opt/gz_rendering_vendor/share/gz:/opt/ros/jazzy/opt/gz_plugin_vendor/share/gz:/opt/ros/jazzy/opt/gz_fuel_tools_vendor/share/gz:/opt/ros/jazzy/opt/gz_msgs_vendor/share/gz:/opt/ros/jazzy/opt/gz_common_vendor/share/gz', 'CI': '1', 'VSCODE_HANDLES_UNCAUGHT_ERRORS': 'true', 'XDG_SESSION_TYPE': 'wayland', 'CLUTTER_DISABLE_MIPMAPPED_TEXT': '1', 'SHLVL': '1', 'LD_LIBRARY_PATH': '/opt/ros/jazzy/opt/gz_sim_vendor/lib:/opt/ros/jazzy/opt/gz_sensors_vendor/lib:/opt/ros/jazzy/opt/gz_physics_vendor/lib:/opt/ros/jazzy/opt/sdformat_vendor/lib:/opt/ros/jazzy/opt/rviz_ogre_vendor/lib:/opt/ros/jazzy/lib/x86_64-linux-gnu:/opt/ros/jazzy/opt/gz_gui_vendor/lib:/opt/ros/jazzy/opt/gz_transport_vendor/lib:/opt/ros/jazzy/opt/gz_rendering_vendor/lib:/opt/ros/jazzy/opt/gz_plugin_vendor/lib:/opt/ros/jazzy/opt/gz_fuel_tools_vendor/lib:/opt/ros/jazzy/opt/gz_msgs_vendor/lib:/opt/ros/jazzy/opt/gz_common_vendor/lib:/opt/ros/jazzy/opt/gz_math_vendor/lib:/opt/ros/jazzy/opt/gz_utils_vendor/lib:/opt/ros/jazzy/opt/gz_tools_vendor/lib:/opt/ros/jazzy/opt/gz_ogre_next_vendor/lib:/opt/ros/jazzy/opt/gz_dartsim_vendor/lib:/opt/ros/jazzy/opt/gz_cmake_vendor/lib:/opt/ros/jazzy/lib', 'HOME': '/home/hyeonsu', 'CHROME_DESKTOP': 'cursor.desktop', 'DESKTOP_SESSION': 'ubuntu', 'VSCODE_IPC_HOOK': '/run/user/1000/vscode-102b83de-2.5.-main.sock', 'GIO_LAUNCHED_DESKTOP_FILE': '/usr/share/applications/cursor.desktop', 'ROS_PYTHON_VERSION': '3', 'GNOME_SHELL_SESSION_MODE': 'ubuntu', 'GTK_MODULES': 'gail:atk-bridge:appmenu-gtk-module', 'MANAGERPID': '2670', 'SYSTEMD_EXEC_PID': '2963', 'IM_CONFIG_CHECK_ENV': '1', 'GSM_SKIP_SSH_AGENT_WORKAROUND': 'true', 'NO_COLOR': '1', 'DBUS_SESSION_BUS_ADDRESS': 'unix:path=/run/user/1000/bus', 'GIO_LAUNCHED_DESKTOP_FILE_PID': '4150', 'VSCODE_CRASH_REPORTER_PROCESS_TYPE': 'extensionHost', 'DEBUGINFOD_URLS': 'https://debuginfod.ubuntu.com', 'IM_CONFIG_PHASE': '1', 'WAYLAND_DISPLAY': 'wayland-0', 'COLCON_PREFIX_PATH': '/home/hyeonsu/xarm_ws/install', 'ROS_DISTRO': 'jazzy', 'LOGNAME': 'hyeonsu', 'FORCE_COLOR': '0', 'JOURNAL_STREAM': '9:29271', '_': '/usr/bin/colcon', 'ROS_VERSION': '2', 'MEMORY_PRESSURE_WATCH': '/sys/fs/cgroup/user.slice/user-1000.slice/user@1000.service/session.slice/org.gnome.Shell@wayland.service/memory.pressure', 'XDG_SESSION_CLASS': 'user', 'USERNAME': 'hyeonsu', 'TERM': 'dumb', 'GNOME_DESKTOP_SESSION_ID': 'this-is-deprecated', 'FC_FONTATIONS': '1', 'PATH': '/opt/ros/jazzy/opt/gz_msgs_vendor/bin:/opt/ros/jazzy/opt/gz_tools_vendor/bin:/opt/ros/jazzy/opt/gz_ogre_next_vendor/bin:/opt/ros/jazzy/bin:/home/hyeonsu/.local/bin:/home/hyeonsu/.local/bin:/home/hyeonsu/.local/bin:/usr/local/sbin:/usr/local/bin:/usr/sbin:/usr/bin:/sbin:/bin:/usr/games:/usr/local/games:/snap/bin:/snap/bin:/home/hyeonsu/.local/bin:/home/hyeonsu/.local/bin:/home/hyeonsu/.local/bin', 'SESSION_MANAGER': 'local/om:@/tmp/.ICE-unix/2901,unix/om:/tmp/.ICE-unix/2901', 'INVOCATION_ID': 'aeae974ceb764caca71cf6a76b88eb5a', 'XDG_MENU_PREFIX': 'gnome-', 'VSCODE_PROCESS_TITLE': 'extension-host (agent-exec) [1-3]', 'GNOME_SETUP_DISPLAY': ':1', 'XDG_RUNTIME_DIR': '/run/user/1000', 'GDK_BACKEND': 'wayland', 'CURSOR_AGENT': '1', 'DISPLAY': ':0', 'LANG': 'en_US.UTF-8', 'XDG_CURRENT_DESKTOP': 'ubuntu:GNOME', 'XMODIFIERS': '@im=ibus', 'XDG_SESSION_DESKTOP': 'ubuntu', 'XAUTHORITY': '/run/user/1000/.mutter-Xwaylandauth.JYHLL3', 'LS_COLORS': '', 'SBX_CHROME_API_RQ': '1', 'CURSOR_TRACE_ID': '75e309d286c1448ca93465d00990a353', 'SSH_AUTH_SOCK': '/run/user/1000/keyring/ssh', 'AMENT_PREFIX_PATH': '/home/hyeonsu/xarm_ws/install/mtc:/home/hyeonsu/xarm_ws/install/xarm_1s_moveit_config:/home/hyeonsu/xarm_ws/install/xarm_1s_description:/opt/ros/jazzy', 'SHELL': '/bin/bash', 'QT_ACCESSIBILITY': '1', 'GDMSESSION': 'ubuntu', 'LESSCLOSE': '/usr/bin/lesspipe %s %s', 'GJS_DEBUG_OUTPUT': 'stderr', 'ROS_AUTOMATIC_DISCOVERY_RANGE': 'SUBNET', 'QT_IM_MODULE': 'ibus', 'PWD': '/home/hyeonsu/xarm_ws/build/mtc', 'LC_ALL': 'en_US.UTF-8', 'XDG_CONFIG_DIRS': '/etc/xdg/xdg-ubuntu:/etc/xdg', 'VSCODE_CODE_CACHE_PATH': '/home/hyeonsu/.config/Cursor/CachedData/7d96c2a03bb088ad367615e9da1a3fe20fbbc6a0', 'XDG_DATA_DIRS': '/usr/share/ubuntu:/usr/share/gnome:/usr/local/share/:/usr/share/:/var/lib/snapd/desktop', 'QTWEBENGINE_DICTIONARIES_PATH': '/usr/share/hunspell-bdic/', 'PYTHONPATH': '/opt/ros/jazzy/lib/python3.12/site-packages', 'COLCON': '1', '_ZO_DOCTOR': '0', 'MEMORY_PRESSURE_WRITE': 'c29tZSAyMDAwMDAgMjAwMDAwMAA=', 'CMAKE_PREFIX_PATH': '/home/hyeonsu/xarm_ws/install/xarm_1s_moveit_config:/home/hyeonsu/xarm_ws/install/mtc:/home/hyeonsu/xarm_ws/install/xarm_1s_description:/opt/ros/jazzy/opt/gz_sim_vendor:/opt/ros/jazzy/opt/gz_sensors_vendor:/opt/ros/jazzy/opt/gz_physics_vendor:/opt/ros/jazzy/opt/sdformat_vendor:/opt/ros/jazzy/opt/gz_gui_vendor:/opt/ros/jazzy/opt/gz_transport_vendor:/opt/ros/jazzy/opt/gz_rendering_vendor:/opt/ros/jazzy/opt/gz_plugin_vendor:/opt/ros/jazzy/opt/gz_fuel_tools_vendor:/opt/ros/jazzy/opt/gz_msgs_vendor:/opt/ros/jazzy/opt/gz_common_vendor:/opt/ros/jazzy/opt/gz_math_vendor:/opt/ros/jazzy/opt/gz_utils_vendor:/opt/ros/jazzy/opt/gz_tools_vendor:/opt/ros/jazzy/opt/gz_ogre_next_vendor:/opt/ros/jazzy/opt/gz_dartsim_vendor:/opt/ros/jazzy/opt/gz_cmake_vendor:/opt/ros/jazzy', 'VSCODE_PID': '4150'}), 'shell': False}
[6.162694] (mtc) StdoutLine: {'line': b'-- Install configuration: ""\n'}
[6.162822] (mtc) StdoutLine: {'line': b'-- Installing: /home/hyeonsu/xarm_ws/install/mtc/lib/mtc/mtc_node\n'}
[6.164482] (mtc) StdoutLine: {'line': b'-- Set non-toolchain portion of runtime path of "/home/hyeonsu/xarm_ws/install/mtc/lib/mtc/mtc_node" to ""\n'}
[6.164556] (mtc) StdoutLine: {'line': b'-- Up-to-date: /home/hyeonsu/xarm_ws/install/mtc/share/mtc/launch\n'}
[6.164585] (mtc) StdoutLine: {'line': b'-- Installing: /home/hyeonsu/xarm_ws/install/mtc/share/mtc/launch/pick_place_demo.launch.py\n'}
[6.164610] (mtc) StdoutLine: {'line': b'-- Up-to-date: /home/hyeonsu/xarm_ws/install/mtc/share/mtc/launch/__pycache__\n'}
[6.164633] (mtc) StdoutLine: {'line': b'-- Installing: /home/hyeonsu/xarm_ws/install/mtc/share/mtc/launch/__pycache__/pick_place_demo.launch.cpython-312.pyc\n'}
[6.164657] (mtc) StdoutLine: {'line': b'-- Up-to-date: /home/hyeonsu/xarm_ws/install/mtc/share/ament_index/resource_index/package_run_dependencies/mtc\n'}
[6.164679] (mtc) StdoutLine: {'line': b'-- Up-to-date: /home/hyeonsu/xarm_ws/install/mtc/share/ament_index/resource_index/parent_prefix_path/mtc\n'}
[6.164699] (mtc) StdoutLine: {'line': b'-- Up-to-date: /home/hyeonsu/xarm_ws/install/mtc/share/mtc/environment/ament_prefix_path.sh\n'}
[6.164719] (mtc) StdoutLine: {'line': b'-- Up-to-date: /home/hyeonsu/xarm_ws/install/mtc/share/mtc/environment/ament_prefix_path.dsv\n'}
[6.164744] (mtc) StdoutLine: {'line': b'-- Up-to-date: /home/hyeonsu/xarm_ws/install/mtc/share/mtc/environment/path.sh\n'}
[6.164763] (mtc) StdoutLine: {'line': b'-- Up-to-date: /home/hyeonsu/xarm_ws/install/mtc/share/mtc/environment/path.dsv\n'}
[6.164786] (mtc) StdoutLine: {'line': b'-- Up-to-date: /home/hyeonsu/xarm_ws/install/mtc/share/mtc/local_setup.bash\n'}
[6.164812] (mtc) StdoutLine: {'line': b'-- Up-to-date: /home/hyeonsu/xarm_ws/install/mtc/share/mtc/local_setup.sh\n'}
[6.164832] (mtc) StdoutLine: {'line': b'-- Up-to-date: /home/hyeonsu/xarm_ws/install/mtc/share/mtc/local_setup.zsh\n'}
[6.164851] (mtc) StdoutLine: {'line': b'-- Up-to-date: /home/hyeonsu/xarm_ws/install/mtc/share/mtc/local_setup.dsv\n'}
[6.164870] (mtc) StdoutLine: {'line': b'-- Installing: /home/hyeonsu/xarm_ws/install/mtc/share/mtc/package.dsv\n'}
[6.164891] (mtc) StdoutLine: {'line': b'-- Up-to-date: /home/hyeonsu/xarm_ws/install/mtc/share/ament_index/resource_index/packages/mtc\n'}
[6.164911] (mtc) StdoutLine: {'line': b'-- Up-to-date: /home/hyeonsu/xarm_ws/install/mtc/share/mtc/cmake/mtcConfig.cmake\n'}
[6.164931] (mtc) StdoutLine: {'line': b'-- Up-to-date: /home/hyeonsu/xarm_ws/install/mtc/share/mtc/cmake/mtcConfig-version.cmake\n'}
[6.164950] (mtc) StdoutLine: {'line': b'-- Up-to-date: /home/hyeonsu/xarm_ws/install/mtc/share/mtc/package.xml\n'}
[6.165269] (mtc) CommandEnded: {'returncode': 0}
[6.170060] (mtc) JobEnded: {'identifier': 'mtc', 'rc': 0}
[6.170291] (-) EventReactorShutdown: {}
