-- Found ament_cmake: 2.5.5 (/opt/ros/jazzy/share/ament_cmake/cmake)
-- Found rclcpp: 28.1.16 (/opt/ros/jazzy/share/rclcpp/cmake)
-- Found rosidl_generator_c: 4.6.7 (/opt/ros/jazzy/share/rosidl_generator_c/cmake)
-- Found rosidl_generator_cpp: 4.6.7 (/opt/ros/jazzy/share/rosidl_generator_cpp/cmake)
-- Using all available rosidl_typesupport_c: rosidl_typesupport_fastrtps_c;rosidl_typesupport_introspection_c
-- Using all available rosidl_typesupport_cpp: rosidl_typesupport_fastrtps_cpp;rosidl_typesupport_introspection_cpp
-- Found rmw_implementation_cmake: 7.3.3 (/opt/ros/jazzy/share/rmw_implementation_cmake/cmake)
-- Found rmw_fastrtps_cpp: 8.4.3 (/opt/ros/jazzy/share/rmw_fastrtps_cpp/cmake)
-- Using RMW implementation 'rmw_fastrtps_cpp' as default
-- Found moveit_ros_planning_interface: 2.12.4 (/opt/ros/jazzy/share/moveit_ros_planning_interface/cmake)
-- Found Boost: /usr/lib/x86_64-linux-gnu/cmake/Boost-1.83.0/BoostConfig.cmake (found version "1.83.0") found components: date_time filesystem program_options system thread 
-- Found Boost: /usr/lib/x86_64-linux-gnu/cmake/Boost-1.83.0/BoostConfig.cmake (found version "1.83.0") found components: chrono date_time filesystem iostreams program_options regex serialization system thread 
-- Found parameter_traits: 0.6.0 (/opt/ros/jazzy/share/parameter_traits/cmake)
-- Found rclcpp_lifecycle: 28.1.16 (/opt/ros/jazzy/share/rclcpp_lifecycle/cmake)
-- Found Boost: /usr/lib/x86_64-linux-gnu/cmake/Boost-1.83.0/BoostConfig.cmake (found version "1.83.0") found components: filesystem 
-- Ensuring Eigen3 include directory is part of orocos-kdl CMake target
-- Found Boost: /usr/lib/x86_64-linux-gnu/cmake/Boost-1.83.0/BoostConfig.cmake (found version "1.83.0") found components: system filesystem date_time program_options thread chrono 
-- Found Boost: /usr/lib/x86_64-linux-gnu/cmake/Boost-1.83.0/BoostConfig.cmake (found version "1.83.0") found components: thread system filesystem regex date_time program_options 
-- Found Boost: /usr/lib/x86_64-linux-gnu/cmake/Boost-1.83.0/BoostConfig.cmake (found version "1.83.0") found components: system filesystem date_time program_options thread 
-- Found moveit_task_constructor_core: 0.1.4 (/opt/ros/jazzy/share/moveit_task_constructor_core/cmake)
-- Found ament_lint_auto: 0.17.4 (/opt/ros/jazzy/share/ament_lint_auto/cmake)
-- Added test 'cppcheck' to perform static code analysis on C / C++ code
-- Configured cppcheck include dirs: 
-- Configured cppcheck exclude dirs and/or files: 
-- Added test 'flake8' to check Python code syntax and style conventions
-- Configured 'flake8' exclude dirs and/or files: 
-- Added test 'lint_cmake' to check CMake code style
-- Added test 'pep257' to check Python code against some of the docstring style conventions in PEP 257
-- Added test 'uncrustify' to check C / C++ code style
-- Configured uncrustify additional arguments: 
-- Added test 'xmllint' to check XML markup files
-- Configuring done (0.8s)
-- Generating done (0.0s)
-- Build files have been written to: /home/hyeonsu/xarm_ws/build/mtc
[ 50%] [32mBuilding CXX object CMakeFiles/mtc_node.dir/src/mtc_node.cpp.o[0m
[100%] [32m[1mLinking CXX executable mtc_node[0m
[100%] Built target mtc_node
-- Install configuration: "Release"
-- Installing: /home/hyeonsu/xarm_ws/install/mtc/lib/mtc/mtc_node
-- Set non-toolchain portion of runtime path of "/home/hyeonsu/xarm_ws/install/mtc/lib/mtc/mtc_node" to ""
-- Up-to-date: /home/hyeonsu/xarm_ws/install/mtc/share/mtc/launch
-- Up-to-date: /home/hyeonsu/xarm_ws/install/mtc/share/mtc/launch/pick_place_demo.launch.py
-- Up-to-date: /home/hyeonsu/xarm_ws/install/mtc/share/mtc/launch/__pycache__
-- Up-to-date: /home/hyeonsu/xarm_ws/install/mtc/share/mtc/launch/__pycache__/pick_place_demo.launch.cpython-312.pyc
-- Up-to-date: /home/hyeonsu/xarm_ws/install/mtc/share/ament_index/resource_index/package_run_dependencies/mtc
-- Up-to-date: /home/hyeonsu/xarm_ws/install/mtc/share/ament_index/resource_index/parent_prefix_path/mtc
-- Up-to-date: /home/hyeonsu/xarm_ws/install/mtc/share/mtc/environment/ament_prefix_path.sh
-- Up-to-date: /home/hyeonsu/xarm_ws/install/mtc/share/mtc/environment/ament_prefix_path.dsv
-- Up-to-date: /home/hyeonsu/xarm_ws/install/mtc/share/mtc/environment/path.sh
-- Up-to-date: /home/hyeonsu/xarm_ws/install/mtc/share/mtc/environment/path.dsv
-- Up-to-date: /home/hyeonsu/xarm_ws/install/mtc/share/mtc/local_setup.bash
-- Up-to-date: /home/hyeonsu/xarm_ws/install/mtc/share/mtc/local_setup.sh
-- Up-to-date: /home/hyeonsu/xarm_ws/install/mtc/share/mtc/local_setup.zsh
-- Up-to-date: /home/hyeonsu/xarm_ws/install/mtc/share/mtc/local_setup.dsv
-- Installing: /home/hyeonsu/xarm_ws/install/mtc/share/mtc/package.dsv
-- Up-to-date: /home/hyeonsu/xarm_ws/install/mtc/share/ament_index/resource_index/packages/mtc
-- Up-to-date: /home/hyeonsu/xarm_ws/install/mtc/share/mtc/cmake/mtcConfig.cmake
-- Up-to-date: /home/hyeonsu/xarm_ws/install/mtc/share/mtc/cmake/mtcConfig-version.cmake
-- Up-to-date: /home/hyeonsu/xarm_ws/install/mtc/share/mtc/package.xml
