[0.005s] Invoking command in '/home/secu4090/xarm_ws/build/xarm_1s_description': CMAKE_PREFIX_PATH=${CMAKE_PREFIX_PATH}:/home/secu4090/turtlebot3_ws/install/tb3_custom_explore DEBUGINFOD_URLS=https://debuginfod.ubuntu.com /usr/bin/cmake /home/secu4090/xarm_ws/src/xarm_1s_description -DCMAKE_INSTALL_PREFIX=/home/secu4090/xarm_ws/install/xarm_1s_description
[0.046s] -- The C compiler identification is GNU 13.3.0
[0.086s] -- The CXX compiler identification is GNU 13.3.0
[0.107s] -- Detecting C compiler ABI info
[0.162s] -- Detecting C compiler ABI info - done
[0.167s] -- Check for working C compiler: /usr/bin/cc - skipped
[0.167s] -- Detecting C compile features
[0.167s] -- Detecting C compile features - done
[0.174s] -- Detecting CXX compiler ABI info
[0.250s] -- Detecting CXX compiler ABI info - done
[0.254s] -- Check for working CXX compiler: /usr/bin/c++ - skipped
[0.254s] -- Detecting CXX compile features
[0.254s] -- Detecting CXX compile features - done
[0.257s] -- Found ament_cmake: 2.5.5 (/opt/ros/jazzy/share/ament_cmake/cmake)
[0.349s] -- Found Python3: /usr/bin/python3 (found version "3.12.3") found components: Interpreter 
[0.416s] -- Found ament_lint_auto: 0.17.4 (/opt/ros/jazzy/share/ament_lint_auto/cmake)
[0.473s] -- Added test 'lint_cmake' to check CMake code style
[0.474s] -- Added test 'xmllint' to check XML markup files
[0.475s] -- Configuring done (0.5s)
[0.476s] -- Generating done (0.0s)
[0.477s] -- Build files have been written to: /home/secu4090/xarm_ws/build/xarm_1s_description
[0.479s] Invoked command in '/home/secu4090/xarm_ws/build/xarm_1s_description' returned '0': CMAKE_PREFIX_PATH=${CMAKE_PREFIX_PATH}:/home/secu4090/turtlebot3_ws/install/tb3_custom_explore DEBUGINFOD_URLS=https://debuginfod.ubuntu.com /usr/bin/cmake /home/secu4090/xarm_ws/src/xarm_1s_description -DCMAKE_INSTALL_PREFIX=/home/secu4090/xarm_ws/install/xarm_1s_description
[0.480s] Invoking command in '/home/secu4090/xarm_ws/build/xarm_1s_description': CMAKE_PREFIX_PATH=${CMAKE_PREFIX_PATH}:/home/secu4090/turtlebot3_ws/install/tb3_custom_explore DEBUGINFOD_URLS=https://debuginfod.ubuntu.com /usr/bin/cmake --build /home/secu4090/xarm_ws/build/xarm_1s_description -- -j28 -l28
[0.506s] Invoked command in '/home/secu4090/xarm_ws/build/xarm_1s_description' returned '0': CMAKE_PREFIX_PATH=${CMAKE_PREFIX_PATH}:/home/secu4090/turtlebot3_ws/install/tb3_custom_explore DEBUGINFOD_URLS=https://debuginfod.ubuntu.com /usr/bin/cmake --build /home/secu4090/xarm_ws/build/xarm_1s_description -- -j28 -l28
[0.510s] Invoking command in '/home/secu4090/xarm_ws/build/xarm_1s_description': CMAKE_PREFIX_PATH=${CMAKE_PREFIX_PATH}:/home/secu4090/turtlebot3_ws/install/tb3_custom_explore DEBUGINFOD_URLS=https://debuginfod.ubuntu.com /usr/bin/cmake --install /home/secu4090/xarm_ws/build/xarm_1s_description
[0.514s] -- Install configuration: ""
[0.514s] -- Installing: /home/secu4090/xarm_ws/install/xarm_1s_description/share/xarm_1s_description/meshes
[0.514s] -- Installing: /home/secu4090/xarm_ws/install/xarm_1s_description/share/xarm_1s_description/meshes/link0_left.stl
[0.514s] -- Installing: /home/secu4090/xarm_ws/install/xarm_1s_description/share/xarm_1s_description/meshes/link3.stl
[0.515s] -- Installing: /home/secu4090/xarm_ws/install/xarm_1s_description/share/xarm_1s_description/meshes/link6.stl
[0.516s] -- Installing: /home/secu4090/xarm_ws/install/xarm_1s_description/share/xarm_1s_description/meshes/link5_collision.stl
[0.516s] -- Installing: /home/secu4090/xarm_ws/install/xarm_1s_description/share/xarm_1s_description/meshes/link2.stl
[0.517s] -- Installing: /home/secu4090/xarm_ws/install/xarm_1s_description/share/xarm_1s_description/meshes/link1_left_collision.stl
[0.517s] -- Installing: /home/secu4090/xarm_ws/install/xarm_1s_description/share/xarm_1s_description/meshes/link5.stl
[0.517s] -- Installing: /home/secu4090/xarm_ws/install/xarm_1s_description/share/xarm_1s_description/meshes/link4_collision.stl
[0.517s] -- Installing: /home/secu4090/xarm_ws/install/xarm_1s_description/share/xarm_1s_description/meshes/link2_collision.stl
[0.517s] -- Installing: /home/secu4090/xarm_ws/install/xarm_1s_description/share/xarm_1s_description/meshes/link1_collision.stl
[0.517s] -- Installing: /home/secu4090/xarm_ws/install/xarm_1s_description/share/xarm_1s_description/meshes/link0.stl
[0.517s] -- Installing: /home/secu4090/xarm_ws/install/xarm_1s_description/share/xarm_1s_description/meshes/link1.stl
[0.517s] -- Installing: /home/secu4090/xarm_ws/install/xarm_1s_description/share/xarm_1s_description/meshes/link0_collision.stl
[0.517s] -- Installing: /home/secu4090/xarm_ws/install/xarm_1s_description/share/xarm_1s_description/meshes/base.stl
[0.518s] -- Installing: /home/secu4090/xarm_ws/install/xarm_1s_description/share/xarm_1s_description/meshes/link4.stl
[0.519s] -- Installing: /home/secu4090/xarm_ws/install/xarm_1s_description/share/xarm_1s_description/meshes/link0_left_collision.stl
[0.519s] -- Installing: /home/secu4090/xarm_ws/install/xarm_1s_description/share/xarm_1s_description/meshes/link3_collision.stl
[0.519s] -- Installing: /home/secu4090/xarm_ws/install/xarm_1s_description/share/xarm_1s_description/meshes/link1_left.stl
[0.519s] -- Installing: /home/secu4090/xarm_ws/install/xarm_1s_description/share/xarm_1s_description/meshes/base_collision.stl
[0.519s] -- Installing: /home/secu4090/xarm_ws/install/xarm_1s_description/share/xarm_1s_description/meshes/link6_collision.stl
[0.519s] -- Installing: /home/secu4090/xarm_ws/install/xarm_1s_description/share/xarm_1s_description/rviz
[0.519s] -- Installing: /home/secu4090/xarm_ws/install/xarm_1s_description/share/xarm_1s_description/rviz/xarm_1s.rviz
[0.519s] -- Installing: /home/secu4090/xarm_ws/install/xarm_1s_description/share/xarm_1s_description/urdf
[0.519s] -- Installing: /home/secu4090/xarm_ws/install/xarm_1s_description/share/xarm_1s_description/urdf/xarm_1s.urdf.xacro
[0.519s] -- Installing: /home/secu4090/xarm_ws/install/xarm_1s_description/share/ament_index/resource_index/package_run_dependencies/xarm_1s_description
[0.519s] -- Installing: /home/secu4090/xarm_ws/install/xarm_1s_description/share/ament_index/resource_index/parent_prefix_path/xarm_1s_description
[0.519s] -- Installing: /home/secu4090/xarm_ws/install/xarm_1s_description/share/xarm_1s_description/environment/ament_prefix_path.sh
[0.520s] -- Installing: /home/secu4090/xarm_ws/install/xarm_1s_description/share/xarm_1s_description/environment/ament_prefix_path.dsv
[0.520s] -- Installing: /home/secu4090/xarm_ws/install/xarm_1s_description/share/xarm_1s_description/environment/path.sh
[0.520s] -- Installing: /home/secu4090/xarm_ws/install/xarm_1s_description/share/xarm_1s_description/environment/path.dsv
[0.520s] -- Installing: /home/secu4090/xarm_ws/install/xarm_1s_description/share/xarm_1s_description/local_setup.bash
[0.520s] -- Installing: /home/secu4090/xarm_ws/install/xarm_1s_description/share/xarm_1s_description/local_setup.sh
[0.520s] -- Installing: /home/secu4090/xarm_ws/install/xarm_1s_description/share/xarm_1s_description/local_setup.zsh
[0.520s] -- Installing: /home/secu4090/xarm_ws/install/xarm_1s_description/share/xarm_1s_description/local_setup.dsv
[0.520s] -- Installing: /home/secu4090/xarm_ws/install/xarm_1s_description/share/xarm_1s_description/package.dsv
[0.520s] -- Installing: /home/secu4090/xarm_ws/install/xarm_1s_description/share/ament_index/resource_index/packages/xarm_1s_description
[0.520s] -- Installing: /home/secu4090/xarm_ws/install/xarm_1s_description/share/xarm_1s_description/cmake/xarm_1s_descriptionConfig.cmake
[0.520s] -- Installing: /home/secu4090/xarm_ws/install/xarm_1s_description/share/xarm_1s_description/cmake/xarm_1s_descriptionConfig-version.cmake
[0.520s] -- Installing: /home/secu4090/xarm_ws/install/xarm_1s_description/share/xarm_1s_description/package.xml
[0.527s] Invoked command in '/home/secu4090/xarm_ws/build/xarm_1s_description' returned '0': CMAKE_PREFIX_PATH=${CMAKE_PREFIX_PATH}:/home/secu4090/turtlebot3_ws/install/tb3_custom_explore DEBUGINFOD_URLS=https://debuginfod.ubuntu.com /usr/bin/cmake --install /home/secu4090/xarm_ws/build/xarm_1s_description
