[0.270s] Invoking command in '/home/hyeon/xarm_ws/build/xarm_1s_bringup': CMAKE_PREFIX_PATH=/home/hyeon/xarm_ws/install/mtc:/home/hyeon/xarm_ws/install/xarm_1s_moveit_config:/home/hyeon/xarm_ws/install/xarm_1s_hardware:/home/hyeon/xarm_ws/install/xarm_1s_description:/home/hyeon/xarm_ws/install/xarm_1s_bringup:/opt/ros/jazzy/opt/sdformat_vendor:/opt/ros/jazzy/opt/gz_math_vendor:/opt/ros/jazzy/opt/gz_utils_vendor:/opt/ros/jazzy/opt/gz_tools_vendor:/opt/ros/jazzy/opt/gz_cmake_vendor:/opt/ros/jazzy /usr/bin/cmake /home/hyeon/xarm_ws/src/xarm_1s_bringup -DCMAKE_INSTALL_PREFIX=/home/hyeon/xarm_ws/install/xarm_1s_bringup
[0.279s] -- Found ament_cmake: 2.5.6 (/opt/ros/jazzy/share/ament_cmake/cmake)
[0.403s] -- Override CMake install command with custom implementation using symlinks instead of copying resources
[0.407s] -- Found ament_lint_auto: 0.17.5 (/opt/ros/jazzy/share/ament_lint_auto/cmake)
[0.460s] -- Added test 'flake8' to check Python code syntax and style conventions
[0.461s] -- Configured 'flake8' exclude dirs and/or files: 
[0.461s] -- Added test 'lint_cmake' to check CMake code style
[0.461s] -- Added test 'pep257' to check Python code against some of the docstring style conventions in PEP 257
[0.461s] -- Added test 'xmllint' to check XML markup files
[0.461s] -- Configuring done (0.2s)
[0.466s] -- Generating done (0.0s)
[0.467s] -- Build files have been written to: /home/hyeon/xarm_ws/build/xarm_1s_bringup
[0.470s] Invoked command in '/home/hyeon/xarm_ws/build/xarm_1s_bringup' returned '0': CMAKE_PREFIX_PATH=/home/hyeon/xarm_ws/install/mtc:/home/hyeon/xarm_ws/install/xarm_1s_moveit_config:/home/hyeon/xarm_ws/install/xarm_1s_hardware:/home/hyeon/xarm_ws/install/xarm_1s_description:/home/hyeon/xarm_ws/install/xarm_1s_bringup:/opt/ros/jazzy/opt/sdformat_vendor:/opt/ros/jazzy/opt/gz_math_vendor:/opt/ros/jazzy/opt/gz_utils_vendor:/opt/ros/jazzy/opt/gz_tools_vendor:/opt/ros/jazzy/opt/gz_cmake_vendor:/opt/ros/jazzy /usr/bin/cmake /home/hyeon/xarm_ws/src/xarm_1s_bringup -DCMAKE_INSTALL_PREFIX=/home/hyeon/xarm_ws/install/xarm_1s_bringup
[0.471s] Invoking command in '/home/hyeon/xarm_ws/build/xarm_1s_bringup': CMAKE_PREFIX_PATH=/home/hyeon/xarm_ws/install/mtc:/home/hyeon/xarm_ws/install/xarm_1s_moveit_config:/home/hyeon/xarm_ws/install/xarm_1s_hardware:/home/hyeon/xarm_ws/install/xarm_1s_description:/home/hyeon/xarm_ws/install/xarm_1s_bringup:/opt/ros/jazzy/opt/sdformat_vendor:/opt/ros/jazzy/opt/gz_math_vendor:/opt/ros/jazzy/opt/gz_utils_vendor:/opt/ros/jazzy/opt/gz_tools_vendor:/opt/ros/jazzy/opt/gz_cmake_vendor:/opt/ros/jazzy /usr/bin/cmake --build /home/hyeon/xarm_ws/build/xarm_1s_bringup -- -j24 -l24
[0.492s] Invoked command in '/home/hyeon/xarm_ws/build/xarm_1s_bringup' returned '0': CMAKE_PREFIX_PATH=/home/hyeon/xarm_ws/install/mtc:/home/hyeon/xarm_ws/install/xarm_1s_moveit_config:/home/hyeon/xarm_ws/install/xarm_1s_hardware:/home/hyeon/xarm_ws/install/xarm_1s_description:/home/hyeon/xarm_ws/install/xarm_1s_bringup:/opt/ros/jazzy/opt/sdformat_vendor:/opt/ros/jazzy/opt/gz_math_vendor:/opt/ros/jazzy/opt/gz_utils_vendor:/opt/ros/jazzy/opt/gz_tools_vendor:/opt/ros/jazzy/opt/gz_cmake_vendor:/opt/ros/jazzy /usr/bin/cmake --build /home/hyeon/xarm_ws/build/xarm_1s_bringup -- -j24 -l24
[0.493s] Invoking command in '/home/hyeon/xarm_ws/build/xarm_1s_bringup': CMAKE_PREFIX_PATH=/home/hyeon/xarm_ws/install/mtc:/home/hyeon/xarm_ws/install/xarm_1s_moveit_config:/home/hyeon/xarm_ws/install/xarm_1s_hardware:/home/hyeon/xarm_ws/install/xarm_1s_description:/home/hyeon/xarm_ws/install/xarm_1s_bringup:/opt/ros/jazzy/opt/sdformat_vendor:/opt/ros/jazzy/opt/gz_math_vendor:/opt/ros/jazzy/opt/gz_utils_vendor:/opt/ros/jazzy/opt/gz_tools_vendor:/opt/ros/jazzy/opt/gz_cmake_vendor:/opt/ros/jazzy /usr/bin/cmake --install /home/hyeon/xarm_ws/build/xarm_1s_bringup
[0.497s] -- Install configuration: ""
[0.497s] -- Execute custom install script
[0.498s] -- Up-to-date symlink: /home/hyeon/xarm_ws/install/xarm_1s_bringup/share/xarm_1s_bringup/launch/demo.launch.py
[0.498s] -- Up-to-date symlink: /home/hyeon/xarm_ws/install/xarm_1s_bringup/share/xarm_1s_bringup/launch/pick_place_demo.launch.py
[0.499s] -- Up-to-date symlink: /home/hyeon/xarm_ws/install/xarm_1s_bringup/share/ament_index/resource_index/package_run_dependencies/xarm_1s_bringup
[0.499s] -- Up-to-date symlink: /home/hyeon/xarm_ws/install/xarm_1s_bringup/share/ament_index/resource_index/parent_prefix_path/xarm_1s_bringup
[0.499s] -- Up-to-date symlink: /home/hyeon/xarm_ws/install/xarm_1s_bringup/share/xarm_1s_bringup/environment/ament_prefix_path.sh
[0.499s] -- Up-to-date symlink: /home/hyeon/xarm_ws/install/xarm_1s_bringup/share/xarm_1s_bringup/environment/ament_prefix_path.dsv
[0.500s] -- Up-to-date symlink: /home/hyeon/xarm_ws/install/xarm_1s_bringup/share/xarm_1s_bringup/environment/path.sh
[0.500s] -- Up-to-date symlink: /home/hyeon/xarm_ws/install/xarm_1s_bringup/share/xarm_1s_bringup/environment/path.dsv
[0.500s] -- Up-to-date symlink: /home/hyeon/xarm_ws/install/xarm_1s_bringup/share/xarm_1s_bringup/local_setup.bash
[0.501s] -- Up-to-date symlink: /home/hyeon/xarm_ws/install/xarm_1s_bringup/share/xarm_1s_bringup/local_setup.sh
[0.501s] -- Up-to-date symlink: /home/hyeon/xarm_ws/install/xarm_1s_bringup/share/xarm_1s_bringup/local_setup.zsh
[0.501s] -- Up-to-date symlink: /home/hyeon/xarm_ws/install/xarm_1s_bringup/share/xarm_1s_bringup/local_setup.dsv
[0.501s] -- Symlinking: /home/hyeon/xarm_ws/install/xarm_1s_bringup/share/xarm_1s_bringup/package.dsv
[0.506s] -- Up-to-date symlink: /home/hyeon/xarm_ws/install/xarm_1s_bringup/share/ament_index/resource_index/packages/xarm_1s_bringup
[0.507s] -- Up-to-date symlink: /home/hyeon/xarm_ws/install/xarm_1s_bringup/share/xarm_1s_bringup/cmake/xarm_1s_bringupConfig.cmake
[0.507s] -- Up-to-date symlink: /home/hyeon/xarm_ws/install/xarm_1s_bringup/share/xarm_1s_bringup/cmake/xarm_1s_bringupConfig-version.cmake
[0.508s] -- Up-to-date symlink: /home/hyeon/xarm_ws/install/xarm_1s_bringup/share/xarm_1s_bringup/package.xml
[0.509s] Invoked command in '/home/hyeon/xarm_ws/build/xarm_1s_bringup' returned '0': CMAKE_PREFIX_PATH=/home/hyeon/xarm_ws/install/mtc:/home/hyeon/xarm_ws/install/xarm_1s_moveit_config:/home/hyeon/xarm_ws/install/xarm_1s_hardware:/home/hyeon/xarm_ws/install/xarm_1s_description:/home/hyeon/xarm_ws/install/xarm_1s_bringup:/opt/ros/jazzy/opt/sdformat_vendor:/opt/ros/jazzy/opt/gz_math_vendor:/opt/ros/jazzy/opt/gz_utils_vendor:/opt/ros/jazzy/opt/gz_tools_vendor:/opt/ros/jazzy/opt/gz_cmake_vendor:/opt/ros/jazzy /usr/bin/cmake --install /home/hyeon/xarm_ws/build/xarm_1s_bringup
