[0.056s] DEBUG:colcon:Command line arguments: ['/usr/bin/colcon', 'build']
[0.056s] DEBUG:colcon:Parsed command line arguments: Namespace(log_base=None, log_level=None, verb_name='build', build_base='build', install_base='install', merge_install=False, symlink_install=False, test_result_base=None, continue_on_error=False, executor='parallel', parallel_workers=24, event_handlers=None, ignore_user_meta=False, metas=['./colcon.meta'], base_paths=['.'], packages_ignore=None, packages_ignore_regex=None, paths=None, packages_up_to=None, packages_up_to_regex=None, packages_above=None, packages_above_and_dependencies=None, packages_above_depth=None, packages_select_by_dep=None, packages_skip_by_dep=None, packages_skip_up_to=None, packages_select_build_failed=False, packages_skip_build_finished=False, packages_select_test_failures=False, packages_skip_test_passed=False, packages_select=None, packages_skip=None, packages_select_regex=None, packages_skip_regex=None, packages_start=None, packages_end=None, allow_overriding=[], cmake_args=None, cmake_target=None, cmake_target_skip_unavailable=False, cmake_clean_cache=False, cmake_clean_first=False, cmake_force_configure=False, ament_cmake_args=None, catkin_cmake_args=None, catkin_skip_building_tests=False, mixin_files=None, mixin=None, verb_parser=<colcon_mixin.mixin.mixin_argument.MixinArgumentDecorator object at 0x7859a72c7770>, verb_extension=<colcon_core.verb.build.BuildVerb object at 0x7859a726a1b0>, main=<bound method BuildVerb.main of <colcon_core.verb.build.BuildVerb object at 0x7859a726a1b0>>, mixin_verb=('build',))
[0.075s] Level 1:colcon.colcon_core.package_discovery:discover_packages(colcon_meta) check parameters
[0.075s] Level 1:colcon.colcon_core.package_discovery:discover_packages(recursive) check parameters
[0.075s] Level 1:colcon.colcon_core.package_discovery:discover_packages(ignore) check parameters
[0.075s] Level 1:colcon.colcon_core.package_discovery:discover_packages(path) check parameters
[0.075s] Level 1:colcon.colcon_core.package_discovery:discover_packages(colcon_meta) discover
[0.075s] Level 1:colcon.colcon_core.package_discovery:discover_packages(recursive) discover
[0.075s] INFO:colcon.colcon_core.package_discovery:Crawling recursively for packages in '/home/hyeonsu/xarm_ws'
[0.075s] Level 1:colcon.colcon_core.package_identification:_identify(.) by extensions ['ignore', 'ignore_ament_install']
[0.076s] Level 1:colcon.colcon_core.package_identification:_identify(.) by extension 'ignore'
[0.076s] Level 1:colcon.colcon_core.package_identification:_identify(.) by extension 'ignore_ament_install'
[0.076s] Level 1:colcon.colcon_core.package_identification:_identify(.) by extensions ['colcon_pkg']
[0.076s] Level 1:colcon.colcon_core.package_identification:_identify(.) by extension 'colcon_pkg'
[0.076s] Level 1:colcon.colcon_core.package_identification:_identify(.) by extensions ['colcon_meta']
[0.076s] Level 1:colcon.colcon_core.package_identification:_identify(.) by extension 'colcon_meta'
[0.076s] Level 1:colcon.colcon_core.package_identification:_identify(.) by extensions ['ros']
[0.076s] Level 1:colcon.colcon_core.package_identification:_identify(.) by extension 'ros'
[0.091s] Level 1:colcon.colcon_core.package_identification:_identify(.) by extensions ['cmake', 'python']
[0.091s] Level 1:colcon.colcon_core.package_identification:_identify(.) by extension 'cmake'
[0.091s] Level 1:colcon.colcon_core.package_identification:_identify(.) by extension 'python'
[0.091s] Level 1:colcon.colcon_core.package_identification:_identify(.) by extensions ['python_setup_py']
[0.091s] Level 1:colcon.colcon_core.package_identification:_identify(.) by extension 'python_setup_py'
[0.091s] Level 1:colcon.colcon_core.package_identification:_identify(build) by extensions ['ignore', 'ignore_ament_install']
[0.091s] Level 1:colcon.colcon_core.package_identification:_identify(build) by extension 'ignore'
[0.091s] Level 1:colcon.colcon_core.package_identification:_identify(build) ignored
[0.091s] Level 1:colcon.colcon_core.package_identification:_identify(install) by extensions ['ignore', 'ignore_ament_install']
[0.091s] Level 1:colcon.colcon_core.package_identification:_identify(install) by extension 'ignore'
[0.091s] Level 1:colcon.colcon_core.package_identification:_identify(install) ignored
[0.091s] Level 1:colcon.colcon_core.package_identification:_identify(log) by extensions ['ignore', 'ignore_ament_install']
[0.091s] Level 1:colcon.colcon_core.package_identification:_identify(log) by extension 'ignore'
[0.091s] Level 1:colcon.colcon_core.package_identification:_identify(log) ignored
[0.091s] Level 1:colcon.colcon_core.package_identification:_identify(src) by extensions ['ignore', 'ignore_ament_install']
[0.092s] Level 1:colcon.colcon_core.package_identification:_identify(src) by extension 'ignore'
[0.092s] Level 1:colcon.colcon_core.package_identification:_identify(src) by extension 'ignore_ament_install'
[0.092s] Level 1:colcon.colcon_core.package_identification:_identify(src) by extensions ['colcon_pkg']
[0.092s] Level 1:colcon.colcon_core.package_identification:_identify(src) by extension 'colcon_pkg'
[0.092s] Level 1:colcon.colcon_core.package_identification:_identify(src) by extensions ['colcon_meta']
[0.092s] Level 1:colcon.colcon_core.package_identification:_identify(src) by extension 'colcon_meta'
[0.092s] Level 1:colcon.colcon_core.package_identification:_identify(src) by extensions ['ros']
[0.092s] Level 1:colcon.colcon_core.package_identification:_identify(src) by extension 'ros'
[0.092s] Level 1:colcon.colcon_core.package_identification:_identify(src) by extensions ['cmake', 'python']
[0.092s] Level 1:colcon.colcon_core.package_identification:_identify(src) by extension 'cmake'
[0.092s] Level 1:colcon.colcon_core.package_identification:_identify(src) by extension 'python'
[0.092s] Level 1:colcon.colcon_core.package_identification:_identify(src) by extensions ['python_setup_py']
[0.092s] Level 1:colcon.colcon_core.package_identification:_identify(src) by extension 'python_setup_py'
[0.092s] Level 1:colcon.colcon_core.package_identification:_identify(src/mtc) by extensions ['ignore', 'ignore_ament_install']
[0.092s] Level 1:colcon.colcon_core.package_identification:_identify(src/mtc) by extension 'ignore'
[0.092s] Level 1:colcon.colcon_core.package_identification:_identify(src/mtc) by extension 'ignore_ament_install'
[0.092s] Level 1:colcon.colcon_core.package_identification:_identify(src/mtc) by extensions ['colcon_pkg']
[0.092s] Level 1:colcon.colcon_core.package_identification:_identify(src/mtc) by extension 'colcon_pkg'
[0.092s] Level 1:colcon.colcon_core.package_identification:_identify(src/mtc) by extensions ['colcon_meta']
[0.092s] Level 1:colcon.colcon_core.package_identification:_identify(src/mtc) by extension 'colcon_meta'
[0.092s] Level 1:colcon.colcon_core.package_identification:_identify(src/mtc) by extensions ['ros']
[0.092s] Level 1:colcon.colcon_core.package_identification:_identify(src/mtc) by extension 'ros'
[0.093s] DEBUG:colcon.colcon_core.package_identification:Package 'src/mtc' with type 'ros.ament_cmake' and name 'mtc'
[0.093s] Level 1:colcon.colcon_core.package_identification:_identify(src/xarm_1s_description) by extensions ['ignore', 'ignore_ament_install']
[0.093s] Level 1:colcon.colcon_core.package_identification:_identify(src/xarm_1s_description) by extension 'ignore'
[0.093s] Level 1:colcon.colcon_core.package_identification:_identify(src/xarm_1s_description) by extension 'ignore_ament_install'
[0.093s] Level 1:colcon.colcon_core.package_identification:_identify(src/xarm_1s_description) by extensions ['colcon_pkg']
[0.093s] Level 1:colcon.colcon_core.package_identification:_identify(src/xarm_1s_description) by extension 'colcon_pkg'
[0.093s] Level 1:colcon.colcon_core.package_identification:_identify(src/xarm_1s_description) by extensions ['colcon_meta']
[0.093s] Level 1:colcon.colcon_core.package_identification:_identify(src/xarm_1s_description) by extension 'colcon_meta'
[0.093s] Level 1:colcon.colcon_core.package_identification:_identify(src/xarm_1s_description) by extensions ['ros']
[0.093s] Level 1:colcon.colcon_core.package_identification:_identify(src/xarm_1s_description) by extension 'ros'
[0.094s] DEBUG:colcon.colcon_core.package_identification:Package 'src/xarm_1s_description' with type 'ros.ament_cmake' and name 'xarm_1s_description'
[0.094s] Level 1:colcon.colcon_core.package_identification:_identify(src/xarm_1s_moveit_config) by extensions ['ignore', 'ignore_ament_install']
[0.094s] Level 1:colcon.colcon_core.package_identification:_identify(src/xarm_1s_moveit_config) by extension 'ignore'
[0.094s] Level 1:colcon.colcon_core.package_identification:_identify(src/xarm_1s_moveit_config) by extension 'ignore_ament_install'
[0.094s] Level 1:colcon.colcon_core.package_identification:_identify(src/xarm_1s_moveit_config) by extensions ['colcon_pkg']
[0.094s] Level 1:colcon.colcon_core.package_identification:_identify(src/xarm_1s_moveit_config) by extension 'colcon_pkg'
[0.094s] Level 1:colcon.colcon_core.package_identification:_identify(src/xarm_1s_moveit_config) by extensions ['colcon_meta']
[0.094s] Level 1:colcon.colcon_core.package_identification:_identify(src/xarm_1s_moveit_config) by extension 'colcon_meta'
[0.094s] Level 1:colcon.colcon_core.package_identification:_identify(src/xarm_1s_moveit_config) by extensions ['ros']
[0.094s] Level 1:colcon.colcon_core.package_identification:_identify(src/xarm_1s_moveit_config) by extension 'ros'
[0.094s] DEBUG:colcon.colcon_core.package_identification:Package 'src/xarm_1s_moveit_config' with type 'ros.ament_cmake' and name 'xarm_1s_moveit_config'
[0.094s] Level 1:colcon.colcon_core.package_discovery:discover_packages(recursive) using defaults
[0.094s] Level 1:colcon.colcon_core.package_discovery:discover_packages(ignore) discover
[0.094s] Level 1:colcon.colcon_core.package_discovery:discover_packages(ignore) using defaults
[0.094s] Level 1:colcon.colcon_core.package_discovery:discover_packages(path) discover
[0.094s] Level 1:colcon.colcon_core.package_discovery:discover_packages(path) using defaults
[0.103s] Level 1:colcon.colcon_core.package_discovery:discover_packages(prefix_path) check parameters
[0.103s] Level 1:colcon.colcon_core.package_discovery:discover_packages(prefix_path) discover
[0.103s] WARNING:colcon.colcon_ros.prefix_path.ament:The path '/home/hyeonsu/xarm_ws/install/xarm_1s_moveit_config' in the environment variable AMENT_PREFIX_PATH doesn't exist
[0.103s] WARNING:colcon.colcon_ros.prefix_path.ament:The path '/home/hyeonsu/xarm_ws/install/xarm_1s_description' in the environment variable AMENT_PREFIX_PATH doesn't exist
[0.103s] WARNING:colcon.colcon_ros.prefix_path.ament:The path '/home/hyeonsu/xarm_ws/install/mtc' in the environment variable AMENT_PREFIX_PATH doesn't exist
[0.104s] WARNING:colcon.colcon_ros.prefix_path.catkin:The path '/home/hyeonsu/xarm_ws/install/xarm_1s_moveit_config' in the environment variable CMAKE_PREFIX_PATH doesn't exist
[0.104s] WARNING:colcon.colcon_ros.prefix_path.catkin:The path '/home/hyeonsu/xarm_ws/install/xarm_1s_description' in the environment variable CMAKE_PREFIX_PATH doesn't exist
[0.104s] WARNING:colcon.colcon_ros.prefix_path.catkin:The path '/home/hyeonsu/xarm_ws/install/mtc' in the environment variable CMAKE_PREFIX_PATH doesn't exist
[0.104s] DEBUG:colcon.colcon_installed_package_information.package_discovery:Found 0 installed packages in /home/hyeonsu/xarm_ws/install
[0.105s] DEBUG:colcon.colcon_installed_package_information.package_discovery:Found 497 installed packages in /opt/ros/jazzy
[0.106s] Level 1:colcon.colcon_core.package_discovery:discover_packages(prefix_path) using defaults
[0.132s] Level 5:colcon.colcon_core.verb:set package 'mtc' build argument 'cmake_args' from command line to 'None'
[0.133s] Level 5:colcon.colcon_core.verb:set package 'mtc' build argument 'cmake_target' from command line to 'None'
[0.133s] Level 5:colcon.colcon_core.verb:set package 'mtc' build argument 'cmake_target_skip_unavailable' from command line to 'False'
[0.133s] Level 5:colcon.colcon_core.verb:set package 'mtc' build argument 'cmake_clean_cache' from command line to 'False'
[0.133s] Level 5:colcon.colcon_core.verb:set package 'mtc' build argument 'cmake_clean_first' from command line to 'False'
[0.133s] Level 5:colcon.colcon_core.verb:set package 'mtc' build argument 'cmake_force_configure' from command line to 'False'
[0.133s] Level 5:colcon.colcon_core.verb:set package 'mtc' build argument 'ament_cmake_args' from command line to 'None'
[0.133s] Level 5:colcon.colcon_core.verb:set package 'mtc' build argument 'catkin_cmake_args' from command line to 'None'
[0.133s] Level 5:colcon.colcon_core.verb:set package 'mtc' build argument 'catkin_skip_building_tests' from command line to 'False'
[0.133s] DEBUG:colcon.colcon_core.verb:Building package 'mtc' with the following arguments: {'ament_cmake_args': None, 'build_base': '/home/hyeonsu/xarm_ws/build/mtc', 'catkin_cmake_args': None, 'catkin_skip_building_tests': False, 'cmake_args': None, 'cmake_clean_cache': False, 'cmake_clean_first': False, 'cmake_force_configure': False, 'cmake_target': None, 'cmake_target_skip_unavailable': False, 'install_base': '/home/hyeonsu/xarm_ws/install/mtc', 'merge_install': False, 'path': '/home/hyeonsu/xarm_ws/src/mtc', 'symlink_install': False, 'test_result_base': None}
[0.133s] Level 5:colcon.colcon_core.verb:set package 'xarm_1s_description' build argument 'cmake_args' from command line to 'None'
[0.133s] Level 5:colcon.colcon_core.verb:set package 'xarm_1s_description' build argument 'cmake_target' from command line to 'None'
[0.133s] Level 5:colcon.colcon_core.verb:set package 'xarm_1s_description' build argument 'cmake_target_skip_unavailable' from command line to 'False'
[0.133s] Level 5:colcon.colcon_core.verb:set package 'xarm_1s_description' build argument 'cmake_clean_cache' from command line to 'False'
[0.133s] Level 5:colcon.colcon_core.verb:set package 'xarm_1s_description' build argument 'cmake_clean_first' from command line to 'False'
[0.133s] Level 5:colcon.colcon_core.verb:set package 'xarm_1s_description' build argument 'cmake_force_configure' from command line to 'False'
[0.133s] Level 5:colcon.colcon_core.verb:set package 'xarm_1s_description' build argument 'ament_cmake_args' from command line to 'None'
[0.133s] Level 5:colcon.colcon_core.verb:set package 'xarm_1s_description' build argument 'catkin_cmake_args' from command line to 'None'
[0.133s] Level 5:colcon.colcon_core.verb:set package 'xarm_1s_description' build argument 'catkin_skip_building_tests' from command line to 'False'
[0.133s] DEBUG:colcon.colcon_core.verb:Building package 'xarm_1s_description' with the following arguments: {'ament_cmake_args': None, 'build_base': '/home/hyeonsu/xarm_ws/build/xarm_1s_description', 'catkin_cmake_args': None, 'catkin_skip_building_tests': False, 'cmake_args': None, 'cmake_clean_cache': False, 'cmake_clean_first': False, 'cmake_force_configure': False, 'cmake_target': None, 'cmake_target_skip_unavailable': False, 'install_base': '/home/hyeonsu/xarm_ws/install/xarm_1s_description', 'merge_install': False, 'path': '/home/hyeonsu/xarm_ws/src/xarm_1s_description', 'symlink_install': False, 'test_result_base': None}
[0.133s] Level 5:colcon.colcon_core.verb:set package 'xarm_1s_moveit_config' build argument 'cmake_args' from command line to 'None'
[0.133s] Level 5:colcon.colcon_core.verb:set package 'xarm_1s_moveit_config' build argument 'cmake_target' from command line to 'None'
[0.133s] Level 5:colcon.colcon_core.verb:set package 'xarm_1s_moveit_config' build argument 'cmake_target_skip_unavailable' from command line to 'False'
[0.133s] Level 5:colcon.colcon_core.verb:set package 'xarm_1s_moveit_config' build argument 'cmake_clean_cache' from command line to 'False'
[0.133s] Level 5:colcon.colcon_core.verb:set package 'xarm_1s_moveit_config' build argument 'cmake_clean_first' from command line to 'False'
[0.133s] Level 5:colcon.colcon_core.verb:set package 'xarm_1s_moveit_config' build argument 'cmake_force_configure' from command line to 'False'
[0.133s] Level 5:colcon.colcon_core.verb:set package 'xarm_1s_moveit_config' build argument 'ament_cmake_args' from command line to 'None'
[0.133s] Level 5:colcon.colcon_core.verb:set package 'xarm_1s_moveit_config' build argument 'catkin_cmake_args' from command line to 'None'
[0.133s] Level 5:colcon.colcon_core.verb:set package 'xarm_1s_moveit_config' build argument 'catkin_skip_building_tests' from command line to 'False'
[0.133s] DEBUG:colcon.colcon_core.verb:Building package 'xarm_1s_moveit_config' with the following arguments: {'ament_cmake_args': None, 'build_base': '/home/hyeonsu/xarm_ws/build/xarm_1s_moveit_config', 'catkin_cmake_args': None, 'catkin_skip_building_tests': False, 'cmake_args': None, 'cmake_clean_cache': False, 'cmake_clean_first': False, 'cmake_force_configure': False, 'cmake_target': None, 'cmake_target_skip_unavailable': False, 'install_base': '/home/hyeonsu/xarm_ws/install/xarm_1s_moveit_config', 'merge_install': False, 'path': '/home/hyeonsu/xarm_ws/src/xarm_1s_moveit_config', 'symlink_install': False, 'test_result_base': None}
[0.133s] INFO:colcon.colcon_core.executor:Executing jobs using 'parallel' executor
[0.134s] DEBUG:colcon.colcon_parallel_executor.executor.parallel:run_until_complete
[0.134s] INFO:colcon.colcon_ros.task.ament_cmake.build:Building ROS package in '/home/hyeonsu/xarm_ws/src/mtc' with build type 'ament_cmake'
[0.134s] INFO:colcon.colcon_cmake.task.cmake.build:Building CMake package in '/home/hyeonsu/xarm_ws/src/mtc'
[0.136s] INFO:colcon.colcon_core.plugin_system:Skipping extension 'colcon_core.shell.bat': Not used on non-Windows systems
[0.136s] INFO:colcon.colcon_core.shell:Skip shell extension 'powershell' for command environment: Not usable outside of PowerShell
[0.136s] DEBUG:colcon.colcon_core.shell:Skip shell extension 'dsv' for command environment
[0.138s] INFO:colcon.colcon_ros.task.ament_cmake.build:Building ROS package in '/home/hyeonsu/xarm_ws/src/xarm_1s_description' with build type 'ament_cmake'
[0.138s] INFO:colcon.colcon_cmake.task.cmake.build:Building CMake package in '/home/hyeonsu/xarm_ws/src/xarm_1s_description'
[0.138s] INFO:colcon.colcon_core.shell:Skip shell extension 'powershell' for command environment: Not usable outside of PowerShell
[0.139s] DEBUG:colcon.colcon_core.shell:Skip shell extension 'dsv' for command environment
[0.140s] INFO:colcon.colcon_ros.task.ament_cmake.build:Building ROS package in '/home/hyeonsu/xarm_ws/src/xarm_1s_moveit_config' with build type 'ament_cmake'
[0.141s] INFO:colcon.colcon_cmake.task.cmake.build:Building CMake package in '/home/hyeonsu/xarm_ws/src/xarm_1s_moveit_config'
[0.141s] INFO:colcon.colcon_core.shell:Skip shell extension 'powershell' for command environment: Not usable outside of PowerShell
[0.141s] DEBUG:colcon.colcon_core.shell:Skip shell extension 'dsv' for command environment
[0.160s] DEBUG:colcon.colcon_core.event_handler.log_command:Invoking command in '/home/hyeonsu/xarm_ws/build/mtc': CMAKE_PREFIX_PATH=${CMAKE_PREFIX_PATH}:/opt/ros/jazzy DEBUGINFOD_URLS=https://debuginfod.ubuntu.com /usr/bin/cmake /home/hyeonsu/xarm_ws/src/mtc -DCMAKE_INSTALL_PREFIX=/home/hyeonsu/xarm_ws/install/mtc
[0.162s] DEBUG:colcon.colcon_core.event_handler.log_command:Invoking command in '/home/hyeonsu/xarm_ws/build/xarm_1s_description': CMAKE_PREFIX_PATH=${CMAKE_PREFIX_PATH}:/opt/ros/jazzy DEBUGINFOD_URLS=https://debuginfod.ubuntu.com /usr/bin/cmake /home/hyeonsu/xarm_ws/src/xarm_1s_description -DCMAKE_INSTALL_PREFIX=/home/hyeonsu/xarm_ws/install/xarm_1s_description
[0.164s] DEBUG:colcon.colcon_core.event_handler.log_command:Invoking command in '/home/hyeonsu/xarm_ws/build/xarm_1s_moveit_config': CMAKE_PREFIX_PATH=${CMAKE_PREFIX_PATH}:/opt/ros/jazzy DEBUGINFOD_URLS=https://debuginfod.ubuntu.com /usr/bin/cmake /home/hyeonsu/xarm_ws/src/xarm_1s_moveit_config -DCMAKE_INSTALL_PREFIX=/home/hyeonsu/xarm_ws/install/xarm_1s_moveit_config
[0.771s] DEBUG:colcon.colcon_core.event_handler.log_command:Invoked command in '/home/hyeonsu/xarm_ws/build/xarm_1s_moveit_config' returned '0': CMAKE_PREFIX_PATH=${CMAKE_PREFIX_PATH}:/opt/ros/jazzy DEBUGINFOD_URLS=https://debuginfod.ubuntu.com /usr/bin/cmake /home/hyeonsu/xarm_ws/src/xarm_1s_moveit_config -DCMAKE_INSTALL_PREFIX=/home/hyeonsu/xarm_ws/install/xarm_1s_moveit_config
[0.772s] DEBUG:colcon.colcon_core.event_handler.log_command:Invoking command in '/home/hyeonsu/xarm_ws/build/xarm_1s_moveit_config': CMAKE_PREFIX_PATH=${CMAKE_PREFIX_PATH}:/opt/ros/jazzy DEBUGINFOD_URLS=https://debuginfod.ubuntu.com /usr/bin/cmake --build /home/hyeonsu/xarm_ws/build/xarm_1s_moveit_config -- -j24 -l24
[0.786s] DEBUG:colcon.colcon_core.event_handler.log_command:Invoked command in '/home/hyeonsu/xarm_ws/build/xarm_1s_description' returned '0': CMAKE_PREFIX_PATH=${CMAKE_PREFIX_PATH}:/opt/ros/jazzy DEBUGINFOD_URLS=https://debuginfod.ubuntu.com /usr/bin/cmake /home/hyeonsu/xarm_ws/src/xarm_1s_description -DCMAKE_INSTALL_PREFIX=/home/hyeonsu/xarm_ws/install/xarm_1s_description
[0.787s] DEBUG:colcon.colcon_core.event_handler.log_command:Invoking command in '/home/hyeonsu/xarm_ws/build/xarm_1s_description': CMAKE_PREFIX_PATH=${CMAKE_PREFIX_PATH}:/opt/ros/jazzy DEBUGINFOD_URLS=https://debuginfod.ubuntu.com /usr/bin/cmake --build /home/hyeonsu/xarm_ws/build/xarm_1s_description -- -j24 -l24
[0.810s] DEBUG:colcon.colcon_core.event_handler.log_command:Invoked command in '/home/hyeonsu/xarm_ws/build/xarm_1s_moveit_config' returned '0': CMAKE_PREFIX_PATH=${CMAKE_PREFIX_PATH}:/opt/ros/jazzy DEBUGINFOD_URLS=https://debuginfod.ubuntu.com /usr/bin/cmake --build /home/hyeonsu/xarm_ws/build/xarm_1s_moveit_config -- -j24 -l24
[0.820s] DEBUG:colcon.colcon_core.event_handler.log_command:Invoking command in '/home/hyeonsu/xarm_ws/build/xarm_1s_moveit_config': CMAKE_PREFIX_PATH=${CMAKE_PREFIX_PATH}:/opt/ros/jazzy DEBUGINFOD_URLS=https://debuginfod.ubuntu.com /usr/bin/cmake --install /home/hyeonsu/xarm_ws/build/xarm_1s_moveit_config
[0.823s] DEBUG:colcon.colcon_core.event_handler.log_command:Invoked command in '/home/hyeonsu/xarm_ws/build/xarm_1s_description' returned '0': CMAKE_PREFIX_PATH=${CMAKE_PREFIX_PATH}:/opt/ros/jazzy DEBUGINFOD_URLS=https://debuginfod.ubuntu.com /usr/bin/cmake --build /home/hyeonsu/xarm_ws/build/xarm_1s_description -- -j24 -l24
[0.824s] DEBUG:colcon.colcon_core.event_handler.log_command:Invoking command in '/home/hyeonsu/xarm_ws/build/xarm_1s_description': CMAKE_PREFIX_PATH=${CMAKE_PREFIX_PATH}:/opt/ros/jazzy DEBUGINFOD_URLS=https://debuginfod.ubuntu.com /usr/bin/cmake --install /home/hyeonsu/xarm_ws/build/xarm_1s_description
[0.830s] Level 1:colcon.colcon_core.environment:create_environment_scripts_only(xarm_1s_moveit_config)
[0.831s] DEBUG:colcon.colcon_core.event_handler.log_command:Invoked command in '/home/hyeonsu/xarm_ws/build/xarm_1s_moveit_config' returned '0': CMAKE_PREFIX_PATH=${CMAKE_PREFIX_PATH}:/opt/ros/jazzy DEBUGINFOD_URLS=https://debuginfod.ubuntu.com /usr/bin/cmake --install /home/hyeonsu/xarm_ws/build/xarm_1s_moveit_config
[0.833s] Level 1:colcon.colcon_core.environment:checking '/home/hyeonsu/xarm_ws/install/xarm_1s_moveit_config' for CMake module files
[0.834s] Level 1:colcon.colcon_core.environment:checking '/home/hyeonsu/xarm_ws/install/xarm_1s_moveit_config' for CMake config files
[0.834s] Level 1:colcon.colcon_core.shell:create_environment_hook('xarm_1s_moveit_config', 'cmake_prefix_path')
[0.834s] INFO:colcon.colcon_core.shell:Creating environment hook '/home/hyeonsu/xarm_ws/install/xarm_1s_moveit_config/share/xarm_1s_moveit_config/hook/cmake_prefix_path.ps1'
[0.835s] INFO:colcon.colcon_core.shell:Creating environment descriptor '/home/hyeonsu/xarm_ws/install/xarm_1s_moveit_config/share/xarm_1s_moveit_config/hook/cmake_prefix_path.dsv'
[0.836s] INFO:colcon.colcon_core.shell:Creating environment hook '/home/hyeonsu/xarm_ws/install/xarm_1s_moveit_config/share/xarm_1s_moveit_config/hook/cmake_prefix_path.sh'
[0.837s] Level 1:colcon.colcon_core.environment:checking '/home/hyeonsu/xarm_ws/install/xarm_1s_moveit_config/bin'
[0.837s] Level 1:colcon.colcon_core.environment:checking '/home/hyeonsu/xarm_ws/install/xarm_1s_moveit_config/lib/pkgconfig/xarm_1s_moveit_config.pc'
[0.838s] Level 1:colcon.colcon_core.environment:checking '/home/hyeonsu/xarm_ws/install/xarm_1s_moveit_config/lib/python3.12/site-packages'
[0.838s] Level 1:colcon.colcon_core.environment:checking '/home/hyeonsu/xarm_ws/install/xarm_1s_moveit_config/bin'
[0.838s] INFO:colcon.colcon_core.shell:Creating package script '/home/hyeonsu/xarm_ws/install/xarm_1s_moveit_config/share/xarm_1s_moveit_config/package.ps1'
[0.840s] INFO:colcon.colcon_core.shell:Creating package descriptor '/home/hyeonsu/xarm_ws/install/xarm_1s_moveit_config/share/xarm_1s_moveit_config/package.dsv'
[0.840s] INFO:colcon.colcon_core.shell:Creating package script '/home/hyeonsu/xarm_ws/install/xarm_1s_moveit_config/share/xarm_1s_moveit_config/package.sh'
[0.841s] INFO:colcon.colcon_core.shell:Creating package script '/home/hyeonsu/xarm_ws/install/xarm_1s_moveit_config/share/xarm_1s_moveit_config/package.bash'
[0.841s] INFO:colcon.colcon_core.shell:Creating package script '/home/hyeonsu/xarm_ws/install/xarm_1s_moveit_config/share/xarm_1s_moveit_config/package.zsh'
[0.841s] Level 1:colcon.colcon_core.environment:create_file_with_runtime_dependencies(/home/hyeonsu/xarm_ws/install/xarm_1s_moveit_config/share/colcon-core/packages/xarm_1s_moveit_config)
[0.842s] Level 1:colcon.colcon_core.environment:create_environment_scripts_only(xarm_1s_moveit_config)
[0.842s] Level 1:colcon.colcon_core.environment:checking '/home/hyeonsu/xarm_ws/install/xarm_1s_moveit_config' for CMake module files
[0.842s] Level 1:colcon.colcon_core.environment:checking '/home/hyeonsu/xarm_ws/install/xarm_1s_moveit_config' for CMake config files
[0.842s] Level 1:colcon.colcon_core.shell:create_environment_hook('xarm_1s_moveit_config', 'cmake_prefix_path')
[0.842s] INFO:colcon.colcon_core.shell:Creating environment hook '/home/hyeonsu/xarm_ws/install/xarm_1s_moveit_config/share/xarm_1s_moveit_config/hook/cmake_prefix_path.ps1'
[0.842s] INFO:colcon.colcon_core.shell:Creating environment descriptor '/home/hyeonsu/xarm_ws/install/xarm_1s_moveit_config/share/xarm_1s_moveit_config/hook/cmake_prefix_path.dsv'
[0.843s] INFO:colcon.colcon_core.shell:Creating environment hook '/home/hyeonsu/xarm_ws/install/xarm_1s_moveit_config/share/xarm_1s_moveit_config/hook/cmake_prefix_path.sh'
[0.843s] Level 1:colcon.colcon_core.environment:checking '/home/hyeonsu/xarm_ws/install/xarm_1s_moveit_config/bin'
[0.843s] Level 1:colcon.colcon_core.environment:checking '/home/hyeonsu/xarm_ws/install/xarm_1s_moveit_config/lib/pkgconfig/xarm_1s_moveit_config.pc'
[0.843s] Level 1:colcon.colcon_core.environment:checking '/home/hyeonsu/xarm_ws/install/xarm_1s_moveit_config/lib/python3.12/site-packages'
[0.843s] Level 1:colcon.colcon_core.environment:checking '/home/hyeonsu/xarm_ws/install/xarm_1s_moveit_config/bin'
[0.843s] INFO:colcon.colcon_core.shell:Creating package script '/home/hyeonsu/xarm_ws/install/xarm_1s_moveit_config/share/xarm_1s_moveit_config/package.ps1'
[0.844s] INFO:colcon.colcon_core.shell:Creating package descriptor '/home/hyeonsu/xarm_ws/install/xarm_1s_moveit_config/share/xarm_1s_moveit_config/package.dsv'
[0.844s] INFO:colcon.colcon_core.shell:Creating package script '/home/hyeonsu/xarm_ws/install/xarm_1s_moveit_config/share/xarm_1s_moveit_config/package.sh'
[0.844s] INFO:colcon.colcon_core.shell:Creating package script '/home/hyeonsu/xarm_ws/install/xarm_1s_moveit_config/share/xarm_1s_moveit_config/package.bash'
[0.844s] INFO:colcon.colcon_core.shell:Creating package script '/home/hyeonsu/xarm_ws/install/xarm_1s_moveit_config/share/xarm_1s_moveit_config/package.zsh'
[0.844s] Level 1:colcon.colcon_core.environment:create_file_with_runtime_dependencies(/home/hyeonsu/xarm_ws/install/xarm_1s_moveit_config/share/colcon-core/packages/xarm_1s_moveit_config)
[0.845s] Level 1:colcon.colcon_core.environment:create_environment_scripts_only(xarm_1s_description)
[0.845s] Level 1:colcon.colcon_core.environment:checking '/home/hyeonsu/xarm_ws/install/xarm_1s_description' for CMake module files
[0.846s] DEBUG:colcon.colcon_core.event_handler.log_command:Invoked command in '/home/hyeonsu/xarm_ws/build/xarm_1s_description' returned '0': CMAKE_PREFIX_PATH=${CMAKE_PREFIX_PATH}:/opt/ros/jazzy DEBUGINFOD_URLS=https://debuginfod.ubuntu.com /usr/bin/cmake --install /home/hyeonsu/xarm_ws/build/xarm_1s_description
[0.846s] Level 1:colcon.colcon_core.environment:checking '/home/hyeonsu/xarm_ws/install/xarm_1s_description' for CMake config files
[0.846s] Level 1:colcon.colcon_core.shell:create_environment_hook('xarm_1s_description', 'cmake_prefix_path')
[0.847s] INFO:colcon.colcon_core.shell:Creating environment hook '/home/hyeonsu/xarm_ws/install/xarm_1s_description/share/xarm_1s_description/hook/cmake_prefix_path.ps1'
[0.847s] INFO:colcon.colcon_core.shell:Creating environment descriptor '/home/hyeonsu/xarm_ws/install/xarm_1s_description/share/xarm_1s_description/hook/cmake_prefix_path.dsv'
[0.847s] INFO:colcon.colcon_core.shell:Creating environment hook '/home/hyeonsu/xarm_ws/install/xarm_1s_description/share/xarm_1s_description/hook/cmake_prefix_path.sh'
[0.848s] Level 1:colcon.colcon_core.environment:checking '/home/hyeonsu/xarm_ws/install/xarm_1s_description/bin'
[0.848s] Level 1:colcon.colcon_core.environment:checking '/home/hyeonsu/xarm_ws/install/xarm_1s_description/lib/pkgconfig/xarm_1s_description.pc'
[0.848s] Level 1:colcon.colcon_core.environment:checking '/home/hyeonsu/xarm_ws/install/xarm_1s_description/lib/python3.12/site-packages'
[0.849s] Level 1:colcon.colcon_core.environment:checking '/home/hyeonsu/xarm_ws/install/xarm_1s_description/bin'
[0.849s] INFO:colcon.colcon_core.shell:Creating package script '/home/hyeonsu/xarm_ws/install/xarm_1s_description/share/xarm_1s_description/package.ps1'
[0.849s] INFO:colcon.colcon_core.shell:Creating package descriptor '/home/hyeonsu/xarm_ws/install/xarm_1s_description/share/xarm_1s_description/package.dsv'
[0.849s] INFO:colcon.colcon_core.shell:Creating package script '/home/hyeonsu/xarm_ws/install/xarm_1s_description/share/xarm_1s_description/package.sh'
[0.850s] INFO:colcon.colcon_core.shell:Creating package script '/home/hyeonsu/xarm_ws/install/xarm_1s_description/share/xarm_1s_description/package.bash'
[0.850s] INFO:colcon.colcon_core.shell:Creating package script '/home/hyeonsu/xarm_ws/install/xarm_1s_description/share/xarm_1s_description/package.zsh'
[0.850s] Level 1:colcon.colcon_core.environment:create_file_with_runtime_dependencies(/home/hyeonsu/xarm_ws/install/xarm_1s_description/share/colcon-core/packages/xarm_1s_description)
[0.851s] Level 1:colcon.colcon_core.environment:create_environment_scripts_only(xarm_1s_description)
[0.851s] Level 1:colcon.colcon_core.environment:checking '/home/hyeonsu/xarm_ws/install/xarm_1s_description' for CMake module files
[0.851s] Level 1:colcon.colcon_core.environment:checking '/home/hyeonsu/xarm_ws/install/xarm_1s_description' for CMake config files
[0.851s] Level 1:colcon.colcon_core.shell:create_environment_hook('xarm_1s_description', 'cmake_prefix_path')
[0.852s] INFO:colcon.colcon_core.shell:Creating environment hook '/home/hyeonsu/xarm_ws/install/xarm_1s_description/share/xarm_1s_description/hook/cmake_prefix_path.ps1'
[0.852s] INFO:colcon.colcon_core.shell:Creating environment descriptor '/home/hyeonsu/xarm_ws/install/xarm_1s_description/share/xarm_1s_description/hook/cmake_prefix_path.dsv'
[0.852s] INFO:colcon.colcon_core.shell:Creating environment hook '/home/hyeonsu/xarm_ws/install/xarm_1s_description/share/xarm_1s_description/hook/cmake_prefix_path.sh'
[0.853s] Level 1:colcon.colcon_core.environment:checking '/home/hyeonsu/xarm_ws/install/xarm_1s_description/bin'
[0.853s] Level 1:colcon.colcon_core.environment:checking '/home/hyeonsu/xarm_ws/install/xarm_1s_description/lib/pkgconfig/xarm_1s_description.pc'
[0.853s] Level 1:colcon.colcon_core.environment:checking '/home/hyeonsu/xarm_ws/install/xarm_1s_description/lib/python3.12/site-packages'
[0.853s] Level 1:colcon.colcon_core.environment:checking '/home/hyeonsu/xarm_ws/install/xarm_1s_description/bin'
[0.853s] INFO:colcon.colcon_core.shell:Creating package script '/home/hyeonsu/xarm_ws/install/xarm_1s_description/share/xarm_1s_description/package.ps1'
[0.854s] INFO:colcon.colcon_core.shell:Creating package descriptor '/home/hyeonsu/xarm_ws/install/xarm_1s_description/share/xarm_1s_description/package.dsv'
[0.854s] INFO:colcon.colcon_core.shell:Creating package script '/home/hyeonsu/xarm_ws/install/xarm_1s_description/share/xarm_1s_description/package.sh'
[0.854s] INFO:colcon.colcon_core.shell:Creating package script '/home/hyeonsu/xarm_ws/install/xarm_1s_description/share/xarm_1s_description/package.bash'
[0.855s] INFO:colcon.colcon_core.shell:Creating package script '/home/hyeonsu/xarm_ws/install/xarm_1s_description/share/xarm_1s_description/package.zsh'
[0.855s] Level 1:colcon.colcon_core.environment:create_file_with_runtime_dependencies(/home/hyeonsu/xarm_ws/install/xarm_1s_description/share/colcon-core/packages/xarm_1s_description)
[1.739s] DEBUG:colcon.colcon_core.event_handler.log_command:Invoked command in '/home/hyeonsu/xarm_ws/build/mtc' returned '0': CMAKE_PREFIX_PATH=${CMAKE_PREFIX_PATH}:/opt/ros/jazzy DEBUGINFOD_URLS=https://debuginfod.ubuntu.com /usr/bin/cmake /home/hyeonsu/xarm_ws/src/mtc -DCMAKE_INSTALL_PREFIX=/home/hyeonsu/xarm_ws/install/mtc
[1.740s] DEBUG:colcon.colcon_core.event_handler.log_command:Invoking command in '/home/hyeonsu/xarm_ws/build/mtc': CMAKE_PREFIX_PATH=${CMAKE_PREFIX_PATH}:/opt/ros/jazzy DEBUGINFOD_URLS=https://debuginfod.ubuntu.com /usr/bin/cmake --build /home/hyeonsu/xarm_ws/build/mtc -- -j24 -l24
[8.341s] DEBUG:colcon.colcon_core.event_handler.log_command:Invoked command in '/home/hyeonsu/xarm_ws/build/mtc' returned '0': CMAKE_PREFIX_PATH=${CMAKE_PREFIX_PATH}:/opt/ros/jazzy DEBUGINFOD_URLS=https://debuginfod.ubuntu.com /usr/bin/cmake --build /home/hyeonsu/xarm_ws/build/mtc -- -j24 -l24
[8.342s] DEBUG:colcon.colcon_core.event_handler.log_command:Invoking command in '/home/hyeonsu/xarm_ws/build/mtc': CMAKE_PREFIX_PATH=${CMAKE_PREFIX_PATH}:/opt/ros/jazzy DEBUGINFOD_URLS=https://debuginfod.ubuntu.com /usr/bin/cmake --install /home/hyeonsu/xarm_ws/build/mtc
[8.349s] Level 1:colcon.colcon_core.environment:create_environment_scripts_only(mtc)
[8.349s] Level 1:colcon.colcon_core.environment:checking '/home/hyeonsu/xarm_ws/install/mtc' for CMake module files
[8.349s] DEBUG:colcon.colcon_core.event_handler.log_command:Invoked command in '/home/hyeonsu/xarm_ws/build/mtc' returned '0': CMAKE_PREFIX_PATH=${CMAKE_PREFIX_PATH}:/opt/ros/jazzy DEBUGINFOD_URLS=https://debuginfod.ubuntu.com /usr/bin/cmake --install /home/hyeonsu/xarm_ws/build/mtc
[8.349s] Level 1:colcon.colcon_core.environment:checking '/home/hyeonsu/xarm_ws/install/mtc' for CMake config files
[8.349s] Level 1:colcon.colcon_core.shell:create_environment_hook('mtc', 'cmake_prefix_path')
[8.350s] INFO:colcon.colcon_core.shell:Creating environment hook '/home/hyeonsu/xarm_ws/install/mtc/share/mtc/hook/cmake_prefix_path.ps1'
[8.350s] INFO:colcon.colcon_core.shell:Creating environment descriptor '/home/hyeonsu/xarm_ws/install/mtc/share/mtc/hook/cmake_prefix_path.dsv'
[8.350s] INFO:colcon.colcon_core.shell:Creating environment hook '/home/hyeonsu/xarm_ws/install/mtc/share/mtc/hook/cmake_prefix_path.sh'
[8.350s] Level 1:colcon.colcon_core.environment:checking '/home/hyeonsu/xarm_ws/install/mtc/lib'
[8.350s] Level 1:colcon.colcon_core.environment:checking '/home/hyeonsu/xarm_ws/install/mtc/bin'
[8.350s] Level 1:colcon.colcon_core.environment:checking '/home/hyeonsu/xarm_ws/install/mtc/lib/pkgconfig/mtc.pc'
[8.351s] Level 1:colcon.colcon_core.environment:checking '/home/hyeonsu/xarm_ws/install/mtc/lib/python3.12/site-packages'
[8.351s] Level 1:colcon.colcon_core.environment:checking '/home/hyeonsu/xarm_ws/install/mtc/bin'
[8.351s] INFO:colcon.colcon_core.shell:Creating package script '/home/hyeonsu/xarm_ws/install/mtc/share/mtc/package.ps1'
[8.351s] INFO:colcon.colcon_core.shell:Creating package descriptor '/home/hyeonsu/xarm_ws/install/mtc/share/mtc/package.dsv'
[8.351s] INFO:colcon.colcon_core.shell:Creating package script '/home/hyeonsu/xarm_ws/install/mtc/share/mtc/package.sh'
[8.351s] INFO:colcon.colcon_core.shell:Creating package script '/home/hyeonsu/xarm_ws/install/mtc/share/mtc/package.bash'
[8.352s] INFO:colcon.colcon_core.shell:Creating package script '/home/hyeonsu/xarm_ws/install/mtc/share/mtc/package.zsh'
[8.352s] Level 1:colcon.colcon_core.environment:create_file_with_runtime_dependencies(/home/hyeonsu/xarm_ws/install/mtc/share/colcon-core/packages/mtc)
[8.352s] Level 1:colcon.colcon_core.environment:create_environment_scripts_only(mtc)
[8.352s] Level 1:colcon.colcon_core.environment:checking '/home/hyeonsu/xarm_ws/install/mtc' for CMake module files
[8.352s] Level 1:colcon.colcon_core.environment:checking '/home/hyeonsu/xarm_ws/install/mtc' for CMake config files
[8.352s] Level 1:colcon.colcon_core.shell:create_environment_hook('mtc', 'cmake_prefix_path')
[8.352s] INFO:colcon.colcon_core.shell:Creating environment hook '/home/hyeonsu/xarm_ws/install/mtc/share/mtc/hook/cmake_prefix_path.ps1'
[8.352s] INFO:colcon.colcon_core.shell:Creating environment descriptor '/home/hyeonsu/xarm_ws/install/mtc/share/mtc/hook/cmake_prefix_path.dsv'
[8.353s] INFO:colcon.colcon_core.shell:Creating environment hook '/home/hyeonsu/xarm_ws/install/mtc/share/mtc/hook/cmake_prefix_path.sh'
[8.353s] Level 1:colcon.colcon_core.environment:checking '/home/hyeonsu/xarm_ws/install/mtc/lib'
[8.353s] Level 1:colcon.colcon_core.environment:checking '/home/hyeonsu/xarm_ws/install/mtc/bin'
[8.353s] Level 1:colcon.colcon_core.environment:checking '/home/hyeonsu/xarm_ws/install/mtc/lib/pkgconfig/mtc.pc'
[8.353s] Level 1:colcon.colcon_core.environment:checking '/home/hyeonsu/xarm_ws/install/mtc/lib/python3.12/site-packages'
[8.353s] Level 1:colcon.colcon_core.environment:checking '/home/hyeonsu/xarm_ws/install/mtc/bin'
[8.353s] INFO:colcon.colcon_core.shell:Creating package script '/home/hyeonsu/xarm_ws/install/mtc/share/mtc/package.ps1'
[8.353s] INFO:colcon.colcon_core.shell:Creating package descriptor '/home/hyeonsu/xarm_ws/install/mtc/share/mtc/package.dsv'
[8.354s] INFO:colcon.colcon_core.shell:Creating package script '/home/hyeonsu/xarm_ws/install/mtc/share/mtc/package.sh'
[8.354s] INFO:colcon.colcon_core.shell:Creating package script '/home/hyeonsu/xarm_ws/install/mtc/share/mtc/package.bash'
[8.354s] INFO:colcon.colcon_core.shell:Creating package script '/home/hyeonsu/xarm_ws/install/mtc/share/mtc/package.zsh'
[8.354s] Level 1:colcon.colcon_core.environment:create_file_with_runtime_dependencies(/home/hyeonsu/xarm_ws/install/mtc/share/colcon-core/packages/mtc)
[8.354s] DEBUG:colcon.colcon_parallel_executor.executor.parallel:closing loop
[8.354s] DEBUG:colcon.colcon_parallel_executor.executor.parallel:loop closed
[8.354s] DEBUG:colcon.colcon_parallel_executor.executor.parallel:run_until_complete finished with '0'
[8.354s] DEBUG:colcon.colcon_core.event_reactor:joining thread
[8.360s] INFO:colcon.colcon_core.plugin_system:Skipping extension 'colcon_notification.desktop_notification.terminal_notifier': Not used on non-Darwin systems
[8.360s] INFO:colcon.colcon_core.plugin_system:Skipping extension 'colcon_notification.desktop_notification.win32': Not used on non-Windows systems
[8.360s] INFO:colcon.colcon_notification.desktop_notification:Sending desktop notification using 'notify2'
[8.370s] DEBUG:colcon.colcon_core.event_reactor:joined thread
[8.371s] INFO:colcon.colcon_core.shell:Creating prefix script '/home/hyeonsu/xarm_ws/install/local_setup.ps1'
[8.371s] INFO:colcon.colcon_core.shell:Creating prefix util module '/home/hyeonsu/xarm_ws/install/_local_setup_util_ps1.py'
[8.372s] INFO:colcon.colcon_core.shell:Creating prefix chain script '/home/hyeonsu/xarm_ws/install/setup.ps1'
[8.372s] INFO:colcon.colcon_core.shell:Creating prefix script '/home/hyeonsu/xarm_ws/install/local_setup.sh'
[8.373s] INFO:colcon.colcon_core.shell:Creating prefix util module '/home/hyeonsu/xarm_ws/install/_local_setup_util_sh.py'
[8.373s] INFO:colcon.colcon_core.shell:Creating prefix chain script '/home/hyeonsu/xarm_ws/install/setup.sh'
[8.373s] INFO:colcon.colcon_core.shell:Creating prefix script '/home/hyeonsu/xarm_ws/install/local_setup.bash'
[8.374s] INFO:colcon.colcon_core.shell:Creating prefix chain script '/home/hyeonsu/xarm_ws/install/setup.bash'
[8.374s] INFO:colcon.colcon_core.shell:Creating prefix script '/home/hyeonsu/xarm_ws/install/local_setup.zsh'
[8.374s] INFO:colcon.colcon_core.shell:Creating prefix chain script '/home/hyeonsu/xarm_ws/install/setup.zsh'
