[0.013s] Invoking command in '/home/hyeon/xarm_ws/build/xarm_1s_description': /usr/bin/cmake /home/hyeon/xarm_ws/src/xarm_1s_description -DCMAKE_INSTALL_PREFIX=/home/hyeon/xarm_ws/install/xarm_1s_description
[0.086s] -- Found ament_cmake: 2.5.6 (/opt/ros/jazzy/share/ament_cmake/cmake)
[2.272s] Traceback (most recent call last):
[2.272s]   File "/opt/ros/jazzy/share/ament_cmake_core/cmake/package_templates/templates_2_cmake.py", line 21, in <module>
[2.272s]     from ament_package.templates import get_environment_hook_template_path
[2.272s] ModuleNotFoundError: No module named 'ament_package'
[2.272s] Error in sys.excepthook:
[2.272s] Traceback (most recent call last):
[2.272s]   File "/usr/lib/python3/dist-packages/apport_python_hook.py", line 228, in partial_apport_excepthook
[2.272s]     return apport_excepthook(binary, exc_type, exc_obj, exc_tb)
[2.272s]            ^^^^^^^^^^^^^^^^^^^^^^^^^^^^^^^^^^^^^^^^^^^^^^^^^^^^
[2.272s]   File "/usr/lib/python3/dist-packages/apport_python_hook.py", line 144, in apport_excepthook
[2.272s]     os.open(pr_filename, os.O_WRONLY | os.O_CREAT | os.O_EXCL, 0o640), "wb"
[2.272s]     ^^^^^^^^^^^^^^^^^^^^^^^^^^^^^^^^^^^^^^^^^^^^^^^^^^^^^^^^^^^^^^^^^
[2.272s] FileExistsError: [Errno 17] File exists: '/var/crash/_opt_ros_jazzy_share_ament_cmake_core_cmake_package_templates_templates_2_cmake.py.1000.crash'
[2.272s] 
[2.272s] Original exception was:
[2.272s] Traceback (most recent call last):
[2.272s]   File "/opt/ros/jazzy/share/ament_cmake_core/cmake/package_templates/templates_2_cmake.py", line 21, in <module>
[2.273s]     from ament_package.templates import get_environment_hook_template_path
[2.273s] ModuleNotFoundError: No module named 'ament_package'
[2.301s] -- Configuring incomplete, errors occurred!
[2.301s] [31mCMake Error at /opt/ros/jazzy/share/ament_cmake_core/cmake/ament_cmake_package_templates-extras.cmake:41 (message):
[2.301s]   execute_process(/usr/bin/python3
[2.301s]   /opt/ros/jazzy/share/ament_cmake_core/cmake/package_templates/templates_2_cmake.py
[2.302s]   /home/hyeon/xarm_ws/build/xarm_1s_description/ament_cmake_package_templates/templates.cmake)
[2.302s]   returned error code 1
[2.302s] Call Stack (most recent call first):
[2.302s]   /opt/ros/jazzy/share/ament_cmake_core/cmake/ament_cmake_coreConfig.cmake:41 (include)
[2.302s]   /opt/ros/jazzy/share/ament_cmake/cmake/ament_cmake_export_dependencies-extras.cmake:15 (find_package)
[2.302s]   /opt/ros/jazzy/share/ament_cmake/cmake/ament_cmakeConfig.cmake:41 (include)
[2.302s]   CMakeLists.txt:9 (find_package)
[2.302s] 
[2.302s] [0m
