[0.011s] Invoking command in '/home/secu4090/xarm_ws/build/mtc': CMAKE_PREFIX_PATH=${CMAKE_PREFIX_PATH}:/home/secu4090/turtlebot3_ws/install/tb3_custom_explore DEBUGINFOD_URLS=https://debuginfod.ubuntu.com /usr/bin/cmake --build /home/secu4090/xarm_ws/build/mtc -- -j28 -l28
[0.172s] [100%] Built target mtc_node
[0.195s] Invoked command in '/home/secu4090/xarm_ws/build/mtc' returned '0': CMAKE_PREFIX_PATH=${CMAKE_PREFIX_PATH}:/home/secu4090/turtlebot3_ws/install/tb3_custom_explore DEBUGINFOD_URLS=https://debuginfod.ubuntu.com /usr/bin/cmake --build /home/secu4090/xarm_ws/build/mtc -- -j28 -l28
[0.198s] Invoking command in '/home/secu4090/xarm_ws/build/mtc': CMAKE_PREFIX_PATH=${CMAKE_PREFIX_PATH}:/home/secu4090/turtlebot3_ws/install/tb3_custom_explore DEBUGINFOD_URLS=https://debuginfod.ubuntu.com /usr/bin/cmake --install /home/secu4090/xarm_ws/build/mtc
[0.214s] -- Install configuration: ""
[0.215s] -- Up-to-date: /home/secu4090/xarm_ws/install/mtc/lib/mtc/mtc_node
[0.215s] -- Up-to-date: /home/secu4090/xarm_ws/install/mtc/share/mtc/launch
[0.215s] -- Up-to-date: /home/secu4090/xarm_ws/install/mtc/share/mtc/launch/pick_place_demo.launch.py
[0.215s] -- Up-to-date: /home/secu4090/xarm_ws/install/mtc/share/ament_index/resource_index/package_run_dependencies/mtc
[0.215s] -- Up-to-date: /home/secu4090/xarm_ws/install/mtc/share/ament_index/resource_index/parent_prefix_path/mtc
[0.215s] -- Up-to-date: /home/secu4090/xarm_ws/install/mtc/share/mtc/environment/ament_prefix_path.sh
[0.215s] -- Up-to-date: /home/secu4090/xarm_ws/install/mtc/share/mtc/environment/ament_prefix_path.dsv
[0.215s] -- Up-to-date: /home/secu4090/xarm_ws/install/mtc/share/mtc/environment/path.sh
[0.216s] -- Up-to-date: /home/secu4090/xarm_ws/install/mtc/share/mtc/environment/path.dsv
[0.216s] -- Up-to-date: /home/secu4090/xarm_ws/install/mtc/share/mtc/local_setup.bash
[0.216s] -- Up-to-date: /home/secu4090/xarm_ws/install/mtc/share/mtc/local_setup.sh
[0.216s] -- Up-to-date: /home/secu4090/xarm_ws/install/mtc/share/mtc/local_setup.zsh
[0.216s] -- Up-to-date: /home/secu4090/xarm_ws/install/mtc/share/mtc/local_setup.dsv
[0.216s] -- Installing: /home/secu4090/xarm_ws/install/mtc/share/mtc/package.dsv
[0.216s] -- Up-to-date: /home/secu4090/xarm_ws/install/mtc/share/ament_index/resource_index/packages/mtc
[0.216s] -- Up-to-date: /home/secu4090/xarm_ws/install/mtc/share/mtc/cmake/mtcConfig.cmake
[0.216s] -- Up-to-date: /home/secu4090/xarm_ws/install/mtc/share/mtc/cmake/mtcConfig-version.cmake
[0.216s] -- Up-to-date: /home/secu4090/xarm_ws/install/mtc/share/mtc/package.xml
[0.218s] Invoked command in '/home/secu4090/xarm_ws/build/mtc' returned '0': CMAKE_PREFIX_PATH=${CMAKE_PREFIX_PATH}:/home/secu4090/turtlebot3_ws/install/tb3_custom_explore DEBUGINFOD_URLS=https://debuginfod.ubuntu.com /usr/bin/cmake --install /home/secu4090/xarm_ws/build/mtc
