[0.065s] Invoking command in '/home/hyeon/xarm_ws/build/mtc': CMAKE_PREFIX_PATH=/home/hyeon/xarm_ws/install/xarm_1s_moveit_config:/home/hyeon/xarm_ws/install/mtc:/home/hyeon/xarm_ws/install/xarm_1s_hardware:/home/hyeon/xarm_ws/install/xarm_1s_description:/opt/ros/jazzy/opt/sdformat_vendor:/opt/ros/jazzy/opt/gz_math_vendor:/opt/ros/jazzy/opt/gz_utils_vendor:/opt/ros/jazzy/opt/gz_tools_vendor:/opt/ros/jazzy/opt/gz_cmake_vendor:/opt/ros/jazzy /usr/bin/cmake --build /home/hyeon/xarm_ws/build/mtc -- -j24 -l24
[0.115s] [100%] Built target mtc_node
[0.122s] Invoked command in '/home/hyeon/xarm_ws/build/mtc' returned '0': CMAKE_PREFIX_PATH=/home/hyeon/xarm_ws/install/xarm_1s_moveit_config:/home/hyeon/xarm_ws/install/mtc:/home/hyeon/xarm_ws/install/xarm_1s_hardware:/home/hyeon/xarm_ws/install/xarm_1s_description:/opt/ros/jazzy/opt/sdformat_vendor:/opt/ros/jazzy/opt/gz_math_vendor:/opt/ros/jazzy/opt/gz_utils_vendor:/opt/ros/jazzy/opt/gz_tools_vendor:/opt/ros/jazzy/opt/gz_cmake_vendor:/opt/ros/jazzy /usr/bin/cmake --build /home/hyeon/xarm_ws/build/mtc -- -j24 -l24
[0.124s] Invoking command in '/home/hyeon/xarm_ws/build/mtc': CMAKE_PREFIX_PATH=/home/hyeon/xarm_ws/install/xarm_1s_moveit_config:/home/hyeon/xarm_ws/install/mtc:/home/hyeon/xarm_ws/install/xarm_1s_hardware:/home/hyeon/xarm_ws/install/xarm_1s_description:/opt/ros/jazzy/opt/sdformat_vendor:/opt/ros/jazzy/opt/gz_math_vendor:/opt/ros/jazzy/opt/gz_utils_vendor:/opt/ros/jazzy/opt/gz_tools_vendor:/opt/ros/jazzy/opt/gz_cmake_vendor:/opt/ros/jazzy /usr/bin/cmake --install /home/hyeon/xarm_ws/build/mtc
[0.130s] -- Install configuration: ""
[0.130s] -- Execute custom install script
[0.131s] -- Up-to-date symlink: /home/hyeon/xarm_ws/install/mtc/lib/mtc/mtc_node
[0.132s] -- Up-to-date symlink: /home/hyeon/xarm_ws/install/mtc/share/mtc/launch/__pycache__/pick_place_demo.launch.cpython-312.pyc
[0.132s] -- Up-to-date symlink: /home/hyeon/xarm_ws/install/mtc/share/mtc/launch/pick_place_demo.launch.py
[0.132s] -- Up-to-date symlink: /home/hyeon/xarm_ws/install/mtc/share/ament_index/resource_index/package_run_dependencies/mtc
[0.133s] -- Up-to-date symlink: /home/hyeon/xarm_ws/install/mtc/share/ament_index/resource_index/parent_prefix_path/mtc
[0.133s] -- Up-to-date symlink: /home/hyeon/xarm_ws/install/mtc/share/mtc/environment/ament_prefix_path.sh
[0.133s] -- Up-to-date symlink: /home/hyeon/xarm_ws/install/mtc/share/mtc/environment/ament_prefix_path.dsv
[0.133s] -- Up-to-date symlink: /home/hyeon/xarm_ws/install/mtc/share/mtc/environment/path.sh
[0.134s] -- Up-to-date symlink: /home/hyeon/xarm_ws/install/mtc/share/mtc/environment/path.dsv
[0.134s] -- Up-to-date symlink: /home/hyeon/xarm_ws/install/mtc/share/mtc/local_setup.bash
[0.134s] -- Up-to-date symlink: /home/hyeon/xarm_ws/install/mtc/share/mtc/local_setup.sh
[0.134s] -- Up-to-date symlink: /home/hyeon/xarm_ws/install/mtc/share/mtc/local_setup.zsh
[0.135s] -- Up-to-date symlink: /home/hyeon/xarm_ws/install/mtc/share/mtc/local_setup.dsv
[0.135s] -- Symlinking: /home/hyeon/xarm_ws/install/mtc/share/mtc/package.dsv
[0.141s] -- Up-to-date symlink: /home/hyeon/xarm_ws/install/mtc/share/ament_index/resource_index/packages/mtc
[0.142s] -- Up-to-date symlink: /home/hyeon/xarm_ws/install/mtc/share/mtc/cmake/mtcConfig.cmake
[0.142s] -- Up-to-date symlink: /home/hyeon/xarm_ws/install/mtc/share/mtc/cmake/mtcConfig-version.cmake
[0.142s] -- Up-to-date symlink: /home/hyeon/xarm_ws/install/mtc/share/mtc/package.xml
[0.144s] Invoked command in '/home/hyeon/xarm_ws/build/mtc' returned '0': CMAKE_PREFIX_PATH=/home/hyeon/xarm_ws/install/xarm_1s_moveit_config:/home/hyeon/xarm_ws/install/mtc:/home/hyeon/xarm_ws/install/xarm_1s_hardware:/home/hyeon/xarm_ws/install/xarm_1s_description:/opt/ros/jazzy/opt/sdformat_vendor:/opt/ros/jazzy/opt/gz_math_vendor:/opt/ros/jazzy/opt/gz_utils_vendor:/opt/ros/jazzy/opt/gz_tools_vendor:/opt/ros/jazzy/opt/gz_cmake_vendor:/opt/ros/jazzy /usr/bin/cmake --install /home/hyeon/xarm_ws/build/mtc
