[0.212s] DEBUG:colcon:Command line arguments: ['/usr/bin/colcon', 'build']
[0.212s] DEBUG:colcon:Parsed command line arguments: Namespace(log_base=None, log_level=None, verb_name='build', build_base='build', install_base='install', merge_install=False, symlink_install=False, test_result_base=None, continue_on_error=False, executor='parallel', parallel_workers=24, event_handlers=None, ignore_user_meta=False, metas=['./colcon.meta'], base_paths=['.'], packages_ignore=None, packages_ignore_regex=None, paths=None, packages_up_to=None, packages_up_to_regex=None, packages_above=None, packages_above_and_dependencies=None, packages_above_depth=None, packages_select_by_dep=None, packages_skip_by_dep=None, packages_skip_up_to=None, packages_select_build_failed=False, packages_skip_build_finished=False, packages_select_test_failures=False, packages_skip_test_passed=False, packages_select=None, packages_skip=None, packages_select_regex=None, packages_skip_regex=None, packages_start=None, packages_end=None, allow_overriding=[], cmake_args=None, cmake_target=None, cmake_target_skip_unavailable=False, cmake_clean_cache=False, cmake_clean_first=False, cmake_force_configure=False, ament_cmake_args=None, catkin_cmake_args=None, catkin_skip_building_tests=False, mixin_files=None, mixin=None, verb_parser=<colcon_mixin.mixin.mixin_argument.MixinArgumentDecorator object at 0x7a1436389be0>, verb_extension=<colcon_core.verb.build.BuildVerb object at 0x7a14364ae3f0>, main=<bound method BuildVerb.main of <colcon_core.verb.build.BuildVerb object at 0x7a14364ae3f0>>, mixin_verb=('build',))
[0.233s] Level 1:colcon.colcon_core.package_discovery:discover_packages(colcon_meta) check parameters
[0.233s] Level 1:colcon.colcon_core.package_discovery:discover_packages(recursive) check parameters
[0.233s] Level 1:colcon.colcon_core.package_discovery:discover_packages(ignore) check parameters
[0.233s] Level 1:colcon.colcon_core.package_discovery:discover_packages(path) check parameters
[0.233s] Level 1:colcon.colcon_core.package_discovery:discover_packages(colcon_meta) discover
[0.233s] Level 1:colcon.colcon_core.package_discovery:discover_packages(recursive) discover
[0.233s] INFO:colcon.colcon_core.package_discovery:Crawling recursively for packages in '/home/hyeon/xarm_ws'
[0.233s] Level 1:colcon.colcon_core.package_identification:_identify(.) by extensions ['ignore', 'ignore_ament_install']
[0.233s] Level 1:colcon.colcon_core.package_identification:_identify(.) by extension 'ignore'
[0.233s] Level 1:colcon.colcon_core.package_identification:_identify(.) by extension 'ignore_ament_install'
[0.233s] Level 1:colcon.colcon_core.package_identification:_identify(.) by extensions ['colcon_pkg']
[0.233s] Level 1:colcon.colcon_core.package_identification:_identify(.) by extension 'colcon_pkg'
[0.233s] Level 1:colcon.colcon_core.package_identification:_identify(.) by extensions ['colcon_meta']
[0.233s] Level 1:colcon.colcon_core.package_identification:_identify(.) by extension 'colcon_meta'
[0.233s] Level 1:colcon.colcon_core.package_identification:_identify(.) by extensions ['ros']
[0.233s] Level 1:colcon.colcon_core.package_identification:_identify(.) by extension 'ros'
[0.247s] Level 1:colcon.colcon_core.package_identification:_identify(.) by extensions ['cmake', 'python']
[0.247s] Level 1:colcon.colcon_core.package_identification:_identify(.) by extension 'cmake'
[0.247s] Level 1:colcon.colcon_core.package_identification:_identify(.) by extension 'python'
[0.247s] Level 1:colcon.colcon_core.package_identification:_identify(.) by extensions ['python_setup_py']
[0.247s] Level 1:colcon.colcon_core.package_identification:_identify(.) by extension 'python_setup_py'
[0.247s] Level 1:colcon.colcon_core.package_identification:_identify(build) by extensions ['ignore', 'ignore_ament_install']
[0.247s] Level 1:colcon.colcon_core.package_identification:_identify(build) by extension 'ignore'
[0.248s] Level 1:colcon.colcon_core.package_identification:_identify(build) ignored
[0.248s] Level 1:colcon.colcon_core.package_identification:_identify(install) by extensions ['ignore', 'ignore_ament_install']
[0.248s] Level 1:colcon.colcon_core.package_identification:_identify(install) by extension 'ignore'
[0.248s] Level 1:colcon.colcon_core.package_identification:_identify(install) ignored
[0.248s] Level 1:colcon.colcon_core.package_identification:_identify(log) by extensions ['ignore', 'ignore_ament_install']
[0.248s] Level 1:colcon.colcon_core.package_identification:_identify(log) by extension 'ignore'
[0.248s] Level 1:colcon.colcon_core.package_identification:_identify(log) ignored
[0.248s] Level 1:colcon.colcon_core.package_identification:_identify(src) by extensions ['ignore', 'ignore_ament_install']
[0.248s] Level 1:colcon.colcon_core.package_identification:_identify(src) by extension 'ignore'
[0.248s] Level 1:colcon.colcon_core.package_identification:_identify(src) by extension 'ignore_ament_install'
[0.248s] Level 1:colcon.colcon_core.package_identification:_identify(src) by extensions ['colcon_pkg']
[0.248s] Level 1:colcon.colcon_core.package_identification:_identify(src) by extension 'colcon_pkg'
[0.248s] Level 1:colcon.colcon_core.package_identification:_identify(src) by extensions ['colcon_meta']
[0.248s] Level 1:colcon.colcon_core.package_identification:_identify(src) by extension 'colcon_meta'
[0.248s] Level 1:colcon.colcon_core.package_identification:_identify(src) by extensions ['ros']
[0.248s] Level 1:colcon.colcon_core.package_identification:_identify(src) by extension 'ros'
[0.248s] Level 1:colcon.colcon_core.package_identification:_identify(src) by extensions ['cmake', 'python']
[0.248s] Level 1:colcon.colcon_core.package_identification:_identify(src) by extension 'cmake'
[0.248s] Level 1:colcon.colcon_core.package_identification:_identify(src) by extension 'python'
[0.248s] Level 1:colcon.colcon_core.package_identification:_identify(src) by extensions ['python_setup_py']
[0.248s] Level 1:colcon.colcon_core.package_identification:_identify(src) by extension 'python_setup_py'
[0.248s] Level 1:colcon.colcon_core.package_identification:_identify(src/mtc) by extensions ['ignore', 'ignore_ament_install']
[0.248s] Level 1:colcon.colcon_core.package_identification:_identify(src/mtc) by extension 'ignore'
[0.248s] Level 1:colcon.colcon_core.package_identification:_identify(src/mtc) by extension 'ignore_ament_install'
[0.248s] Level 1:colcon.colcon_core.package_identification:_identify(src/mtc) by extensions ['colcon_pkg']
[0.248s] Level 1:colcon.colcon_core.package_identification:_identify(src/mtc) by extension 'colcon_pkg'
[0.248s] Level 1:colcon.colcon_core.package_identification:_identify(src/mtc) by extensions ['colcon_meta']
[0.248s] Level 1:colcon.colcon_core.package_identification:_identify(src/mtc) by extension 'colcon_meta'
[0.248s] Level 1:colcon.colcon_core.package_identification:_identify(src/mtc) by extensions ['ros']
[0.248s] Level 1:colcon.colcon_core.package_identification:_identify(src/mtc) by extension 'ros'
[0.249s] DEBUG:colcon.colcon_core.package_identification:Package 'src/mtc' with type 'ros.ament_cmake' and name 'mtc'
[0.250s] Level 1:colcon.colcon_core.package_identification:_identify(src/xarm_1s_description) by extensions ['ignore', 'ignore_ament_install']
[0.250s] Level 1:colcon.colcon_core.package_identification:_identify(src/xarm_1s_description) by extension 'ignore'
[0.250s] Level 1:colcon.colcon_core.package_identification:_identify(src/xarm_1s_description) by extension 'ignore_ament_install'
[0.250s] Level 1:colcon.colcon_core.package_identification:_identify(src/xarm_1s_description) by extensions ['colcon_pkg']
[0.250s] Level 1:colcon.colcon_core.package_identification:_identify(src/xarm_1s_description) by extension 'colcon_pkg'
[0.250s] Level 1:colcon.colcon_core.package_identification:_identify(src/xarm_1s_description) by extensions ['colcon_meta']
[0.250s] Level 1:colcon.colcon_core.package_identification:_identify(src/xarm_1s_description) by extension 'colcon_meta'
[0.250s] Level 1:colcon.colcon_core.package_identification:_identify(src/xarm_1s_description) by extensions ['ros']
[0.250s] Level 1:colcon.colcon_core.package_identification:_identify(src/xarm_1s_description) by extension 'ros'
[0.250s] DEBUG:colcon.colcon_core.package_identification:Package 'src/xarm_1s_description' with type 'ros.ament_cmake' and name 'xarm_1s_description'
[0.250s] Level 1:colcon.colcon_core.package_identification:_identify(src/xarm_1s_hardware) by extensions ['ignore', 'ignore_ament_install']
[0.250s] Level 1:colcon.colcon_core.package_identification:_identify(src/xarm_1s_hardware) by extension 'ignore'
[0.250s] Level 1:colcon.colcon_core.package_identification:_identify(src/xarm_1s_hardware) by extension 'ignore_ament_install'
[0.250s] Level 1:colcon.colcon_core.package_identification:_identify(src/xarm_1s_hardware) by extensions ['colcon_pkg']
[0.250s] Level 1:colcon.colcon_core.package_identification:_identify(src/xarm_1s_hardware) by extension 'colcon_pkg'
[0.250s] Level 1:colcon.colcon_core.package_identification:_identify(src/xarm_1s_hardware) by extensions ['colcon_meta']
[0.250s] Level 1:colcon.colcon_core.package_identification:_identify(src/xarm_1s_hardware) by extension 'colcon_meta'
[0.250s] Level 1:colcon.colcon_core.package_identification:_identify(src/xarm_1s_hardware) by extensions ['ros']
[0.250s] Level 1:colcon.colcon_core.package_identification:_identify(src/xarm_1s_hardware) by extension 'ros'
[0.250s] DEBUG:colcon.colcon_core.package_identification:Package 'src/xarm_1s_hardware' with type 'ros.ament_cmake' and name 'xarm_1s_hardware'
[0.250s] Level 1:colcon.colcon_core.package_identification:_identify(src/xarm_1s_moveit_config) by extensions ['ignore', 'ignore_ament_install']
[0.250s] Level 1:colcon.colcon_core.package_identification:_identify(src/xarm_1s_moveit_config) by extension 'ignore'
[0.250s] Level 1:colcon.colcon_core.package_identification:_identify(src/xarm_1s_moveit_config) by extension 'ignore_ament_install'
[0.251s] Level 1:colcon.colcon_core.package_identification:_identify(src/xarm_1s_moveit_config) by extensions ['colcon_pkg']
[0.251s] Level 1:colcon.colcon_core.package_identification:_identify(src/xarm_1s_moveit_config) by extension 'colcon_pkg'
[0.251s] Level 1:colcon.colcon_core.package_identification:_identify(src/xarm_1s_moveit_config) by extensions ['colcon_meta']
[0.251s] Level 1:colcon.colcon_core.package_identification:_identify(src/xarm_1s_moveit_config) by extension 'colcon_meta'
[0.251s] Level 1:colcon.colcon_core.package_identification:_identify(src/xarm_1s_moveit_config) by extensions ['ros']
[0.251s] Level 1:colcon.colcon_core.package_identification:_identify(src/xarm_1s_moveit_config) by extension 'ros'
[0.251s] DEBUG:colcon.colcon_core.package_identification:Package 'src/xarm_1s_moveit_config' with type 'ros.ament_cmake' and name 'xarm_1s_moveit_config'
[0.251s] Level 1:colcon.colcon_core.package_discovery:discover_packages(recursive) using defaults
[0.251s] Level 1:colcon.colcon_core.package_discovery:discover_packages(ignore) discover
[0.251s] Level 1:colcon.colcon_core.package_discovery:discover_packages(ignore) using defaults
[0.251s] Level 1:colcon.colcon_core.package_discovery:discover_packages(path) discover
[0.251s] Level 1:colcon.colcon_core.package_discovery:discover_packages(path) using defaults
[0.261s] Level 1:colcon.colcon_core.package_discovery:discover_packages(prefix_path) check parameters
[0.261s] Level 1:colcon.colcon_core.package_discovery:discover_packages(prefix_path) discover
[0.263s] DEBUG:colcon.colcon_installed_package_information.package_discovery:Found 4 installed packages in /home/hyeon/xarm_ws/install
[0.263s] DEBUG:colcon.colcon_installed_package_information.package_discovery:Found 349 installed packages in /opt/ros/jazzy
[0.264s] Level 1:colcon.colcon_core.package_discovery:discover_packages(prefix_path) using defaults
[0.293s] Level 5:colcon.colcon_core.verb:set package 'xarm_1s_description' build argument 'cmake_args' from command line to 'None'
[0.293s] Level 5:colcon.colcon_core.verb:set package 'xarm_1s_description' build argument 'cmake_target' from command line to 'None'
[0.293s] Level 5:colcon.colcon_core.verb:set package 'xarm_1s_description' build argument 'cmake_target_skip_unavailable' from command line to 'False'
[0.293s] Level 5:colcon.colcon_core.verb:set package 'xarm_1s_description' build argument 'cmake_clean_cache' from command line to 'False'
[0.293s] Level 5:colcon.colcon_core.verb:set package 'xarm_1s_description' build argument 'cmake_clean_first' from command line to 'False'
[0.293s] Level 5:colcon.colcon_core.verb:set package 'xarm_1s_description' build argument 'cmake_force_configure' from command line to 'False'
[0.293s] Level 5:colcon.colcon_core.verb:set package 'xarm_1s_description' build argument 'ament_cmake_args' from command line to 'None'
[0.293s] Level 5:colcon.colcon_core.verb:set package 'xarm_1s_description' build argument 'catkin_cmake_args' from command line to 'None'
[0.293s] Level 5:colcon.colcon_core.verb:set package 'xarm_1s_description' build argument 'catkin_skip_building_tests' from command line to 'False'
[0.293s] DEBUG:colcon.colcon_core.verb:Building package 'xarm_1s_description' with the following arguments: {'ament_cmake_args': None, 'build_base': '/home/hyeon/xarm_ws/build/xarm_1s_description', 'catkin_cmake_args': None, 'catkin_skip_building_tests': False, 'cmake_args': None, 'cmake_clean_cache': False, 'cmake_clean_first': False, 'cmake_force_configure': False, 'cmake_target': None, 'cmake_target_skip_unavailable': False, 'install_base': '/home/hyeon/xarm_ws/install/xarm_1s_description', 'merge_install': False, 'path': '/home/hyeon/xarm_ws/src/xarm_1s_description', 'symlink_install': False, 'test_result_base': None}
[0.293s] Level 5:colcon.colcon_core.verb:set package 'xarm_1s_hardware' build argument 'cmake_args' from command line to 'None'
[0.293s] Level 5:colcon.colcon_core.verb:set package 'xarm_1s_hardware' build argument 'cmake_target' from command line to 'None'
[0.293s] Level 5:colcon.colcon_core.verb:set package 'xarm_1s_hardware' build argument 'cmake_target_skip_unavailable' from command line to 'False'
[0.293s] Level 5:colcon.colcon_core.verb:set package 'xarm_1s_hardware' build argument 'cmake_clean_cache' from command line to 'False'
[0.293s] Level 5:colcon.colcon_core.verb:set package 'xarm_1s_hardware' build argument 'cmake_clean_first' from command line to 'False'
[0.293s] Level 5:colcon.colcon_core.verb:set package 'xarm_1s_hardware' build argument 'cmake_force_configure' from command line to 'False'
[0.293s] Level 5:colcon.colcon_core.verb:set package 'xarm_1s_hardware' build argument 'ament_cmake_args' from command line to 'None'
[0.293s] Level 5:colcon.colcon_core.verb:set package 'xarm_1s_hardware' build argument 'catkin_cmake_args' from command line to 'None'
[0.293s] Level 5:colcon.colcon_core.verb:set package 'xarm_1s_hardware' build argument 'catkin_skip_building_tests' from command line to 'False'
[0.293s] DEBUG:colcon.colcon_core.verb:Building package 'xarm_1s_hardware' with the following arguments: {'ament_cmake_args': None, 'build_base': '/home/hyeon/xarm_ws/build/xarm_1s_hardware', 'catkin_cmake_args': None, 'catkin_skip_building_tests': False, 'cmake_args': None, 'cmake_clean_cache': False, 'cmake_clean_first': False, 'cmake_force_configure': False, 'cmake_target': None, 'cmake_target_skip_unavailable': False, 'install_base': '/home/hyeon/xarm_ws/install/xarm_1s_hardware', 'merge_install': False, 'path': '/home/hyeon/xarm_ws/src/xarm_1s_hardware', 'symlink_install': False, 'test_result_base': None}
[0.293s] Level 5:colcon.colcon_core.verb:set package 'xarm_1s_moveit_config' build argument 'cmake_args' from command line to 'None'
[0.293s] Level 5:colcon.colcon_core.verb:set package 'xarm_1s_moveit_config' build argument 'cmake_target' from command line to 'None'
[0.293s] Level 5:colcon.colcon_core.verb:set package 'xarm_1s_moveit_config' build argument 'cmake_target_skip_unavailable' from command line to 'False'
[0.293s] Level 5:colcon.colcon_core.verb:set package 'xarm_1s_moveit_config' build argument 'cmake_clean_cache' from command line to 'False'
[0.293s] Level 5:colcon.colcon_core.verb:set package 'xarm_1s_moveit_config' build argument 'cmake_clean_first' from command line to 'False'
[0.293s] Level 5:colcon.colcon_core.verb:set package 'xarm_1s_moveit_config' build argument 'cmake_force_configure' from command line to 'False'
[0.293s] Level 5:colcon.colcon_core.verb:set package 'xarm_1s_moveit_config' build argument 'ament_cmake_args' from command line to 'None'
[0.293s] Level 5:colcon.colcon_core.verb:set package 'xarm_1s_moveit_config' build argument 'catkin_cmake_args' from command line to 'None'
[0.293s] Level 5:colcon.colcon_core.verb:set package 'xarm_1s_moveit_config' build argument 'catkin_skip_building_tests' from command line to 'False'
[0.293s] DEBUG:colcon.colcon_core.verb:Building package 'xarm_1s_moveit_config' with the following arguments: {'ament_cmake_args': None, 'build_base': '/home/hyeon/xarm_ws/build/xarm_1s_moveit_config', 'catkin_cmake_args': None, 'catkin_skip_building_tests': False, 'cmake_args': None, 'cmake_clean_cache': False, 'cmake_clean_first': False, 'cmake_force_configure': False, 'cmake_target': None, 'cmake_target_skip_unavailable': False, 'install_base': '/home/hyeon/xarm_ws/install/xarm_1s_moveit_config', 'merge_install': False, 'path': '/home/hyeon/xarm_ws/src/xarm_1s_moveit_config', 'symlink_install': False, 'test_result_base': None}
[0.293s] Level 5:colcon.colcon_core.verb:set package 'mtc' build argument 'cmake_args' from command line to 'None'
[0.293s] Level 5:colcon.colcon_core.verb:set package 'mtc' build argument 'cmake_target' from command line to 'None'
[0.293s] Level 5:colcon.colcon_core.verb:set package 'mtc' build argument 'cmake_target_skip_unavailable' from command line to 'False'
[0.293s] Level 5:colcon.colcon_core.verb:set package 'mtc' build argument 'cmake_clean_cache' from command line to 'False'
[0.293s] Level 5:colcon.colcon_core.verb:set package 'mtc' build argument 'cmake_clean_first' from command line to 'False'
[0.293s] Level 5:colcon.colcon_core.verb:set package 'mtc' build argument 'cmake_force_configure' from command line to 'False'
[0.293s] Level 5:colcon.colcon_core.verb:set package 'mtc' build argument 'ament_cmake_args' from command line to 'None'
[0.294s] Level 5:colcon.colcon_core.verb:set package 'mtc' build argument 'catkin_cmake_args' from command line to 'None'
[0.294s] Level 5:colcon.colcon_core.verb:set package 'mtc' build argument 'catkin_skip_building_tests' from command line to 'False'
[0.294s] DEBUG:colcon.colcon_core.verb:Building package 'mtc' with the following arguments: {'ament_cmake_args': None, 'build_base': '/home/hyeon/xarm_ws/build/mtc', 'catkin_cmake_args': None, 'catkin_skip_building_tests': False, 'cmake_args': None, 'cmake_clean_cache': False, 'cmake_clean_first': False, 'cmake_force_configure': False, 'cmake_target': None, 'cmake_target_skip_unavailable': False, 'install_base': '/home/hyeon/xarm_ws/install/mtc', 'merge_install': False, 'path': '/home/hyeon/xarm_ws/src/mtc', 'symlink_install': False, 'test_result_base': None}
[0.294s] INFO:colcon.colcon_core.executor:Executing jobs using 'parallel' executor
[0.294s] DEBUG:colcon.colcon_parallel_executor.executor.parallel:run_until_complete
[0.295s] INFO:colcon.colcon_ros.task.ament_cmake.build:Building ROS package in '/home/hyeon/xarm_ws/src/xarm_1s_moveit_config' with build type 'ament_cmake'
[0.295s] INFO:colcon.colcon_cmake.task.cmake.build:Building CMake package in '/home/hyeon/xarm_ws/src/xarm_1s_moveit_config'
[0.297s] INFO:colcon.colcon_core.plugin_system:Skipping extension 'colcon_core.shell.bat': Not used on non-Windows systems
[0.297s] INFO:colcon.colcon_core.shell:Skip shell extension 'powershell' for command environment: Not usable outside of PowerShell
[0.297s] DEBUG:colcon.colcon_core.shell:Skip shell extension 'dsv' for command environment
[0.300s] INFO:colcon.colcon_ros.task.ament_cmake.build:Building ROS package in '/home/hyeon/xarm_ws/src/xarm_1s_description' with build type 'ament_cmake'
[0.300s] INFO:colcon.colcon_cmake.task.cmake.build:Building CMake package in '/home/hyeon/xarm_ws/src/xarm_1s_description'
[0.300s] INFO:colcon.colcon_core.shell:Skip shell extension 'powershell' for command environment: Not usable outside of PowerShell
[0.300s] DEBUG:colcon.colcon_core.shell:Skip shell extension 'dsv' for command environment
[0.303s] INFO:colcon.colcon_ros.task.ament_cmake.build:Building ROS package in '/home/hyeon/xarm_ws/src/xarm_1s_hardware' with build type 'ament_cmake'
[0.303s] INFO:colcon.colcon_cmake.task.cmake.build:Building CMake package in '/home/hyeon/xarm_ws/src/xarm_1s_hardware'
[0.303s] INFO:colcon.colcon_core.shell:Skip shell extension 'powershell' for command environment: Not usable outside of PowerShell
[0.303s] DEBUG:colcon.colcon_core.shell:Skip shell extension 'dsv' for command environment
[0.310s] DEBUG:colcon.colcon_core.event_handler.log_command:Invoking command in '/home/hyeon/xarm_ws/build/xarm_1s_moveit_config': CMAKE_PREFIX_PATH=${CMAKE_PREFIX_PATH}:/opt/ros/jazzy /usr/bin/cmake /home/hyeon/xarm_ws/src/xarm_1s_moveit_config -DCMAKE_INSTALL_PREFIX=/home/hyeon/xarm_ws/install/xarm_1s_moveit_config
[0.314s] DEBUG:colcon.colcon_core.event_handler.log_command:Invoking command in '/home/hyeon/xarm_ws/build/xarm_1s_description': CMAKE_PREFIX_PATH=${CMAKE_PREFIX_PATH}:/opt/ros/jazzy /usr/bin/cmake --build /home/hyeon/xarm_ws/build/xarm_1s_description -- -j24 -l24
[0.320s] DEBUG:colcon.colcon_core.event_handler.log_command:Invoking command in '/home/hyeon/xarm_ws/build/xarm_1s_hardware': CMAKE_PREFIX_PATH=${CMAKE_PREFIX_PATH}:/opt/ros/jazzy /usr/bin/cmake --build /home/hyeon/xarm_ws/build/xarm_1s_hardware -- -j24 -l24
[0.346s] DEBUG:colcon.colcon_core.event_handler.log_command:Invoked command in '/home/hyeon/xarm_ws/build/xarm_1s_description' returned '0': CMAKE_PREFIX_PATH=${CMAKE_PREFIX_PATH}:/opt/ros/jazzy /usr/bin/cmake --build /home/hyeon/xarm_ws/build/xarm_1s_description -- -j24 -l24
[0.353s] DEBUG:colcon.colcon_core.event_handler.log_command:Invoking command in '/home/hyeon/xarm_ws/build/xarm_1s_description': CMAKE_PREFIX_PATH=${CMAKE_PREFIX_PATH}:/opt/ros/jazzy /usr/bin/cmake --install /home/hyeon/xarm_ws/build/xarm_1s_description
[0.383s] Level 1:colcon.colcon_core.environment:create_environment_scripts_only(xarm_1s_description)
[0.383s] DEBUG:colcon.colcon_core.event_handler.log_command:Invoked command in '/home/hyeon/xarm_ws/build/xarm_1s_description' returned '0': CMAKE_PREFIX_PATH=${CMAKE_PREFIX_PATH}:/opt/ros/jazzy /usr/bin/cmake --install /home/hyeon/xarm_ws/build/xarm_1s_description
[0.384s] Level 1:colcon.colcon_core.environment:checking '/home/hyeon/xarm_ws/install/xarm_1s_description' for CMake module files
[0.385s] Level 1:colcon.colcon_core.environment:checking '/home/hyeon/xarm_ws/install/xarm_1s_description' for CMake config files
[0.385s] Level 1:colcon.colcon_core.shell:create_environment_hook('xarm_1s_description', 'cmake_prefix_path')
[0.385s] INFO:colcon.colcon_core.shell:Creating environment hook '/home/hyeon/xarm_ws/install/xarm_1s_description/share/xarm_1s_description/hook/cmake_prefix_path.ps1'
[0.385s] INFO:colcon.colcon_core.shell:Creating environment descriptor '/home/hyeon/xarm_ws/install/xarm_1s_description/share/xarm_1s_description/hook/cmake_prefix_path.dsv'
[0.386s] INFO:colcon.colcon_core.shell:Creating environment hook '/home/hyeon/xarm_ws/install/xarm_1s_description/share/xarm_1s_description/hook/cmake_prefix_path.sh'
[0.386s] Level 1:colcon.colcon_core.environment:checking '/home/hyeon/xarm_ws/install/xarm_1s_description/bin'
[0.386s] Level 1:colcon.colcon_core.environment:checking '/home/hyeon/xarm_ws/install/xarm_1s_description/lib/pkgconfig/xarm_1s_description.pc'
[0.386s] Level 1:colcon.colcon_core.environment:checking '/home/hyeon/xarm_ws/install/xarm_1s_description/lib/python3.12/site-packages'
[0.386s] Level 1:colcon.colcon_core.environment:checking '/home/hyeon/xarm_ws/install/xarm_1s_description/bin'
[0.387s] INFO:colcon.colcon_core.shell:Creating package script '/home/hyeon/xarm_ws/install/xarm_1s_description/share/xarm_1s_description/package.ps1'
[0.387s] INFO:colcon.colcon_core.shell:Creating package descriptor '/home/hyeon/xarm_ws/install/xarm_1s_description/share/xarm_1s_description/package.dsv'
[0.387s] INFO:colcon.colcon_core.shell:Creating package script '/home/hyeon/xarm_ws/install/xarm_1s_description/share/xarm_1s_description/package.sh'
[0.388s] INFO:colcon.colcon_core.shell:Creating package script '/home/hyeon/xarm_ws/install/xarm_1s_description/share/xarm_1s_description/package.bash'
[0.388s] INFO:colcon.colcon_core.shell:Creating package script '/home/hyeon/xarm_ws/install/xarm_1s_description/share/xarm_1s_description/package.zsh'
[0.388s] Level 1:colcon.colcon_core.environment:create_file_with_runtime_dependencies(/home/hyeon/xarm_ws/install/xarm_1s_description/share/colcon-core/packages/xarm_1s_description)
[0.388s] Level 1:colcon.colcon_core.environment:create_environment_scripts_only(xarm_1s_description)
[0.388s] Level 1:colcon.colcon_core.environment:checking '/home/hyeon/xarm_ws/install/xarm_1s_description' for CMake module files
[0.388s] Level 1:colcon.colcon_core.environment:checking '/home/hyeon/xarm_ws/install/xarm_1s_description' for CMake config files
[0.389s] Level 1:colcon.colcon_core.shell:create_environment_hook('xarm_1s_description', 'cmake_prefix_path')
[0.389s] INFO:colcon.colcon_core.shell:Creating environment hook '/home/hyeon/xarm_ws/install/xarm_1s_description/share/xarm_1s_description/hook/cmake_prefix_path.ps1'
[0.389s] INFO:colcon.colcon_core.shell:Creating environment descriptor '/home/hyeon/xarm_ws/install/xarm_1s_description/share/xarm_1s_description/hook/cmake_prefix_path.dsv'
[0.389s] INFO:colcon.colcon_core.shell:Creating environment hook '/home/hyeon/xarm_ws/install/xarm_1s_description/share/xarm_1s_description/hook/cmake_prefix_path.sh'
[0.390s] Level 1:colcon.colcon_core.environment:checking '/home/hyeon/xarm_ws/install/xarm_1s_description/bin'
[0.390s] Level 1:colcon.colcon_core.environment:checking '/home/hyeon/xarm_ws/install/xarm_1s_description/lib/pkgconfig/xarm_1s_description.pc'
[0.390s] Level 1:colcon.colcon_core.environment:checking '/home/hyeon/xarm_ws/install/xarm_1s_description/lib/python3.12/site-packages'
[0.390s] Level 1:colcon.colcon_core.environment:checking '/home/hyeon/xarm_ws/install/xarm_1s_description/bin'
[0.390s] INFO:colcon.colcon_core.shell:Creating package script '/home/hyeon/xarm_ws/install/xarm_1s_description/share/xarm_1s_description/package.ps1'
[0.390s] INFO:colcon.colcon_core.shell:Creating package descriptor '/home/hyeon/xarm_ws/install/xarm_1s_description/share/xarm_1s_description/package.dsv'
[0.390s] INFO:colcon.colcon_core.shell:Creating package script '/home/hyeon/xarm_ws/install/xarm_1s_description/share/xarm_1s_description/package.sh'
[0.390s] INFO:colcon.colcon_core.shell:Creating package script '/home/hyeon/xarm_ws/install/xarm_1s_description/share/xarm_1s_description/package.bash'
[0.391s] INFO:colcon.colcon_core.shell:Creating package script '/home/hyeon/xarm_ws/install/xarm_1s_description/share/xarm_1s_description/package.zsh'
[0.391s] Level 1:colcon.colcon_core.environment:create_file_with_runtime_dependencies(/home/hyeon/xarm_ws/install/xarm_1s_description/share/colcon-core/packages/xarm_1s_description)
[0.425s] DEBUG:colcon.colcon_core.event_handler.log_command:Invoked command in '/home/hyeon/xarm_ws/build/xarm_1s_hardware' returned '0': CMAKE_PREFIX_PATH=${CMAKE_PREFIX_PATH}:/opt/ros/jazzy /usr/bin/cmake --build /home/hyeon/xarm_ws/build/xarm_1s_hardware -- -j24 -l24
[0.427s] DEBUG:colcon.colcon_core.event_handler.log_command:Invoking command in '/home/hyeon/xarm_ws/build/xarm_1s_hardware': CMAKE_PREFIX_PATH=${CMAKE_PREFIX_PATH}:/opt/ros/jazzy /usr/bin/cmake --install /home/hyeon/xarm_ws/build/xarm_1s_hardware
[0.453s] Level 1:colcon.colcon_core.environment:create_environment_scripts_only(xarm_1s_hardware)
[0.453s] Level 1:colcon.colcon_core.environment:checking '/home/hyeon/xarm_ws/install/xarm_1s_hardware' for CMake module files
[0.454s] DEBUG:colcon.colcon_core.event_handler.log_command:Invoked command in '/home/hyeon/xarm_ws/build/xarm_1s_hardware' returned '0': CMAKE_PREFIX_PATH=${CMAKE_PREFIX_PATH}:/opt/ros/jazzy /usr/bin/cmake --install /home/hyeon/xarm_ws/build/xarm_1s_hardware
[0.455s] Level 1:colcon.colcon_core.environment:checking '/home/hyeon/xarm_ws/install/xarm_1s_hardware' for CMake config files
[0.455s] Level 1:colcon.colcon_core.shell:create_environment_hook('xarm_1s_hardware', 'cmake_prefix_path')
[0.455s] INFO:colcon.colcon_core.shell:Creating environment hook '/home/hyeon/xarm_ws/install/xarm_1s_hardware/share/xarm_1s_hardware/hook/cmake_prefix_path.ps1'
[0.456s] INFO:colcon.colcon_core.shell:Creating environment descriptor '/home/hyeon/xarm_ws/install/xarm_1s_hardware/share/xarm_1s_hardware/hook/cmake_prefix_path.dsv'
[0.456s] INFO:colcon.colcon_core.shell:Creating environment hook '/home/hyeon/xarm_ws/install/xarm_1s_hardware/share/xarm_1s_hardware/hook/cmake_prefix_path.sh'
[0.456s] Level 1:colcon.colcon_core.environment:checking '/home/hyeon/xarm_ws/install/xarm_1s_hardware/lib'
[0.457s] Level 1:colcon.colcon_core.shell:create_environment_hook('xarm_1s_hardware', 'ld_library_path_lib')
[0.457s] INFO:colcon.colcon_core.shell:Creating environment hook '/home/hyeon/xarm_ws/install/xarm_1s_hardware/share/xarm_1s_hardware/hook/ld_library_path_lib.ps1'
[0.457s] INFO:colcon.colcon_core.shell:Creating environment descriptor '/home/hyeon/xarm_ws/install/xarm_1s_hardware/share/xarm_1s_hardware/hook/ld_library_path_lib.dsv'
[0.457s] INFO:colcon.colcon_core.shell:Creating environment hook '/home/hyeon/xarm_ws/install/xarm_1s_hardware/share/xarm_1s_hardware/hook/ld_library_path_lib.sh'
[0.458s] Level 1:colcon.colcon_core.environment:checking '/home/hyeon/xarm_ws/install/xarm_1s_hardware/bin'
[0.458s] Level 1:colcon.colcon_core.environment:checking '/home/hyeon/xarm_ws/install/xarm_1s_hardware/lib/pkgconfig/xarm_1s_hardware.pc'
[0.458s] Level 1:colcon.colcon_core.environment:checking '/home/hyeon/xarm_ws/install/xarm_1s_hardware/lib/python3.12/site-packages'
[0.458s] Level 1:colcon.colcon_core.environment:checking '/home/hyeon/xarm_ws/install/xarm_1s_hardware/bin'
[0.458s] INFO:colcon.colcon_core.shell:Creating package script '/home/hyeon/xarm_ws/install/xarm_1s_hardware/share/xarm_1s_hardware/package.ps1'
[0.459s] INFO:colcon.colcon_core.shell:Creating package descriptor '/home/hyeon/xarm_ws/install/xarm_1s_hardware/share/xarm_1s_hardware/package.dsv'
[0.459s] INFO:colcon.colcon_core.shell:Creating package script '/home/hyeon/xarm_ws/install/xarm_1s_hardware/share/xarm_1s_hardware/package.sh'
[0.459s] INFO:colcon.colcon_core.shell:Creating package script '/home/hyeon/xarm_ws/install/xarm_1s_hardware/share/xarm_1s_hardware/package.bash'
[0.459s] INFO:colcon.colcon_core.shell:Creating package script '/home/hyeon/xarm_ws/install/xarm_1s_hardware/share/xarm_1s_hardware/package.zsh'
[0.460s] Level 1:colcon.colcon_core.environment:create_file_with_runtime_dependencies(/home/hyeon/xarm_ws/install/xarm_1s_hardware/share/colcon-core/packages/xarm_1s_hardware)
[0.460s] Level 1:colcon.colcon_core.environment:create_environment_scripts_only(xarm_1s_hardware)
[0.460s] Level 1:colcon.colcon_core.environment:checking '/home/hyeon/xarm_ws/install/xarm_1s_hardware' for CMake module files
[0.460s] Level 1:colcon.colcon_core.environment:checking '/home/hyeon/xarm_ws/install/xarm_1s_hardware' for CMake config files
[0.461s] Level 1:colcon.colcon_core.shell:create_environment_hook('xarm_1s_hardware', 'cmake_prefix_path')
[0.461s] INFO:colcon.colcon_core.shell:Creating environment hook '/home/hyeon/xarm_ws/install/xarm_1s_hardware/share/xarm_1s_hardware/hook/cmake_prefix_path.ps1'
[0.461s] INFO:colcon.colcon_core.shell:Creating environment descriptor '/home/hyeon/xarm_ws/install/xarm_1s_hardware/share/xarm_1s_hardware/hook/cmake_prefix_path.dsv'
[0.461s] INFO:colcon.colcon_core.shell:Creating environment hook '/home/hyeon/xarm_ws/install/xarm_1s_hardware/share/xarm_1s_hardware/hook/cmake_prefix_path.sh'
[0.462s] Level 1:colcon.colcon_core.environment:checking '/home/hyeon/xarm_ws/install/xarm_1s_hardware/lib'
[0.462s] Level 1:colcon.colcon_core.shell:create_environment_hook('xarm_1s_hardware', 'ld_library_path_lib')
[0.462s] INFO:colcon.colcon_core.shell:Creating environment hook '/home/hyeon/xarm_ws/install/xarm_1s_hardware/share/xarm_1s_hardware/hook/ld_library_path_lib.ps1'
[0.462s] INFO:colcon.colcon_core.shell:Creating environment descriptor '/home/hyeon/xarm_ws/install/xarm_1s_hardware/share/xarm_1s_hardware/hook/ld_library_path_lib.dsv'
[0.462s] INFO:colcon.colcon_core.shell:Creating environment hook '/home/hyeon/xarm_ws/install/xarm_1s_hardware/share/xarm_1s_hardware/hook/ld_library_path_lib.sh'
[0.462s] Level 1:colcon.colcon_core.environment:checking '/home/hyeon/xarm_ws/install/xarm_1s_hardware/bin'
[0.463s] Level 1:colcon.colcon_core.environment:checking '/home/hyeon/xarm_ws/install/xarm_1s_hardware/lib/pkgconfig/xarm_1s_hardware.pc'
[0.463s] Level 1:colcon.colcon_core.environment:checking '/home/hyeon/xarm_ws/install/xarm_1s_hardware/lib/python3.12/site-packages'
[0.463s] Level 1:colcon.colcon_core.environment:checking '/home/hyeon/xarm_ws/install/xarm_1s_hardware/bin'
[0.463s] INFO:colcon.colcon_core.shell:Creating package script '/home/hyeon/xarm_ws/install/xarm_1s_hardware/share/xarm_1s_hardware/package.ps1'
[0.464s] INFO:colcon.colcon_core.shell:Creating package descriptor '/home/hyeon/xarm_ws/install/xarm_1s_hardware/share/xarm_1s_hardware/package.dsv'
[0.464s] INFO:colcon.colcon_core.shell:Creating package script '/home/hyeon/xarm_ws/install/xarm_1s_hardware/share/xarm_1s_hardware/package.sh'
[0.464s] INFO:colcon.colcon_core.shell:Creating package script '/home/hyeon/xarm_ws/install/xarm_1s_hardware/share/xarm_1s_hardware/package.bash'
[0.465s] INFO:colcon.colcon_core.shell:Creating package script '/home/hyeon/xarm_ws/install/xarm_1s_hardware/share/xarm_1s_hardware/package.zsh'
[0.465s] Level 1:colcon.colcon_core.environment:create_file_with_runtime_dependencies(/home/hyeon/xarm_ws/install/xarm_1s_hardware/share/colcon-core/packages/xarm_1s_hardware)
[8.464s] DEBUG:colcon.colcon_core.event_handler.log_command:Invoked command in '/home/hyeon/xarm_ws/build/xarm_1s_moveit_config' returned '0': CMAKE_PREFIX_PATH=${CMAKE_PREFIX_PATH}:/opt/ros/jazzy /usr/bin/cmake /home/hyeon/xarm_ws/src/xarm_1s_moveit_config -DCMAKE_INSTALL_PREFIX=/home/hyeon/xarm_ws/install/xarm_1s_moveit_config
[8.466s] DEBUG:colcon.colcon_core.event_handler.log_command:Invoking command in '/home/hyeon/xarm_ws/build/xarm_1s_moveit_config': CMAKE_PREFIX_PATH=${CMAKE_PREFIX_PATH}:/opt/ros/jazzy /usr/bin/cmake --build /home/hyeon/xarm_ws/build/xarm_1s_moveit_config -- -j24 -l24
[8.494s] DEBUG:colcon.colcon_core.event_handler.log_command:Invoked command in '/home/hyeon/xarm_ws/build/xarm_1s_moveit_config' returned '0': CMAKE_PREFIX_PATH=${CMAKE_PREFIX_PATH}:/opt/ros/jazzy /usr/bin/cmake --build /home/hyeon/xarm_ws/build/xarm_1s_moveit_config -- -j24 -l24
[8.495s] DEBUG:colcon.colcon_core.event_handler.log_command:Invoking command in '/home/hyeon/xarm_ws/build/xarm_1s_moveit_config': CMAKE_PREFIX_PATH=${CMAKE_PREFIX_PATH}:/opt/ros/jazzy /usr/bin/cmake --install /home/hyeon/xarm_ws/build/xarm_1s_moveit_config
[8.515s] Level 1:colcon.colcon_core.environment:create_environment_scripts_only(xarm_1s_moveit_config)
[8.515s] Level 1:colcon.colcon_core.environment:checking '/home/hyeon/xarm_ws/install/xarm_1s_moveit_config' for CMake module files
[8.516s] DEBUG:colcon.colcon_core.event_handler.log_command:Invoked command in '/home/hyeon/xarm_ws/build/xarm_1s_moveit_config' returned '0': CMAKE_PREFIX_PATH=${CMAKE_PREFIX_PATH}:/opt/ros/jazzy /usr/bin/cmake --install /home/hyeon/xarm_ws/build/xarm_1s_moveit_config
[8.516s] Level 1:colcon.colcon_core.environment:checking '/home/hyeon/xarm_ws/install/xarm_1s_moveit_config' for CMake config files
[8.517s] Level 1:colcon.colcon_core.shell:create_environment_hook('xarm_1s_moveit_config', 'cmake_prefix_path')
[8.517s] INFO:colcon.colcon_core.shell:Creating environment hook '/home/hyeon/xarm_ws/install/xarm_1s_moveit_config/share/xarm_1s_moveit_config/hook/cmake_prefix_path.ps1'
[8.517s] INFO:colcon.colcon_core.shell:Creating environment descriptor '/home/hyeon/xarm_ws/install/xarm_1s_moveit_config/share/xarm_1s_moveit_config/hook/cmake_prefix_path.dsv'
[8.517s] INFO:colcon.colcon_core.shell:Creating environment hook '/home/hyeon/xarm_ws/install/xarm_1s_moveit_config/share/xarm_1s_moveit_config/hook/cmake_prefix_path.sh'
[8.518s] Level 1:colcon.colcon_core.environment:checking '/home/hyeon/xarm_ws/install/xarm_1s_moveit_config/bin'
[8.518s] Level 1:colcon.colcon_core.environment:checking '/home/hyeon/xarm_ws/install/xarm_1s_moveit_config/lib/pkgconfig/xarm_1s_moveit_config.pc'
[8.518s] Level 1:colcon.colcon_core.environment:checking '/home/hyeon/xarm_ws/install/xarm_1s_moveit_config/lib/python3.12/site-packages'
[8.518s] Level 1:colcon.colcon_core.environment:checking '/home/hyeon/xarm_ws/install/xarm_1s_moveit_config/bin'
[8.518s] INFO:colcon.colcon_core.shell:Creating package script '/home/hyeon/xarm_ws/install/xarm_1s_moveit_config/share/xarm_1s_moveit_config/package.ps1'
[8.518s] INFO:colcon.colcon_core.shell:Creating package descriptor '/home/hyeon/xarm_ws/install/xarm_1s_moveit_config/share/xarm_1s_moveit_config/package.dsv'
[8.518s] INFO:colcon.colcon_core.shell:Creating package script '/home/hyeon/xarm_ws/install/xarm_1s_moveit_config/share/xarm_1s_moveit_config/package.sh'
[8.519s] INFO:colcon.colcon_core.shell:Creating package script '/home/hyeon/xarm_ws/install/xarm_1s_moveit_config/share/xarm_1s_moveit_config/package.bash'
[8.519s] INFO:colcon.colcon_core.shell:Creating package script '/home/hyeon/xarm_ws/install/xarm_1s_moveit_config/share/xarm_1s_moveit_config/package.zsh'
[8.519s] Level 1:colcon.colcon_core.environment:create_file_with_runtime_dependencies(/home/hyeon/xarm_ws/install/xarm_1s_moveit_config/share/colcon-core/packages/xarm_1s_moveit_config)
[8.519s] Level 1:colcon.colcon_core.environment:create_environment_scripts_only(xarm_1s_moveit_config)
[8.519s] Level 1:colcon.colcon_core.environment:checking '/home/hyeon/xarm_ws/install/xarm_1s_moveit_config' for CMake module files
[8.519s] Level 1:colcon.colcon_core.environment:checking '/home/hyeon/xarm_ws/install/xarm_1s_moveit_config' for CMake config files
[8.519s] Level 1:colcon.colcon_core.shell:create_environment_hook('xarm_1s_moveit_config', 'cmake_prefix_path')
[8.520s] INFO:colcon.colcon_core.shell:Creating environment hook '/home/hyeon/xarm_ws/install/xarm_1s_moveit_config/share/xarm_1s_moveit_config/hook/cmake_prefix_path.ps1'
[8.520s] INFO:colcon.colcon_core.shell:Creating environment descriptor '/home/hyeon/xarm_ws/install/xarm_1s_moveit_config/share/xarm_1s_moveit_config/hook/cmake_prefix_path.dsv'
[8.520s] INFO:colcon.colcon_core.shell:Creating environment hook '/home/hyeon/xarm_ws/install/xarm_1s_moveit_config/share/xarm_1s_moveit_config/hook/cmake_prefix_path.sh'
[8.520s] Level 1:colcon.colcon_core.environment:checking '/home/hyeon/xarm_ws/install/xarm_1s_moveit_config/bin'
[8.520s] Level 1:colcon.colcon_core.environment:checking '/home/hyeon/xarm_ws/install/xarm_1s_moveit_config/lib/pkgconfig/xarm_1s_moveit_config.pc'
[8.520s] Level 1:colcon.colcon_core.environment:checking '/home/hyeon/xarm_ws/install/xarm_1s_moveit_config/lib/python3.12/site-packages'
[8.520s] Level 1:colcon.colcon_core.environment:checking '/home/hyeon/xarm_ws/install/xarm_1s_moveit_config/bin'
[8.521s] INFO:colcon.colcon_core.shell:Creating package script '/home/hyeon/xarm_ws/install/xarm_1s_moveit_config/share/xarm_1s_moveit_config/package.ps1'
[8.521s] INFO:colcon.colcon_core.shell:Creating package descriptor '/home/hyeon/xarm_ws/install/xarm_1s_moveit_config/share/xarm_1s_moveit_config/package.dsv'
[8.521s] INFO:colcon.colcon_core.shell:Creating package script '/home/hyeon/xarm_ws/install/xarm_1s_moveit_config/share/xarm_1s_moveit_config/package.sh'
[8.521s] INFO:colcon.colcon_core.shell:Creating package script '/home/hyeon/xarm_ws/install/xarm_1s_moveit_config/share/xarm_1s_moveit_config/package.bash'
[8.521s] INFO:colcon.colcon_core.shell:Creating package script '/home/hyeon/xarm_ws/install/xarm_1s_moveit_config/share/xarm_1s_moveit_config/package.zsh'
[8.522s] Level 1:colcon.colcon_core.environment:create_file_with_runtime_dependencies(/home/hyeon/xarm_ws/install/xarm_1s_moveit_config/share/colcon-core/packages/xarm_1s_moveit_config)
[8.522s] INFO:colcon.colcon_ros.task.ament_cmake.build:Building ROS package in '/home/hyeon/xarm_ws/src/mtc' with build type 'ament_cmake'
[8.522s] INFO:colcon.colcon_cmake.task.cmake.build:Building CMake package in '/home/hyeon/xarm_ws/src/mtc'
[8.522s] INFO:colcon.colcon_core.shell:Skip shell extension 'powershell' for command environment: Not usable outside of PowerShell
[8.522s] DEBUG:colcon.colcon_core.shell:Skip shell extension 'dsv' for command environment
[8.596s] DEBUG:colcon.colcon_core.event_handler.log_command:Invoking command in '/home/hyeon/xarm_ws/build/mtc': CMAKE_PREFIX_PATH=/home/hyeon/xarm_ws/install/xarm_1s_moveit_config:/home/hyeon/xarm_ws/install/mtc:/home/hyeon/xarm_ws/install/xarm_1s_hardware:/home/hyeon/xarm_ws/install/xarm_1s_description:/opt/ros/jazzy/opt/sdformat_vendor:/opt/ros/jazzy/opt/gz_math_vendor:/opt/ros/jazzy/opt/gz_utils_vendor:/opt/ros/jazzy/opt/gz_tools_vendor:/opt/ros/jazzy/opt/gz_cmake_vendor:/opt/ros/jazzy /usr/bin/cmake /home/hyeon/xarm_ws/src/mtc -DCMAKE_INSTALL_PREFIX=/home/hyeon/xarm_ws/install/mtc
[11.273s] DEBUG:colcon.colcon_core.event_handler.log_command:Invoked command in '/home/hyeon/xarm_ws/build/mtc' returned '0': CMAKE_PREFIX_PATH=/home/hyeon/xarm_ws/install/xarm_1s_moveit_config:/home/hyeon/xarm_ws/install/mtc:/home/hyeon/xarm_ws/install/xarm_1s_hardware:/home/hyeon/xarm_ws/install/xarm_1s_description:/opt/ros/jazzy/opt/sdformat_vendor:/opt/ros/jazzy/opt/gz_math_vendor:/opt/ros/jazzy/opt/gz_utils_vendor:/opt/ros/jazzy/opt/gz_tools_vendor:/opt/ros/jazzy/opt/gz_cmake_vendor:/opt/ros/jazzy /usr/bin/cmake /home/hyeon/xarm_ws/src/mtc -DCMAKE_INSTALL_PREFIX=/home/hyeon/xarm_ws/install/mtc
[11.274s] DEBUG:colcon.colcon_core.event_handler.log_command:Invoking command in '/home/hyeon/xarm_ws/build/mtc': CMAKE_PREFIX_PATH=/home/hyeon/xarm_ws/install/xarm_1s_moveit_config:/home/hyeon/xarm_ws/install/mtc:/home/hyeon/xarm_ws/install/xarm_1s_hardware:/home/hyeon/xarm_ws/install/xarm_1s_description:/opt/ros/jazzy/opt/sdformat_vendor:/opt/ros/jazzy/opt/gz_math_vendor:/opt/ros/jazzy/opt/gz_utils_vendor:/opt/ros/jazzy/opt/gz_tools_vendor:/opt/ros/jazzy/opt/gz_cmake_vendor:/opt/ros/jazzy /usr/bin/cmake --build /home/hyeon/xarm_ws/build/mtc -- -j24 -l24
[11.368s] DEBUG:colcon.colcon_core.event_handler.log_command:Invoked command in '/home/hyeon/xarm_ws/build/mtc' returned '0': CMAKE_PREFIX_PATH=/home/hyeon/xarm_ws/install/xarm_1s_moveit_config:/home/hyeon/xarm_ws/install/mtc:/home/hyeon/xarm_ws/install/xarm_1s_hardware:/home/hyeon/xarm_ws/install/xarm_1s_description:/opt/ros/jazzy/opt/sdformat_vendor:/opt/ros/jazzy/opt/gz_math_vendor:/opt/ros/jazzy/opt/gz_utils_vendor:/opt/ros/jazzy/opt/gz_tools_vendor:/opt/ros/jazzy/opt/gz_cmake_vendor:/opt/ros/jazzy /usr/bin/cmake --build /home/hyeon/xarm_ws/build/mtc -- -j24 -l24
[11.370s] DEBUG:colcon.colcon_core.event_handler.log_command:Invoking command in '/home/hyeon/xarm_ws/build/mtc': CMAKE_PREFIX_PATH=/home/hyeon/xarm_ws/install/xarm_1s_moveit_config:/home/hyeon/xarm_ws/install/mtc:/home/hyeon/xarm_ws/install/xarm_1s_hardware:/home/hyeon/xarm_ws/install/xarm_1s_description:/opt/ros/jazzy/opt/sdformat_vendor:/opt/ros/jazzy/opt/gz_math_vendor:/opt/ros/jazzy/opt/gz_utils_vendor:/opt/ros/jazzy/opt/gz_tools_vendor:/opt/ros/jazzy/opt/gz_cmake_vendor:/opt/ros/jazzy /usr/bin/cmake --install /home/hyeon/xarm_ws/build/mtc
[11.386s] Level 1:colcon.colcon_core.environment:create_environment_scripts_only(mtc)
[11.387s] Level 1:colcon.colcon_core.environment:checking '/home/hyeon/xarm_ws/install/mtc' for CMake module files
[11.388s] DEBUG:colcon.colcon_core.event_handler.log_command:Invoked command in '/home/hyeon/xarm_ws/build/mtc' returned '0': CMAKE_PREFIX_PATH=/home/hyeon/xarm_ws/install/xarm_1s_moveit_config:/home/hyeon/xarm_ws/install/mtc:/home/hyeon/xarm_ws/install/xarm_1s_hardware:/home/hyeon/xarm_ws/install/xarm_1s_description:/opt/ros/jazzy/opt/sdformat_vendor:/opt/ros/jazzy/opt/gz_math_vendor:/opt/ros/jazzy/opt/gz_utils_vendor:/opt/ros/jazzy/opt/gz_tools_vendor:/opt/ros/jazzy/opt/gz_cmake_vendor:/opt/ros/jazzy /usr/bin/cmake --install /home/hyeon/xarm_ws/build/mtc
[11.388s] Level 1:colcon.colcon_core.environment:checking '/home/hyeon/xarm_ws/install/mtc' for CMake config files
[11.388s] Level 1:colcon.colcon_core.shell:create_environment_hook('mtc', 'cmake_prefix_path')
[11.388s] INFO:colcon.colcon_core.shell:Creating environment hook '/home/hyeon/xarm_ws/install/mtc/share/mtc/hook/cmake_prefix_path.ps1'
[11.388s] INFO:colcon.colcon_core.shell:Creating environment descriptor '/home/hyeon/xarm_ws/install/mtc/share/mtc/hook/cmake_prefix_path.dsv'
[11.389s] INFO:colcon.colcon_core.shell:Creating environment hook '/home/hyeon/xarm_ws/install/mtc/share/mtc/hook/cmake_prefix_path.sh'
[11.389s] Level 1:colcon.colcon_core.environment:checking '/home/hyeon/xarm_ws/install/mtc/lib'
[11.389s] Level 1:colcon.colcon_core.environment:checking '/home/hyeon/xarm_ws/install/mtc/bin'
[11.389s] Level 1:colcon.colcon_core.environment:checking '/home/hyeon/xarm_ws/install/mtc/lib/pkgconfig/mtc.pc'
[11.389s] Level 1:colcon.colcon_core.environment:checking '/home/hyeon/xarm_ws/install/mtc/lib/python3.12/site-packages'
[11.389s] Level 1:colcon.colcon_core.environment:checking '/home/hyeon/xarm_ws/install/mtc/bin'
[11.389s] INFO:colcon.colcon_core.shell:Creating package script '/home/hyeon/xarm_ws/install/mtc/share/mtc/package.ps1'
[11.390s] INFO:colcon.colcon_core.shell:Creating package descriptor '/home/hyeon/xarm_ws/install/mtc/share/mtc/package.dsv'
[11.390s] INFO:colcon.colcon_core.shell:Creating package script '/home/hyeon/xarm_ws/install/mtc/share/mtc/package.sh'
[11.390s] INFO:colcon.colcon_core.shell:Creating package script '/home/hyeon/xarm_ws/install/mtc/share/mtc/package.bash'
[11.390s] INFO:colcon.colcon_core.shell:Creating package script '/home/hyeon/xarm_ws/install/mtc/share/mtc/package.zsh'
[11.390s] Level 1:colcon.colcon_core.environment:create_file_with_runtime_dependencies(/home/hyeon/xarm_ws/install/mtc/share/colcon-core/packages/mtc)
[11.390s] Level 1:colcon.colcon_core.environment:create_environment_scripts_only(mtc)
[11.390s] Level 1:colcon.colcon_core.environment:checking '/home/hyeon/xarm_ws/install/mtc' for CMake module files
[11.391s] Level 1:colcon.colcon_core.environment:checking '/home/hyeon/xarm_ws/install/mtc' for CMake config files
[11.391s] Level 1:colcon.colcon_core.shell:create_environment_hook('mtc', 'cmake_prefix_path')
[11.391s] INFO:colcon.colcon_core.shell:Creating environment hook '/home/hyeon/xarm_ws/install/mtc/share/mtc/hook/cmake_prefix_path.ps1'
[11.391s] INFO:colcon.colcon_core.shell:Creating environment descriptor '/home/hyeon/xarm_ws/install/mtc/share/mtc/hook/cmake_prefix_path.dsv'
[11.391s] INFO:colcon.colcon_core.shell:Creating environment hook '/home/hyeon/xarm_ws/install/mtc/share/mtc/hook/cmake_prefix_path.sh'
[11.391s] Level 1:colcon.colcon_core.environment:checking '/home/hyeon/xarm_ws/install/mtc/lib'
[11.391s] Level 1:colcon.colcon_core.environment:checking '/home/hyeon/xarm_ws/install/mtc/bin'
[11.391s] Level 1:colcon.colcon_core.environment:checking '/home/hyeon/xarm_ws/install/mtc/lib/pkgconfig/mtc.pc'
[11.392s] Level 1:colcon.colcon_core.environment:checking '/home/hyeon/xarm_ws/install/mtc/lib/python3.12/site-packages'
[11.392s] Level 1:colcon.colcon_core.environment:checking '/home/hyeon/xarm_ws/install/mtc/bin'
[11.392s] INFO:colcon.colcon_core.shell:Creating package script '/home/hyeon/xarm_ws/install/mtc/share/mtc/package.ps1'
[11.392s] INFO:colcon.colcon_core.shell:Creating package descriptor '/home/hyeon/xarm_ws/install/mtc/share/mtc/package.dsv'
[11.392s] INFO:colcon.colcon_core.shell:Creating package script '/home/hyeon/xarm_ws/install/mtc/share/mtc/package.sh'
[11.392s] INFO:colcon.colcon_core.shell:Creating package script '/home/hyeon/xarm_ws/install/mtc/share/mtc/package.bash'
[11.392s] INFO:colcon.colcon_core.shell:Creating package script '/home/hyeon/xarm_ws/install/mtc/share/mtc/package.zsh'
[11.393s] Level 1:colcon.colcon_core.environment:create_file_with_runtime_dependencies(/home/hyeon/xarm_ws/install/mtc/share/colcon-core/packages/mtc)
[11.393s] DEBUG:colcon.colcon_parallel_executor.executor.parallel:closing loop
[11.393s] DEBUG:colcon.colcon_parallel_executor.executor.parallel:loop closed
[11.393s] DEBUG:colcon.colcon_parallel_executor.executor.parallel:run_until_complete finished with '0'
[11.393s] DEBUG:colcon.colcon_core.event_reactor:joining thread
[11.458s] INFO:colcon.colcon_core.plugin_system:Skipping extension 'colcon_notification.desktop_notification.notify_send': Could not find 'notify-send'
[11.458s] INFO:colcon.colcon_core.plugin_system:Skipping extension 'colcon_notification.desktop_notification.terminal_notifier': Not used on non-Darwin systems
[11.458s] INFO:colcon.colcon_core.plugin_system:Skipping extension 'colcon_notification.desktop_notification.win32': Not used on non-Windows systems
[11.458s] INFO:colcon.colcon_notification.desktop_notification:Sending desktop notification using 'notify2'
[11.459s] DEBUG:colcon.colcon_notification.desktop_notification.notify2:Failed to initialize notify2: org.freedesktop.DBus.Error.ServiceUnknown: The name org.freedesktop.Notifications was not provided by any .service files
[11.459s] DEBUG:colcon.colcon_core.event_reactor:joined thread
[11.460s] INFO:colcon.colcon_core.shell:Creating prefix script '/home/hyeon/xarm_ws/install/local_setup.ps1'
[11.460s] INFO:colcon.colcon_core.shell:Creating prefix util module '/home/hyeon/xarm_ws/install/_local_setup_util_ps1.py'
[11.461s] INFO:colcon.colcon_core.shell:Creating prefix chain script '/home/hyeon/xarm_ws/install/setup.ps1'
[11.461s] INFO:colcon.colcon_core.shell:Creating prefix script '/home/hyeon/xarm_ws/install/local_setup.sh'
[11.461s] INFO:colcon.colcon_core.shell:Creating prefix util module '/home/hyeon/xarm_ws/install/_local_setup_util_sh.py'
[11.462s] INFO:colcon.colcon_core.shell:Creating prefix chain script '/home/hyeon/xarm_ws/install/setup.sh'
[11.462s] INFO:colcon.colcon_core.shell:Creating prefix script '/home/hyeon/xarm_ws/install/local_setup.bash'
[11.463s] INFO:colcon.colcon_core.shell:Creating prefix chain script '/home/hyeon/xarm_ws/install/setup.bash'
[11.463s] INFO:colcon.colcon_core.shell:Creating prefix script '/home/hyeon/xarm_ws/install/local_setup.zsh'
[11.463s] INFO:colcon.colcon_core.shell:Creating prefix chain script '/home/hyeon/xarm_ws/install/setup.zsh'
