[0.007s] Invoking command in '/home/hyeonsu/xarm_ws/build/mtc': DEBUGINFOD_URLS=https://debuginfod.ubuntu.com /usr/bin/cmake --build /home/hyeonsu/xarm_ws/build/mtc -- -j24 -l24
[0.061s] -- Found ament_cmake: 2.5.5 (/opt/ros/jazzy/share/ament_cmake/cmake)
[1.081s] Traceback (most recent call last):
[1.081s]   File "/opt/ros/jazzy/share/ament_cmake_core/cmake/package_templates/templates_2_cmake.py", line 21, in <module>
[1.081s]     from ament_package.templates import get_environment_hook_template_path
[1.081s] ModuleNotFoundError: No module named 'ament_package'
[1.102s] CMake Error at /opt/ros/jazzy/share/ament_cmake_core/cmake/ament_cmake_package_templates-extras.cmake:41 (message):
[1.102s]   execute_process(/usr/bin/python3
[1.102s]   /opt/ros/jazzy/share/ament_cmake_core/cmake/package_templates/templates_2_cmake.py
[1.102s]   /home/hyeonsu/xarm_ws/build/mtc/ament_cmake_package_templates/templates.cmake)
[1.102s]   returned error code 1
[1.102s] Call Stack (most recent call first):
[1.102s]   /opt/ros/jazzy/share/ament_cmake_core/cmake/ament_cmake_coreConfig.cmake:41 (include)
[1.103s]   /opt/ros/jazzy/share/ament_cmake/cmake/ament_cmake_export_dependencies-extras.cmake:15 (find_package)
[1.103s]   /opt/ros/jazzy/share/ament_cmake/cmake/ament_cmakeConfig.cmake:41 (include)
[1.103s]   CMakeLists.txt:11 (find_package)
[1.103s] 
[1.103s] 
[1.103s] -- Configuring incomplete, errors occurred!
[1.105s] gmake: *** [Makefile:267: cmake_check_build_system] Error 1
[1.107s] Invoked command in '/home/hyeonsu/xarm_ws/build/mtc' returned '2': DEBUGINFOD_URLS=https://debuginfod.ubuntu.com /usr/bin/cmake --build /home/hyeonsu/xarm_ws/build/mtc -- -j24 -l24
