[0.000000] (-) TimerEvent: {}
[0.000184] (-) JobUnselected: {'identifier': 'xarm_1s_description'}
[0.000341] (-) JobUnselected: {'identifier': 'xarm_1s_moveit_config'}
[0.000382] (mtc) JobQueued: {'identifier': 'mtc', 'dependencies': OrderedDict({'xarm_1s_moveit_config': '/home/hyeonsu/xarm_ws/install/xarm_1s_moveit_config'})}
[0.000470] (mtc) JobStarted: {'identifier': 'mtc'}
[0.006761] (mtc) JobProgress: {'identifier': 'mtc', 'progress': 'cmake'}
[0.007320] (mtc) JobProgress: {'identifier': 'mtc', 'progress': 'build'}
[0.007975] (mtc) Command: {'cmd': ['/usr/bin/cmake', '--build', '/home/hyeonsu/xarm_ws/build/mtc', '--', '-j24', '-l24'], 'cwd': '/home/hyeonsu/xarm_ws/build/mtc', 'env': OrderedDict({'GJS_DEBUG_TOPICS': 'JS ERROR;JS LOG', 'LESSOPEN': '| /usr/bin/lesspipe %s', 'VSCODE_CWD': '/home/hyeonsu', 'CURSOR_EXTENSION_HOST_ROLE': 'agent-exec', 'VSCODE_ESM_ENTRYPOINT': 'vs/workbench/api/node/extensionHostProcess', 'GZ_SIM_RESOURCE_PATH': '/opt/ros/jazzy/share', 'USER': 'hyeonsu', 'VSCODE_NLS_CONFIG': '{"userLocale":"en-us","osLocale":"en-us","resolvedLanguage":"en","defaultMessagesFile":"/usr/share/cursor/resources/app/out/nls.messages.json","locale":"en-us","availableLanguages":{}}', 'GZ_CONFIG_PATH': '/opt/ros/jazzy/opt/gz_sim_vendor/share/gz:/opt/ros/jazzy/opt/sdformat_vendor/share/gz:/opt/ros/jazzy/opt/gz_gui_vendor/share/gz:/opt/ros/jazzy/opt/gz_transport_vendor/share/gz:/opt/ros/jazzy/opt/gz_rendering_vendor/share/gz:/opt/ros/jazzy/opt/gz_plugin_vendor/share/gz:/opt/ros/jazzy/opt/gz_fuel_tools_vendor/share/gz:/opt/ros/jazzy/opt/gz_msgs_vendor/share/gz:/opt/ros/jazzy/opt/gz_common_vendor/share/gz', 'CI': '1', 'VSCODE_HANDLES_UNCAUGHT_ERRORS': 'true', 'XDG_SESSION_TYPE': 'wayland', 'CLUTTER_DISABLE_MIPMAPPED_TEXT': '1', 'SHLVL': '1', 'LD_LIBRARY_PATH': '/opt/ros/jazzy/opt/gz_sim_vendor/lib:/opt/ros/jazzy/opt/gz_sensors_vendor/lib:/opt/ros/jazzy/opt/gz_physics_vendor/lib:/opt/ros/jazzy/opt/sdformat_vendor/lib:/opt/ros/jazzy/opt/rviz_ogre_vendor/lib:/opt/ros/jazzy/lib/x86_64-linux-gnu:/opt/ros/jazzy/opt/gz_gui_vendor/lib:/opt/ros/jazzy/opt/gz_transport_vendor/lib:/opt/ros/jazzy/opt/gz_rendering_vendor/lib:/opt/ros/jazzy/opt/gz_plugin_vendor/lib:/opt/ros/jazzy/opt/gz_fuel_tools_vendor/lib:/opt/ros/jazzy/opt/gz_msgs_vendor/lib:/opt/ros/jazzy/opt/gz_common_vendor/lib:/opt/ros/jazzy/opt/gz_math_vendor/lib:/opt/ros/jazzy/opt/gz_utils_vendor/lib:/opt/ros/jazzy/opt/gz_tools_vendor/lib:/opt/ros/jazzy/opt/gz_ogre_next_vendor/lib:/opt/ros/jazzy/opt/gz_dartsim_vendor/lib:/opt/ros/jazzy/opt/gz_cmake_vendor/lib:/opt/ros/jazzy/lib', 'HOME': '/home/hyeonsu', 'CHROME_DESKTOP': 'cursor.desktop', 'OLDPWD': '/home/hyeonsu/xarm_ws', 'DESKTOP_SESSION': 'ubuntu', 'VSCODE_IPC_HOOK': '/run/user/1000/vscode-102b83de-2.6.-main.sock', 'GIO_LAUNCHED_DESKTOP_FILE': '/usr/share/applications/cursor.desktop', 'ROS_PYTHON_VERSION': '3', 'GNOME_SHELL_SESSION_MODE': 'ubuntu', 'GTK_MODULES': 'gail:atk-bridge:appmenu-gtk-module', 'CURSOR_WORKSPACE_LABEL': 'hyeonsu', 'MANAGERPID': '2610', 'SYSTEMD_EXEC_PID': '2872', 'IM_CONFIG_CHECK_ENV': '1', 'GSM_SKIP_SSH_AGENT_WORKAROUND': 'true', 'NO_COLOR': '1', 'DBUS_SESSION_BUS_ADDRESS': 'unix:path=/run/user/1000/bus', 'GIO_LAUNCHED_DESKTOP_FILE_PID': '4267', 'VSCODE_CRASH_REPORTER_PROCESS_TYPE': 'extensionHost', 'DEBUGINFOD_URLS': 'https://debuginfod.ubuntu.com', 'IM_CONFIG_PHASE': '1', 'WAYLAND_DISPLAY': 'wayland-0', 'COLCON_PREFIX_PATH': '/home/hyeonsu/xarm_ws/install', 'ROS_DISTRO': 'jazzy', 'LOGNAME': 'hyeonsu', 'FORCE_COLOR': '0', 'JOURNAL_STREAM': '9:32856', '_': '/usr/bin/colcon', 'ROS_VERSION': '2', 'MEMORY_PRESSURE_WATCH': '/sys/fs/cgroup/user.slice/user-1000.slice/user@1000.service/session.slice/org.gnome.Shell@wayland.service/memory.pressure', 'XDG_SESSION_CLASS': 'user', 'USERNAME': 'hyeonsu', 'TERM': 'dumb', 'GNOME_DESKTOP_SESSION_ID': 'this-is-deprecated', 'FC_FONTATIONS': '1', 'PATH': '/opt/ros/jazzy/opt/gz_msgs_vendor/bin:/opt/ros/jazzy/opt/gz_tools_vendor/bin:/opt/ros/jazzy/opt/gz_ogre_next_vendor/bin:/opt/ros/jazzy/bin:/home/hyeonsu/.local/bin:/home/hyeonsu/.local/bin:/home/hyeonsu/.local/bin:/usr/local/sbin:/usr/local/bin:/usr/sbin:/usr/bin:/sbin:/bin:/usr/games:/usr/local/games:/snap/bin:/snap/bin:/home/hyeonsu/.local/bin:/home/hyeonsu/.local/bin:/home/hyeonsu/.local/bin', 'SESSION_MANAGER': 'local/om:@/tmp/.ICE-unix/2838,unix/om:/tmp/.ICE-unix/2838', 'INVOCATION_ID': '3bb8fa1cdf0f488b867aec45224d355b', 'XDG_MENU_PREFIX': 'gnome-', 'VSCODE_PROCESS_TITLE': 'extension-host (agent-exec) hyeonsu [1-3]', 'GNOME_SETUP_DISPLAY': ':1', 'XDG_RUNTIME_DIR': '/run/user/1000', 'GDK_BACKEND': 'wayland', 'CURSOR_AGENT': '1', 'DISPLAY': ':0', 'LANG': 'en_US.UTF-8', 'XDG_CURRENT_DESKTOP': 'ubuntu:GNOME', 'XMODIFIERS': '@im=ibus', 'XDG_SESSION_DESKTOP': 'ubuntu', 'XAUTHORITY': '/run/user/1000/.mutter-Xwaylandauth.9YRHM3', 'LS_COLORS': '', 'SBX_CHROME_API_RQ': '1', 'CURSOR_TRACE_ID': '1bccd7047d18468daa4bfaca4afdbce9', 'SSH_AUTH_SOCK': '/run/user/1000/keyring/ssh', 'AMENT_PREFIX_PATH': '/home/hyeonsu/xarm_ws/install/mtc:/home/hyeonsu/xarm_ws/install/xarm_1s_moveit_config:/home/hyeonsu/xarm_ws/install/xarm_1s_description:/opt/ros/jazzy', 'SHELL': '/bin/bash', 'QT_ACCESSIBILITY': '1', 'GDMSESSION': 'ubuntu', 'LESSCLOSE': '/usr/bin/lesspipe %s %s', 'GJS_DEBUG_OUTPUT': 'stderr', 'ROS_AUTOMATIC_DISCOVERY_RANGE': 'SUBNET', 'QT_IM_MODULE': 'ibus', 'PWD': '/home/hyeonsu/xarm_ws/build/mtc', 'LC_ALL': 'en_US.UTF-8', 'XDG_CONFIG_DIRS': '/etc/xdg/xdg-ubuntu:/etc/xdg', 'VSCODE_CODE_CACHE_PATH': '/home/hyeonsu/.config/Cursor/CachedData/60faf7b51077ed1df1db718157bbfed740d2e160', 'XDG_DATA_DIRS': '/usr/share/ubuntu:/usr/share/gnome:/usr/local/share/:/usr/share/:/var/lib/snapd/desktop', 'QTWEBENGINE_DICTIONARIES_PATH': '/usr/share/hunspell-bdic/', 'PYTHONPATH': '/opt/ros/jazzy/lib/python3.12/site-packages', 'COLCON': '1', '_ZO_DOCTOR': '0', 'MEMORY_PRESSURE_WRITE': 'c29tZSAyMDAwMDAgMjAwMDAwMAA=', 'CMAKE_PREFIX_PATH': '/home/hyeonsu/xarm_ws/install/xarm_1s_moveit_config:/home/hyeonsu/xarm_ws/install/mtc:/home/hyeonsu/xarm_ws/install/xarm_1s_description:/opt/ros/jazzy/opt/gz_sim_vendor:/opt/ros/jazzy/opt/gz_sensors_vendor:/opt/ros/jazzy/opt/gz_physics_vendor:/opt/ros/jazzy/opt/sdformat_vendor:/opt/ros/jazzy/opt/gz_gui_vendor:/opt/ros/jazzy/opt/gz_transport_vendor:/opt/ros/jazzy/opt/gz_rendering_vendor:/opt/ros/jazzy/opt/gz_plugin_vendor:/opt/ros/jazzy/opt/gz_fuel_tools_vendor:/opt/ros/jazzy/opt/gz_msgs_vendor:/opt/ros/jazzy/opt/gz_common_vendor:/opt/ros/jazzy/opt/gz_math_vendor:/opt/ros/jazzy/opt/gz_utils_vendor:/opt/ros/jazzy/opt/gz_tools_vendor:/opt/ros/jazzy/opt/gz_ogre_next_vendor:/opt/ros/jazzy/opt/gz_dartsim_vendor:/opt/ros/jazzy/opt/gz_cmake_vendor:/opt/ros/jazzy', 'VSCODE_PID': '4267'}), 'shell': False}
[0.082202] (mtc) StdoutLine: {'line': b'[ 50%] Building CXX object CMakeFiles/mtc_node.dir/src/mtc_node.cpp.o\n'}
[0.099747] (-) TimerEvent: {}
[0.199962] (-) TimerEvent: {}
[0.300166] (-) TimerEvent: {}
[0.400375] (-) TimerEvent: {}
[0.500586] (-) TimerEvent: {}
[0.600795] (-) TimerEvent: {}
[0.700994] (-) TimerEvent: {}
[0.801192] (-) TimerEvent: {}
[0.901393] (-) TimerEvent: {}
[1.001602] (-) TimerEvent: {}
[1.101805] (-) TimerEvent: {}
[1.202014] (-) TimerEvent: {}
[1.302236] (-) TimerEvent: {}
[1.402476] (-) TimerEvent: {}
[1.502689] (-) TimerEvent: {}
[1.602902] (-) TimerEvent: {}
[1.703116] (-) TimerEvent: {}
[1.803344] (-) TimerEvent: {}
[1.903573] (-) TimerEvent: {}
[2.003788] (-) TimerEvent: {}
[2.104033] (-) TimerEvent: {}
[2.204271] (-) TimerEvent: {}
[2.304487] (-) TimerEvent: {}
[2.404705] (-) TimerEvent: {}
[2.504927] (-) TimerEvent: {}
[2.605134] (-) TimerEvent: {}
[2.705341] (-) TimerEvent: {}
[2.805580] (-) TimerEvent: {}
[2.905742] (-) TimerEvent: {}
[3.005907] (-) TimerEvent: {}
[3.106091] (-) TimerEvent: {}
[3.188400] (mtc) StderrLine: {'line': b'/home/hyeonsu/xarm_ws/src/mtc/src/mtc_node.cpp: In member function \xe2\x80\x98moveit::task_constructor::Task MTCTaskNode::createTask()\xe2\x80\x99:\n'}
[3.188568] (mtc) StderrLine: {'line': b'/home/hyeonsu/xarm_ws/src/mtc/src/mtc_node.cpp:200:29: error: no matching function for call to \xe2\x80\x98moveit::task_constructor::stages::ModifyPlanningScene::allowCollisions(const char [7], <brace-enclosed initializer list>, bool)\xe2\x80\x99\n'}
[3.188605] (mtc) StderrLine: {'line': b'  200 |       stage->allowCollisions(\n'}
[3.188630] (mtc) StderrLine: {'line': b'      |       ~~~~~~~~~~~~~~~~~~~~~~^\n'}
[3.188653] (mtc) StderrLine: {'line': b'  201 |         "object",\n'}
[3.188675] (mtc) StderrLine: {'line': b'      |         ~~~~~~~~~            \n'}
[3.188698] (mtc) StderrLine: {'line': b'  202 |         { "link1", "link1_left", "link0", "link0_left" },\n'}
[3.188720] (mtc) StderrLine: {'line': b'      |         ~~~~~~~~~~~~~~~~~~~~~~~~~~~~~~~~~~~~~~~~~~~~~~~~~\n'}
[3.188740] (mtc) StderrLine: {'line': b'  203 |         true\n'}
[3.188760] (mtc) StderrLine: {'line': b'      |         ~~~~                 \n'}
[3.188781] (mtc) StderrLine: {'line': b'  204 |       );\n'}
[3.188802] (mtc) StderrLine: {'line': b'      |       ~                      \n'}
[3.188822] (mtc) StderrLine: {'line': b'In file included from /opt/ros/jazzy/include/moveit/task_constructor/stages.h:52,\n'}
[3.188842] (mtc) StderrLine: {'line': b'                 from /home/hyeonsu/xarm_ws/src/mtc/src/mtc_node.cpp:6:\n'}
[3.188862] (mtc) StderrLine: {'line': b'/opt/ros/jazzy/include/moveit/task_constructor/stages/modify_planning_scene.h:157:14: note: candidate: \xe2\x80\x98void moveit::task_constructor::stages::ModifyPlanningScene::allowCollisions(planning_scene::PlanningScene&, const CollisionMatrixPairs&, bool)\xe2\x80\x99\n'}
[3.188884] (mtc) StderrLine: {'line': b'  157 |         void allowCollisions(planning_scene::PlanningScene& scene, const CollisionMatrixPairs& pairs, bool invert);\n'}
[3.188904] (mtc) StderrLine: {'line': b'      |              ^~~~~~~~~~~~~~~\n'}
[3.188924] (mtc) StderrLine: {'line': b'/opt/ros/jazzy/include/moveit/task_constructor/stages/modify_planning_scene.h:157:61: note:   no known conversion for argument 1 from \xe2\x80\x98const char [7]\xe2\x80\x99 to \xe2\x80\x98planning_scene::PlanningScene&\xe2\x80\x99\n'}
[3.188946] (mtc) StderrLine: {'line': b'  157 |         void allowCollisions(planning_scene::PlanningScene& scene, const CollisionMatrixPairs& pairs, bool invert);\n'}
[3.188966] (mtc) StderrLine: {'line': b'      |                              ~~~~~~~~~~~~~~~~~~~~~~~~~~~~~~~^~~~~\n'}
[3.188985] (mtc) StderrLine: {'line': b'/opt/ros/jazzy/include/moveit/task_constructor/stages/modify_planning_scene.h:116:21: note: candidate: \xe2\x80\x98template<class T1, class T2, class E1, class E2> void moveit::task_constructor::stages::ModifyPlanningScene::allowCollisions(const T1&, const T2&, bool)\xe2\x80\x99\n'}
[3.189007] (mtc) StderrLine: {'line': b'  116 |         inline void allowCollisions(const T1& first, const T2& second, bool enable_collision) {\n'}
[3.189027] (mtc) StderrLine: {'line': b'      |                     ^~~~~~~~~~~~~~~\n'}
[3.189049] (mtc) StderrLine: {'line': b'/opt/ros/jazzy/include/moveit/task_constructor/stages/modify_planning_scene.h:116:21: note:   template argument deduction/substitution failed:\n'}
[3.189069] (mtc) StderrLine: {'line': b'/home/hyeonsu/xarm_ws/src/mtc/src/mtc_node.cpp:200:29: note:   couldn\xe2\x80\x99t deduce template parameter \xe2\x80\x98T2\xe2\x80\x99\n'}
[3.189090] (mtc) StderrLine: {'line': b'  200 |       stage->allowCollisions(\n'}
[3.189109] (mtc) StderrLine: {'line': b'      |       ~~~~~~~~~~~~~~~~~~~~~~^\n'}
[3.189129] (mtc) StderrLine: {'line': b'  201 |         "object",\n'}
[3.189148] (mtc) StderrLine: {'line': b'      |         ~~~~~~~~~            \n'}
[3.189168] (mtc) StderrLine: {'line': b'  202 |         { "link1", "link1_left", "link0", "link0_left" },\n'}
[3.189187] (mtc) StderrLine: {'line': b'      |         ~~~~~~~~~~~~~~~~~~~~~~~~~~~~~~~~~~~~~~~~~~~~~~~~~\n'}
[3.189206] (mtc) StderrLine: {'line': b'  203 |         true\n'}
[3.189226] (mtc) StderrLine: {'line': b'      |         ~~~~                 \n'}
[3.189245] (mtc) StderrLine: {'line': b'  204 |       );\n'}
[3.189265] (mtc) StderrLine: {'line': b'      |       ~                      \n'}
[3.189287] (mtc) StderrLine: {'line': b'/opt/ros/jazzy/include/moveit/task_constructor/stages/modify_planning_scene.h:122:21: note: candidate: \xe2\x80\x98template<class T, class E> void moveit::task_constructor::stages::ModifyPlanningScene::allowCollisions(const std::string&, const T&, bool)\xe2\x80\x99\n'}
[3.189308] (mtc) StderrLine: {'line': b'  122 |         inline void allowCollisions(const std::string& first, const T& second, bool enable_collision) {\n'}
[3.189328] (mtc) StderrLine: {'line': b'      |                     ^~~~~~~~~~~~~~~\n'}
[3.189347] (mtc) StderrLine: {'line': b'/opt/ros/jazzy/include/moveit/task_constructor/stages/modify_planning_scene.h:122:21: note:   template argument deduction/substitution failed:\n'}
[3.189367] (mtc) StderrLine: {'line': b'/home/hyeonsu/xarm_ws/src/mtc/src/mtc_node.cpp:200:29: note:   couldn\xe2\x80\x99t deduce template parameter \xe2\x80\x98T\xe2\x80\x99\n'}
[3.189387] (mtc) StderrLine: {'line': b'  200 |       stage->allowCollisions(\n'}
[3.189407] (mtc) StderrLine: {'line': b'      |       ~~~~~~~~~~~~~~~~~~~~~~^\n'}
[3.189439] (mtc) StderrLine: {'line': b'  201 |         "object",\n'}
[3.189459] (mtc) StderrLine: {'line': b'      |         ~~~~~~~~~            \n'}
[3.189479] (mtc) StderrLine: {'line': b'  202 |         { "link1", "link1_left", "link0", "link0_left" },\n'}
[3.189498] (mtc) StderrLine: {'line': b'      |         ~~~~~~~~~~~~~~~~~~~~~~~~~~~~~~~~~~~~~~~~~~~~~~~~~\n'}
[3.189518] (mtc) StderrLine: {'line': b'  203 |         true\n'}
[3.189537] (mtc) StderrLine: {'line': b'      |         ~~~~                 \n'}
[3.189557] (mtc) StderrLine: {'line': b'  204 |       );\n'}
[3.189576] (mtc) StderrLine: {'line': b'      |       ~                      \n'}
[3.189595] (mtc) StderrLine: {'line': b'/opt/ros/jazzy/include/moveit/task_constructor/stages/modify_planning_scene.h:128:21: note: candidate: \xe2\x80\x98template<class T, class E> void moveit::task_constructor::stages::ModifyPlanningScene::allowCollisions(const char*, const T&, bool)\xe2\x80\x99\n'}
[3.189618] (mtc) StderrLine: {'line': b'  128 |         inline void allowCollisions(const char* first, const T& second, bool enable_collision) {\n'}
[3.189639] (mtc) StderrLine: {'line': b'      |                     ^~~~~~~~~~~~~~~\n'}
[3.189658] (mtc) StderrLine: {'line': b'/opt/ros/jazzy/include/moveit/task_constructor/stages/modify_planning_scene.h:128:21: note:   template argument deduction/substitution failed:\n'}
[3.189678] (mtc) StderrLine: {'line': b'/home/hyeonsu/xarm_ws/src/mtc/src/mtc_node.cpp:200:29: note:   couldn\xe2\x80\x99t deduce template parameter \xe2\x80\x98T\xe2\x80\x99\n'}
[3.189698] (mtc) StderrLine: {'line': b'  200 |       stage->allowCollisions(\n'}
[3.189717] (mtc) StderrLine: {'line': b'      |       ~~~~~~~~~~~~~~~~~~~~~~^\n'}
[3.189736] (mtc) StderrLine: {'line': b'  201 |         "object",\n'}
[3.189756] (mtc) StderrLine: {'line': b'      |         ~~~~~~~~~            \n'}
[3.189775] (mtc) StderrLine: {'line': b'  202 |         { "link1", "link1_left", "link0", "link0_left" },\n'}
[3.189795] (mtc) StderrLine: {'line': b'      |         ~~~~~~~~~~~~~~~~~~~~~~~~~~~~~~~~~~~~~~~~~~~~~~~~~\n'}
[3.189814] (mtc) StderrLine: {'line': b'  203 |         true\n'}
[3.189833] (mtc) StderrLine: {'line': b'      |         ~~~~                 \n'}
[3.189852] (mtc) StderrLine: {'line': b'  204 |       );\n'}
[3.189871] (mtc) StderrLine: {'line': b'      |       ~                      \n'}
[3.189892] (mtc) StderrLine: {'line': b'/opt/ros/jazzy/include/moveit/task_constructor/stages/modify_planning_scene.h:102:14: note: candidate: \xe2\x80\x98void moveit::task_constructor::stages::ModifyPlanningScene::allowCollisions(const Names&, const Names&, bool)\xe2\x80\x99\n'}
[3.189912] (mtc) StderrLine: {'line': b'  102 |         void allowCollisions(const Names& first, const Names& second, bool allow);\n'}
[3.189931] (mtc) StderrLine: {'line': b'      |              ^~~~~~~~~~~~~~~\n'}
[3.189950] (mtc) StderrLine: {'line': b'/opt/ros/jazzy/include/moveit/task_constructor/stages/modify_planning_scene.h:102:43: note:   no known conversion for argument 1 from \xe2\x80\x98const char [7]\xe2\x80\x99 to \xe2\x80\x98const moveit::task_constructor::stages::ModifyPlanningScene::Names&\xe2\x80\x99 {aka \xe2\x80\x98const std::vector<std::__cxx11::basic_string<char>, std::allocator<std::__cxx11::basic_string<char> > >&\xe2\x80\x99}\n'}
[3.189973] (mtc) StderrLine: {'line': b'  102 |         void allowCollisions(const Names& first, const Names& second, bool allow);\n'}
[3.189993] (mtc) StderrLine: {'line': b'      |                              ~~~~~~~~~~~~~^~~~~\n'}
[3.190011] (mtc) StderrLine: {'line': b'/opt/ros/jazzy/include/moveit/task_constructor/stages/modify_planning_scene.h:104:14: note: candidate: \xe2\x80\x98void moveit::task_constructor::stages::ModifyPlanningScene::allowCollisions(const std::string&, const std::string&, bool)\xe2\x80\x99\n'}
[3.190031] (mtc) StderrLine: {'line': b'  104 |         void allowCollisions(const std::string& first, const std::string& second, bool allow) {\n'}
[3.190050] (mtc) StderrLine: {'line': b'      |              ^~~~~~~~~~~~~~~\n'}
[3.190070] (mtc) StderrLine: {'line': b'/opt/ros/jazzy/include/moveit/task_constructor/stages/modify_planning_scene.h:104:75: note:   no known conversion for argument 2 from \xe2\x80\x98<brace-enclosed initializer list>\xe2\x80\x99 to \xe2\x80\x98const std::string&\xe2\x80\x99 {aka \xe2\x80\x98const std::__cxx11::basic_string<char>&\xe2\x80\x99}\n'}
[3.190090] (mtc) StderrLine: {'line': b'  104 |         void allowCollisions(const std::string& first, const std::string& second, bool allow) {\n'}
[3.190109] (mtc) StderrLine: {'line': b'      |                                                        ~~~~~~~~~~~~~~~~~~~^~~~~~\n'}
[3.190130] (mtc) StderrLine: {'line': b'/opt/ros/jazzy/include/moveit/task_constructor/stages/modify_planning_scene.h:108:14: note: candidate: \xe2\x80\x98void moveit::task_constructor::stages::ModifyPlanningScene::allowCollisions(const std::string&, bool)\xe2\x80\x99\n'}
[3.190150] (mtc) StderrLine: {'line': b'  108 |         void allowCollisions(const std::string& object, bool allow) { allowCollisions(Names({ object }), Names(), allow); }\n'}
[3.190169] (mtc) StderrLine: {'line': b'      |              ^~~~~~~~~~~~~~~\n'}
[3.190189] (mtc) StderrLine: {'line': b'/opt/ros/jazzy/include/moveit/task_constructor/stages/modify_planning_scene.h:108:14: note:   candidate expects 2 arguments, 3 provided\n'}
[3.190209] (mtc) StderrLine: {'line': b'/opt/ros/jazzy/include/moveit/task_constructor/stages/modify_planning_scene.h:132:14: note: candidate: \xe2\x80\x98void moveit::task_constructor::stages::ModifyPlanningScene::allowCollisions(const std::string&, const moveit::core::JointModelGroup&, bool)\xe2\x80\x99\n'}
[3.190229] (mtc) StderrLine: {'line': b'  132 |         void allowCollisions(const std::string& first, const moveit::core::JointModelGroup& jmg, bool allow);\n'}
[3.190248] (mtc) StderrLine: {'line': b'      |              ^~~~~~~~~~~~~~~\n'}
[3.190268] (mtc) StderrLine: {'line': b'/opt/ros/jazzy/include/moveit/task_constructor/stages/modify_planning_scene.h:132:93: note:   no known conversion for argument 2 from \xe2\x80\x98<brace-enclosed initializer list>\xe2\x80\x99 to \xe2\x80\x98const moveit::core::JointModelGroup&\xe2\x80\x99\n'}
[3.190287] (mtc) StderrLine: {'line': b'  132 |         void allowCollisions(const std::string& first, const moveit::core::JointModelGroup& jmg, bool allow);\n'}
[3.190306] (mtc) StderrLine: {'line': b'      |                                                        ~~~~~~~~~~~~~~~~~~~~~~~~~~~~~~~~~~~~~^~~\n'}
[3.206166] (-) TimerEvent: {}
[3.306318] (-) TimerEvent: {}
[3.406482] (-) TimerEvent: {}
[3.506641] (-) TimerEvent: {}
[3.606802] (-) TimerEvent: {}
[3.706968] (-) TimerEvent: {}
[3.807158] (-) TimerEvent: {}
[3.907345] (-) TimerEvent: {}
[4.007526] (-) TimerEvent: {}
[4.107694] (-) TimerEvent: {}
[4.207867] (-) TimerEvent: {}
[4.308069] (-) TimerEvent: {}
[4.408315] (-) TimerEvent: {}
[4.508504] (-) TimerEvent: {}
[4.608709] (-) TimerEvent: {}
[4.708881] (-) TimerEvent: {}
[4.809047] (-) TimerEvent: {}
[4.909212] (-) TimerEvent: {}
[5.009382] (-) TimerEvent: {}
[5.109581] (-) TimerEvent: {}
[5.209765] (-) TimerEvent: {}
[5.309929] (-) TimerEvent: {}
[5.410111] (-) TimerEvent: {}
[5.510282] (-) TimerEvent: {}
[5.610456] (-) TimerEvent: {}
[5.710635] (-) TimerEvent: {}
[5.760962] (mtc) StderrLine: {'line': b'gmake[2]: *** [CMakeFiles/mtc_node.dir/build.make:76: CMakeFiles/mtc_node.dir/src/mtc_node.cpp.o] Error 1\n'}
[5.761178] (mtc) StderrLine: {'line': b'gmake[1]: *** [CMakeFiles/Makefile2:137: CMakeFiles/mtc_node.dir/all] Error 2\n'}
[5.761347] (mtc) StderrLine: {'line': b'gmake: *** [Makefile:146: all] Error 2\n'}
[5.763339] (mtc) CommandEnded: {'returncode': 2}
[5.771810] (mtc) JobEnded: {'identifier': 'mtc', 'rc': 2}
[5.782039] (-) EventReactorShutdown: {}
