[0.120s] DEBUG:colcon:Command line arguments: ['/usr/bin/colcon', 'build']
[0.120s] DEBUG:colcon:Parsed command line arguments: Namespace(log_base=None, log_level=None, verb_name='build', build_base='build', install_base='install', merge_install=False, symlink_install=False, test_result_base=None, continue_on_error=False, executor='parallel', parallel_workers=24, event_handlers=None, ignore_user_meta=False, metas=['./colcon.meta'], base_paths=['.'], packages_ignore=None, packages_ignore_regex=None, paths=None, packages_up_to=None, packages_up_to_regex=None, packages_above=None, packages_above_and_dependencies=None, packages_above_depth=None, packages_select_by_dep=None, packages_skip_by_dep=None, packages_skip_up_to=None, packages_select_build_failed=False, packages_skip_build_finished=False, packages_select_test_failures=False, packages_skip_test_passed=False, packages_select=None, packages_skip=None, packages_select_regex=None, packages_skip_regex=None, packages_start=None, packages_end=None, allow_overriding=[], cmake_args=None, cmake_target=None, cmake_target_skip_unavailable=False, cmake_clean_cache=False, cmake_clean_first=False, cmake_force_configure=False, ament_cmake_args=None, catkin_cmake_args=None, catkin_skip_building_tests=False, mixin_files=None, mixin=None, verb_parser=<colcon_mixin.mixin.mixin_argument.MixinArgumentDecorator object at 0x73b2e6379fd0>, verb_extension=<colcon_core.verb.build.BuildVerb object at 0x73b2e649e750>, main=<bound method BuildVerb.main of <colcon_core.verb.build.BuildVerb object at 0x73b2e649e750>>, mixin_verb=('build',))
[0.169s] Level 1:colcon.colcon_core.package_discovery:discover_packages(colcon_meta) check parameters
[0.170s] Level 1:colcon.colcon_core.package_discovery:discover_packages(recursive) check parameters
[0.170s] Level 1:colcon.colcon_core.package_discovery:discover_packages(ignore) check parameters
[0.170s] Level 1:colcon.colcon_core.package_discovery:discover_packages(path) check parameters
[0.170s] Level 1:colcon.colcon_core.package_discovery:discover_packages(colcon_meta) discover
[0.170s] Level 1:colcon.colcon_core.package_discovery:discover_packages(recursive) discover
[0.170s] INFO:colcon.colcon_core.package_discovery:Crawling recursively for packages in '/home/hyeon/xarm_ws'
[0.170s] Level 1:colcon.colcon_core.package_identification:_identify(.) by extensions ['ignore', 'ignore_ament_install']
[0.170s] Level 1:colcon.colcon_core.package_identification:_identify(.) by extension 'ignore'
[0.170s] Level 1:colcon.colcon_core.package_identification:_identify(.) by extension 'ignore_ament_install'
[0.170s] Level 1:colcon.colcon_core.package_identification:_identify(.) by extensions ['colcon_pkg']
[0.170s] Level 1:colcon.colcon_core.package_identification:_identify(.) by extension 'colcon_pkg'
[0.170s] Level 1:colcon.colcon_core.package_identification:_identify(.) by extensions ['colcon_meta']
[0.170s] Level 1:colcon.colcon_core.package_identification:_identify(.) by extension 'colcon_meta'
[0.170s] Level 1:colcon.colcon_core.package_identification:_identify(.) by extensions ['ros']
[0.170s] Level 1:colcon.colcon_core.package_identification:_identify(.) by extension 'ros'
[0.192s] Level 1:colcon.colcon_core.package_identification:_identify(.) by extensions ['cmake', 'python']
[0.192s] Level 1:colcon.colcon_core.package_identification:_identify(.) by extension 'cmake'
[0.192s] Level 1:colcon.colcon_core.package_identification:_identify(.) by extension 'python'
[0.192s] Level 1:colcon.colcon_core.package_identification:_identify(.) by extensions ['python_setup_py']
[0.192s] Level 1:colcon.colcon_core.package_identification:_identify(.) by extension 'python_setup_py'
[0.193s] Level 1:colcon.colcon_core.package_identification:_identify(build) by extensions ['ignore', 'ignore_ament_install']
[0.193s] Level 1:colcon.colcon_core.package_identification:_identify(build) by extension 'ignore'
[0.193s] Level 1:colcon.colcon_core.package_identification:_identify(build) ignored
[0.193s] Level 1:colcon.colcon_core.package_identification:_identify(install) by extensions ['ignore', 'ignore_ament_install']
[0.193s] Level 1:colcon.colcon_core.package_identification:_identify(install) by extension 'ignore'
[0.193s] Level 1:colcon.colcon_core.package_identification:_identify(install) ignored
[0.193s] Level 1:colcon.colcon_core.package_identification:_identify(log) by extensions ['ignore', 'ignore_ament_install']
[0.193s] Level 1:colcon.colcon_core.package_identification:_identify(log) by extension 'ignore'
[0.193s] Level 1:colcon.colcon_core.package_identification:_identify(log) ignored
[0.194s] Level 1:colcon.colcon_core.package_identification:_identify(src) by extensions ['ignore', 'ignore_ament_install']
[0.194s] Level 1:colcon.colcon_core.package_identification:_identify(src) by extension 'ignore'
[0.194s] Level 1:colcon.colcon_core.package_identification:_identify(src) by extension 'ignore_ament_install'
[0.194s] Level 1:colcon.colcon_core.package_identification:_identify(src) by extensions ['colcon_pkg']
[0.194s] Level 1:colcon.colcon_core.package_identification:_identify(src) by extension 'colcon_pkg'
[0.194s] Level 1:colcon.colcon_core.package_identification:_identify(src) by extensions ['colcon_meta']
[0.194s] Level 1:colcon.colcon_core.package_identification:_identify(src) by extension 'colcon_meta'
[0.194s] Level 1:colcon.colcon_core.package_identification:_identify(src) by extensions ['ros']
[0.194s] Level 1:colcon.colcon_core.package_identification:_identify(src) by extension 'ros'
[0.194s] Level 1:colcon.colcon_core.package_identification:_identify(src) by extensions ['cmake', 'python']
[0.194s] Level 1:colcon.colcon_core.package_identification:_identify(src) by extension 'cmake'
[0.194s] Level 1:colcon.colcon_core.package_identification:_identify(src) by extension 'python'
[0.194s] Level 1:colcon.colcon_core.package_identification:_identify(src) by extensions ['python_setup_py']
[0.194s] Level 1:colcon.colcon_core.package_identification:_identify(src) by extension 'python_setup_py'
[0.194s] Level 1:colcon.colcon_core.package_identification:_identify(src/mtc) by extensions ['ignore', 'ignore_ament_install']
[0.194s] Level 1:colcon.colcon_core.package_identification:_identify(src/mtc) by extension 'ignore'
[0.194s] Level 1:colcon.colcon_core.package_identification:_identify(src/mtc) by extension 'ignore_ament_install'
[0.194s] Level 1:colcon.colcon_core.package_identification:_identify(src/mtc) by extensions ['colcon_pkg']
[0.194s] Level 1:colcon.colcon_core.package_identification:_identify(src/mtc) by extension 'colcon_pkg'
[0.194s] Level 1:colcon.colcon_core.package_identification:_identify(src/mtc) by extensions ['colcon_meta']
[0.194s] Level 1:colcon.colcon_core.package_identification:_identify(src/mtc) by extension 'colcon_meta'
[0.194s] Level 1:colcon.colcon_core.package_identification:_identify(src/mtc) by extensions ['ros']
[0.194s] Level 1:colcon.colcon_core.package_identification:_identify(src/mtc) by extension 'ros'
[0.197s] DEBUG:colcon.colcon_core.package_identification:Package 'src/mtc' with type 'ros.ament_cmake' and name 'mtc'
[0.197s] Level 1:colcon.colcon_core.package_identification:_identify(src/xarm_1s_description) by extensions ['ignore', 'ignore_ament_install']
[0.197s] Level 1:colcon.colcon_core.package_identification:_identify(src/xarm_1s_description) by extension 'ignore'
[0.197s] Level 1:colcon.colcon_core.package_identification:_identify(src/xarm_1s_description) by extension 'ignore_ament_install'
[0.197s] Level 1:colcon.colcon_core.package_identification:_identify(src/xarm_1s_description) by extensions ['colcon_pkg']
[0.197s] Level 1:colcon.colcon_core.package_identification:_identify(src/xarm_1s_description) by extension 'colcon_pkg'
[0.197s] Level 1:colcon.colcon_core.package_identification:_identify(src/xarm_1s_description) by extensions ['colcon_meta']
[0.197s] Level 1:colcon.colcon_core.package_identification:_identify(src/xarm_1s_description) by extension 'colcon_meta'
[0.198s] Level 1:colcon.colcon_core.package_identification:_identify(src/xarm_1s_description) by extensions ['ros']
[0.198s] Level 1:colcon.colcon_core.package_identification:_identify(src/xarm_1s_description) by extension 'ros'
[0.198s] DEBUG:colcon.colcon_core.package_identification:Package 'src/xarm_1s_description' with type 'ros.ament_cmake' and name 'xarm_1s_description'
[0.198s] Level 1:colcon.colcon_core.package_identification:_identify(src/xarm_1s_hardware) by extensions ['ignore', 'ignore_ament_install']
[0.198s] Level 1:colcon.colcon_core.package_identification:_identify(src/xarm_1s_hardware) by extension 'ignore'
[0.198s] Level 1:colcon.colcon_core.package_identification:_identify(src/xarm_1s_hardware) by extension 'ignore_ament_install'
[0.199s] Level 1:colcon.colcon_core.package_identification:_identify(src/xarm_1s_hardware) by extensions ['colcon_pkg']
[0.199s] Level 1:colcon.colcon_core.package_identification:_identify(src/xarm_1s_hardware) by extension 'colcon_pkg'
[0.199s] Level 1:colcon.colcon_core.package_identification:_identify(src/xarm_1s_hardware) by extensions ['colcon_meta']
[0.199s] Level 1:colcon.colcon_core.package_identification:_identify(src/xarm_1s_hardware) by extension 'colcon_meta'
[0.199s] Level 1:colcon.colcon_core.package_identification:_identify(src/xarm_1s_hardware) by extensions ['ros']
[0.199s] Level 1:colcon.colcon_core.package_identification:_identify(src/xarm_1s_hardware) by extension 'ros'
[0.199s] DEBUG:colcon.colcon_core.package_identification:Package 'src/xarm_1s_hardware' with type 'ros.ament_cmake' and name 'xarm_1s_hardware'
[0.199s] Level 1:colcon.colcon_core.package_identification:_identify(src/xarm_1s_moveit_config) by extensions ['ignore', 'ignore_ament_install']
[0.199s] Level 1:colcon.colcon_core.package_identification:_identify(src/xarm_1s_moveit_config) by extension 'ignore'
[0.200s] Level 1:colcon.colcon_core.package_identification:_identify(src/xarm_1s_moveit_config) by extension 'ignore_ament_install'
[0.200s] Level 1:colcon.colcon_core.package_identification:_identify(src/xarm_1s_moveit_config) by extensions ['colcon_pkg']
[0.200s] Level 1:colcon.colcon_core.package_identification:_identify(src/xarm_1s_moveit_config) by extension 'colcon_pkg'
[0.200s] Level 1:colcon.colcon_core.package_identification:_identify(src/xarm_1s_moveit_config) by extensions ['colcon_meta']
[0.200s] Level 1:colcon.colcon_core.package_identification:_identify(src/xarm_1s_moveit_config) by extension 'colcon_meta'
[0.200s] Level 1:colcon.colcon_core.package_identification:_identify(src/xarm_1s_moveit_config) by extensions ['ros']
[0.200s] Level 1:colcon.colcon_core.package_identification:_identify(src/xarm_1s_moveit_config) by extension 'ros'
[0.200s] DEBUG:colcon.colcon_core.package_identification:Package 'src/xarm_1s_moveit_config' with type 'ros.ament_cmake' and name 'xarm_1s_moveit_config'
[0.200s] Level 1:colcon.colcon_core.package_discovery:discover_packages(recursive) using defaults
[0.200s] Level 1:colcon.colcon_core.package_discovery:discover_packages(ignore) discover
[0.200s] Level 1:colcon.colcon_core.package_discovery:discover_packages(ignore) using defaults
[0.200s] Level 1:colcon.colcon_core.package_discovery:discover_packages(path) discover
[0.200s] Level 1:colcon.colcon_core.package_discovery:discover_packages(path) using defaults
[0.218s] Level 1:colcon.colcon_core.package_discovery:discover_packages(prefix_path) check parameters
[0.218s] Level 1:colcon.colcon_core.package_discovery:discover_packages(prefix_path) discover
[0.222s] DEBUG:colcon.colcon_installed_package_information.package_discovery:Found 4 installed packages in /home/hyeon/xarm_ws/install
[0.223s] DEBUG:colcon.colcon_installed_package_information.package_discovery:Found 349 installed packages in /opt/ros/jazzy
[0.224s] Level 1:colcon.colcon_core.package_discovery:discover_packages(prefix_path) using defaults
[0.250s] Level 5:colcon.colcon_core.verb:set package 'xarm_1s_description' build argument 'cmake_args' from command line to 'None'
[0.250s] Level 5:colcon.colcon_core.verb:set package 'xarm_1s_description' build argument 'cmake_target' from command line to 'None'
[0.250s] Level 5:colcon.colcon_core.verb:set package 'xarm_1s_description' build argument 'cmake_target_skip_unavailable' from command line to 'False'
[0.250s] Level 5:colcon.colcon_core.verb:set package 'xarm_1s_description' build argument 'cmake_clean_cache' from command line to 'False'
[0.250s] Level 5:colcon.colcon_core.verb:set package 'xarm_1s_description' build argument 'cmake_clean_first' from command line to 'False'
[0.250s] Level 5:colcon.colcon_core.verb:set package 'xarm_1s_description' build argument 'cmake_force_configure' from command line to 'False'
[0.250s] Level 5:colcon.colcon_core.verb:set package 'xarm_1s_description' build argument 'ament_cmake_args' from command line to 'None'
[0.250s] Level 5:colcon.colcon_core.verb:set package 'xarm_1s_description' build argument 'catkin_cmake_args' from command line to 'None'
[0.250s] Level 5:colcon.colcon_core.verb:set package 'xarm_1s_description' build argument 'catkin_skip_building_tests' from command line to 'False'
[0.250s] DEBUG:colcon.colcon_core.verb:Building package 'xarm_1s_description' with the following arguments: {'ament_cmake_args': None, 'build_base': '/home/hyeon/xarm_ws/build/xarm_1s_description', 'catkin_cmake_args': None, 'catkin_skip_building_tests': False, 'cmake_args': None, 'cmake_clean_cache': False, 'cmake_clean_first': False, 'cmake_force_configure': False, 'cmake_target': None, 'cmake_target_skip_unavailable': False, 'install_base': '/home/hyeon/xarm_ws/install/xarm_1s_description', 'merge_install': False, 'path': '/home/hyeon/xarm_ws/src/xarm_1s_description', 'symlink_install': False, 'test_result_base': None}
[0.250s] Level 5:colcon.colcon_core.verb:set package 'xarm_1s_hardware' build argument 'cmake_args' from command line to 'None'
[0.250s] Level 5:colcon.colcon_core.verb:set package 'xarm_1s_hardware' build argument 'cmake_target' from command line to 'None'
[0.250s] Level 5:colcon.colcon_core.verb:set package 'xarm_1s_hardware' build argument 'cmake_target_skip_unavailable' from command line to 'False'
[0.250s] Level 5:colcon.colcon_core.verb:set package 'xarm_1s_hardware' build argument 'cmake_clean_cache' from command line to 'False'
[0.250s] Level 5:colcon.colcon_core.verb:set package 'xarm_1s_hardware' build argument 'cmake_clean_first' from command line to 'False'
[0.250s] Level 5:colcon.colcon_core.verb:set package 'xarm_1s_hardware' build argument 'cmake_force_configure' from command line to 'False'
[0.250s] Level 5:colcon.colcon_core.verb:set package 'xarm_1s_hardware' build argument 'ament_cmake_args' from command line to 'None'
[0.250s] Level 5:colcon.colcon_core.verb:set package 'xarm_1s_hardware' build argument 'catkin_cmake_args' from command line to 'None'
[0.250s] Level 5:colcon.colcon_core.verb:set package 'xarm_1s_hardware' build argument 'catkin_skip_building_tests' from command line to 'False'
[0.250s] DEBUG:colcon.colcon_core.verb:Building package 'xarm_1s_hardware' with the following arguments: {'ament_cmake_args': None, 'build_base': '/home/hyeon/xarm_ws/build/xarm_1s_hardware', 'catkin_cmake_args': None, 'catkin_skip_building_tests': False, 'cmake_args': None, 'cmake_clean_cache': False, 'cmake_clean_first': False, 'cmake_force_configure': False, 'cmake_target': None, 'cmake_target_skip_unavailable': False, 'install_base': '/home/hyeon/xarm_ws/install/xarm_1s_hardware', 'merge_install': False, 'path': '/home/hyeon/xarm_ws/src/xarm_1s_hardware', 'symlink_install': False, 'test_result_base': None}
[0.250s] Level 5:colcon.colcon_core.verb:set package 'xarm_1s_moveit_config' build argument 'cmake_args' from command line to 'None'
[0.250s] Level 5:colcon.colcon_core.verb:set package 'xarm_1s_moveit_config' build argument 'cmake_target' from command line to 'None'
[0.250s] Level 5:colcon.colcon_core.verb:set package 'xarm_1s_moveit_config' build argument 'cmake_target_skip_unavailable' from command line to 'False'
[0.250s] Level 5:colcon.colcon_core.verb:set package 'xarm_1s_moveit_config' build argument 'cmake_clean_cache' from command line to 'False'
[0.250s] Level 5:colcon.colcon_core.verb:set package 'xarm_1s_moveit_config' build argument 'cmake_clean_first' from command line to 'False'
[0.250s] Level 5:colcon.colcon_core.verb:set package 'xarm_1s_moveit_config' build argument 'cmake_force_configure' from command line to 'False'
[0.250s] Level 5:colcon.colcon_core.verb:set package 'xarm_1s_moveit_config' build argument 'ament_cmake_args' from command line to 'None'
[0.250s] Level 5:colcon.colcon_core.verb:set package 'xarm_1s_moveit_config' build argument 'catkin_cmake_args' from command line to 'None'
[0.250s] Level 5:colcon.colcon_core.verb:set package 'xarm_1s_moveit_config' build argument 'catkin_skip_building_tests' from command line to 'False'
[0.250s] DEBUG:colcon.colcon_core.verb:Building package 'xarm_1s_moveit_config' with the following arguments: {'ament_cmake_args': None, 'build_base': '/home/hyeon/xarm_ws/build/xarm_1s_moveit_config', 'catkin_cmake_args': None, 'catkin_skip_building_tests': False, 'cmake_args': None, 'cmake_clean_cache': False, 'cmake_clean_first': False, 'cmake_force_configure': False, 'cmake_target': None, 'cmake_target_skip_unavailable': False, 'install_base': '/home/hyeon/xarm_ws/install/xarm_1s_moveit_config', 'merge_install': False, 'path': '/home/hyeon/xarm_ws/src/xarm_1s_moveit_config', 'symlink_install': False, 'test_result_base': None}
[0.250s] Level 5:colcon.colcon_core.verb:set package 'mtc' build argument 'cmake_args' from command line to 'None'
[0.250s] Level 5:colcon.colcon_core.verb:set package 'mtc' build argument 'cmake_target' from command line to 'None'
[0.250s] Level 5:colcon.colcon_core.verb:set package 'mtc' build argument 'cmake_target_skip_unavailable' from command line to 'False'
[0.250s] Level 5:colcon.colcon_core.verb:set package 'mtc' build argument 'cmake_clean_cache' from command line to 'False'
[0.250s] Level 5:colcon.colcon_core.verb:set package 'mtc' build argument 'cmake_clean_first' from command line to 'False'
[0.250s] Level 5:colcon.colcon_core.verb:set package 'mtc' build argument 'cmake_force_configure' from command line to 'False'
[0.250s] Level 5:colcon.colcon_core.verb:set package 'mtc' build argument 'ament_cmake_args' from command line to 'None'
[0.250s] Level 5:colcon.colcon_core.verb:set package 'mtc' build argument 'catkin_cmake_args' from command line to 'None'
[0.250s] Level 5:colcon.colcon_core.verb:set package 'mtc' build argument 'catkin_skip_building_tests' from command line to 'False'
[0.250s] DEBUG:colcon.colcon_core.verb:Building package 'mtc' with the following arguments: {'ament_cmake_args': None, 'build_base': '/home/hyeon/xarm_ws/build/mtc', 'catkin_cmake_args': None, 'catkin_skip_building_tests': False, 'cmake_args': None, 'cmake_clean_cache': False, 'cmake_clean_first': False, 'cmake_force_configure': False, 'cmake_target': None, 'cmake_target_skip_unavailable': False, 'install_base': '/home/hyeon/xarm_ws/install/mtc', 'merge_install': False, 'path': '/home/hyeon/xarm_ws/src/mtc', 'symlink_install': False, 'test_result_base': None}
[0.251s] INFO:colcon.colcon_core.executor:Executing jobs using 'parallel' executor
[0.251s] DEBUG:colcon.colcon_parallel_executor.executor.parallel:run_until_complete
[0.252s] INFO:colcon.colcon_ros.task.ament_cmake.build:Building ROS package in '/home/hyeon/xarm_ws/src/xarm_1s_moveit_config' with build type 'ament_cmake'
[0.252s] INFO:colcon.colcon_cmake.task.cmake.build:Building CMake package in '/home/hyeon/xarm_ws/src/xarm_1s_moveit_config'
[0.257s] INFO:colcon.colcon_core.plugin_system:Skipping extension 'colcon_core.shell.bat': Not used on non-Windows systems
[0.257s] INFO:colcon.colcon_core.shell:Skip shell extension 'powershell' for command environment: Not usable outside of PowerShell
[0.257s] DEBUG:colcon.colcon_core.shell:Skip shell extension 'dsv' for command environment
[0.260s] INFO:colcon.colcon_ros.task.ament_cmake.build:Building ROS package in '/home/hyeon/xarm_ws/src/xarm_1s_description' with build type 'ament_cmake'
[0.261s] INFO:colcon.colcon_cmake.task.cmake.build:Building CMake package in '/home/hyeon/xarm_ws/src/xarm_1s_description'
[0.261s] INFO:colcon.colcon_core.shell:Skip shell extension 'powershell' for command environment: Not usable outside of PowerShell
[0.261s] DEBUG:colcon.colcon_core.shell:Skip shell extension 'dsv' for command environment
[0.263s] INFO:colcon.colcon_ros.task.ament_cmake.build:Building ROS package in '/home/hyeon/xarm_ws/src/xarm_1s_hardware' with build type 'ament_cmake'
[0.263s] INFO:colcon.colcon_cmake.task.cmake.build:Building CMake package in '/home/hyeon/xarm_ws/src/xarm_1s_hardware'
[0.263s] INFO:colcon.colcon_core.shell:Skip shell extension 'powershell' for command environment: Not usable outside of PowerShell
[0.263s] DEBUG:colcon.colcon_core.shell:Skip shell extension 'dsv' for command environment
[0.269s] DEBUG:colcon.colcon_core.event_handler.log_command:Invoking command in '/home/hyeon/xarm_ws/build/xarm_1s_moveit_config': CMAKE_PREFIX_PATH=${CMAKE_PREFIX_PATH}:/opt/ros/jazzy /usr/bin/cmake --build /home/hyeon/xarm_ws/build/xarm_1s_moveit_config -- -j24 -l24
[0.275s] DEBUG:colcon.colcon_core.event_handler.log_command:Invoking command in '/home/hyeon/xarm_ws/build/xarm_1s_description': CMAKE_PREFIX_PATH=${CMAKE_PREFIX_PATH}:/opt/ros/jazzy /usr/bin/cmake --build /home/hyeon/xarm_ws/build/xarm_1s_description -- -j24 -l24
[0.279s] DEBUG:colcon.colcon_core.event_handler.log_command:Invoking command in '/home/hyeon/xarm_ws/build/xarm_1s_hardware': CMAKE_PREFIX_PATH=${CMAKE_PREFIX_PATH}:/opt/ros/jazzy /usr/bin/cmake --build /home/hyeon/xarm_ws/build/xarm_1s_hardware -- -j24 -l24
[0.326s] DEBUG:colcon.colcon_core.event_handler.log_command:Invoked command in '/home/hyeon/xarm_ws/build/xarm_1s_description' returned '0': CMAKE_PREFIX_PATH=${CMAKE_PREFIX_PATH}:/opt/ros/jazzy /usr/bin/cmake --build /home/hyeon/xarm_ws/build/xarm_1s_description -- -j24 -l24
[0.333s] DEBUG:colcon.colcon_core.event_handler.log_command:Invoking command in '/home/hyeon/xarm_ws/build/xarm_1s_description': CMAKE_PREFIX_PATH=${CMAKE_PREFIX_PATH}:/opt/ros/jazzy /usr/bin/cmake --install /home/hyeon/xarm_ws/build/xarm_1s_description
[0.335s] DEBUG:colcon.colcon_core.event_handler.log_command:Invoked command in '/home/hyeon/xarm_ws/build/xarm_1s_moveit_config' returned '0': CMAKE_PREFIX_PATH=${CMAKE_PREFIX_PATH}:/opt/ros/jazzy /usr/bin/cmake --build /home/hyeon/xarm_ws/build/xarm_1s_moveit_config -- -j24 -l24
[0.337s] DEBUG:colcon.colcon_core.event_handler.log_command:Invoking command in '/home/hyeon/xarm_ws/build/xarm_1s_moveit_config': CMAKE_PREFIX_PATH=${CMAKE_PREFIX_PATH}:/opt/ros/jazzy /usr/bin/cmake --install /home/hyeon/xarm_ws/build/xarm_1s_moveit_config
[0.357s] DEBUG:colcon.colcon_core.event_handler.log_command:Invoked command in '/home/hyeon/xarm_ws/build/xarm_1s_hardware' returned '0': CMAKE_PREFIX_PATH=${CMAKE_PREFIX_PATH}:/opt/ros/jazzy /usr/bin/cmake --build /home/hyeon/xarm_ws/build/xarm_1s_hardware -- -j24 -l24
[0.363s] DEBUG:colcon.colcon_core.event_handler.log_command:Invoking command in '/home/hyeon/xarm_ws/build/xarm_1s_hardware': CMAKE_PREFIX_PATH=${CMAKE_PREFIX_PATH}:/opt/ros/jazzy /usr/bin/cmake --install /home/hyeon/xarm_ws/build/xarm_1s_hardware
[0.365s] Level 1:colcon.colcon_core.environment:create_environment_scripts_only(xarm_1s_moveit_config)
[0.366s] DEBUG:colcon.colcon_core.event_handler.log_command:Invoked command in '/home/hyeon/xarm_ws/build/xarm_1s_moveit_config' returned '0': CMAKE_PREFIX_PATH=${CMAKE_PREFIX_PATH}:/opt/ros/jazzy /usr/bin/cmake --install /home/hyeon/xarm_ws/build/xarm_1s_moveit_config
[0.378s] Level 1:colcon.colcon_core.environment:checking '/home/hyeon/xarm_ws/install/xarm_1s_moveit_config' for CMake module files
[0.378s] Level 1:colcon.colcon_core.environment:checking '/home/hyeon/xarm_ws/install/xarm_1s_moveit_config' for CMake config files
[0.382s] Level 1:colcon.colcon_core.shell:create_environment_hook('xarm_1s_moveit_config', 'cmake_prefix_path')
[0.382s] INFO:colcon.colcon_core.shell:Creating environment hook '/home/hyeon/xarm_ws/install/xarm_1s_moveit_config/share/xarm_1s_moveit_config/hook/cmake_prefix_path.ps1'
[0.384s] INFO:colcon.colcon_core.shell:Creating environment descriptor '/home/hyeon/xarm_ws/install/xarm_1s_moveit_config/share/xarm_1s_moveit_config/hook/cmake_prefix_path.dsv'
[0.385s] INFO:colcon.colcon_core.shell:Creating environment hook '/home/hyeon/xarm_ws/install/xarm_1s_moveit_config/share/xarm_1s_moveit_config/hook/cmake_prefix_path.sh'
[0.387s] Level 1:colcon.colcon_core.environment:checking '/home/hyeon/xarm_ws/install/xarm_1s_moveit_config/bin'
[0.387s] Level 1:colcon.colcon_core.environment:checking '/home/hyeon/xarm_ws/install/xarm_1s_moveit_config/lib/pkgconfig/xarm_1s_moveit_config.pc'
[0.387s] Level 1:colcon.colcon_core.environment:checking '/home/hyeon/xarm_ws/install/xarm_1s_moveit_config/lib/python3.12/site-packages'
[0.387s] Level 1:colcon.colcon_core.environment:checking '/home/hyeon/xarm_ws/install/xarm_1s_moveit_config/bin'
[0.387s] INFO:colcon.colcon_core.shell:Creating package script '/home/hyeon/xarm_ws/install/xarm_1s_moveit_config/share/xarm_1s_moveit_config/package.ps1'
[0.388s] INFO:colcon.colcon_core.shell:Creating package descriptor '/home/hyeon/xarm_ws/install/xarm_1s_moveit_config/share/xarm_1s_moveit_config/package.dsv'
[0.389s] INFO:colcon.colcon_core.shell:Creating package script '/home/hyeon/xarm_ws/install/xarm_1s_moveit_config/share/xarm_1s_moveit_config/package.sh'
[0.390s] INFO:colcon.colcon_core.shell:Creating package script '/home/hyeon/xarm_ws/install/xarm_1s_moveit_config/share/xarm_1s_moveit_config/package.bash'
[0.390s] INFO:colcon.colcon_core.shell:Creating package script '/home/hyeon/xarm_ws/install/xarm_1s_moveit_config/share/xarm_1s_moveit_config/package.zsh'
[0.391s] Level 1:colcon.colcon_core.environment:create_file_with_runtime_dependencies(/home/hyeon/xarm_ws/install/xarm_1s_moveit_config/share/colcon-core/packages/xarm_1s_moveit_config)
[0.391s] Level 1:colcon.colcon_core.environment:create_environment_scripts_only(xarm_1s_moveit_config)
[0.391s] Level 1:colcon.colcon_core.environment:checking '/home/hyeon/xarm_ws/install/xarm_1s_moveit_config' for CMake module files
[0.392s] Level 1:colcon.colcon_core.environment:checking '/home/hyeon/xarm_ws/install/xarm_1s_moveit_config' for CMake config files
[0.392s] Level 1:colcon.colcon_core.shell:create_environment_hook('xarm_1s_moveit_config', 'cmake_prefix_path')
[0.392s] INFO:colcon.colcon_core.shell:Creating environment hook '/home/hyeon/xarm_ws/install/xarm_1s_moveit_config/share/xarm_1s_moveit_config/hook/cmake_prefix_path.ps1'
[0.392s] INFO:colcon.colcon_core.shell:Creating environment descriptor '/home/hyeon/xarm_ws/install/xarm_1s_moveit_config/share/xarm_1s_moveit_config/hook/cmake_prefix_path.dsv'
[0.393s] INFO:colcon.colcon_core.shell:Creating environment hook '/home/hyeon/xarm_ws/install/xarm_1s_moveit_config/share/xarm_1s_moveit_config/hook/cmake_prefix_path.sh'
[0.393s] Level 1:colcon.colcon_core.environment:checking '/home/hyeon/xarm_ws/install/xarm_1s_moveit_config/bin'
[0.393s] Level 1:colcon.colcon_core.environment:checking '/home/hyeon/xarm_ws/install/xarm_1s_moveit_config/lib/pkgconfig/xarm_1s_moveit_config.pc'
[0.393s] Level 1:colcon.colcon_core.environment:checking '/home/hyeon/xarm_ws/install/xarm_1s_moveit_config/lib/python3.12/site-packages'
[0.393s] Level 1:colcon.colcon_core.environment:checking '/home/hyeon/xarm_ws/install/xarm_1s_moveit_config/bin'
[0.393s] INFO:colcon.colcon_core.shell:Creating package script '/home/hyeon/xarm_ws/install/xarm_1s_moveit_config/share/xarm_1s_moveit_config/package.ps1'
[0.394s] INFO:colcon.colcon_core.shell:Creating package descriptor '/home/hyeon/xarm_ws/install/xarm_1s_moveit_config/share/xarm_1s_moveit_config/package.dsv'
[0.394s] INFO:colcon.colcon_core.shell:Creating package script '/home/hyeon/xarm_ws/install/xarm_1s_moveit_config/share/xarm_1s_moveit_config/package.sh'
[0.394s] INFO:colcon.colcon_core.shell:Creating package script '/home/hyeon/xarm_ws/install/xarm_1s_moveit_config/share/xarm_1s_moveit_config/package.bash'
[0.395s] INFO:colcon.colcon_core.shell:Creating package script '/home/hyeon/xarm_ws/install/xarm_1s_moveit_config/share/xarm_1s_moveit_config/package.zsh'
[0.395s] Level 1:colcon.colcon_core.environment:create_file_with_runtime_dependencies(/home/hyeon/xarm_ws/install/xarm_1s_moveit_config/share/colcon-core/packages/xarm_1s_moveit_config)
[0.396s] INFO:colcon.colcon_ros.task.ament_cmake.build:Building ROS package in '/home/hyeon/xarm_ws/src/mtc' with build type 'ament_cmake'
[0.396s] INFO:colcon.colcon_cmake.task.cmake.build:Building CMake package in '/home/hyeon/xarm_ws/src/mtc'
[0.396s] INFO:colcon.colcon_core.shell:Skip shell extension 'powershell' for command environment: Not usable outside of PowerShell
[0.396s] DEBUG:colcon.colcon_core.shell:Skip shell extension 'dsv' for command environment
[0.400s] Level 1:colcon.colcon_core.environment:create_environment_scripts_only(xarm_1s_description)
[0.400s] Level 1:colcon.colcon_core.environment:checking '/home/hyeon/xarm_ws/install/xarm_1s_description' for CMake module files
[0.401s] DEBUG:colcon.colcon_core.event_handler.log_command:Invoked command in '/home/hyeon/xarm_ws/build/xarm_1s_description' returned '0': CMAKE_PREFIX_PATH=${CMAKE_PREFIX_PATH}:/opt/ros/jazzy /usr/bin/cmake --install /home/hyeon/xarm_ws/build/xarm_1s_description
[0.401s] Level 1:colcon.colcon_core.environment:checking '/home/hyeon/xarm_ws/install/xarm_1s_description' for CMake config files
[0.404s] Level 1:colcon.colcon_core.shell:create_environment_hook('xarm_1s_description', 'cmake_prefix_path')
[0.404s] INFO:colcon.colcon_core.shell:Creating environment hook '/home/hyeon/xarm_ws/install/xarm_1s_description/share/xarm_1s_description/hook/cmake_prefix_path.ps1'
[0.405s] INFO:colcon.colcon_core.shell:Creating environment descriptor '/home/hyeon/xarm_ws/install/xarm_1s_description/share/xarm_1s_description/hook/cmake_prefix_path.dsv'
[0.405s] INFO:colcon.colcon_core.shell:Creating environment hook '/home/hyeon/xarm_ws/install/xarm_1s_description/share/xarm_1s_description/hook/cmake_prefix_path.sh'
[0.405s] Level 1:colcon.colcon_core.environment:checking '/home/hyeon/xarm_ws/install/xarm_1s_description/bin'
[0.406s] Level 1:colcon.colcon_core.environment:checking '/home/hyeon/xarm_ws/install/xarm_1s_description/lib/pkgconfig/xarm_1s_description.pc'
[0.406s] Level 1:colcon.colcon_core.environment:checking '/home/hyeon/xarm_ws/install/xarm_1s_description/lib/python3.12/site-packages'
[0.406s] Level 1:colcon.colcon_core.environment:checking '/home/hyeon/xarm_ws/install/xarm_1s_description/bin'
[0.406s] INFO:colcon.colcon_core.shell:Creating package script '/home/hyeon/xarm_ws/install/xarm_1s_description/share/xarm_1s_description/package.ps1'
[0.407s] INFO:colcon.colcon_core.shell:Creating package descriptor '/home/hyeon/xarm_ws/install/xarm_1s_description/share/xarm_1s_description/package.dsv'
[0.407s] INFO:colcon.colcon_core.shell:Creating package script '/home/hyeon/xarm_ws/install/xarm_1s_description/share/xarm_1s_description/package.sh'
[0.407s] INFO:colcon.colcon_core.shell:Creating package script '/home/hyeon/xarm_ws/install/xarm_1s_description/share/xarm_1s_description/package.bash'
[0.407s] INFO:colcon.colcon_core.shell:Creating package script '/home/hyeon/xarm_ws/install/xarm_1s_description/share/xarm_1s_description/package.zsh'
[0.407s] Level 1:colcon.colcon_core.environment:create_file_with_runtime_dependencies(/home/hyeon/xarm_ws/install/xarm_1s_description/share/colcon-core/packages/xarm_1s_description)
[0.408s] Level 1:colcon.colcon_core.environment:create_environment_scripts_only(xarm_1s_description)
[0.408s] Level 1:colcon.colcon_core.environment:checking '/home/hyeon/xarm_ws/install/xarm_1s_description' for CMake module files
[0.408s] Level 1:colcon.colcon_core.environment:checking '/home/hyeon/xarm_ws/install/xarm_1s_description' for CMake config files
[0.408s] Level 1:colcon.colcon_core.shell:create_environment_hook('xarm_1s_description', 'cmake_prefix_path')
[0.409s] INFO:colcon.colcon_core.shell:Creating environment hook '/home/hyeon/xarm_ws/install/xarm_1s_description/share/xarm_1s_description/hook/cmake_prefix_path.ps1'
[0.409s] INFO:colcon.colcon_core.shell:Creating environment descriptor '/home/hyeon/xarm_ws/install/xarm_1s_description/share/xarm_1s_description/hook/cmake_prefix_path.dsv'
[0.409s] INFO:colcon.colcon_core.shell:Creating environment hook '/home/hyeon/xarm_ws/install/xarm_1s_description/share/xarm_1s_description/hook/cmake_prefix_path.sh'
[0.410s] Level 1:colcon.colcon_core.environment:checking '/home/hyeon/xarm_ws/install/xarm_1s_description/bin'
[0.410s] Level 1:colcon.colcon_core.environment:checking '/home/hyeon/xarm_ws/install/xarm_1s_description/lib/pkgconfig/xarm_1s_description.pc'
[0.410s] Level 1:colcon.colcon_core.environment:checking '/home/hyeon/xarm_ws/install/xarm_1s_description/lib/python3.12/site-packages'
[0.410s] Level 1:colcon.colcon_core.environment:checking '/home/hyeon/xarm_ws/install/xarm_1s_description/bin'
[0.410s] INFO:colcon.colcon_core.shell:Creating package script '/home/hyeon/xarm_ws/install/xarm_1s_description/share/xarm_1s_description/package.ps1'
[0.411s] INFO:colcon.colcon_core.shell:Creating package descriptor '/home/hyeon/xarm_ws/install/xarm_1s_description/share/xarm_1s_description/package.dsv'
[0.411s] INFO:colcon.colcon_core.shell:Creating package script '/home/hyeon/xarm_ws/install/xarm_1s_description/share/xarm_1s_description/package.sh'
[0.411s] INFO:colcon.colcon_core.shell:Creating package script '/home/hyeon/xarm_ws/install/xarm_1s_description/share/xarm_1s_description/package.bash'
[0.411s] INFO:colcon.colcon_core.shell:Creating package script '/home/hyeon/xarm_ws/install/xarm_1s_description/share/xarm_1s_description/package.zsh'
[0.412s] Level 1:colcon.colcon_core.environment:create_file_with_runtime_dependencies(/home/hyeon/xarm_ws/install/xarm_1s_description/share/colcon-core/packages/xarm_1s_description)
[0.412s] Level 1:colcon.colcon_core.environment:create_environment_scripts_only(xarm_1s_hardware)
[0.413s] Level 1:colcon.colcon_core.environment:checking '/home/hyeon/xarm_ws/install/xarm_1s_hardware' for CMake module files
[0.414s] DEBUG:colcon.colcon_core.event_handler.log_command:Invoked command in '/home/hyeon/xarm_ws/build/xarm_1s_hardware' returned '0': CMAKE_PREFIX_PATH=${CMAKE_PREFIX_PATH}:/opt/ros/jazzy /usr/bin/cmake --install /home/hyeon/xarm_ws/build/xarm_1s_hardware
[0.414s] Level 1:colcon.colcon_core.environment:checking '/home/hyeon/xarm_ws/install/xarm_1s_hardware' for CMake config files
[0.417s] Level 1:colcon.colcon_core.shell:create_environment_hook('xarm_1s_hardware', 'cmake_prefix_path')
[0.417s] INFO:colcon.colcon_core.shell:Creating environment hook '/home/hyeon/xarm_ws/install/xarm_1s_hardware/share/xarm_1s_hardware/hook/cmake_prefix_path.ps1'
[0.417s] INFO:colcon.colcon_core.shell:Creating environment descriptor '/home/hyeon/xarm_ws/install/xarm_1s_hardware/share/xarm_1s_hardware/hook/cmake_prefix_path.dsv'
[0.417s] INFO:colcon.colcon_core.shell:Creating environment hook '/home/hyeon/xarm_ws/install/xarm_1s_hardware/share/xarm_1s_hardware/hook/cmake_prefix_path.sh'
[0.418s] Level 1:colcon.colcon_core.environment:checking '/home/hyeon/xarm_ws/install/xarm_1s_hardware/lib'
[0.418s] Level 1:colcon.colcon_core.shell:create_environment_hook('xarm_1s_hardware', 'ld_library_path_lib')
[0.418s] INFO:colcon.colcon_core.shell:Creating environment hook '/home/hyeon/xarm_ws/install/xarm_1s_hardware/share/xarm_1s_hardware/hook/ld_library_path_lib.ps1'
[0.419s] INFO:colcon.colcon_core.shell:Creating environment descriptor '/home/hyeon/xarm_ws/install/xarm_1s_hardware/share/xarm_1s_hardware/hook/ld_library_path_lib.dsv'
[0.419s] INFO:colcon.colcon_core.shell:Creating environment hook '/home/hyeon/xarm_ws/install/xarm_1s_hardware/share/xarm_1s_hardware/hook/ld_library_path_lib.sh'
[0.419s] Level 1:colcon.colcon_core.environment:checking '/home/hyeon/xarm_ws/install/xarm_1s_hardware/bin'
[0.419s] Level 1:colcon.colcon_core.environment:checking '/home/hyeon/xarm_ws/install/xarm_1s_hardware/lib/pkgconfig/xarm_1s_hardware.pc'
[0.419s] Level 1:colcon.colcon_core.environment:checking '/home/hyeon/xarm_ws/install/xarm_1s_hardware/lib/python3.12/site-packages'
[0.420s] Level 1:colcon.colcon_core.environment:checking '/home/hyeon/xarm_ws/install/xarm_1s_hardware/bin'
[0.420s] INFO:colcon.colcon_core.shell:Creating package script '/home/hyeon/xarm_ws/install/xarm_1s_hardware/share/xarm_1s_hardware/package.ps1'
[0.420s] INFO:colcon.colcon_core.shell:Creating package descriptor '/home/hyeon/xarm_ws/install/xarm_1s_hardware/share/xarm_1s_hardware/package.dsv'
[0.421s] INFO:colcon.colcon_core.shell:Creating package script '/home/hyeon/xarm_ws/install/xarm_1s_hardware/share/xarm_1s_hardware/package.sh'
[0.421s] INFO:colcon.colcon_core.shell:Creating package script '/home/hyeon/xarm_ws/install/xarm_1s_hardware/share/xarm_1s_hardware/package.bash'
[0.421s] INFO:colcon.colcon_core.shell:Creating package script '/home/hyeon/xarm_ws/install/xarm_1s_hardware/share/xarm_1s_hardware/package.zsh'
[0.421s] Level 1:colcon.colcon_core.environment:create_file_with_runtime_dependencies(/home/hyeon/xarm_ws/install/xarm_1s_hardware/share/colcon-core/packages/xarm_1s_hardware)
[0.422s] Level 1:colcon.colcon_core.environment:create_environment_scripts_only(xarm_1s_hardware)
[0.422s] Level 1:colcon.colcon_core.environment:checking '/home/hyeon/xarm_ws/install/xarm_1s_hardware' for CMake module files
[0.422s] Level 1:colcon.colcon_core.environment:checking '/home/hyeon/xarm_ws/install/xarm_1s_hardware' for CMake config files
[0.422s] Level 1:colcon.colcon_core.shell:create_environment_hook('xarm_1s_hardware', 'cmake_prefix_path')
[0.423s] INFO:colcon.colcon_core.shell:Creating environment hook '/home/hyeon/xarm_ws/install/xarm_1s_hardware/share/xarm_1s_hardware/hook/cmake_prefix_path.ps1'
[0.423s] INFO:colcon.colcon_core.shell:Creating environment descriptor '/home/hyeon/xarm_ws/install/xarm_1s_hardware/share/xarm_1s_hardware/hook/cmake_prefix_path.dsv'
[0.423s] INFO:colcon.colcon_core.shell:Creating environment hook '/home/hyeon/xarm_ws/install/xarm_1s_hardware/share/xarm_1s_hardware/hook/cmake_prefix_path.sh'
[0.423s] Level 1:colcon.colcon_core.environment:checking '/home/hyeon/xarm_ws/install/xarm_1s_hardware/lib'
[0.423s] Level 1:colcon.colcon_core.shell:create_environment_hook('xarm_1s_hardware', 'ld_library_path_lib')
[0.424s] INFO:colcon.colcon_core.shell:Creating environment hook '/home/hyeon/xarm_ws/install/xarm_1s_hardware/share/xarm_1s_hardware/hook/ld_library_path_lib.ps1'
[0.424s] INFO:colcon.colcon_core.shell:Creating environment descriptor '/home/hyeon/xarm_ws/install/xarm_1s_hardware/share/xarm_1s_hardware/hook/ld_library_path_lib.dsv'
[0.424s] INFO:colcon.colcon_core.shell:Creating environment hook '/home/hyeon/xarm_ws/install/xarm_1s_hardware/share/xarm_1s_hardware/hook/ld_library_path_lib.sh'
[0.424s] Level 1:colcon.colcon_core.environment:checking '/home/hyeon/xarm_ws/install/xarm_1s_hardware/bin'
[0.424s] Level 1:colcon.colcon_core.environment:checking '/home/hyeon/xarm_ws/install/xarm_1s_hardware/lib/pkgconfig/xarm_1s_hardware.pc'
[0.425s] Level 1:colcon.colcon_core.environment:checking '/home/hyeon/xarm_ws/install/xarm_1s_hardware/lib/python3.12/site-packages'
[0.425s] Level 1:colcon.colcon_core.environment:checking '/home/hyeon/xarm_ws/install/xarm_1s_hardware/bin'
[0.425s] INFO:colcon.colcon_core.shell:Creating package script '/home/hyeon/xarm_ws/install/xarm_1s_hardware/share/xarm_1s_hardware/package.ps1'
[0.426s] INFO:colcon.colcon_core.shell:Creating package descriptor '/home/hyeon/xarm_ws/install/xarm_1s_hardware/share/xarm_1s_hardware/package.dsv'
[0.427s] INFO:colcon.colcon_core.shell:Creating package script '/home/hyeon/xarm_ws/install/xarm_1s_hardware/share/xarm_1s_hardware/package.sh'
[0.427s] INFO:colcon.colcon_core.shell:Creating package script '/home/hyeon/xarm_ws/install/xarm_1s_hardware/share/xarm_1s_hardware/package.bash'
[0.427s] INFO:colcon.colcon_core.shell:Creating package script '/home/hyeon/xarm_ws/install/xarm_1s_hardware/share/xarm_1s_hardware/package.zsh'
[0.427s] Level 1:colcon.colcon_core.environment:create_file_with_runtime_dependencies(/home/hyeon/xarm_ws/install/xarm_1s_hardware/share/colcon-core/packages/xarm_1s_hardware)
[0.462s] DEBUG:colcon.colcon_core.event_handler.log_command:Invoking command in '/home/hyeon/xarm_ws/build/mtc': CMAKE_PREFIX_PATH=/home/hyeon/xarm_ws/install/xarm_1s_moveit_config:/home/hyeon/xarm_ws/install/mtc:/home/hyeon/xarm_ws/install/xarm_1s_hardware:/home/hyeon/xarm_ws/install/xarm_1s_description:/opt/ros/jazzy/opt/sdformat_vendor:/opt/ros/jazzy/opt/gz_math_vendor:/opt/ros/jazzy/opt/gz_utils_vendor:/opt/ros/jazzy/opt/gz_tools_vendor:/opt/ros/jazzy/opt/gz_cmake_vendor:/opt/ros/jazzy /usr/bin/cmake --build /home/hyeon/xarm_ws/build/mtc -- -j24 -l24
[0.518s] DEBUG:colcon.colcon_core.event_handler.log_command:Invoked command in '/home/hyeon/xarm_ws/build/mtc' returned '0': CMAKE_PREFIX_PATH=/home/hyeon/xarm_ws/install/xarm_1s_moveit_config:/home/hyeon/xarm_ws/install/mtc:/home/hyeon/xarm_ws/install/xarm_1s_hardware:/home/hyeon/xarm_ws/install/xarm_1s_description:/opt/ros/jazzy/opt/sdformat_vendor:/opt/ros/jazzy/opt/gz_math_vendor:/opt/ros/jazzy/opt/gz_utils_vendor:/opt/ros/jazzy/opt/gz_tools_vendor:/opt/ros/jazzy/opt/gz_cmake_vendor:/opt/ros/jazzy /usr/bin/cmake --build /home/hyeon/xarm_ws/build/mtc -- -j24 -l24
[0.520s] DEBUG:colcon.colcon_core.event_handler.log_command:Invoking command in '/home/hyeon/xarm_ws/build/mtc': CMAKE_PREFIX_PATH=/home/hyeon/xarm_ws/install/xarm_1s_moveit_config:/home/hyeon/xarm_ws/install/mtc:/home/hyeon/xarm_ws/install/xarm_1s_hardware:/home/hyeon/xarm_ws/install/xarm_1s_description:/opt/ros/jazzy/opt/sdformat_vendor:/opt/ros/jazzy/opt/gz_math_vendor:/opt/ros/jazzy/opt/gz_utils_vendor:/opt/ros/jazzy/opt/gz_tools_vendor:/opt/ros/jazzy/opt/gz_cmake_vendor:/opt/ros/jazzy /usr/bin/cmake --install /home/hyeon/xarm_ws/build/mtc
[0.540s] Level 1:colcon.colcon_core.environment:create_environment_scripts_only(mtc)
[0.540s] Level 1:colcon.colcon_core.environment:checking '/home/hyeon/xarm_ws/install/mtc' for CMake module files
[0.541s] DEBUG:colcon.colcon_core.event_handler.log_command:Invoked command in '/home/hyeon/xarm_ws/build/mtc' returned '0': CMAKE_PREFIX_PATH=/home/hyeon/xarm_ws/install/xarm_1s_moveit_config:/home/hyeon/xarm_ws/install/mtc:/home/hyeon/xarm_ws/install/xarm_1s_hardware:/home/hyeon/xarm_ws/install/xarm_1s_description:/opt/ros/jazzy/opt/sdformat_vendor:/opt/ros/jazzy/opt/gz_math_vendor:/opt/ros/jazzy/opt/gz_utils_vendor:/opt/ros/jazzy/opt/gz_tools_vendor:/opt/ros/jazzy/opt/gz_cmake_vendor:/opt/ros/jazzy /usr/bin/cmake --install /home/hyeon/xarm_ws/build/mtc
[0.542s] Level 1:colcon.colcon_core.environment:checking '/home/hyeon/xarm_ws/install/mtc' for CMake config files
[0.543s] Level 1:colcon.colcon_core.shell:create_environment_hook('mtc', 'cmake_prefix_path')
[0.543s] INFO:colcon.colcon_core.shell:Creating environment hook '/home/hyeon/xarm_ws/install/mtc/share/mtc/hook/cmake_prefix_path.ps1'
[0.544s] INFO:colcon.colcon_core.shell:Creating environment descriptor '/home/hyeon/xarm_ws/install/mtc/share/mtc/hook/cmake_prefix_path.dsv'
[0.544s] INFO:colcon.colcon_core.shell:Creating environment hook '/home/hyeon/xarm_ws/install/mtc/share/mtc/hook/cmake_prefix_path.sh'
[0.544s] Level 1:colcon.colcon_core.environment:checking '/home/hyeon/xarm_ws/install/mtc/lib'
[0.545s] Level 1:colcon.colcon_core.environment:checking '/home/hyeon/xarm_ws/install/mtc/bin'
[0.545s] Level 1:colcon.colcon_core.environment:checking '/home/hyeon/xarm_ws/install/mtc/lib/pkgconfig/mtc.pc'
[0.545s] Level 1:colcon.colcon_core.environment:checking '/home/hyeon/xarm_ws/install/mtc/lib/python3.12/site-packages'
[0.545s] Level 1:colcon.colcon_core.environment:checking '/home/hyeon/xarm_ws/install/mtc/bin'
[0.546s] INFO:colcon.colcon_core.shell:Creating package script '/home/hyeon/xarm_ws/install/mtc/share/mtc/package.ps1'
[0.546s] INFO:colcon.colcon_core.shell:Creating package descriptor '/home/hyeon/xarm_ws/install/mtc/share/mtc/package.dsv'
[0.546s] INFO:colcon.colcon_core.shell:Creating package script '/home/hyeon/xarm_ws/install/mtc/share/mtc/package.sh'
[0.546s] INFO:colcon.colcon_core.shell:Creating package script '/home/hyeon/xarm_ws/install/mtc/share/mtc/package.bash'
[0.547s] INFO:colcon.colcon_core.shell:Creating package script '/home/hyeon/xarm_ws/install/mtc/share/mtc/package.zsh'
[0.547s] Level 1:colcon.colcon_core.environment:create_file_with_runtime_dependencies(/home/hyeon/xarm_ws/install/mtc/share/colcon-core/packages/mtc)
[0.547s] Level 1:colcon.colcon_core.environment:create_environment_scripts_only(mtc)
[0.547s] Level 1:colcon.colcon_core.environment:checking '/home/hyeon/xarm_ws/install/mtc' for CMake module files
[0.548s] Level 1:colcon.colcon_core.environment:checking '/home/hyeon/xarm_ws/install/mtc' for CMake config files
[0.548s] Level 1:colcon.colcon_core.shell:create_environment_hook('mtc', 'cmake_prefix_path')
[0.548s] INFO:colcon.colcon_core.shell:Creating environment hook '/home/hyeon/xarm_ws/install/mtc/share/mtc/hook/cmake_prefix_path.ps1'
[0.548s] INFO:colcon.colcon_core.shell:Creating environment descriptor '/home/hyeon/xarm_ws/install/mtc/share/mtc/hook/cmake_prefix_path.dsv'
[0.549s] INFO:colcon.colcon_core.shell:Creating environment hook '/home/hyeon/xarm_ws/install/mtc/share/mtc/hook/cmake_prefix_path.sh'
[0.549s] Level 1:colcon.colcon_core.environment:checking '/home/hyeon/xarm_ws/install/mtc/lib'
[0.549s] Level 1:colcon.colcon_core.environment:checking '/home/hyeon/xarm_ws/install/mtc/bin'
[0.549s] Level 1:colcon.colcon_core.environment:checking '/home/hyeon/xarm_ws/install/mtc/lib/pkgconfig/mtc.pc'
[0.549s] Level 1:colcon.colcon_core.environment:checking '/home/hyeon/xarm_ws/install/mtc/lib/python3.12/site-packages'
[0.549s] Level 1:colcon.colcon_core.environment:checking '/home/hyeon/xarm_ws/install/mtc/bin'
[0.550s] INFO:colcon.colcon_core.shell:Creating package script '/home/hyeon/xarm_ws/install/mtc/share/mtc/package.ps1'
[0.550s] INFO:colcon.colcon_core.shell:Creating package descriptor '/home/hyeon/xarm_ws/install/mtc/share/mtc/package.dsv'
[0.550s] INFO:colcon.colcon_core.shell:Creating package script '/home/hyeon/xarm_ws/install/mtc/share/mtc/package.sh'
[0.551s] INFO:colcon.colcon_core.shell:Creating package script '/home/hyeon/xarm_ws/install/mtc/share/mtc/package.bash'
[0.551s] INFO:colcon.colcon_core.shell:Creating package script '/home/hyeon/xarm_ws/install/mtc/share/mtc/package.zsh'
[0.551s] Level 1:colcon.colcon_core.environment:create_file_with_runtime_dependencies(/home/hyeon/xarm_ws/install/mtc/share/colcon-core/packages/mtc)
[0.552s] DEBUG:colcon.colcon_parallel_executor.executor.parallel:closing loop
[0.552s] DEBUG:colcon.colcon_parallel_executor.executor.parallel:loop closed
[0.553s] DEBUG:colcon.colcon_parallel_executor.executor.parallel:run_until_complete finished with '0'
[0.553s] DEBUG:colcon.colcon_core.event_reactor:joining thread
[0.605s] INFO:colcon.colcon_core.plugin_system:Skipping extension 'colcon_notification.desktop_notification.notify_send': Could not find 'notify-send'
[0.605s] INFO:colcon.colcon_core.plugin_system:Skipping extension 'colcon_notification.desktop_notification.terminal_notifier': Not used on non-Darwin systems
[0.606s] INFO:colcon.colcon_core.plugin_system:Skipping extension 'colcon_notification.desktop_notification.win32': Not used on non-Windows systems
[0.606s] INFO:colcon.colcon_notification.desktop_notification:Sending desktop notification using 'notify2'
[0.607s] DEBUG:colcon.colcon_notification.desktop_notification.notify2:Failed to initialize notify2: org.freedesktop.DBus.Error.ServiceUnknown: The name org.freedesktop.Notifications was not provided by any .service files
[0.607s] DEBUG:colcon.colcon_core.event_reactor:joined thread
[0.607s] INFO:colcon.colcon_core.shell:Creating prefix script '/home/hyeon/xarm_ws/install/local_setup.ps1'
[0.608s] INFO:colcon.colcon_core.shell:Creating prefix util module '/home/hyeon/xarm_ws/install/_local_setup_util_ps1.py'
[0.609s] INFO:colcon.colcon_core.shell:Creating prefix chain script '/home/hyeon/xarm_ws/install/setup.ps1'
[0.610s] INFO:colcon.colcon_core.shell:Creating prefix script '/home/hyeon/xarm_ws/install/local_setup.sh'
[0.610s] INFO:colcon.colcon_core.shell:Creating prefix util module '/home/hyeon/xarm_ws/install/_local_setup_util_sh.py'
[0.611s] INFO:colcon.colcon_core.shell:Creating prefix chain script '/home/hyeon/xarm_ws/install/setup.sh'
[0.612s] INFO:colcon.colcon_core.shell:Creating prefix script '/home/hyeon/xarm_ws/install/local_setup.bash'
[0.612s] INFO:colcon.colcon_core.shell:Creating prefix chain script '/home/hyeon/xarm_ws/install/setup.bash'
[0.613s] INFO:colcon.colcon_core.shell:Creating prefix script '/home/hyeon/xarm_ws/install/local_setup.zsh'
[0.613s] INFO:colcon.colcon_core.shell:Creating prefix chain script '/home/hyeon/xarm_ws/install/setup.zsh'
