[0.000000] (-) TimerEvent: {}
[0.000108] (-) JobUnselected: {'identifier': 'xarm_1s_description'}
[0.000186] (-) JobUnselected: {'identifier': 'xarm_1s_moveit_config'}
[0.000211] (mtc) JobQueued: {'identifier': 'mtc', 'dependencies': OrderedDict({'xarm_1s_moveit_config': '/home/hyeonsu/xarm_ws/install/xarm_1s_moveit_config'})}
[0.000237] (mtc) JobStarted: {'identifier': 'mtc'}
[0.007385] (mtc) JobProgress: {'identifier': 'mtc', 'progress': 'cmake'}
[0.007968] (mtc) JobProgress: {'identifier': 'mtc', 'progress': 'build'}
[0.008621] (mtc) Command: {'cmd': ['/usr/bin/cmake', '--build', '/home/hyeonsu/xarm_ws/build/mtc', '--', '-j24', '-l24'], 'cwd': '/home/hyeonsu/xarm_ws/build/mtc', 'env': OrderedDict({'GJS_DEBUG_TOPICS': 'JS ERROR;JS LOG', 'LESSOPEN': '| /usr/bin/lesspipe %s', 'VSCODE_CWD': '/home/hyeonsu', 'CURSOR_EXTENSION_HOST_ROLE': 'agent-exec', 'VSCODE_ESM_ENTRYPOINT': 'vs/workbench/api/node/extensionHostProcess', 'GZ_SIM_RESOURCE_PATH': '/opt/ros/jazzy/share', 'USER': 'hyeonsu', 'VSCODE_NLS_CONFIG': '{"userLocale":"en-us","osLocale":"en-us","resolvedLanguage":"en","defaultMessagesFile":"/usr/share/cursor/resources/app/out/nls.messages.json","locale":"en-us","availableLanguages":{}}', 'GZ_CONFIG_PATH': '/opt/ros/jazzy/opt/gz_sim_vendor/share/gz:/opt/ros/jazzy/opt/sdformat_vendor/share/gz:/opt/ros/jazzy/opt/gz_gui_vendor/share/gz:/opt/ros/jazzy/opt/gz_transport_vendor/share/gz:/opt/ros/jazzy/opt/gz_rendering_vendor/share/gz:/opt/ros/jazzy/opt/gz_plugin_vendor/share/gz:/opt/ros/jazzy/opt/gz_fuel_tools_vendor/share/gz:/opt/ros/jazzy/opt/gz_msgs_vendor/share/gz:/opt/ros/jazzy/opt/gz_common_vendor/share/gz', 'CI': '1', 'VSCODE_HANDLES_UNCAUGHT_ERRORS': 'true', 'XDG_SESSION_TYPE': 'wayland', 'CLUTTER_DISABLE_MIPMAPPED_TEXT': '1', 'SHLVL': '1', 'LD_LIBRARY_PATH': '/opt/ros/jazzy/opt/gz_sim_vendor/lib:/opt/ros/jazzy/opt/gz_sensors_vendor/lib:/opt/ros/jazzy/opt/gz_physics_vendor/lib:/opt/ros/jazzy/opt/sdformat_vendor/lib:/opt/ros/jazzy/opt/rviz_ogre_vendor/lib:/opt/ros/jazzy/lib/x86_64-linux-gnu:/opt/ros/jazzy/opt/gz_gui_vendor/lib:/opt/ros/jazzy/opt/gz_transport_vendor/lib:/opt/ros/jazzy/opt/gz_rendering_vendor/lib:/opt/ros/jazzy/opt/gz_plugin_vendor/lib:/opt/ros/jazzy/opt/gz_fuel_tools_vendor/lib:/opt/ros/jazzy/opt/gz_msgs_vendor/lib:/opt/ros/jazzy/opt/gz_common_vendor/lib:/opt/ros/jazzy/opt/gz_math_vendor/lib:/opt/ros/jazzy/opt/gz_utils_vendor/lib:/opt/ros/jazzy/opt/gz_tools_vendor/lib:/opt/ros/jazzy/opt/gz_ogre_next_vendor/lib:/opt/ros/jazzy/opt/gz_dartsim_vendor/lib:/opt/ros/jazzy/opt/gz_cmake_vendor/lib:/opt/ros/jazzy/lib', 'HOME': '/home/hyeonsu', 'CHROME_DESKTOP': 'cursor.desktop', 'DESKTOP_SESSION': 'ubuntu', 'VSCODE_IPC_HOOK': '/run/user/1000/vscode-102b83de-2.5.-main.sock', 'GIO_LAUNCHED_DESKTOP_FILE': '/usr/share/applications/cursor.desktop', 'ROS_PYTHON_VERSION': '3', 'GNOME_SHELL_SESSION_MODE': 'ubuntu', 'GTK_MODULES': 'gail:atk-bridge:appmenu-gtk-module', 'MANAGERPID': '2670', 'SYSTEMD_EXEC_PID': '2963', 'IM_CONFIG_CHECK_ENV': '1', 'GSM_SKIP_SSH_AGENT_WORKAROUND': 'true', 'NO_COLOR': '1', 'DBUS_SESSION_BUS_ADDRESS': 'unix:path=/run/user/1000/bus', 'GIO_LAUNCHED_DESKTOP_FILE_PID': '4150', 'VSCODE_CRASH_REPORTER_PROCESS_TYPE': 'extensionHost', 'DEBUGINFOD_URLS': 'https://debuginfod.ubuntu.com', 'IM_CONFIG_PHASE': '1', 'WAYLAND_DISPLAY': 'wayland-0', 'COLCON_PREFIX_PATH': '/home/hyeonsu/xarm_ws/install', 'ROS_DISTRO': 'jazzy', 'LOGNAME': 'hyeonsu', 'FORCE_COLOR': '0', 'JOURNAL_STREAM': '9:29271', '_': '/usr/bin/colcon', 'ROS_VERSION': '2', 'MEMORY_PRESSURE_WATCH': '/sys/fs/cgroup/user.slice/user-1000.slice/user@1000.service/session.slice/org.gnome.Shell@wayland.service/memory.pressure', 'XDG_SESSION_CLASS': 'user', 'USERNAME': 'hyeonsu', 'TERM': 'dumb', 'GNOME_DESKTOP_SESSION_ID': 'this-is-deprecated', 'FC_FONTATIONS': '1', 'PATH': '/opt/ros/jazzy/opt/gz_msgs_vendor/bin:/opt/ros/jazzy/opt/gz_tools_vendor/bin:/opt/ros/jazzy/opt/gz_ogre_next_vendor/bin:/opt/ros/jazzy/bin:/home/hyeonsu/.local/bin:/home/hyeonsu/.local/bin:/home/hyeonsu/.local/bin:/usr/local/sbin:/usr/local/bin:/usr/sbin:/usr/bin:/sbin:/bin:/usr/games:/usr/local/games:/snap/bin:/snap/bin:/home/hyeonsu/.local/bin:/home/hyeonsu/.local/bin:/home/hyeonsu/.local/bin', 'SESSION_MANAGER': 'local/om:@/tmp/.ICE-unix/2901,unix/om:/tmp/.ICE-unix/2901', 'INVOCATION_ID': 'aeae974ceb764caca71cf6a76b88eb5a', 'XDG_MENU_PREFIX': 'gnome-', 'VSCODE_PROCESS_TITLE': 'extension-host (agent-exec) [1-3]', 'GNOME_SETUP_DISPLAY': ':1', 'XDG_RUNTIME_DIR': '/run/user/1000', 'GDK_BACKEND': 'wayland', 'CURSOR_AGENT': '1', 'DISPLAY': ':0', 'LANG': 'en_US.UTF-8', 'XDG_CURRENT_DESKTOP': 'ubuntu:GNOME', 'XMODIFIERS': '@im=ibus', 'XDG_SESSION_DESKTOP': 'ubuntu', 'XAUTHORITY': '/run/user/1000/.mutter-Xwaylandauth.JYHLL3', 'LS_COLORS': '', 'SBX_CHROME_API_RQ': '1', 'CURSOR_TRACE_ID': '75e309d286c1448ca93465d00990a353', 'SSH_AUTH_SOCK': '/run/user/1000/keyring/ssh', 'AMENT_PREFIX_PATH': '/home/hyeonsu/xarm_ws/install/mtc:/home/hyeonsu/xarm_ws/install/xarm_1s_moveit_config:/home/hyeonsu/xarm_ws/install/xarm_1s_description:/opt/ros/jazzy', 'SHELL': '/bin/bash', 'QT_ACCESSIBILITY': '1', 'GDMSESSION': 'ubuntu', 'LESSCLOSE': '/usr/bin/lesspipe %s %s', 'GJS_DEBUG_OUTPUT': 'stderr', 'ROS_AUTOMATIC_DISCOVERY_RANGE': 'SUBNET', 'QT_IM_MODULE': 'ibus', 'PWD': '/home/hyeonsu/xarm_ws/build/mtc', 'LC_ALL': 'en_US.UTF-8', 'XDG_CONFIG_DIRS': '/etc/xdg/xdg-ubuntu:/etc/xdg', 'VSCODE_CODE_CACHE_PATH': '/home/hyeonsu/.config/Cursor/CachedData/7d96c2a03bb088ad367615e9da1a3fe20fbbc6a0', 'XDG_DATA_DIRS': '/usr/share/ubuntu:/usr/share/gnome:/usr/local/share/:/usr/share/:/var/lib/snapd/desktop', 'QTWEBENGINE_DICTIONARIES_PATH': '/usr/share/hunspell-bdic/', 'PYTHONPATH': '/opt/ros/jazzy/lib/python3.12/site-packages', 'COLCON': '1', '_ZO_DOCTOR': '0', 'MEMORY_PRESSURE_WRITE': 'c29tZSAyMDAwMDAgMjAwMDAwMAA=', 'CMAKE_PREFIX_PATH': '/home/hyeonsu/xarm_ws/install/xarm_1s_moveit_config:/home/hyeonsu/xarm_ws/install/mtc:/home/hyeonsu/xarm_ws/install/xarm_1s_description:/opt/ros/jazzy/opt/gz_sim_vendor:/opt/ros/jazzy/opt/gz_sensors_vendor:/opt/ros/jazzy/opt/gz_physics_vendor:/opt/ros/jazzy/opt/sdformat_vendor:/opt/ros/jazzy/opt/gz_gui_vendor:/opt/ros/jazzy/opt/gz_transport_vendor:/opt/ros/jazzy/opt/gz_rendering_vendor:/opt/ros/jazzy/opt/gz_plugin_vendor:/opt/ros/jazzy/opt/gz_fuel_tools_vendor:/opt/ros/jazzy/opt/gz_msgs_vendor:/opt/ros/jazzy/opt/gz_common_vendor:/opt/ros/jazzy/opt/gz_math_vendor:/opt/ros/jazzy/opt/gz_utils_vendor:/opt/ros/jazzy/opt/gz_tools_vendor:/opt/ros/jazzy/opt/gz_ogre_next_vendor:/opt/ros/jazzy/opt/gz_dartsim_vendor:/opt/ros/jazzy/opt/gz_cmake_vendor:/opt/ros/jazzy', 'VSCODE_PID': '4150'}), 'shell': False}
[0.080576] (mtc) StdoutLine: {'line': b'[ 50%] Building CXX object CMakeFiles/mtc_node.dir/src/mtc_node.cpp.o\n'}
[0.099217] (-) TimerEvent: {}
[0.199379] (-) TimerEvent: {}
[0.299537] (-) TimerEvent: {}
[0.399698] (-) TimerEvent: {}
[0.499857] (-) TimerEvent: {}
[0.600027] (-) TimerEvent: {}
[0.700186] (-) TimerEvent: {}
[0.800350] (-) TimerEvent: {}
[0.900510] (-) TimerEvent: {}
[1.000670] (-) TimerEvent: {}
[1.100830] (-) TimerEvent: {}
[1.200990] (-) TimerEvent: {}
[1.301151] (-) TimerEvent: {}
[1.401312] (-) TimerEvent: {}
[1.501470] (-) TimerEvent: {}
[1.601658] (-) TimerEvent: {}
[1.701855] (-) TimerEvent: {}
[1.802026] (-) TimerEvent: {}
[1.902186] (-) TimerEvent: {}
[2.002347] (-) TimerEvent: {}
[2.102509] (-) TimerEvent: {}
[2.202674] (-) TimerEvent: {}
[2.302839] (-) TimerEvent: {}
[2.403001] (-) TimerEvent: {}
[2.503161] (-) TimerEvent: {}
[2.603320] (-) TimerEvent: {}
[2.703480] (-) TimerEvent: {}
[2.803641] (-) TimerEvent: {}
[2.903801] (-) TimerEvent: {}
[3.003963] (-) TimerEvent: {}
[3.104117] (-) TimerEvent: {}
[3.204274] (-) TimerEvent: {}
[3.304468] (-) TimerEvent: {}
[3.404694] (-) TimerEvent: {}
[3.504886] (-) TimerEvent: {}
[3.605053] (-) TimerEvent: {}
[3.705236] (-) TimerEvent: {}
[3.805460] (-) TimerEvent: {}
[3.905690] (-) TimerEvent: {}
[4.005926] (-) TimerEvent: {}
[4.106153] (-) TimerEvent: {}
[4.206381] (-) TimerEvent: {}
[4.306609] (-) TimerEvent: {}
[4.406838] (-) TimerEvent: {}
[4.507076] (-) TimerEvent: {}
[4.607307] (-) TimerEvent: {}
[4.707506] (-) TimerEvent: {}
[4.807677] (-) TimerEvent: {}
[4.907843] (-) TimerEvent: {}
[5.007961] (-) TimerEvent: {}
[5.108144] (-) TimerEvent: {}
[5.208370] (-) TimerEvent: {}
[5.308587] (-) TimerEvent: {}
[5.373609] (mtc) StdoutLine: {'line': b'[100%] Linking CXX executable mtc_node\n'}
[5.408677] (-) TimerEvent: {}
[5.508835] (-) TimerEvent: {}
[5.569025] (mtc) StdoutLine: {'line': b'[100%] Built target mtc_node\n'}
[5.579096] (mtc) CommandEnded: {'returncode': 0}
[5.579532] (mtc) JobProgress: {'identifier': 'mtc', 'progress': 'install'}
[5.587901] (mtc) Command: {'cmd': ['/usr/bin/cmake', '--install', '/home/hyeonsu/xarm_ws/build/mtc'], 'cwd': '/home/hyeonsu/xarm_ws/build/mtc', 'env': OrderedDict({'GJS_DEBUG_TOPICS': 'JS ERROR;JS LOG', 'LESSOPEN': '| /usr/bin/lesspipe %s', 'VSCODE_CWD': '/home/hyeonsu', 'CURSOR_EXTENSION_HOST_ROLE': 'agent-exec', 'VSCODE_ESM_ENTRYPOINT': 'vs/workbench/api/node/extensionHostProcess', 'GZ_SIM_RESOURCE_PATH': '/opt/ros/jazzy/share', 'USER': 'hyeonsu', 'VSCODE_NLS_CONFIG': '{"userLocale":"en-us","osLocale":"en-us","resolvedLanguage":"en","defaultMessagesFile":"/usr/share/cursor/resources/app/out/nls.messages.json","locale":"en-us","availableLanguages":{}}', 'GZ_CONFIG_PATH': '/opt/ros/jazzy/opt/gz_sim_vendor/share/gz:/opt/ros/jazzy/opt/sdformat_vendor/share/gz:/opt/ros/jazzy/opt/gz_gui_vendor/share/gz:/opt/ros/jazzy/opt/gz_transport_vendor/share/gz:/opt/ros/jazzy/opt/gz_rendering_vendor/share/gz:/opt/ros/jazzy/opt/gz_plugin_vendor/share/gz:/opt/ros/jazzy/opt/gz_fuel_tools_vendor/share/gz:/opt/ros/jazzy/opt/gz_msgs_vendor/share/gz:/opt/ros/jazzy/opt/gz_common_vendor/share/gz', 'CI': '1', 'VSCODE_HANDLES_UNCAUGHT_ERRORS': 'true', 'XDG_SESSION_TYPE': 'wayland', 'CLUTTER_DISABLE_MIPMAPPED_TEXT': '1', 'SHLVL': '1', 'LD_LIBRARY_PATH': '/opt/ros/jazzy/opt/gz_sim_vendor/lib:/opt/ros/jazzy/opt/gz_sensors_vendor/lib:/opt/ros/jazzy/opt/gz_physics_vendor/lib:/opt/ros/jazzy/opt/sdformat_vendor/lib:/opt/ros/jazzy/opt/rviz_ogre_vendor/lib:/opt/ros/jazzy/lib/x86_64-linux-gnu:/opt/ros/jazzy/opt/gz_gui_vendor/lib:/opt/ros/jazzy/opt/gz_transport_vendor/lib:/opt/ros/jazzy/opt/gz_rendering_vendor/lib:/opt/ros/jazzy/opt/gz_plugin_vendor/lib:/opt/ros/jazzy/opt/gz_fuel_tools_vendor/lib:/opt/ros/jazzy/opt/gz_msgs_vendor/lib:/opt/ros/jazzy/opt/gz_common_vendor/lib:/opt/ros/jazzy/opt/gz_math_vendor/lib:/opt/ros/jazzy/opt/gz_utils_vendor/lib:/opt/ros/jazzy/opt/gz_tools_vendor/lib:/opt/ros/jazzy/opt/gz_ogre_next_vendor/lib:/opt/ros/jazzy/opt/gz_dartsim_vendor/lib:/opt/ros/jazzy/opt/gz_cmake_vendor/lib:/opt/ros/jazzy/lib', 'HOME': '/home/hyeonsu', 'CHROME_DESKTOP': 'cursor.desktop', 'DESKTOP_SESSION': 'ubuntu', 'VSCODE_IPC_HOOK': '/run/user/1000/vscode-102b83de-2.5.-main.sock', 'GIO_LAUNCHED_DESKTOP_FILE': '/usr/share/applications/cursor.desktop', 'ROS_PYTHON_VERSION': '3', 'GNOME_SHELL_SESSION_MODE': 'ubuntu', 'GTK_MODULES': 'gail:atk-bridge:appmenu-gtk-module', 'MANAGERPID': '2670', 'SYSTEMD_EXEC_PID': '2963', 'IM_CONFIG_CHECK_ENV': '1', 'GSM_SKIP_SSH_AGENT_WORKAROUND': 'true', 'NO_COLOR': '1', 'DBUS_SESSION_BUS_ADDRESS': 'unix:path=/run/user/1000/bus', 'GIO_LAUNCHED_DESKTOP_FILE_PID': '4150', 'VSCODE_CRASH_REPORTER_PROCESS_TYPE': 'extensionHost', 'DEBUGINFOD_URLS': 'https://debuginfod.ubuntu.com', 'IM_CONFIG_PHASE': '1', 'WAYLAND_DISPLAY': 'wayland-0', 'COLCON_PREFIX_PATH': '/home/hyeonsu/xarm_ws/install', 'ROS_DISTRO': 'jazzy', 'LOGNAME': 'hyeonsu', 'FORCE_COLOR': '0', 'JOURNAL_STREAM': '9:29271', '_': '/usr/bin/colcon', 'ROS_VERSION': '2', 'MEMORY_PRESSURE_WATCH': '/sys/fs/cgroup/user.slice/user-1000.slice/user@1000.service/session.slice/org.gnome.Shell@wayland.service/memory.pressure', 'XDG_SESSION_CLASS': 'user', 'USERNAME': 'hyeonsu', 'TERM': 'dumb', 'GNOME_DESKTOP_SESSION_ID': 'this-is-deprecated', 'FC_FONTATIONS': '1', 'PATH': '/opt/ros/jazzy/opt/gz_msgs_vendor/bin:/opt/ros/jazzy/opt/gz_tools_vendor/bin:/opt/ros/jazzy/opt/gz_ogre_next_vendor/bin:/opt/ros/jazzy/bin:/home/hyeonsu/.local/bin:/home/hyeonsu/.local/bin:/home/hyeonsu/.local/bin:/usr/local/sbin:/usr/local/bin:/usr/sbin:/usr/bin:/sbin:/bin:/usr/games:/usr/local/games:/snap/bin:/snap/bin:/home/hyeonsu/.local/bin:/home/hyeonsu/.local/bin:/home/hyeonsu/.local/bin', 'SESSION_MANAGER': 'local/om:@/tmp/.ICE-unix/2901,unix/om:/tmp/.ICE-unix/2901', 'INVOCATION_ID': 'aeae974ceb764caca71cf6a76b88eb5a', 'XDG_MENU_PREFIX': 'gnome-', 'VSCODE_PROCESS_TITLE': 'extension-host (agent-exec) [1-3]', 'GNOME_SETUP_DISPLAY': ':1', 'XDG_RUNTIME_DIR': '/run/user/1000', 'GDK_BACKEND': 'wayland', 'CURSOR_AGENT': '1', 'DISPLAY': ':0', 'LANG': 'en_US.UTF-8', 'XDG_CURRENT_DESKTOP': 'ubuntu:GNOME', 'XMODIFIERS': '@im=ibus', 'XDG_SESSION_DESKTOP': 'ubuntu', 'XAUTHORITY': '/run/user/1000/.mutter-Xwaylandauth.JYHLL3', 'LS_COLORS': '', 'SBX_CHROME_API_RQ': '1', 'CURSOR_TRACE_ID': '75e309d286c1448ca93465d00990a353', 'SSH_AUTH_SOCK': '/run/user/1000/keyring/ssh', 'AMENT_PREFIX_PATH': '/home/hyeonsu/xarm_ws/install/mtc:/home/hyeonsu/xarm_ws/install/xarm_1s_moveit_config:/home/hyeonsu/xarm_ws/install/xarm_1s_description:/opt/ros/jazzy', 'SHELL': '/bin/bash', 'QT_ACCESSIBILITY': '1', 'GDMSESSION': 'ubuntu', 'LESSCLOSE': '/usr/bin/lesspipe %s %s', 'GJS_DEBUG_OUTPUT': 'stderr', 'ROS_AUTOMATIC_DISCOVERY_RANGE': 'SUBNET', 'QT_IM_MODULE': 'ibus', 'PWD': '/home/hyeonsu/xarm_ws/build/mtc', 'LC_ALL': 'en_US.UTF-8', 'XDG_CONFIG_DIRS': '/etc/xdg/xdg-ubuntu:/etc/xdg', 'VSCODE_CODE_CACHE_PATH': '/home/hyeonsu/.config/Cursor/CachedData/7d96c2a03bb088ad367615e9da1a3fe20fbbc6a0', 'XDG_DATA_DIRS': '/usr/share/ubuntu:/usr/share/gnome:/usr/local/share/:/usr/share/:/var/lib/snapd/desktop', 'QTWEBENGINE_DICTIONARIES_PATH': '/usr/share/hunspell-bdic/', 'PYTHONPATH': '/opt/ros/jazzy/lib/python3.12/site-packages', 'COLCON': '1', '_ZO_DOCTOR': '0', 'MEMORY_PRESSURE_WRITE': 'c29tZSAyMDAwMDAgMjAwMDAwMAA=', 'CMAKE_PREFIX_PATH': '/home/hyeonsu/xarm_ws/install/xarm_1s_moveit_config:/home/hyeonsu/xarm_ws/install/mtc:/home/hyeonsu/xarm_ws/install/xarm_1s_description:/opt/ros/jazzy/opt/gz_sim_vendor:/opt/ros/jazzy/opt/gz_sensors_vendor:/opt/ros/jazzy/opt/gz_physics_vendor:/opt/ros/jazzy/opt/sdformat_vendor:/opt/ros/jazzy/opt/gz_gui_vendor:/opt/ros/jazzy/opt/gz_transport_vendor:/opt/ros/jazzy/opt/gz_rendering_vendor:/opt/ros/jazzy/opt/gz_plugin_vendor:/opt/ros/jazzy/opt/gz_fuel_tools_vendor:/opt/ros/jazzy/opt/gz_msgs_vendor:/opt/ros/jazzy/opt/gz_common_vendor:/opt/ros/jazzy/opt/gz_math_vendor:/opt/ros/jazzy/opt/gz_utils_vendor:/opt/ros/jazzy/opt/gz_tools_vendor:/opt/ros/jazzy/opt/gz_ogre_next_vendor:/opt/ros/jazzy/opt/gz_dartsim_vendor:/opt/ros/jazzy/opt/gz_cmake_vendor:/opt/ros/jazzy', 'VSCODE_PID': '4150'}), 'shell': False}
[5.593469] (mtc) StdoutLine: {'line': b'-- Install configuration: ""\n'}
[5.593583] (mtc) StdoutLine: {'line': b'-- Installing: /home/hyeonsu/xarm_ws/install/mtc/lib/mtc/mtc_node\n'}
[5.594040] (mtc) StdoutLine: {'line': b'-- Set non-toolchain portion of runtime path of "/home/hyeonsu/xarm_ws/install/mtc/lib/mtc/mtc_node" to ""\n'}
[5.594080] (mtc) StdoutLine: {'line': b'-- Up-to-date: /home/hyeonsu/xarm_ws/install/mtc/share/mtc/launch\n'}
[5.594120] (mtc) StdoutLine: {'line': b'-- Up-to-date: /home/hyeonsu/xarm_ws/install/mtc/share/mtc/launch/pick_place_demo.launch.py\n'}
[5.594142] (mtc) StdoutLine: {'line': b'-- Up-to-date: /home/hyeonsu/xarm_ws/install/mtc/share/mtc/launch/__pycache__\n'}
[5.594163] (mtc) StdoutLine: {'line': b'-- Installing: /home/hyeonsu/xarm_ws/install/mtc/share/mtc/launch/__pycache__/pick_place_demo.launch.cpython-312.pyc\n'}
[5.594200] (mtc) StdoutLine: {'line': b'-- Up-to-date: /home/hyeonsu/xarm_ws/install/mtc/share/ament_index/resource_index/package_run_dependencies/mtc\n'}
[5.594222] (mtc) StdoutLine: {'line': b'-- Up-to-date: /home/hyeonsu/xarm_ws/install/mtc/share/ament_index/resource_index/parent_prefix_path/mtc\n'}
[5.594267] (mtc) StdoutLine: {'line': b'-- Up-to-date: /home/hyeonsu/xarm_ws/install/mtc/share/mtc/environment/ament_prefix_path.sh\n'}
[5.594289] (mtc) StdoutLine: {'line': b'-- Up-to-date: /home/hyeonsu/xarm_ws/install/mtc/share/mtc/environment/ament_prefix_path.dsv\n'}
[5.594318] (mtc) StdoutLine: {'line': b'-- Up-to-date: /home/hyeonsu/xarm_ws/install/mtc/share/mtc/environment/path.sh\n'}
[5.594349] (mtc) StdoutLine: {'line': b'-- Up-to-date: /home/hyeonsu/xarm_ws/install/mtc/share/mtc/environment/path.dsv\n'}
[5.594372] (mtc) StdoutLine: {'line': b'-- Up-to-date: /home/hyeonsu/xarm_ws/install/mtc/share/mtc/local_setup.bash\n'}
[5.594392] (mtc) StdoutLine: {'line': b'-- Up-to-date: /home/hyeonsu/xarm_ws/install/mtc/share/mtc/local_setup.sh\n'}
[5.594412] (mtc) StdoutLine: {'line': b'-- Up-to-date: /home/hyeonsu/xarm_ws/install/mtc/share/mtc/local_setup.zsh\n'}
[5.594433] (mtc) StdoutLine: {'line': b'-- Up-to-date: /home/hyeonsu/xarm_ws/install/mtc/share/mtc/local_setup.dsv\n'}
[5.594465] (mtc) StdoutLine: {'line': b'-- Installing: /home/hyeonsu/xarm_ws/install/mtc/share/mtc/package.dsv\n'}
[5.594500] (mtc) StdoutLine: {'line': b'-- Up-to-date: /home/hyeonsu/xarm_ws/install/mtc/share/ament_index/resource_index/packages/mtc\n'}
[5.594520] (mtc) StdoutLine: {'line': b'-- Up-to-date: /home/hyeonsu/xarm_ws/install/mtc/share/mtc/cmake/mtcConfig.cmake\n'}
[5.594539] (mtc) StdoutLine: {'line': b'-- Up-to-date: /home/hyeonsu/xarm_ws/install/mtc/share/mtc/cmake/mtcConfig-version.cmake\n'}
[5.594558] (mtc) StdoutLine: {'line': b'-- Up-to-date: /home/hyeonsu/xarm_ws/install/mtc/share/mtc/package.xml\n'}
[5.595197] (mtc) CommandEnded: {'returncode': 0}
[5.602570] (mtc) JobEnded: {'identifier': 'mtc', 'rc': 0}
[5.602850] (-) EventReactorShutdown: {}
