[0.008s] Invoking command in '/home/secu4090/xarm_ws/build/mtc': CMAKE_PREFIX_PATH=${CMAKE_PREFIX_PATH}:/home/secu4090/turtlebot3_ws/install/tb3_custom_explore DEBUGINFOD_URLS=https://debuginfod.ubuntu.com /usr/bin/cmake /home/secu4090/xarm_ws/src/mtc -DCMAKE_INSTALL_PREFIX=/home/secu4090/xarm_ws/install/mtc
[0.049s] -- The C compiler identification is GNU 13.3.0
[0.086s] -- The CXX compiler identification is GNU 13.3.0
[0.104s] -- Detecting C compiler ABI info
[0.171s] -- Detecting C compiler ABI info - done
[0.180s] -- Check for working C compiler: /usr/bin/cc - skipped
[0.180s] -- Detecting C compile features
[0.180s] -- Detecting C compile features - done
[0.187s] -- Detecting CXX compiler ABI info
[0.255s] -- Detecting CXX compiler ABI info - done
[0.260s] -- Check for working CXX compiler: /usr/bin/c++ - skipped
[0.260s] -- Detecting CXX compile features
[0.261s] -- Detecting CXX compile features - done
[0.263s] -- Found ament_cmake: 2.5.5 (/opt/ros/jazzy/share/ament_cmake/cmake)
[0.355s] -- Found Python3: /usr/bin/python3 (found version "3.12.3") found components: Interpreter 
[0.420s] -- Found rclcpp: 28.1.16 (/opt/ros/jazzy/share/rclcpp/cmake)
[0.447s] -- Found rosidl_generator_c: 4.6.7 (/opt/ros/jazzy/share/rosidl_generator_c/cmake)
[0.456s] -- Found rosidl_generator_cpp: 4.6.7 (/opt/ros/jazzy/share/rosidl_generator_cpp/cmake)
[0.466s] -- Using all available rosidl_typesupport_c: rosidl_typesupport_fastrtps_c;rosidl_typesupport_introspection_c
[0.477s] -- Using all available rosidl_typesupport_cpp: rosidl_typesupport_fastrtps_cpp;rosidl_typesupport_introspection_cpp
[0.523s] -- Found rmw_implementation_cmake: 7.3.3 (/opt/ros/jazzy/share/rmw_implementation_cmake/cmake)
[0.525s] -- Found rmw_fastrtps_cpp: 8.4.3 (/opt/ros/jazzy/share/rmw_fastrtps_cpp/cmake)
[0.598s] -- Found OpenSSL: /usr/lib/x86_64-linux-gnu/libcrypto.so (found version "3.0.13")  
[0.633s] -- Found FastRTPS: /opt/ros/jazzy/include (Required is at least version "2.13") 
[0.659s] -- Using RMW implementation 'rmw_fastrtps_cpp' as default
[0.704s] -- Found moveit_ros_planning_interface: 2.12.4 (/opt/ros/jazzy/share/moveit_ros_planning_interface/cmake)
[0.812s] -- Found Boost: /usr/lib/x86_64-linux-gnu/cmake/Boost-1.83.0/BoostConfig.cmake (found version "1.83.0") found components: date_time filesystem program_options system thread 
[0.986s] -- Found Boost: /usr/lib/x86_64-linux-gnu/cmake/Boost-1.83.0/BoostConfig.cmake (found version "1.83.0") found components: chrono date_time filesystem iostreams program_options regex serialization system thread 
[1.026s] -- Found parameter_traits: 0.6.0 (/opt/ros/jazzy/share/parameter_traits/cmake)
[1.035s] -- Found rclcpp_lifecycle: 28.1.16 (/opt/ros/jazzy/share/rclcpp_lifecycle/cmake)
[1.057s] -- Found Boost: /usr/lib/x86_64-linux-gnu/cmake/Boost-1.83.0/BoostConfig.cmake (found version "1.83.0") found components: filesystem 
[1.096s] -- Found Eigen3: TRUE (found version "3.4.0") 
[1.096s] -- Ensuring Eigen3 include directory is part of orocos-kdl CMake target
[1.198s] -- Found Boost: /usr/lib/x86_64-linux-gnu/cmake/Boost-1.83.0/BoostConfig.cmake (found version "1.83.0") found components: system filesystem date_time program_options thread chrono 
[1.228s] -- Found Boost: /usr/lib/x86_64-linux-gnu/cmake/Boost-1.83.0/BoostConfig.cmake (found version "1.83.0") found components: thread system filesystem regex date_time program_options 
[1.244s] -- Found Boost: /usr/lib/x86_64-linux-gnu/cmake/Boost-1.83.0/BoostConfig.cmake (found version "1.83.0") found components: system filesystem date_time program_options thread 
[1.267s] -- Found moveit_task_constructor_core: 0.1.4 (/opt/ros/jazzy/share/moveit_task_constructor_core/cmake)
[1.310s] -- Found ament_lint_auto: 0.17.4 (/opt/ros/jazzy/share/ament_lint_auto/cmake)
[1.369s] -- Added test 'cppcheck' to perform static code analysis on C / C++ code
[1.369s] -- Configured cppcheck include dirs: 
[1.369s] -- Configured cppcheck exclude dirs and/or files: 
[1.370s] -- Added test 'flake8' to check Python code syntax and style conventions
[1.370s] -- Configured 'flake8' exclude dirs and/or files: 
[1.370s] -- Added test 'lint_cmake' to check CMake code style
[1.370s] -- Added test 'pep257' to check Python code against some of the docstring style conventions in PEP 257
[1.371s] -- Added test 'uncrustify' to check C / C++ code style
[1.371s] -- Configured uncrustify additional arguments: 
[1.371s] -- Added test 'xmllint' to check XML markup files
[1.372s] -- Configuring done (1.4s)
[1.386s] -- Generating done (0.0s)
[1.390s] -- Build files have been written to: /home/secu4090/xarm_ws/build/mtc
[1.398s] Invoked command in '/home/secu4090/xarm_ws/build/mtc' returned '0': CMAKE_PREFIX_PATH=${CMAKE_PREFIX_PATH}:/home/secu4090/turtlebot3_ws/install/tb3_custom_explore DEBUGINFOD_URLS=https://debuginfod.ubuntu.com /usr/bin/cmake /home/secu4090/xarm_ws/src/mtc -DCMAKE_INSTALL_PREFIX=/home/secu4090/xarm_ws/install/mtc
[1.399s] Invoking command in '/home/secu4090/xarm_ws/build/mtc': CMAKE_PREFIX_PATH=${CMAKE_PREFIX_PATH}:/home/secu4090/turtlebot3_ws/install/tb3_custom_explore DEBUGINFOD_URLS=https://debuginfod.ubuntu.com /usr/bin/cmake --build /home/secu4090/xarm_ws/build/mtc -- -j28 -l28
[1.459s] [ 50%] [32mBuilding CXX object CMakeFiles/mtc_node.dir/src/mtc_node.cpp.o[0m
[6.767s] [100%] [32m[1mLinking CXX executable mtc_node[0m
[7.035s] [100%] Built target mtc_node
[7.042s] Invoked command in '/home/secu4090/xarm_ws/build/mtc' returned '0': CMAKE_PREFIX_PATH=${CMAKE_PREFIX_PATH}:/home/secu4090/turtlebot3_ws/install/tb3_custom_explore DEBUGINFOD_URLS=https://debuginfod.ubuntu.com /usr/bin/cmake --build /home/secu4090/xarm_ws/build/mtc -- -j28 -l28
[7.043s] Invoking command in '/home/secu4090/xarm_ws/build/mtc': CMAKE_PREFIX_PATH=${CMAKE_PREFIX_PATH}:/home/secu4090/turtlebot3_ws/install/tb3_custom_explore DEBUGINFOD_URLS=https://debuginfod.ubuntu.com /usr/bin/cmake --install /home/secu4090/xarm_ws/build/mtc
[7.047s] -- Install configuration: ""
[7.047s] -- Installing: /home/secu4090/xarm_ws/install/mtc/lib/mtc/mtc_node
[7.048s] -- Set non-toolchain portion of runtime path of "/home/secu4090/xarm_ws/install/mtc/lib/mtc/mtc_node" to ""
[7.048s] -- Installing: /home/secu4090/xarm_ws/install/mtc/share/mtc/launch
[7.048s] -- Installing: /home/secu4090/xarm_ws/install/mtc/share/mtc/launch/pick_place_demo.launch.py
[7.048s] -- Installing: /home/secu4090/xarm_ws/install/mtc/share/ament_index/resource_index/package_run_dependencies/mtc
[7.048s] -- Installing: /home/secu4090/xarm_ws/install/mtc/share/ament_index/resource_index/parent_prefix_path/mtc
[7.048s] -- Installing: /home/secu4090/xarm_ws/install/mtc/share/mtc/environment/ament_prefix_path.sh
[7.048s] -- Installing: /home/secu4090/xarm_ws/install/mtc/share/mtc/environment/ament_prefix_path.dsv
[7.048s] -- Installing: /home/secu4090/xarm_ws/install/mtc/share/mtc/environment/path.sh
[7.048s] -- Installing: /home/secu4090/xarm_ws/install/mtc/share/mtc/environment/path.dsv
[7.049s] -- Installing: /home/secu4090/xarm_ws/install/mtc/share/mtc/local_setup.bash
[7.049s] -- Installing: /home/secu4090/xarm_ws/install/mtc/share/mtc/local_setup.sh
[7.049s] -- Installing: /home/secu4090/xarm_ws/install/mtc/share/mtc/local_setup.zsh
[7.049s] -- Installing: /home/secu4090/xarm_ws/install/mtc/share/mtc/local_setup.dsv
[7.049s] -- Installing: /home/secu4090/xarm_ws/install/mtc/share/mtc/package.dsv
[7.049s] -- Installing: /home/secu4090/xarm_ws/install/mtc/share/ament_index/resource_index/packages/mtc
[7.049s] -- Installing: /home/secu4090/xarm_ws/install/mtc/share/mtc/cmake/mtcConfig.cmake
[7.049s] -- Installing: /home/secu4090/xarm_ws/install/mtc/share/mtc/cmake/mtcConfig-version.cmake
[7.049s] -- Installing: /home/secu4090/xarm_ws/install/mtc/share/mtc/package.xml
[7.050s] Invoked command in '/home/secu4090/xarm_ws/build/mtc' returned '0': CMAKE_PREFIX_PATH=${CMAKE_PREFIX_PATH}:/home/secu4090/turtlebot3_ws/install/tb3_custom_explore DEBUGINFOD_URLS=https://debuginfod.ubuntu.com /usr/bin/cmake --install /home/secu4090/xarm_ws/build/mtc
