[0.020s] Invoking command in '/home/hyeonsu/xarm_ws/build/mtc': CMAKE_PREFIX_PATH=${CMAKE_PREFIX_PATH}:/home/hyeonsu/moveit_ws/install/moveit_configs_utils:/opt/ros/jazzy DEBUGINFOD_URLS=https://debuginfod.ubuntu.com /usr/bin/cmake --build /home/hyeonsu/xarm_ws/build/mtc -- -j24 -l24
[0.092s] [ 50%] [32mBuilding CXX object CMakeFiles/mtc_node.dir/src/mtc_node.cpp.o[0m
[2.924s] [01m[K/home/hyeonsu/xarm_ws/src/mtc/src/mtc_node.cpp:[m[K In member function ‘[01m[Kmoveit::task_constructor::Task MTCTaskNode::[01;32m[KcreateTask[m[K()[m[K’:
[2.925s] [01m[K/home/hyeonsu/xarm_ws/src/mtc/src/mtc_node.cpp:147:15:[m[K [01;35m[Kwarning: [m[Kvariable ‘[01m[Kattach_object_stage[m[K’ set but not used [[01;35m[K]8;;https://gcc.gnu.org/onlinedocs/gcc/Warning-Options.html#index-Wunused-but-set-variable-Wunused-but-set-variable]8;;[m[K]
[2.925s]   147 |   mtc::Stage* [01;35m[Kattach_object_stage[m[K = nullptr;
[2.925s]       |               [01;35m[K^~~~~~~~~~~~~~~~~~~[m[K
[5.611s] [100%] [32m[1mLinking CXX executable mtc_node[0m
[5.833s] [100%] Built target mtc_node
[5.844s] Invoked command in '/home/hyeonsu/xarm_ws/build/mtc' returned '0': CMAKE_PREFIX_PATH=${CMAKE_PREFIX_PATH}:/home/hyeonsu/moveit_ws/install/moveit_configs_utils:/opt/ros/jazzy DEBUGINFOD_URLS=https://debuginfod.ubuntu.com /usr/bin/cmake --build /home/hyeonsu/xarm_ws/build/mtc -- -j24 -l24
[5.844s] Invoking command in '/home/hyeonsu/xarm_ws/build/mtc': CMAKE_PREFIX_PATH=${CMAKE_PREFIX_PATH}:/home/hyeonsu/moveit_ws/install/moveit_configs_utils:/opt/ros/jazzy DEBUGINFOD_URLS=https://debuginfod.ubuntu.com /usr/bin/cmake --install /home/hyeonsu/xarm_ws/build/mtc
[5.855s] -- Install configuration: ""
[5.855s] -- Installing: /home/hyeonsu/xarm_ws/install/mtc/lib/mtc/mtc_node
[5.856s] -- Set non-toolchain portion of runtime path of "/home/hyeonsu/xarm_ws/install/mtc/lib/mtc/mtc_node" to ""
[5.856s] -- Up-to-date: /home/hyeonsu/xarm_ws/install/mtc/share/mtc/launch
[5.856s] -- Up-to-date: /home/hyeonsu/xarm_ws/install/mtc/share/mtc/launch/pick_place_demo.launch.py
[5.856s] -- Up-to-date: /home/hyeonsu/xarm_ws/install/mtc/share/ament_index/resource_index/package_run_dependencies/mtc
[5.856s] -- Up-to-date: /home/hyeonsu/xarm_ws/install/mtc/share/ament_index/resource_index/parent_prefix_path/mtc
[5.856s] -- Up-to-date: /home/hyeonsu/xarm_ws/install/mtc/share/mtc/environment/ament_prefix_path.sh
[5.856s] -- Up-to-date: /home/hyeonsu/xarm_ws/install/mtc/share/mtc/environment/ament_prefix_path.dsv
[5.856s] -- Up-to-date: /home/hyeonsu/xarm_ws/install/mtc/share/mtc/environment/path.sh
[5.856s] -- Up-to-date: /home/hyeonsu/xarm_ws/install/mtc/share/mtc/environment/path.dsv
[5.856s] -- Up-to-date: /home/hyeonsu/xarm_ws/install/mtc/share/mtc/local_setup.bash
[5.856s] -- Up-to-date: /home/hyeonsu/xarm_ws/install/mtc/share/mtc/local_setup.sh
[5.856s] -- Up-to-date: /home/hyeonsu/xarm_ws/install/mtc/share/mtc/local_setup.zsh
[5.856s] -- Up-to-date: /home/hyeonsu/xarm_ws/install/mtc/share/mtc/local_setup.dsv
[5.856s] -- Installing: /home/hyeonsu/xarm_ws/install/mtc/share/mtc/package.dsv
[5.856s] -- Up-to-date: /home/hyeonsu/xarm_ws/install/mtc/share/ament_index/resource_index/packages/mtc
[5.856s] -- Up-to-date: /home/hyeonsu/xarm_ws/install/mtc/share/mtc/cmake/mtcConfig.cmake
[5.856s] -- Up-to-date: /home/hyeonsu/xarm_ws/install/mtc/share/mtc/cmake/mtcConfig-version.cmake
[5.856s] -- Up-to-date: /home/hyeonsu/xarm_ws/install/mtc/share/mtc/package.xml
[5.858s] Invoked command in '/home/hyeonsu/xarm_ws/build/mtc' returned '0': CMAKE_PREFIX_PATH=${CMAKE_PREFIX_PATH}:/home/hyeonsu/moveit_ws/install/moveit_configs_utils:/opt/ros/jazzy DEBUGINFOD_URLS=https://debuginfod.ubuntu.com /usr/bin/cmake --install /home/hyeonsu/xarm_ws/build/mtc
