[0.000000] (-) TimerEvent: {}
[0.000106] (-) JobUnselected: {'identifier': 'xarm_1s_description'}
[0.000212] (xarm_1s_moveit_config) JobQueued: {'identifier': 'xarm_1s_moveit_config', 'dependencies': OrderedDict()}
[0.000236] (mtc) JobQueued: {'identifier': 'mtc', 'dependencies': OrderedDict({'xarm_1s_moveit_config': '/home/hyeonsu/xarm_ws/install/xarm_1s_moveit_config'})}
[0.000439] (xarm_1s_moveit_config) JobStarted: {'identifier': 'xarm_1s_moveit_config'}
[0.006903] (xarm_1s_moveit_config) JobProgress: {'identifier': 'xarm_1s_moveit_config', 'progress': 'cmake'}
[0.007310] (xarm_1s_moveit_config) JobProgress: {'identifier': 'xarm_1s_moveit_config', 'progress': 'build'}
[0.007921] (xarm_1s_moveit_config) Command: {'cmd': ['/usr/bin/cmake', '--build', '/home/hyeonsu/xarm_ws/build/xarm_1s_moveit_config', '--', '-j24', '-l24'], 'cwd': '/home/hyeonsu/xarm_ws/build/xarm_1s_moveit_config', 'env': OrderedDict({'GJS_DEBUG_TOPICS': 'JS ERROR;JS LOG', 'LESSOPEN': '| /usr/bin/lesspipe %s', 'VSCODE_CWD': '/home/hyeonsu', 'CURSOR_EXTENSION_HOST_ROLE': 'agent-exec', 'VSCODE_ESM_ENTRYPOINT': 'vs/workbench/api/node/extensionHostProcess', 'GZ_SIM_RESOURCE_PATH': '/opt/ros/jazzy/share', 'USER': 'hyeonsu', 'VSCODE_NLS_CONFIG': '{"userLocale":"en-us","osLocale":"en-us","resolvedLanguage":"en","defaultMessagesFile":"/usr/share/cursor/resources/app/out/nls.messages.json","locale":"en-us","availableLanguages":{}}', 'GZ_CONFIG_PATH': '/opt/ros/jazzy/opt/gz_sim_vendor/share/gz:/opt/ros/jazzy/opt/sdformat_vendor/share/gz:/opt/ros/jazzy/opt/gz_gui_vendor/share/gz:/opt/ros/jazzy/opt/gz_transport_vendor/share/gz:/opt/ros/jazzy/opt/gz_rendering_vendor/share/gz:/opt/ros/jazzy/opt/gz_plugin_vendor/share/gz:/opt/ros/jazzy/opt/gz_fuel_tools_vendor/share/gz:/opt/ros/jazzy/opt/gz_msgs_vendor/share/gz:/opt/ros/jazzy/opt/gz_common_vendor/share/gz', 'CI': '1', 'VSCODE_HANDLES_UNCAUGHT_ERRORS': 'true', 'XDG_SESSION_TYPE': 'wayland', 'CLUTTER_DISABLE_MIPMAPPED_TEXT': '1', 'SHLVL': '1', 'LD_LIBRARY_PATH': '/opt/ros/jazzy/opt/gz_sim_vendor/lib:/opt/ros/jazzy/opt/gz_sensors_vendor/lib:/opt/ros/jazzy/opt/gz_physics_vendor/lib:/opt/ros/jazzy/opt/sdformat_vendor/lib:/opt/ros/jazzy/opt/rviz_ogre_vendor/lib:/opt/ros/jazzy/lib/x86_64-linux-gnu:/opt/ros/jazzy/opt/gz_gui_vendor/lib:/opt/ros/jazzy/opt/gz_transport_vendor/lib:/opt/ros/jazzy/opt/gz_rendering_vendor/lib:/opt/ros/jazzy/opt/gz_plugin_vendor/lib:/opt/ros/jazzy/opt/gz_fuel_tools_vendor/lib:/opt/ros/jazzy/opt/gz_msgs_vendor/lib:/opt/ros/jazzy/opt/gz_common_vendor/lib:/opt/ros/jazzy/opt/gz_math_vendor/lib:/opt/ros/jazzy/opt/gz_utils_vendor/lib:/opt/ros/jazzy/opt/gz_tools_vendor/lib:/opt/ros/jazzy/opt/gz_ogre_next_vendor/lib:/opt/ros/jazzy/opt/gz_dartsim_vendor/lib:/opt/ros/jazzy/opt/gz_cmake_vendor/lib:/opt/ros/jazzy/lib', 'HOME': '/home/hyeonsu', 'CHROME_DESKTOP': 'cursor.desktop', 'DESKTOP_SESSION': 'ubuntu', 'VSCODE_IPC_HOOK': '/run/user/1000/vscode-102b83de-2.5.-main.sock', 'GIO_LAUNCHED_DESKTOP_FILE': '/usr/share/applications/cursor.desktop', 'ROS_PYTHON_VERSION': '3', 'GNOME_SHELL_SESSION_MODE': 'ubuntu', 'GTK_MODULES': 'gail:atk-bridge:appmenu-gtk-module', 'MANAGERPID': '2670', 'SYSTEMD_EXEC_PID': '2963', 'IM_CONFIG_CHECK_ENV': '1', 'GSM_SKIP_SSH_AGENT_WORKAROUND': 'true', 'NO_COLOR': '1', 'DBUS_SESSION_BUS_ADDRESS': 'unix:path=/run/user/1000/bus', 'GIO_LAUNCHED_DESKTOP_FILE_PID': '4150', 'VSCODE_CRASH_REPORTER_PROCESS_TYPE': 'extensionHost', 'DEBUGINFOD_URLS': 'https://debuginfod.ubuntu.com', 'IM_CONFIG_PHASE': '1', 'WAYLAND_DISPLAY': 'wayland-0', 'COLCON_PREFIX_PATH': '/home/hyeonsu/xarm_ws/install', 'ROS_DISTRO': 'jazzy', 'LOGNAME': 'hyeonsu', 'FORCE_COLOR': '0', 'JOURNAL_STREAM': '9:29271', '_': '/usr/bin/colcon', 'ROS_VERSION': '2', 'MEMORY_PRESSURE_WATCH': '/sys/fs/cgroup/user.slice/user-1000.slice/user@1000.service/session.slice/org.gnome.Shell@wayland.service/memory.pressure', 'XDG_SESSION_CLASS': 'user', 'USERNAME': 'hyeonsu', 'TERM': 'dumb', 'GNOME_DESKTOP_SESSION_ID': 'this-is-deprecated', 'FC_FONTATIONS': '1', 'PATH': '/opt/ros/jazzy/opt/gz_msgs_vendor/bin:/opt/ros/jazzy/opt/gz_tools_vendor/bin:/opt/ros/jazzy/opt/gz_ogre_next_vendor/bin:/opt/ros/jazzy/bin:/home/hyeonsu/.local/bin:/home/hyeonsu/.local/bin:/home/hyeonsu/.local/bin:/usr/local/sbin:/usr/local/bin:/usr/sbin:/usr/bin:/sbin:/bin:/usr/games:/usr/local/games:/snap/bin:/snap/bin:/home/hyeonsu/.local/bin:/home/hyeonsu/.local/bin:/home/hyeonsu/.local/bin', 'SESSION_MANAGER': 'local/om:@/tmp/.ICE-unix/2901,unix/om:/tmp/.ICE-unix/2901', 'INVOCATION_ID': 'aeae974ceb764caca71cf6a76b88eb5a', 'XDG_MENU_PREFIX': 'gnome-', 'VSCODE_PROCESS_TITLE': 'extension-host (agent-exec) [1-3]', 'GNOME_SETUP_DISPLAY': ':1', 'XDG_RUNTIME_DIR': '/run/user/1000', 'GDK_BACKEND': 'wayland', 'CURSOR_AGENT': '1', 'DISPLAY': ':0', 'LANG': 'en_US.UTF-8', 'XDG_CURRENT_DESKTOP': 'ubuntu:GNOME', 'XMODIFIERS': '@im=ibus', 'XDG_SESSION_DESKTOP': 'ubuntu', 'XAUTHORITY': '/run/user/1000/.mutter-Xwaylandauth.JYHLL3', 'LS_COLORS': '', 'SBX_CHROME_API_RQ': '1', 'CURSOR_TRACE_ID': '75e309d286c1448ca93465d00990a353', 'SSH_AUTH_SOCK': '/run/user/1000/keyring/ssh', 'AMENT_PREFIX_PATH': '/home/hyeonsu/xarm_ws/install/mtc:/home/hyeonsu/xarm_ws/install/xarm_1s_moveit_config:/home/hyeonsu/xarm_ws/install/xarm_1s_description:/opt/ros/jazzy', 'SHELL': '/bin/bash', 'QT_ACCESSIBILITY': '1', 'GDMSESSION': 'ubuntu', 'LESSCLOSE': '/usr/bin/lesspipe %s %s', 'GJS_DEBUG_OUTPUT': 'stderr', 'ROS_AUTOMATIC_DISCOVERY_RANGE': 'SUBNET', 'QT_IM_MODULE': 'ibus', 'PWD': '/home/hyeonsu/xarm_ws/build/xarm_1s_moveit_config', 'LC_ALL': 'en_US.UTF-8', 'XDG_CONFIG_DIRS': '/etc/xdg/xdg-ubuntu:/etc/xdg', 'VSCODE_CODE_CACHE_PATH': '/home/hyeonsu/.config/Cursor/CachedData/7d96c2a03bb088ad367615e9da1a3fe20fbbc6a0', 'XDG_DATA_DIRS': '/usr/share/ubuntu:/usr/share/gnome:/usr/local/share/:/usr/share/:/var/lib/snapd/desktop', 'QTWEBENGINE_DICTIONARIES_PATH': '/usr/share/hunspell-bdic/', 'PYTHONPATH': '/opt/ros/jazzy/lib/python3.12/site-packages', 'COLCON': '1', '_ZO_DOCTOR': '0', 'MEMORY_PRESSURE_WRITE': 'c29tZSAyMDAwMDAgMjAwMDAwMAA=', 'CMAKE_PREFIX_PATH': '/home/hyeonsu/xarm_ws/install/mtc:/home/hyeonsu/xarm_ws/install/xarm_1s_moveit_config:/home/hyeonsu/xarm_ws/install/xarm_1s_description:/opt/ros/jazzy/opt/gz_sim_vendor:/opt/ros/jazzy/opt/gz_sensors_vendor:/opt/ros/jazzy/opt/gz_physics_vendor:/opt/ros/jazzy/opt/sdformat_vendor:/opt/ros/jazzy/opt/gz_gui_vendor:/opt/ros/jazzy/opt/gz_transport_vendor:/opt/ros/jazzy/opt/gz_rendering_vendor:/opt/ros/jazzy/opt/gz_plugin_vendor:/opt/ros/jazzy/opt/gz_fuel_tools_vendor:/opt/ros/jazzy/opt/gz_msgs_vendor:/opt/ros/jazzy/opt/gz_common_vendor:/opt/ros/jazzy/opt/gz_math_vendor:/opt/ros/jazzy/opt/gz_utils_vendor:/opt/ros/jazzy/opt/gz_tools_vendor:/opt/ros/jazzy/opt/gz_ogre_next_vendor:/opt/ros/jazzy/opt/gz_dartsim_vendor:/opt/ros/jazzy/opt/gz_cmake_vendor:/opt/ros/jazzy', 'VSCODE_PID': '4150'}), 'shell': False}
[0.043998] (xarm_1s_moveit_config) CommandEnded: {'returncode': 0}
[0.044706] (xarm_1s_moveit_config) JobProgress: {'identifier': 'xarm_1s_moveit_config', 'progress': 'install'}
[0.051928] (xarm_1s_moveit_config) Command: {'cmd': ['/usr/bin/cmake', '--install', '/home/hyeonsu/xarm_ws/build/xarm_1s_moveit_config'], 'cwd': '/home/hyeonsu/xarm_ws/build/xarm_1s_moveit_config', 'env': OrderedDict({'GJS_DEBUG_TOPICS': 'JS ERROR;JS LOG', 'LESSOPEN': '| /usr/bin/lesspipe %s', 'VSCODE_CWD': '/home/hyeonsu', 'CURSOR_EXTENSION_HOST_ROLE': 'agent-exec', 'VSCODE_ESM_ENTRYPOINT': 'vs/workbench/api/node/extensionHostProcess', 'GZ_SIM_RESOURCE_PATH': '/opt/ros/jazzy/share', 'USER': 'hyeonsu', 'VSCODE_NLS_CONFIG': '{"userLocale":"en-us","osLocale":"en-us","resolvedLanguage":"en","defaultMessagesFile":"/usr/share/cursor/resources/app/out/nls.messages.json","locale":"en-us","availableLanguages":{}}', 'GZ_CONFIG_PATH': '/opt/ros/jazzy/opt/gz_sim_vendor/share/gz:/opt/ros/jazzy/opt/sdformat_vendor/share/gz:/opt/ros/jazzy/opt/gz_gui_vendor/share/gz:/opt/ros/jazzy/opt/gz_transport_vendor/share/gz:/opt/ros/jazzy/opt/gz_rendering_vendor/share/gz:/opt/ros/jazzy/opt/gz_plugin_vendor/share/gz:/opt/ros/jazzy/opt/gz_fuel_tools_vendor/share/gz:/opt/ros/jazzy/opt/gz_msgs_vendor/share/gz:/opt/ros/jazzy/opt/gz_common_vendor/share/gz', 'CI': '1', 'VSCODE_HANDLES_UNCAUGHT_ERRORS': 'true', 'XDG_SESSION_TYPE': 'wayland', 'CLUTTER_DISABLE_MIPMAPPED_TEXT': '1', 'SHLVL': '1', 'LD_LIBRARY_PATH': '/opt/ros/jazzy/opt/gz_sim_vendor/lib:/opt/ros/jazzy/opt/gz_sensors_vendor/lib:/opt/ros/jazzy/opt/gz_physics_vendor/lib:/opt/ros/jazzy/opt/sdformat_vendor/lib:/opt/ros/jazzy/opt/rviz_ogre_vendor/lib:/opt/ros/jazzy/lib/x86_64-linux-gnu:/opt/ros/jazzy/opt/gz_gui_vendor/lib:/opt/ros/jazzy/opt/gz_transport_vendor/lib:/opt/ros/jazzy/opt/gz_rendering_vendor/lib:/opt/ros/jazzy/opt/gz_plugin_vendor/lib:/opt/ros/jazzy/opt/gz_fuel_tools_vendor/lib:/opt/ros/jazzy/opt/gz_msgs_vendor/lib:/opt/ros/jazzy/opt/gz_common_vendor/lib:/opt/ros/jazzy/opt/gz_math_vendor/lib:/opt/ros/jazzy/opt/gz_utils_vendor/lib:/opt/ros/jazzy/opt/gz_tools_vendor/lib:/opt/ros/jazzy/opt/gz_ogre_next_vendor/lib:/opt/ros/jazzy/opt/gz_dartsim_vendor/lib:/opt/ros/jazzy/opt/gz_cmake_vendor/lib:/opt/ros/jazzy/lib', 'HOME': '/home/hyeonsu', 'CHROME_DESKTOP': 'cursor.desktop', 'DESKTOP_SESSION': 'ubuntu', 'VSCODE_IPC_HOOK': '/run/user/1000/vscode-102b83de-2.5.-main.sock', 'GIO_LAUNCHED_DESKTOP_FILE': '/usr/share/applications/cursor.desktop', 'ROS_PYTHON_VERSION': '3', 'GNOME_SHELL_SESSION_MODE': 'ubuntu', 'GTK_MODULES': 'gail:atk-bridge:appmenu-gtk-module', 'MANAGERPID': '2670', 'SYSTEMD_EXEC_PID': '2963', 'IM_CONFIG_CHECK_ENV': '1', 'GSM_SKIP_SSH_AGENT_WORKAROUND': 'true', 'NO_COLOR': '1', 'DBUS_SESSION_BUS_ADDRESS': 'unix:path=/run/user/1000/bus', 'GIO_LAUNCHED_DESKTOP_FILE_PID': '4150', 'VSCODE_CRASH_REPORTER_PROCESS_TYPE': 'extensionHost', 'DEBUGINFOD_URLS': 'https://debuginfod.ubuntu.com', 'IM_CONFIG_PHASE': '1', 'WAYLAND_DISPLAY': 'wayland-0', 'COLCON_PREFIX_PATH': '/home/hyeonsu/xarm_ws/install', 'ROS_DISTRO': 'jazzy', 'LOGNAME': 'hyeonsu', 'FORCE_COLOR': '0', 'JOURNAL_STREAM': '9:29271', '_': '/usr/bin/colcon', 'ROS_VERSION': '2', 'MEMORY_PRESSURE_WATCH': '/sys/fs/cgroup/user.slice/user-1000.slice/user@1000.service/session.slice/org.gnome.Shell@wayland.service/memory.pressure', 'XDG_SESSION_CLASS': 'user', 'USERNAME': 'hyeonsu', 'TERM': 'dumb', 'GNOME_DESKTOP_SESSION_ID': 'this-is-deprecated', 'FC_FONTATIONS': '1', 'PATH': '/opt/ros/jazzy/opt/gz_msgs_vendor/bin:/opt/ros/jazzy/opt/gz_tools_vendor/bin:/opt/ros/jazzy/opt/gz_ogre_next_vendor/bin:/opt/ros/jazzy/bin:/home/hyeonsu/.local/bin:/home/hyeonsu/.local/bin:/home/hyeonsu/.local/bin:/usr/local/sbin:/usr/local/bin:/usr/sbin:/usr/bin:/sbin:/bin:/usr/games:/usr/local/games:/snap/bin:/snap/bin:/home/hyeonsu/.local/bin:/home/hyeonsu/.local/bin:/home/hyeonsu/.local/bin', 'SESSION_MANAGER': 'local/om:@/tmp/.ICE-unix/2901,unix/om:/tmp/.ICE-unix/2901', 'INVOCATION_ID': 'aeae974ceb764caca71cf6a76b88eb5a', 'XDG_MENU_PREFIX': 'gnome-', 'VSCODE_PROCESS_TITLE': 'extension-host (agent-exec) [1-3]', 'GNOME_SETUP_DISPLAY': ':1', 'XDG_RUNTIME_DIR': '/run/user/1000', 'GDK_BACKEND': 'wayland', 'CURSOR_AGENT': '1', 'DISPLAY': ':0', 'LANG': 'en_US.UTF-8', 'XDG_CURRENT_DESKTOP': 'ubuntu:GNOME', 'XMODIFIERS': '@im=ibus', 'XDG_SESSION_DESKTOP': 'ubuntu', 'XAUTHORITY': '/run/user/1000/.mutter-Xwaylandauth.JYHLL3', 'LS_COLORS': '', 'SBX_CHROME_API_RQ': '1', 'CURSOR_TRACE_ID': '75e309d286c1448ca93465d00990a353', 'SSH_AUTH_SOCK': '/run/user/1000/keyring/ssh', 'AMENT_PREFIX_PATH': '/home/hyeonsu/xarm_ws/install/mtc:/home/hyeonsu/xarm_ws/install/xarm_1s_moveit_config:/home/hyeonsu/xarm_ws/install/xarm_1s_description:/opt/ros/jazzy', 'SHELL': '/bin/bash', 'QT_ACCESSIBILITY': '1', 'GDMSESSION': 'ubuntu', 'LESSCLOSE': '/usr/bin/lesspipe %s %s', 'GJS_DEBUG_OUTPUT': 'stderr', 'ROS_AUTOMATIC_DISCOVERY_RANGE': 'SUBNET', 'QT_IM_MODULE': 'ibus', 'PWD': '/home/hyeonsu/xarm_ws/build/xarm_1s_moveit_config', 'LC_ALL': 'en_US.UTF-8', 'XDG_CONFIG_DIRS': '/etc/xdg/xdg-ubuntu:/etc/xdg', 'VSCODE_CODE_CACHE_PATH': '/home/hyeonsu/.config/Cursor/CachedData/7d96c2a03bb088ad367615e9da1a3fe20fbbc6a0', 'XDG_DATA_DIRS': '/usr/share/ubuntu:/usr/share/gnome:/usr/local/share/:/usr/share/:/var/lib/snapd/desktop', 'QTWEBENGINE_DICTIONARIES_PATH': '/usr/share/hunspell-bdic/', 'PYTHONPATH': '/opt/ros/jazzy/lib/python3.12/site-packages', 'COLCON': '1', '_ZO_DOCTOR': '0', 'MEMORY_PRESSURE_WRITE': 'c29tZSAyMDAwMDAgMjAwMDAwMAA=', 'CMAKE_PREFIX_PATH': '/home/hyeonsu/xarm_ws/install/mtc:/home/hyeonsu/xarm_ws/install/xarm_1s_moveit_config:/home/hyeonsu/xarm_ws/install/xarm_1s_description:/opt/ros/jazzy/opt/gz_sim_vendor:/opt/ros/jazzy/opt/gz_sensors_vendor:/opt/ros/jazzy/opt/gz_physics_vendor:/opt/ros/jazzy/opt/sdformat_vendor:/opt/ros/jazzy/opt/gz_gui_vendor:/opt/ros/jazzy/opt/gz_transport_vendor:/opt/ros/jazzy/opt/gz_rendering_vendor:/opt/ros/jazzy/opt/gz_plugin_vendor:/opt/ros/jazzy/opt/gz_fuel_tools_vendor:/opt/ros/jazzy/opt/gz_msgs_vendor:/opt/ros/jazzy/opt/gz_common_vendor:/opt/ros/jazzy/opt/gz_math_vendor:/opt/ros/jazzy/opt/gz_utils_vendor:/opt/ros/jazzy/opt/gz_tools_vendor:/opt/ros/jazzy/opt/gz_ogre_next_vendor:/opt/ros/jazzy/opt/gz_dartsim_vendor:/opt/ros/jazzy/opt/gz_cmake_vendor:/opt/ros/jazzy', 'VSCODE_PID': '4150'}), 'shell': False}
[0.058463] (xarm_1s_moveit_config) StdoutLine: {'line': b'-- Install configuration: ""\n'}
[0.058595] (xarm_1s_moveit_config) StdoutLine: {'line': b'-- Up-to-date: /home/hyeonsu/xarm_ws/install/xarm_1s_moveit_config/share/xarm_1s_moveit_config/launch\n'}
[0.058667] (xarm_1s_moveit_config) StdoutLine: {'line': b'-- Up-to-date: /home/hyeonsu/xarm_ws/install/xarm_1s_moveit_config/share/xarm_1s_moveit_config/launch/demo.launch.py\n'}
[0.058724] (xarm_1s_moveit_config) StdoutLine: {'line': b'-- Up-to-date: /home/hyeonsu/xarm_ws/install/xarm_1s_moveit_config/share/xarm_1s_moveit_config/config\n'}
[0.058813] (xarm_1s_moveit_config) StdoutLine: {'line': b'-- Installing: /home/hyeonsu/xarm_ws/install/xarm_1s_moveit_config/share/xarm_1s_moveit_config/config/moveit.rviz\n'}
[0.058864] (xarm_1s_moveit_config) StdoutLine: {'line': b'-- Up-to-date: /home/hyeonsu/xarm_ws/install/xarm_1s_moveit_config/share/xarm_1s_moveit_config/config/ros2_controllers.yaml\n'}
[0.059010] (xarm_1s_moveit_config) StdoutLine: {'line': b'-- Up-to-date: /home/hyeonsu/xarm_ws/install/xarm_1s_moveit_config/share/xarm_1s_moveit_config/config/sensors_3d.yaml\n'}
[0.059083] (xarm_1s_moveit_config) StdoutLine: {'line': b'-- Up-to-date: /home/hyeonsu/xarm_ws/install/xarm_1s_moveit_config/share/xarm_1s_moveit_config/config/initial_positions.yaml\n'}
[0.059128] (xarm_1s_moveit_config) StdoutLine: {'line': b'-- Up-to-date: /home/hyeonsu/xarm_ws/install/xarm_1s_moveit_config/share/xarm_1s_moveit_config/config/kinematics.yaml\n'}
[0.059171] (xarm_1s_moveit_config) StdoutLine: {'line': b'-- Up-to-date: /home/hyeonsu/xarm_ws/install/xarm_1s_moveit_config/share/xarm_1s_moveit_config/config/xarm_1s.ros2_control.xacro\n'}
[0.059214] (xarm_1s_moveit_config) StdoutLine: {'line': b'-- Up-to-date: /home/hyeonsu/xarm_ws/install/xarm_1s_moveit_config/share/xarm_1s_moveit_config/config/joint_limits.yaml\n'}
[0.059258] (xarm_1s_moveit_config) StdoutLine: {'line': b'-- Up-to-date: /home/hyeonsu/xarm_ws/install/xarm_1s_moveit_config/share/xarm_1s_moveit_config/config/xarm_1s.srdf\n'}
[0.059300] (xarm_1s_moveit_config) StdoutLine: {'line': b'-- Up-to-date: /home/hyeonsu/xarm_ws/install/xarm_1s_moveit_config/share/xarm_1s_moveit_config/config/pilz_cartesian_limits.yaml\n'}
[0.059344] (xarm_1s_moveit_config) StdoutLine: {'line': b'-- Up-to-date: /home/hyeonsu/xarm_ws/install/xarm_1s_moveit_config/share/xarm_1s_moveit_config/config/xarm_1s.urdf.xacro\n'}
[0.059388] (xarm_1s_moveit_config) StdoutLine: {'line': b'-- Up-to-date: /home/hyeonsu/xarm_ws/install/xarm_1s_moveit_config/share/xarm_1s_moveit_config/config/moveit_controllers.yaml\n'}
[0.059436] (xarm_1s_moveit_config) StdoutLine: {'line': b'-- Up-to-date: /home/hyeonsu/xarm_ws/install/xarm_1s_moveit_config/share/ament_index/resource_index/package_run_dependencies/xarm_1s_moveit_config\n'}
[0.059481] (xarm_1s_moveit_config) StdoutLine: {'line': b'-- Up-to-date: /home/hyeonsu/xarm_ws/install/xarm_1s_moveit_config/share/ament_index/resource_index/parent_prefix_path/xarm_1s_moveit_config\n'}
[0.059525] (xarm_1s_moveit_config) StdoutLine: {'line': b'-- Up-to-date: /home/hyeonsu/xarm_ws/install/xarm_1s_moveit_config/share/xarm_1s_moveit_config/environment/ament_prefix_path.sh\n'}
[0.059572] (xarm_1s_moveit_config) StdoutLine: {'line': b'-- Up-to-date: /home/hyeonsu/xarm_ws/install/xarm_1s_moveit_config/share/xarm_1s_moveit_config/environment/ament_prefix_path.dsv\n'}
[0.059617] (xarm_1s_moveit_config) StdoutLine: {'line': b'-- Up-to-date: /home/hyeonsu/xarm_ws/install/xarm_1s_moveit_config/share/xarm_1s_moveit_config/environment/path.sh\n'}
[0.059659] (xarm_1s_moveit_config) StdoutLine: {'line': b'-- Up-to-date: /home/hyeonsu/xarm_ws/install/xarm_1s_moveit_config/share/xarm_1s_moveit_config/environment/path.dsv\n'}
[0.059700] (xarm_1s_moveit_config) StdoutLine: {'line': b'-- Up-to-date: /home/hyeonsu/xarm_ws/install/xarm_1s_moveit_config/share/xarm_1s_moveit_config/local_setup.bash\n'}
[0.059750] (xarm_1s_moveit_config) StdoutLine: {'line': b'-- Up-to-date: /home/hyeonsu/xarm_ws/install/xarm_1s_moveit_config/share/xarm_1s_moveit_config/local_setup.sh\n'}
[0.059796] (xarm_1s_moveit_config) StdoutLine: {'line': b'-- Up-to-date: /home/hyeonsu/xarm_ws/install/xarm_1s_moveit_config/share/xarm_1s_moveit_config/local_setup.zsh\n'}
[0.059842] (xarm_1s_moveit_config) StdoutLine: {'line': b'-- Up-to-date: /home/hyeonsu/xarm_ws/install/xarm_1s_moveit_config/share/xarm_1s_moveit_config/local_setup.dsv\n'}
[0.059887] (xarm_1s_moveit_config) StdoutLine: {'line': b'-- Installing: /home/hyeonsu/xarm_ws/install/xarm_1s_moveit_config/share/xarm_1s_moveit_config/package.dsv\n'}
[0.059970] (xarm_1s_moveit_config) StdoutLine: {'line': b'-- Up-to-date: /home/hyeonsu/xarm_ws/install/xarm_1s_moveit_config/share/ament_index/resource_index/packages/xarm_1s_moveit_config\n'}
[0.060062] (xarm_1s_moveit_config) StdoutLine: {'line': b'-- Up-to-date: /home/hyeonsu/xarm_ws/install/xarm_1s_moveit_config/share/xarm_1s_moveit_config/cmake/xarm_1s_moveit_configConfig.cmake\n'}
[0.060115] (xarm_1s_moveit_config) StdoutLine: {'line': b'-- Up-to-date: /home/hyeonsu/xarm_ws/install/xarm_1s_moveit_config/share/xarm_1s_moveit_config/cmake/xarm_1s_moveit_configConfig-version.cmake\n'}
[0.060164] (xarm_1s_moveit_config) StdoutLine: {'line': b'-- Up-to-date: /home/hyeonsu/xarm_ws/install/xarm_1s_moveit_config/share/xarm_1s_moveit_config/package.xml\n'}
[0.060554] (xarm_1s_moveit_config) CommandEnded: {'returncode': 0}
[0.073763] (xarm_1s_moveit_config) JobEnded: {'identifier': 'xarm_1s_moveit_config', 'rc': 0}
[0.074182] (mtc) JobStarted: {'identifier': 'mtc'}
[0.079789] (mtc) JobProgress: {'identifier': 'mtc', 'progress': 'cmake'}
[0.080360] (mtc) JobProgress: {'identifier': 'mtc', 'progress': 'build'}
[0.080770] (mtc) Command: {'cmd': ['/usr/bin/cmake', '--build', '/home/hyeonsu/xarm_ws/build/mtc', '--', '-j24', '-l24'], 'cwd': '/home/hyeonsu/xarm_ws/build/mtc', 'env': OrderedDict({'GJS_DEBUG_TOPICS': 'JS ERROR;JS LOG', 'LESSOPEN': '| /usr/bin/lesspipe %s', 'VSCODE_CWD': '/home/hyeonsu', 'CURSOR_EXTENSION_HOST_ROLE': 'agent-exec', 'VSCODE_ESM_ENTRYPOINT': 'vs/workbench/api/node/extensionHostProcess', 'GZ_SIM_RESOURCE_PATH': '/opt/ros/jazzy/share', 'USER': 'hyeonsu', 'VSCODE_NLS_CONFIG': '{"userLocale":"en-us","osLocale":"en-us","resolvedLanguage":"en","defaultMessagesFile":"/usr/share/cursor/resources/app/out/nls.messages.json","locale":"en-us","availableLanguages":{}}', 'GZ_CONFIG_PATH': '/opt/ros/jazzy/opt/gz_sim_vendor/share/gz:/opt/ros/jazzy/opt/sdformat_vendor/share/gz:/opt/ros/jazzy/opt/gz_gui_vendor/share/gz:/opt/ros/jazzy/opt/gz_transport_vendor/share/gz:/opt/ros/jazzy/opt/gz_rendering_vendor/share/gz:/opt/ros/jazzy/opt/gz_plugin_vendor/share/gz:/opt/ros/jazzy/opt/gz_fuel_tools_vendor/share/gz:/opt/ros/jazzy/opt/gz_msgs_vendor/share/gz:/opt/ros/jazzy/opt/gz_common_vendor/share/gz', 'CI': '1', 'VSCODE_HANDLES_UNCAUGHT_ERRORS': 'true', 'XDG_SESSION_TYPE': 'wayland', 'CLUTTER_DISABLE_MIPMAPPED_TEXT': '1', 'SHLVL': '1', 'LD_LIBRARY_PATH': '/opt/ros/jazzy/opt/gz_sim_vendor/lib:/opt/ros/jazzy/opt/gz_sensors_vendor/lib:/opt/ros/jazzy/opt/gz_physics_vendor/lib:/opt/ros/jazzy/opt/sdformat_vendor/lib:/opt/ros/jazzy/opt/rviz_ogre_vendor/lib:/opt/ros/jazzy/lib/x86_64-linux-gnu:/opt/ros/jazzy/opt/gz_gui_vendor/lib:/opt/ros/jazzy/opt/gz_transport_vendor/lib:/opt/ros/jazzy/opt/gz_rendering_vendor/lib:/opt/ros/jazzy/opt/gz_plugin_vendor/lib:/opt/ros/jazzy/opt/gz_fuel_tools_vendor/lib:/opt/ros/jazzy/opt/gz_msgs_vendor/lib:/opt/ros/jazzy/opt/gz_common_vendor/lib:/opt/ros/jazzy/opt/gz_math_vendor/lib:/opt/ros/jazzy/opt/gz_utils_vendor/lib:/opt/ros/jazzy/opt/gz_tools_vendor/lib:/opt/ros/jazzy/opt/gz_ogre_next_vendor/lib:/opt/ros/jazzy/opt/gz_dartsim_vendor/lib:/opt/ros/jazzy/opt/gz_cmake_vendor/lib:/opt/ros/jazzy/lib', 'HOME': '/home/hyeonsu', 'CHROME_DESKTOP': 'cursor.desktop', 'DESKTOP_SESSION': 'ubuntu', 'VSCODE_IPC_HOOK': '/run/user/1000/vscode-102b83de-2.5.-main.sock', 'GIO_LAUNCHED_DESKTOP_FILE': '/usr/share/applications/cursor.desktop', 'ROS_PYTHON_VERSION': '3', 'GNOME_SHELL_SESSION_MODE': 'ubuntu', 'GTK_MODULES': 'gail:atk-bridge:appmenu-gtk-module', 'MANAGERPID': '2670', 'SYSTEMD_EXEC_PID': '2963', 'IM_CONFIG_CHECK_ENV': '1', 'GSM_SKIP_SSH_AGENT_WORKAROUND': 'true', 'NO_COLOR': '1', 'DBUS_SESSION_BUS_ADDRESS': 'unix:path=/run/user/1000/bus', 'GIO_LAUNCHED_DESKTOP_FILE_PID': '4150', 'VSCODE_CRASH_REPORTER_PROCESS_TYPE': 'extensionHost', 'DEBUGINFOD_URLS': 'https://debuginfod.ubuntu.com', 'IM_CONFIG_PHASE': '1', 'WAYLAND_DISPLAY': 'wayland-0', 'COLCON_PREFIX_PATH': '/home/hyeonsu/xarm_ws/install', 'ROS_DISTRO': 'jazzy', 'LOGNAME': 'hyeonsu', 'FORCE_COLOR': '0', 'JOURNAL_STREAM': '9:29271', '_': '/usr/bin/colcon', 'ROS_VERSION': '2', 'MEMORY_PRESSURE_WATCH': '/sys/fs/cgroup/user.slice/user-1000.slice/user@1000.service/session.slice/org.gnome.Shell@wayland.service/memory.pressure', 'XDG_SESSION_CLASS': 'user', 'USERNAME': 'hyeonsu', 'TERM': 'dumb', 'GNOME_DESKTOP_SESSION_ID': 'this-is-deprecated', 'FC_FONTATIONS': '1', 'PATH': '/opt/ros/jazzy/opt/gz_msgs_vendor/bin:/opt/ros/jazzy/opt/gz_tools_vendor/bin:/opt/ros/jazzy/opt/gz_ogre_next_vendor/bin:/opt/ros/jazzy/bin:/home/hyeonsu/.local/bin:/home/hyeonsu/.local/bin:/home/hyeonsu/.local/bin:/usr/local/sbin:/usr/local/bin:/usr/sbin:/usr/bin:/sbin:/bin:/usr/games:/usr/local/games:/snap/bin:/snap/bin:/home/hyeonsu/.local/bin:/home/hyeonsu/.local/bin:/home/hyeonsu/.local/bin', 'SESSION_MANAGER': 'local/om:@/tmp/.ICE-unix/2901,unix/om:/tmp/.ICE-unix/2901', 'INVOCATION_ID': 'aeae974ceb764caca71cf6a76b88eb5a', 'XDG_MENU_PREFIX': 'gnome-', 'VSCODE_PROCESS_TITLE': 'extension-host (agent-exec) [1-3]', 'GNOME_SETUP_DISPLAY': ':1', 'XDG_RUNTIME_DIR': '/run/user/1000', 'GDK_BACKEND': 'wayland', 'CURSOR_AGENT': '1', 'DISPLAY': ':0', 'LANG': 'en_US.UTF-8', 'XDG_CURRENT_DESKTOP': 'ubuntu:GNOME', 'XMODIFIERS': '@im=ibus', 'XDG_SESSION_DESKTOP': 'ubuntu', 'XAUTHORITY': '/run/user/1000/.mutter-Xwaylandauth.JYHLL3', 'LS_COLORS': '', 'SBX_CHROME_API_RQ': '1', 'CURSOR_TRACE_ID': '75e309d286c1448ca93465d00990a353', 'SSH_AUTH_SOCK': '/run/user/1000/keyring/ssh', 'AMENT_PREFIX_PATH': '/home/hyeonsu/xarm_ws/install/mtc:/home/hyeonsu/xarm_ws/install/xarm_1s_moveit_config:/home/hyeonsu/xarm_ws/install/xarm_1s_description:/opt/ros/jazzy', 'SHELL': '/bin/bash', 'QT_ACCESSIBILITY': '1', 'GDMSESSION': 'ubuntu', 'LESSCLOSE': '/usr/bin/lesspipe %s %s', 'GJS_DEBUG_OUTPUT': 'stderr', 'ROS_AUTOMATIC_DISCOVERY_RANGE': 'SUBNET', 'QT_IM_MODULE': 'ibus', 'PWD': '/home/hyeonsu/xarm_ws/build/mtc', 'LC_ALL': 'en_US.UTF-8', 'XDG_CONFIG_DIRS': '/etc/xdg/xdg-ubuntu:/etc/xdg', 'VSCODE_CODE_CACHE_PATH': '/home/hyeonsu/.config/Cursor/CachedData/7d96c2a03bb088ad367615e9da1a3fe20fbbc6a0', 'XDG_DATA_DIRS': '/usr/share/ubuntu:/usr/share/gnome:/usr/local/share/:/usr/share/:/var/lib/snapd/desktop', 'QTWEBENGINE_DICTIONARIES_PATH': '/usr/share/hunspell-bdic/', 'PYTHONPATH': '/opt/ros/jazzy/lib/python3.12/site-packages', 'COLCON': '1', '_ZO_DOCTOR': '0', 'MEMORY_PRESSURE_WRITE': 'c29tZSAyMDAwMDAgMjAwMDAwMAA=', 'CMAKE_PREFIX_PATH': '/home/hyeonsu/xarm_ws/install/xarm_1s_moveit_config:/home/hyeonsu/xarm_ws/install/mtc:/home/hyeonsu/xarm_ws/install/xarm_1s_description:/opt/ros/jazzy/opt/gz_sim_vendor:/opt/ros/jazzy/opt/gz_sensors_vendor:/opt/ros/jazzy/opt/gz_physics_vendor:/opt/ros/jazzy/opt/sdformat_vendor:/opt/ros/jazzy/opt/gz_gui_vendor:/opt/ros/jazzy/opt/gz_transport_vendor:/opt/ros/jazzy/opt/gz_rendering_vendor:/opt/ros/jazzy/opt/gz_plugin_vendor:/opt/ros/jazzy/opt/gz_fuel_tools_vendor:/opt/ros/jazzy/opt/gz_msgs_vendor:/opt/ros/jazzy/opt/gz_common_vendor:/opt/ros/jazzy/opt/gz_math_vendor:/opt/ros/jazzy/opt/gz_utils_vendor:/opt/ros/jazzy/opt/gz_tools_vendor:/opt/ros/jazzy/opt/gz_ogre_next_vendor:/opt/ros/jazzy/opt/gz_dartsim_vendor:/opt/ros/jazzy/opt/gz_cmake_vendor:/opt/ros/jazzy', 'VSCODE_PID': '4150'}), 'shell': False}
[0.099798] (-) TimerEvent: {}
[0.137876] (mtc) StdoutLine: {'line': b'[ 50%] Building CXX object CMakeFiles/mtc_node.dir/src/mtc_node.cpp.o\n'}
[0.199896] (-) TimerEvent: {}
[0.300061] (-) TimerEvent: {}
[0.400225] (-) TimerEvent: {}
[0.500385] (-) TimerEvent: {}
[0.600569] (-) TimerEvent: {}
[0.700901] (-) TimerEvent: {}
[0.801182] (-) TimerEvent: {}
[0.901452] (-) TimerEvent: {}
[1.001663] (-) TimerEvent: {}
[1.101881] (-) TimerEvent: {}
[1.202137] (-) TimerEvent: {}
[1.302382] (-) TimerEvent: {}
[1.402604] (-) TimerEvent: {}
[1.502816] (-) TimerEvent: {}
[1.603031] (-) TimerEvent: {}
[1.703234] (-) TimerEvent: {}
[1.803436] (-) TimerEvent: {}
[1.903645] (-) TimerEvent: {}
[2.003870] (-) TimerEvent: {}
[2.104076] (-) TimerEvent: {}
[2.204276] (-) TimerEvent: {}
[2.304480] (-) TimerEvent: {}
[2.404676] (-) TimerEvent: {}
[2.504885] (-) TimerEvent: {}
[2.605068] (-) TimerEvent: {}
[2.705242] (-) TimerEvent: {}
[2.805422] (-) TimerEvent: {}
[2.905607] (-) TimerEvent: {}
[2.992753] (mtc) StderrLine: {'line': b'/home/hyeonsu/xarm_ws/src/mtc/src/mtc_node.cpp: In member function \xe2\x80\x98void MTCTaskNode::run()\xe2\x80\x99:\n'}
[2.993013] (mtc) StderrLine: {'line': b'/home/hyeonsu/xarm_ws/src/mtc/src/mtc_node.cpp:101:40: error: invalid initialization of reference of type \xe2\x80\x98const std::chrono::nanoseconds&\xe2\x80\x99 {aka \xe2\x80\x98const std::chrono::duration<long int, std::ratio<1, 1000000000> >&\xe2\x80\x99} from expression of type \xe2\x80\x98std::chrono::duration<double>\xe2\x80\x99\n'}
[2.993087] (mtc) StderrLine: {'line': b'  101 |         rclcpp::sleep_for(std::chrono::duration<double>(hold_sec));\n'}
[2.993140] (mtc) StderrLine: {'line': b'      |                                        ^~~~~~~~~~~~~~~~~~~~~~~~~~\n'}
[2.993230] (mtc) StderrLine: {'line': b'In file included from /opt/ros/jazzy/include/rclcpp/rclcpp/logging.hpp:25,\n'}
[2.993276] (mtc) StderrLine: {'line': b'                 from /opt/ros/jazzy/include/moveit_core/moveit/kinematics_base/kinematics_base.hpp:42,\n'}
[2.993326] (mtc) StderrLine: {'line': b'                 from /opt/ros/jazzy/include/moveit_core/moveit/robot_model/joint_model_group.hpp:42,\n'}
[2.993373] (mtc) StderrLine: {'line': b'                 from /opt/ros/jazzy/include/moveit_core/moveit/robot_model/robot_model.hpp:45,\n'}
[2.993429] (mtc) StderrLine: {'line': b'                 from /opt/ros/jazzy/include/moveit_core/moveit/robot_state/robot_state.hpp:40,\n'}
[2.993475] (mtc) StderrLine: {'line': b'                 from /opt/ros/jazzy/include/moveit_ros_planning_interface/moveit/planning_scene_interface/planning_scene_interface.hpp:40,\n'}
[2.993522] (mtc) StderrLine: {'line': b'                 from /home/hyeonsu/xarm_ws/src/mtc/src/mtc_node.cpp:11:\n'}
[2.993568] (mtc) StderrLine: {'line': b'/opt/ros/jazzy/include/rclcpp/rclcpp/utilities.hpp:233:36: note: in passing argument 1 of \xe2\x80\x98bool rclcpp::sleep_for(const std::chrono::nanoseconds&, Context::SharedPtr)\xe2\x80\x99\n'}
[2.993615] (mtc) StderrLine: {'line': b'  233 |   const std::chrono::nanoseconds & nanoseconds,\n'}
[2.993660] (mtc) StderrLine: {'line': b'      |   ~~~~~~~~~~~~~~~~~~~~~~~~~~~~~~~~~^~~~~~~~~~~\n'}
[2.993704] (mtc) StderrLine: {'line': b'/home/hyeonsu/xarm_ws/src/mtc/src/mtc_node.cpp:116:38: error: invalid initialization of reference of type \xe2\x80\x98const std::chrono::nanoseconds&\xe2\x80\x99 {aka \xe2\x80\x98const std::chrono::duration<long int, std::ratio<1, 1000000000> >&\xe2\x80\x99} from expression of type \xe2\x80\x98std::chrono::duration<double>\xe2\x80\x99\n'}
[2.993755] (mtc) StderrLine: {'line': b'  116 |       rclcpp::sleep_for(std::chrono::duration<double>(hold_sec));\n'}
[2.993799] (mtc) StderrLine: {'line': b'      |                                      ^~~~~~~~~~~~~~~~~~~~~~~~~~\n'}
[2.993843] (mtc) StderrLine: {'line': b'/opt/ros/jazzy/include/rclcpp/rclcpp/utilities.hpp:233:36: note: in passing argument 1 of \xe2\x80\x98bool rclcpp::sleep_for(const std::chrono::nanoseconds&, Context::SharedPtr)\xe2\x80\x99\n'}
[2.993887] (mtc) StderrLine: {'line': b'  233 |   const std::chrono::nanoseconds & nanoseconds,\n'}
[2.993934] (mtc) StderrLine: {'line': b'      |   ~~~~~~~~~~~~~~~~~~~~~~~~~~~~~~~~~^~~~~~~~~~~\n'}
[3.005656] (-) TimerEvent: {}
[3.105822] (-) TimerEvent: {}
[3.206002] (-) TimerEvent: {}
[3.306213] (-) TimerEvent: {}
[3.406426] (-) TimerEvent: {}
[3.506631] (-) TimerEvent: {}
[3.606835] (-) TimerEvent: {}
[3.707051] (-) TimerEvent: {}
[3.807249] (-) TimerEvent: {}
[3.907457] (-) TimerEvent: {}
[4.007654] (-) TimerEvent: {}
[4.107872] (-) TimerEvent: {}
[4.208081] (-) TimerEvent: {}
[4.308294] (-) TimerEvent: {}
[4.408462] (-) TimerEvent: {}
[4.508673] (-) TimerEvent: {}
[4.608953] (-) TimerEvent: {}
[4.709116] (-) TimerEvent: {}
[4.809276] (-) TimerEvent: {}
[4.909448] (-) TimerEvent: {}
[5.009614] (-) TimerEvent: {}
[5.109753] (-) TimerEvent: {}
[5.183348] (mtc) StderrLine: {'line': b'gmake[2]: *** [CMakeFiles/mtc_node.dir/build.make:76: CMakeFiles/mtc_node.dir/src/mtc_node.cpp.o] Error 1\n'}
[5.183528] (mtc) StderrLine: {'line': b'gmake[1]: *** [CMakeFiles/Makefile2:137: CMakeFiles/mtc_node.dir/all] Error 2\n'}
[5.183806] (mtc) StderrLine: {'line': b'gmake: *** [Makefile:146: all] Error 2\n'}
[5.185365] (mtc) CommandEnded: {'returncode': 2}
[5.191365] (mtc) JobEnded: {'identifier': 'mtc', 'rc': 2}
[5.201791] (-) EventReactorShutdown: {}
