[0.010s] Invoking command in '/home/hyeonsu/xarm_ws/build/xarm_1s_hardware': CMAKE_PREFIX_PATH=${CMAKE_PREFIX_PATH}:/opt/ros/jazzy DEBUGINFOD_URLS=https://debuginfod.ubuntu.com /usr/bin/cmake /home/hyeonsu/xarm_ws/src/xarm_1s_hardware -DCMAKE_INSTALL_PREFIX=/home/hyeonsu/xarm_ws/install/xarm_1s_hardware
[0.089s] -- The C compiler identification is GNU 13.3.0
[0.164s] -- The CXX compiler identification is GNU 13.3.0
[0.180s] -- Detecting C compiler ABI info
[0.261s] -- Detecting C compiler ABI info - done
[0.268s] -- Check for working C compiler: /usr/bin/cc - skipped
[0.268s] -- Detecting C compile features
[0.269s] -- Detecting C compile features - done
[0.277s] -- Detecting CXX compiler ABI info
[0.356s] -- Detecting CXX compiler ABI info - done
[0.361s] -- Check for working CXX compiler: /usr/bin/c++ - skipped
[0.362s] -- Detecting CXX compile features
[0.362s] -- Detecting CXX compile features - done
[0.367s] -- Found ament_cmake: 2.5.5 (/opt/ros/jazzy/share/ament_cmake/cmake)
[0.479s] -- Found Python3: /usr/bin/python3 (found version "3.12.3") found components: Interpreter 
[0.576s] -- Found rclcpp: 28.1.16 (/opt/ros/jazzy/share/rclcpp/cmake)
[0.609s] -- Found rosidl_generator_c: 4.6.7 (/opt/ros/jazzy/share/rosidl_generator_c/cmake)
[0.619s] -- Found rosidl_generator_cpp: 4.6.7 (/opt/ros/jazzy/share/rosidl_generator_cpp/cmake)
[0.632s] -- Using all available rosidl_typesupport_c: rosidl_typesupport_fastrtps_c;rosidl_typesupport_introspection_c
[0.644s] -- Using all available rosidl_typesupport_cpp: rosidl_typesupport_fastrtps_cpp;rosidl_typesupport_introspection_cpp
[0.699s] -- Found rmw_implementation_cmake: 7.3.3 (/opt/ros/jazzy/share/rmw_implementation_cmake/cmake)
[0.702s] -- Found rmw_fastrtps_cpp: 8.4.3 (/opt/ros/jazzy/share/rmw_fastrtps_cpp/cmake)
[0.770s] -- Found OpenSSL: /usr/lib/x86_64-linux-gnu/libcrypto.so (found version "3.0.13")  
[0.795s] -- Found FastRTPS: /opt/ros/jazzy/include (Required is at least version "2.13") 
[0.820s] -- Using RMW implementation 'rmw_fastrtps_cpp' as default
[0.874s] -- Found hardware_interface: 4.42.2 (/opt/ros/jazzy/share/hardware_interface/cmake)
[1.158s] -- Found PkgConfig: /usr/bin/pkg-config (found version "1.8.1") 
[1.159s] -- Checking for module 'hidapi-hidraw'
[1.235s] --   Package 'hidapi-hidraw', required by 'virtual:world', not found
[1.235s] [31mCMake Error at /usr/share/cmake-3.28/Modules/FindPkgConfig.cmake:619 (message):
[1.235s]   The following required packages were not found:
[1.235s] 
[1.235s]    - hidapi-hidraw
[1.235s] 
[1.235s] Call Stack (most recent call first):
[1.235s]   /usr/share/cmake-3.28/Modules/FindPkgConfig.cmake:841 (_pkg_check_modules_internal)
[1.235s]   CMakeLists.txt:14 (pkg_check_modules)
[1.235s] 
[1.235s] [0m
[1.236s] -- Configuring incomplete, errors occurred!
[1.245s] Invoked command in '/home/hyeonsu/xarm_ws/build/xarm_1s_hardware' returned '1': CMAKE_PREFIX_PATH=${CMAKE_PREFIX_PATH}:/opt/ros/jazzy DEBUGINFOD_URLS=https://debuginfod.ubuntu.com /usr/bin/cmake /home/hyeonsu/xarm_ws/src/xarm_1s_hardware -DCMAKE_INSTALL_PREFIX=/home/hyeonsu/xarm_ws/install/xarm_1s_hardware
