[0.141s] DEBUG:colcon:Command line arguments: ['/usr/bin/colcon', 'build']
[0.141s] DEBUG:colcon:Parsed command line arguments: Namespace(log_base=None, log_level=None, verb_name='build', build_base='build', install_base='install', merge_install=False, symlink_install=False, test_result_base=None, continue_on_error=False, executor='parallel', parallel_workers=24, event_handlers=None, ignore_user_meta=False, metas=['./colcon.meta'], base_paths=['.'], packages_ignore=None, packages_ignore_regex=None, paths=None, packages_up_to=None, packages_up_to_regex=None, packages_above=None, packages_above_and_dependencies=None, packages_above_depth=None, packages_select_by_dep=None, packages_skip_by_dep=None, packages_skip_up_to=None, packages_select_build_failed=False, packages_skip_build_finished=False, packages_select_test_failures=False, packages_skip_test_passed=False, packages_select=None, packages_skip=None, packages_select_regex=None, packages_skip_regex=None, packages_start=None, packages_end=None, allow_overriding=[], cmake_args=None, cmake_target=None, cmake_target_skip_unavailable=False, cmake_clean_cache=False, cmake_clean_first=False, cmake_force_configure=False, ament_cmake_args=None, catkin_cmake_args=None, catkin_skip_building_tests=False, mixin_files=None, mixin=None, verb_parser=<colcon_mixin.mixin.mixin_argument.MixinArgumentDecorator object at 0x71b45e4c78f0>, verb_extension=<colcon_core.verb.build.BuildVerb object at 0x71b45e46acc0>, main=<bound method BuildVerb.main of <colcon_core.verb.build.BuildVerb object at 0x71b45e46acc0>>, mixin_verb=('build',))
[0.185s] Level 1:colcon.colcon_core.package_discovery:discover_packages(colcon_meta) check parameters
[0.185s] Level 1:colcon.colcon_core.package_discovery:discover_packages(recursive) check parameters
[0.185s] Level 1:colcon.colcon_core.package_discovery:discover_packages(ignore) check parameters
[0.185s] Level 1:colcon.colcon_core.package_discovery:discover_packages(path) check parameters
[0.185s] Level 1:colcon.colcon_core.package_discovery:discover_packages(colcon_meta) discover
[0.186s] Level 1:colcon.colcon_core.package_discovery:discover_packages(recursive) discover
[0.186s] INFO:colcon.colcon_core.package_discovery:Crawling recursively for packages in '/home/hyeonsu/xarm_ws'
[0.186s] Level 1:colcon.colcon_core.package_identification:_identify(.) by extensions ['ignore', 'ignore_ament_install']
[0.186s] Level 1:colcon.colcon_core.package_identification:_identify(.) by extension 'ignore'
[0.186s] Level 1:colcon.colcon_core.package_identification:_identify(.) by extension 'ignore_ament_install'
[0.186s] Level 1:colcon.colcon_core.package_identification:_identify(.) by extensions ['colcon_pkg']
[0.186s] Level 1:colcon.colcon_core.package_identification:_identify(.) by extension 'colcon_pkg'
[0.186s] Level 1:colcon.colcon_core.package_identification:_identify(.) by extensions ['colcon_meta']
[0.186s] Level 1:colcon.colcon_core.package_identification:_identify(.) by extension 'colcon_meta'
[0.186s] Level 1:colcon.colcon_core.package_identification:_identify(.) by extensions ['ros']
[0.186s] Level 1:colcon.colcon_core.package_identification:_identify(.) by extension 'ros'
[0.208s] Level 1:colcon.colcon_core.package_identification:_identify(.) by extensions ['cmake', 'python']
[0.208s] Level 1:colcon.colcon_core.package_identification:_identify(.) by extension 'cmake'
[0.208s] Level 1:colcon.colcon_core.package_identification:_identify(.) by extension 'python'
[0.208s] Level 1:colcon.colcon_core.package_identification:_identify(.) by extensions ['python_setup_py']
[0.208s] Level 1:colcon.colcon_core.package_identification:_identify(.) by extension 'python_setup_py'
[0.208s] Level 1:colcon.colcon_core.package_identification:_identify(build) by extensions ['ignore', 'ignore_ament_install']
[0.209s] Level 1:colcon.colcon_core.package_identification:_identify(build) by extension 'ignore'
[0.209s] Level 1:colcon.colcon_core.package_identification:_identify(build) ignored
[0.209s] Level 1:colcon.colcon_core.package_identification:_identify(install) by extensions ['ignore', 'ignore_ament_install']
[0.209s] Level 1:colcon.colcon_core.package_identification:_identify(install) by extension 'ignore'
[0.209s] Level 1:colcon.colcon_core.package_identification:_identify(install) ignored
[0.209s] Level 1:colcon.colcon_core.package_identification:_identify(log) by extensions ['ignore', 'ignore_ament_install']
[0.209s] Level 1:colcon.colcon_core.package_identification:_identify(log) by extension 'ignore'
[0.209s] Level 1:colcon.colcon_core.package_identification:_identify(log) ignored
[0.209s] Level 1:colcon.colcon_core.package_identification:_identify(src) by extensions ['ignore', 'ignore_ament_install']
[0.209s] Level 1:colcon.colcon_core.package_identification:_identify(src) by extension 'ignore'
[0.209s] Level 1:colcon.colcon_core.package_identification:_identify(src) by extension 'ignore_ament_install'
[0.209s] Level 1:colcon.colcon_core.package_identification:_identify(src) by extensions ['colcon_pkg']
[0.209s] Level 1:colcon.colcon_core.package_identification:_identify(src) by extension 'colcon_pkg'
[0.209s] Level 1:colcon.colcon_core.package_identification:_identify(src) by extensions ['colcon_meta']
[0.209s] Level 1:colcon.colcon_core.package_identification:_identify(src) by extension 'colcon_meta'
[0.209s] Level 1:colcon.colcon_core.package_identification:_identify(src) by extensions ['ros']
[0.209s] Level 1:colcon.colcon_core.package_identification:_identify(src) by extension 'ros'
[0.209s] Level 1:colcon.colcon_core.package_identification:_identify(src) by extensions ['cmake', 'python']
[0.209s] Level 1:colcon.colcon_core.package_identification:_identify(src) by extension 'cmake'
[0.209s] Level 1:colcon.colcon_core.package_identification:_identify(src) by extension 'python'
[0.209s] Level 1:colcon.colcon_core.package_identification:_identify(src) by extensions ['python_setup_py']
[0.209s] Level 1:colcon.colcon_core.package_identification:_identify(src) by extension 'python_setup_py'
[0.209s] Level 1:colcon.colcon_core.package_identification:_identify(src/mtc) by extensions ['ignore', 'ignore_ament_install']
[0.209s] Level 1:colcon.colcon_core.package_identification:_identify(src/mtc) by extension 'ignore'
[0.209s] Level 1:colcon.colcon_core.package_identification:_identify(src/mtc) by extension 'ignore_ament_install'
[0.210s] Level 1:colcon.colcon_core.package_identification:_identify(src/mtc) by extensions ['colcon_pkg']
[0.210s] Level 1:colcon.colcon_core.package_identification:_identify(src/mtc) by extension 'colcon_pkg'
[0.210s] Level 1:colcon.colcon_core.package_identification:_identify(src/mtc) by extensions ['colcon_meta']
[0.210s] Level 1:colcon.colcon_core.package_identification:_identify(src/mtc) by extension 'colcon_meta'
[0.210s] Level 1:colcon.colcon_core.package_identification:_identify(src/mtc) by extensions ['ros']
[0.210s] Level 1:colcon.colcon_core.package_identification:_identify(src/mtc) by extension 'ros'
[0.212s] DEBUG:colcon.colcon_core.package_identification:Package 'src/mtc' with type 'ros.ament_cmake' and name 'mtc'
[0.212s] Level 1:colcon.colcon_core.package_identification:_identify(src/xarm_1s_description) by extensions ['ignore', 'ignore_ament_install']
[0.213s] Level 1:colcon.colcon_core.package_identification:_identify(src/xarm_1s_description) by extension 'ignore'
[0.213s] Level 1:colcon.colcon_core.package_identification:_identify(src/xarm_1s_description) by extension 'ignore_ament_install'
[0.213s] Level 1:colcon.colcon_core.package_identification:_identify(src/xarm_1s_description) by extensions ['colcon_pkg']
[0.213s] Level 1:colcon.colcon_core.package_identification:_identify(src/xarm_1s_description) by extension 'colcon_pkg'
[0.213s] Level 1:colcon.colcon_core.package_identification:_identify(src/xarm_1s_description) by extensions ['colcon_meta']
[0.213s] Level 1:colcon.colcon_core.package_identification:_identify(src/xarm_1s_description) by extension 'colcon_meta'
[0.213s] Level 1:colcon.colcon_core.package_identification:_identify(src/xarm_1s_description) by extensions ['ros']
[0.213s] Level 1:colcon.colcon_core.package_identification:_identify(src/xarm_1s_description) by extension 'ros'
[0.213s] DEBUG:colcon.colcon_core.package_identification:Package 'src/xarm_1s_description' with type 'ros.ament_cmake' and name 'xarm_1s_description'
[0.213s] Level 1:colcon.colcon_core.package_identification:_identify(src/xarm_1s_moveit_config) by extensions ['ignore', 'ignore_ament_install']
[0.213s] Level 1:colcon.colcon_core.package_identification:_identify(src/xarm_1s_moveit_config) by extension 'ignore'
[0.213s] Level 1:colcon.colcon_core.package_identification:_identify(src/xarm_1s_moveit_config) by extension 'ignore_ament_install'
[0.213s] Level 1:colcon.colcon_core.package_identification:_identify(src/xarm_1s_moveit_config) by extensions ['colcon_pkg']
[0.213s] Level 1:colcon.colcon_core.package_identification:_identify(src/xarm_1s_moveit_config) by extension 'colcon_pkg'
[0.213s] Level 1:colcon.colcon_core.package_identification:_identify(src/xarm_1s_moveit_config) by extensions ['colcon_meta']
[0.213s] Level 1:colcon.colcon_core.package_identification:_identify(src/xarm_1s_moveit_config) by extension 'colcon_meta'
[0.213s] Level 1:colcon.colcon_core.package_identification:_identify(src/xarm_1s_moveit_config) by extensions ['ros']
[0.213s] Level 1:colcon.colcon_core.package_identification:_identify(src/xarm_1s_moveit_config) by extension 'ros'
[0.214s] DEBUG:colcon.colcon_core.package_identification:Package 'src/xarm_1s_moveit_config' with type 'ros.ament_cmake' and name 'xarm_1s_moveit_config'
[0.214s] Level 1:colcon.colcon_core.package_discovery:discover_packages(recursive) using defaults
[0.214s] Level 1:colcon.colcon_core.package_discovery:discover_packages(ignore) discover
[0.214s] Level 1:colcon.colcon_core.package_discovery:discover_packages(ignore) using defaults
[0.214s] Level 1:colcon.colcon_core.package_discovery:discover_packages(path) discover
[0.214s] Level 1:colcon.colcon_core.package_discovery:discover_packages(path) using defaults
[0.235s] Level 1:colcon.colcon_core.package_discovery:discover_packages(prefix_path) check parameters
[0.235s] Level 1:colcon.colcon_core.package_discovery:discover_packages(prefix_path) discover
[0.238s] DEBUG:colcon.colcon_installed_package_information.package_discovery:Found 3 installed packages in /home/hyeonsu/xarm_ws/install
[0.240s] DEBUG:colcon.colcon_installed_package_information.package_discovery:Found 503 installed packages in /opt/ros/jazzy
[0.243s] Level 1:colcon.colcon_core.package_discovery:discover_packages(prefix_path) using defaults
[0.305s] Level 5:colcon.colcon_core.verb:set package 'xarm_1s_description' build argument 'cmake_args' from command line to 'None'
[0.305s] Level 5:colcon.colcon_core.verb:set package 'xarm_1s_description' build argument 'cmake_target' from command line to 'None'
[0.305s] Level 5:colcon.colcon_core.verb:set package 'xarm_1s_description' build argument 'cmake_target_skip_unavailable' from command line to 'False'
[0.305s] Level 5:colcon.colcon_core.verb:set package 'xarm_1s_description' build argument 'cmake_clean_cache' from command line to 'False'
[0.305s] Level 5:colcon.colcon_core.verb:set package 'xarm_1s_description' build argument 'cmake_clean_first' from command line to 'False'
[0.305s] Level 5:colcon.colcon_core.verb:set package 'xarm_1s_description' build argument 'cmake_force_configure' from command line to 'False'
[0.305s] Level 5:colcon.colcon_core.verb:set package 'xarm_1s_description' build argument 'ament_cmake_args' from command line to 'None'
[0.305s] Level 5:colcon.colcon_core.verb:set package 'xarm_1s_description' build argument 'catkin_cmake_args' from command line to 'None'
[0.306s] Level 5:colcon.colcon_core.verb:set package 'xarm_1s_description' build argument 'catkin_skip_building_tests' from command line to 'False'
[0.306s] DEBUG:colcon.colcon_core.verb:Building package 'xarm_1s_description' with the following arguments: {'ament_cmake_args': None, 'build_base': '/home/hyeonsu/xarm_ws/build/xarm_1s_description', 'catkin_cmake_args': None, 'catkin_skip_building_tests': False, 'cmake_args': None, 'cmake_clean_cache': False, 'cmake_clean_first': False, 'cmake_force_configure': False, 'cmake_target': None, 'cmake_target_skip_unavailable': False, 'install_base': '/home/hyeonsu/xarm_ws/install/xarm_1s_description', 'merge_install': False, 'path': '/home/hyeonsu/xarm_ws/src/xarm_1s_description', 'symlink_install': False, 'test_result_base': None}
[0.306s] Level 5:colcon.colcon_core.verb:set package 'xarm_1s_moveit_config' build argument 'cmake_args' from command line to 'None'
[0.306s] Level 5:colcon.colcon_core.verb:set package 'xarm_1s_moveit_config' build argument 'cmake_target' from command line to 'None'
[0.306s] Level 5:colcon.colcon_core.verb:set package 'xarm_1s_moveit_config' build argument 'cmake_target_skip_unavailable' from command line to 'False'
[0.306s] Level 5:colcon.colcon_core.verb:set package 'xarm_1s_moveit_config' build argument 'cmake_clean_cache' from command line to 'False'
[0.306s] Level 5:colcon.colcon_core.verb:set package 'xarm_1s_moveit_config' build argument 'cmake_clean_first' from command line to 'False'
[0.306s] Level 5:colcon.colcon_core.verb:set package 'xarm_1s_moveit_config' build argument 'cmake_force_configure' from command line to 'False'
[0.306s] Level 5:colcon.colcon_core.verb:set package 'xarm_1s_moveit_config' build argument 'ament_cmake_args' from command line to 'None'
[0.306s] Level 5:colcon.colcon_core.verb:set package 'xarm_1s_moveit_config' build argument 'catkin_cmake_args' from command line to 'None'
[0.306s] Level 5:colcon.colcon_core.verb:set package 'xarm_1s_moveit_config' build argument 'catkin_skip_building_tests' from command line to 'False'
[0.306s] DEBUG:colcon.colcon_core.verb:Building package 'xarm_1s_moveit_config' with the following arguments: {'ament_cmake_args': None, 'build_base': '/home/hyeonsu/xarm_ws/build/xarm_1s_moveit_config', 'catkin_cmake_args': None, 'catkin_skip_building_tests': False, 'cmake_args': None, 'cmake_clean_cache': False, 'cmake_clean_first': False, 'cmake_force_configure': False, 'cmake_target': None, 'cmake_target_skip_unavailable': False, 'install_base': '/home/hyeonsu/xarm_ws/install/xarm_1s_moveit_config', 'merge_install': False, 'path': '/home/hyeonsu/xarm_ws/src/xarm_1s_moveit_config', 'symlink_install': False, 'test_result_base': None}
[0.306s] Level 5:colcon.colcon_core.verb:set package 'mtc' build argument 'cmake_args' from command line to 'None'
[0.306s] Level 5:colcon.colcon_core.verb:set package 'mtc' build argument 'cmake_target' from command line to 'None'
[0.306s] Level 5:colcon.colcon_core.verb:set package 'mtc' build argument 'cmake_target_skip_unavailable' from command line to 'False'
[0.306s] Level 5:colcon.colcon_core.verb:set package 'mtc' build argument 'cmake_clean_cache' from command line to 'False'
[0.306s] Level 5:colcon.colcon_core.verb:set package 'mtc' build argument 'cmake_clean_first' from command line to 'False'
[0.306s] Level 5:colcon.colcon_core.verb:set package 'mtc' build argument 'cmake_force_configure' from command line to 'False'
[0.306s] Level 5:colcon.colcon_core.verb:set package 'mtc' build argument 'ament_cmake_args' from command line to 'None'
[0.306s] Level 5:colcon.colcon_core.verb:set package 'mtc' build argument 'catkin_cmake_args' from command line to 'None'
[0.306s] Level 5:colcon.colcon_core.verb:set package 'mtc' build argument 'catkin_skip_building_tests' from command line to 'False'
[0.306s] DEBUG:colcon.colcon_core.verb:Building package 'mtc' with the following arguments: {'ament_cmake_args': None, 'build_base': '/home/hyeonsu/xarm_ws/build/mtc', 'catkin_cmake_args': None, 'catkin_skip_building_tests': False, 'cmake_args': None, 'cmake_clean_cache': False, 'cmake_clean_first': False, 'cmake_force_configure': False, 'cmake_target': None, 'cmake_target_skip_unavailable': False, 'install_base': '/home/hyeonsu/xarm_ws/install/mtc', 'merge_install': False, 'path': '/home/hyeonsu/xarm_ws/src/mtc', 'symlink_install': False, 'test_result_base': None}
[0.306s] INFO:colcon.colcon_core.executor:Executing jobs using 'parallel' executor
[0.308s] DEBUG:colcon.colcon_parallel_executor.executor.parallel:run_until_complete
[0.308s] INFO:colcon.colcon_ros.task.ament_cmake.build:Building ROS package in '/home/hyeonsu/xarm_ws/src/xarm_1s_moveit_config' with build type 'ament_cmake'
[0.309s] INFO:colcon.colcon_cmake.task.cmake.build:Building CMake package in '/home/hyeonsu/xarm_ws/src/xarm_1s_moveit_config'
[0.313s] INFO:colcon.colcon_core.plugin_system:Skipping extension 'colcon_core.shell.bat': Not used on non-Windows systems
[0.313s] INFO:colcon.colcon_core.shell:Skip shell extension 'powershell' for command environment: Not usable outside of PowerShell
[0.313s] DEBUG:colcon.colcon_core.shell:Skip shell extension 'dsv' for command environment
[0.319s] INFO:colcon.colcon_ros.task.ament_cmake.build:Building ROS package in '/home/hyeonsu/xarm_ws/src/xarm_1s_description' with build type 'ament_cmake'
[0.319s] INFO:colcon.colcon_cmake.task.cmake.build:Building CMake package in '/home/hyeonsu/xarm_ws/src/xarm_1s_description'
[0.319s] INFO:colcon.colcon_core.shell:Skip shell extension 'powershell' for command environment: Not usable outside of PowerShell
[0.319s] DEBUG:colcon.colcon_core.shell:Skip shell extension 'dsv' for command environment
[0.328s] DEBUG:colcon.colcon_core.event_handler.log_command:Invoking command in '/home/hyeonsu/xarm_ws/build/xarm_1s_moveit_config': CMAKE_PREFIX_PATH=${CMAKE_PREFIX_PATH}:/opt/ros/jazzy DEBUGINFOD_URLS=https://debuginfod.ubuntu.com /usr/bin/cmake --build /home/hyeonsu/xarm_ws/build/xarm_1s_moveit_config -- -j24 -l24
[0.332s] DEBUG:colcon.colcon_core.event_handler.log_command:Invoking command in '/home/hyeonsu/xarm_ws/build/xarm_1s_description': CMAKE_PREFIX_PATH=${CMAKE_PREFIX_PATH}:/opt/ros/jazzy DEBUGINFOD_URLS=https://debuginfod.ubuntu.com /usr/bin/cmake --build /home/hyeonsu/xarm_ws/build/xarm_1s_description -- -j24 -l24
[0.388s] DEBUG:colcon.colcon_core.event_handler.log_command:Invoked command in '/home/hyeonsu/xarm_ws/build/xarm_1s_description' returned '0': CMAKE_PREFIX_PATH=${CMAKE_PREFIX_PATH}:/opt/ros/jazzy DEBUGINFOD_URLS=https://debuginfod.ubuntu.com /usr/bin/cmake --build /home/hyeonsu/xarm_ws/build/xarm_1s_description -- -j24 -l24
[0.401s] DEBUG:colcon.colcon_core.event_handler.log_command:Invoking command in '/home/hyeonsu/xarm_ws/build/xarm_1s_description': CMAKE_PREFIX_PATH=${CMAKE_PREFIX_PATH}:/opt/ros/jazzy DEBUGINFOD_URLS=https://debuginfod.ubuntu.com /usr/bin/cmake --install /home/hyeonsu/xarm_ws/build/xarm_1s_description
[0.412s] DEBUG:colcon.colcon_core.event_handler.log_command:Invoked command in '/home/hyeonsu/xarm_ws/build/xarm_1s_moveit_config' returned '0': CMAKE_PREFIX_PATH=${CMAKE_PREFIX_PATH}:/opt/ros/jazzy DEBUGINFOD_URLS=https://debuginfod.ubuntu.com /usr/bin/cmake --build /home/hyeonsu/xarm_ws/build/xarm_1s_moveit_config -- -j24 -l24
[0.418s] DEBUG:colcon.colcon_core.event_handler.log_command:Invoking command in '/home/hyeonsu/xarm_ws/build/xarm_1s_moveit_config': CMAKE_PREFIX_PATH=${CMAKE_PREFIX_PATH}:/opt/ros/jazzy DEBUGINFOD_URLS=https://debuginfod.ubuntu.com /usr/bin/cmake --install /home/hyeonsu/xarm_ws/build/xarm_1s_moveit_config
[0.419s] Level 1:colcon.colcon_core.environment:create_environment_scripts_only(xarm_1s_description)
[0.420s] DEBUG:colcon.colcon_core.event_handler.log_command:Invoked command in '/home/hyeonsu/xarm_ws/build/xarm_1s_description' returned '0': CMAKE_PREFIX_PATH=${CMAKE_PREFIX_PATH}:/opt/ros/jazzy DEBUGINFOD_URLS=https://debuginfod.ubuntu.com /usr/bin/cmake --install /home/hyeonsu/xarm_ws/build/xarm_1s_description
[0.425s] Level 1:colcon.colcon_core.environment:checking '/home/hyeonsu/xarm_ws/install/xarm_1s_description' for CMake module files
[0.426s] Level 1:colcon.colcon_core.environment:checking '/home/hyeonsu/xarm_ws/install/xarm_1s_description' for CMake config files
[0.426s] Level 1:colcon.colcon_core.shell:create_environment_hook('xarm_1s_description', 'cmake_prefix_path')
[0.426s] INFO:colcon.colcon_core.shell:Creating environment hook '/home/hyeonsu/xarm_ws/install/xarm_1s_description/share/xarm_1s_description/hook/cmake_prefix_path.ps1'
[0.427s] INFO:colcon.colcon_core.shell:Creating environment descriptor '/home/hyeonsu/xarm_ws/install/xarm_1s_description/share/xarm_1s_description/hook/cmake_prefix_path.dsv'
[0.428s] INFO:colcon.colcon_core.shell:Creating environment hook '/home/hyeonsu/xarm_ws/install/xarm_1s_description/share/xarm_1s_description/hook/cmake_prefix_path.sh'
[0.432s] Level 1:colcon.colcon_core.environment:checking '/home/hyeonsu/xarm_ws/install/xarm_1s_description/bin'
[0.432s] Level 1:colcon.colcon_core.environment:checking '/home/hyeonsu/xarm_ws/install/xarm_1s_description/lib/pkgconfig/xarm_1s_description.pc'
[0.432s] Level 1:colcon.colcon_core.environment:checking '/home/hyeonsu/xarm_ws/install/xarm_1s_description/lib/python3.12/site-packages'
[0.433s] Level 1:colcon.colcon_core.environment:checking '/home/hyeonsu/xarm_ws/install/xarm_1s_description/bin'
[0.433s] INFO:colcon.colcon_core.shell:Creating package script '/home/hyeonsu/xarm_ws/install/xarm_1s_description/share/xarm_1s_description/package.ps1'
[0.435s] INFO:colcon.colcon_core.shell:Creating package descriptor '/home/hyeonsu/xarm_ws/install/xarm_1s_description/share/xarm_1s_description/package.dsv'
[0.435s] INFO:colcon.colcon_core.shell:Creating package script '/home/hyeonsu/xarm_ws/install/xarm_1s_description/share/xarm_1s_description/package.sh'
[0.436s] INFO:colcon.colcon_core.shell:Creating package script '/home/hyeonsu/xarm_ws/install/xarm_1s_description/share/xarm_1s_description/package.bash'
[0.437s] INFO:colcon.colcon_core.shell:Creating package script '/home/hyeonsu/xarm_ws/install/xarm_1s_description/share/xarm_1s_description/package.zsh'
[0.438s] Level 1:colcon.colcon_core.environment:create_file_with_runtime_dependencies(/home/hyeonsu/xarm_ws/install/xarm_1s_description/share/colcon-core/packages/xarm_1s_description)
[0.438s] Level 1:colcon.colcon_core.environment:create_environment_scripts_only(xarm_1s_description)
[0.438s] Level 1:colcon.colcon_core.environment:checking '/home/hyeonsu/xarm_ws/install/xarm_1s_description' for CMake module files
[0.439s] Level 1:colcon.colcon_core.environment:checking '/home/hyeonsu/xarm_ws/install/xarm_1s_description' for CMake config files
[0.439s] Level 1:colcon.colcon_core.shell:create_environment_hook('xarm_1s_description', 'cmake_prefix_path')
[0.439s] INFO:colcon.colcon_core.shell:Creating environment hook '/home/hyeonsu/xarm_ws/install/xarm_1s_description/share/xarm_1s_description/hook/cmake_prefix_path.ps1'
[0.440s] INFO:colcon.colcon_core.shell:Creating environment descriptor '/home/hyeonsu/xarm_ws/install/xarm_1s_description/share/xarm_1s_description/hook/cmake_prefix_path.dsv'
[0.440s] INFO:colcon.colcon_core.shell:Creating environment hook '/home/hyeonsu/xarm_ws/install/xarm_1s_description/share/xarm_1s_description/hook/cmake_prefix_path.sh'
[0.441s] Level 1:colcon.colcon_core.environment:checking '/home/hyeonsu/xarm_ws/install/xarm_1s_description/bin'
[0.441s] Level 1:colcon.colcon_core.environment:checking '/home/hyeonsu/xarm_ws/install/xarm_1s_description/lib/pkgconfig/xarm_1s_description.pc'
[0.441s] Level 1:colcon.colcon_core.environment:checking '/home/hyeonsu/xarm_ws/install/xarm_1s_description/lib/python3.12/site-packages'
[0.442s] Level 1:colcon.colcon_core.environment:checking '/home/hyeonsu/xarm_ws/install/xarm_1s_description/bin'
[0.442s] INFO:colcon.colcon_core.shell:Creating package script '/home/hyeonsu/xarm_ws/install/xarm_1s_description/share/xarm_1s_description/package.ps1'
[0.442s] INFO:colcon.colcon_core.shell:Creating package descriptor '/home/hyeonsu/xarm_ws/install/xarm_1s_description/share/xarm_1s_description/package.dsv'
[0.443s] INFO:colcon.colcon_core.shell:Creating package script '/home/hyeonsu/xarm_ws/install/xarm_1s_description/share/xarm_1s_description/package.sh'
[0.443s] INFO:colcon.colcon_core.shell:Creating package script '/home/hyeonsu/xarm_ws/install/xarm_1s_description/share/xarm_1s_description/package.bash'
[0.443s] INFO:colcon.colcon_core.shell:Creating package script '/home/hyeonsu/xarm_ws/install/xarm_1s_description/share/xarm_1s_description/package.zsh'
[0.444s] Level 1:colcon.colcon_core.environment:create_file_with_runtime_dependencies(/home/hyeonsu/xarm_ws/install/xarm_1s_description/share/colcon-core/packages/xarm_1s_description)
[0.445s] Level 1:colcon.colcon_core.environment:create_environment_scripts_only(xarm_1s_moveit_config)
[0.446s] DEBUG:colcon.colcon_core.event_handler.log_command:Invoked command in '/home/hyeonsu/xarm_ws/build/xarm_1s_moveit_config' returned '0': CMAKE_PREFIX_PATH=${CMAKE_PREFIX_PATH}:/opt/ros/jazzy DEBUGINFOD_URLS=https://debuginfod.ubuntu.com /usr/bin/cmake --install /home/hyeonsu/xarm_ws/build/xarm_1s_moveit_config
[0.446s] Level 1:colcon.colcon_core.environment:checking '/home/hyeonsu/xarm_ws/install/xarm_1s_moveit_config' for CMake module files
[0.447s] Level 1:colcon.colcon_core.environment:checking '/home/hyeonsu/xarm_ws/install/xarm_1s_moveit_config' for CMake config files
[0.447s] Level 1:colcon.colcon_core.shell:create_environment_hook('xarm_1s_moveit_config', 'cmake_prefix_path')
[0.447s] INFO:colcon.colcon_core.shell:Creating environment hook '/home/hyeonsu/xarm_ws/install/xarm_1s_moveit_config/share/xarm_1s_moveit_config/hook/cmake_prefix_path.ps1'
[0.448s] INFO:colcon.colcon_core.shell:Creating environment descriptor '/home/hyeonsu/xarm_ws/install/xarm_1s_moveit_config/share/xarm_1s_moveit_config/hook/cmake_prefix_path.dsv'
[0.448s] INFO:colcon.colcon_core.shell:Creating environment hook '/home/hyeonsu/xarm_ws/install/xarm_1s_moveit_config/share/xarm_1s_moveit_config/hook/cmake_prefix_path.sh'
[0.449s] Level 1:colcon.colcon_core.environment:checking '/home/hyeonsu/xarm_ws/install/xarm_1s_moveit_config/bin'
[0.449s] Level 1:colcon.colcon_core.environment:checking '/home/hyeonsu/xarm_ws/install/xarm_1s_moveit_config/lib/pkgconfig/xarm_1s_moveit_config.pc'
[0.449s] Level 1:colcon.colcon_core.environment:checking '/home/hyeonsu/xarm_ws/install/xarm_1s_moveit_config/lib/python3.12/site-packages'
[0.450s] Level 1:colcon.colcon_core.environment:checking '/home/hyeonsu/xarm_ws/install/xarm_1s_moveit_config/bin'
[0.450s] INFO:colcon.colcon_core.shell:Creating package script '/home/hyeonsu/xarm_ws/install/xarm_1s_moveit_config/share/xarm_1s_moveit_config/package.ps1'
[0.450s] INFO:colcon.colcon_core.shell:Creating package descriptor '/home/hyeonsu/xarm_ws/install/xarm_1s_moveit_config/share/xarm_1s_moveit_config/package.dsv'
[0.451s] INFO:colcon.colcon_core.shell:Creating package script '/home/hyeonsu/xarm_ws/install/xarm_1s_moveit_config/share/xarm_1s_moveit_config/package.sh'
[0.451s] INFO:colcon.colcon_core.shell:Creating package script '/home/hyeonsu/xarm_ws/install/xarm_1s_moveit_config/share/xarm_1s_moveit_config/package.bash'
[0.451s] INFO:colcon.colcon_core.shell:Creating package script '/home/hyeonsu/xarm_ws/install/xarm_1s_moveit_config/share/xarm_1s_moveit_config/package.zsh'
[0.452s] Level 1:colcon.colcon_core.environment:create_file_with_runtime_dependencies(/home/hyeonsu/xarm_ws/install/xarm_1s_moveit_config/share/colcon-core/packages/xarm_1s_moveit_config)
[0.452s] Level 1:colcon.colcon_core.environment:create_environment_scripts_only(xarm_1s_moveit_config)
[0.452s] Level 1:colcon.colcon_core.environment:checking '/home/hyeonsu/xarm_ws/install/xarm_1s_moveit_config' for CMake module files
[0.453s] Level 1:colcon.colcon_core.environment:checking '/home/hyeonsu/xarm_ws/install/xarm_1s_moveit_config' for CMake config files
[0.453s] Level 1:colcon.colcon_core.shell:create_environment_hook('xarm_1s_moveit_config', 'cmake_prefix_path')
[0.453s] INFO:colcon.colcon_core.shell:Creating environment hook '/home/hyeonsu/xarm_ws/install/xarm_1s_moveit_config/share/xarm_1s_moveit_config/hook/cmake_prefix_path.ps1'
[0.454s] INFO:colcon.colcon_core.shell:Creating environment descriptor '/home/hyeonsu/xarm_ws/install/xarm_1s_moveit_config/share/xarm_1s_moveit_config/hook/cmake_prefix_path.dsv'
[0.454s] INFO:colcon.colcon_core.shell:Creating environment hook '/home/hyeonsu/xarm_ws/install/xarm_1s_moveit_config/share/xarm_1s_moveit_config/hook/cmake_prefix_path.sh'
[0.455s] Level 1:colcon.colcon_core.environment:checking '/home/hyeonsu/xarm_ws/install/xarm_1s_moveit_config/bin'
[0.455s] Level 1:colcon.colcon_core.environment:checking '/home/hyeonsu/xarm_ws/install/xarm_1s_moveit_config/lib/pkgconfig/xarm_1s_moveit_config.pc'
[0.455s] Level 1:colcon.colcon_core.environment:checking '/home/hyeonsu/xarm_ws/install/xarm_1s_moveit_config/lib/python3.12/site-packages'
[0.456s] Level 1:colcon.colcon_core.environment:checking '/home/hyeonsu/xarm_ws/install/xarm_1s_moveit_config/bin'
[0.456s] INFO:colcon.colcon_core.shell:Creating package script '/home/hyeonsu/xarm_ws/install/xarm_1s_moveit_config/share/xarm_1s_moveit_config/package.ps1'
[0.456s] INFO:colcon.colcon_core.shell:Creating package descriptor '/home/hyeonsu/xarm_ws/install/xarm_1s_moveit_config/share/xarm_1s_moveit_config/package.dsv'
[0.457s] INFO:colcon.colcon_core.shell:Creating package script '/home/hyeonsu/xarm_ws/install/xarm_1s_moveit_config/share/xarm_1s_moveit_config/package.sh'
[0.457s] INFO:colcon.colcon_core.shell:Creating package script '/home/hyeonsu/xarm_ws/install/xarm_1s_moveit_config/share/xarm_1s_moveit_config/package.bash'
[0.457s] INFO:colcon.colcon_core.shell:Creating package script '/home/hyeonsu/xarm_ws/install/xarm_1s_moveit_config/share/xarm_1s_moveit_config/package.zsh'
[0.458s] Level 1:colcon.colcon_core.environment:create_file_with_runtime_dependencies(/home/hyeonsu/xarm_ws/install/xarm_1s_moveit_config/share/colcon-core/packages/xarm_1s_moveit_config)
[0.458s] INFO:colcon.colcon_ros.task.ament_cmake.build:Building ROS package in '/home/hyeonsu/xarm_ws/src/mtc' with build type 'ament_cmake'
[0.458s] INFO:colcon.colcon_cmake.task.cmake.build:Building CMake package in '/home/hyeonsu/xarm_ws/src/mtc'
[0.458s] INFO:colcon.colcon_core.shell:Skip shell extension 'powershell' for command environment: Not usable outside of PowerShell
[0.458s] DEBUG:colcon.colcon_core.shell:Skip shell extension 'dsv' for command environment
[0.471s] DEBUG:colcon.colcon_core.event_handler.log_command:Invoking command in '/home/hyeonsu/xarm_ws/build/mtc': CMAKE_PREFIX_PATH=/home/hyeonsu/xarm_ws/install/xarm_1s_moveit_config:/home/hyeonsu/xarm_ws/install/mtc:/home/hyeonsu/xarm_ws/install/xarm_1s_description:/opt/ros/jazzy/opt/gz_sim_vendor:/opt/ros/jazzy/opt/gz_sensors_vendor:/opt/ros/jazzy/opt/gz_physics_vendor:/opt/ros/jazzy/opt/sdformat_vendor:/opt/ros/jazzy/opt/gz_gui_vendor:/opt/ros/jazzy/opt/gz_transport_vendor:/opt/ros/jazzy/opt/gz_rendering_vendor:/opt/ros/jazzy/opt/gz_plugin_vendor:/opt/ros/jazzy/opt/gz_fuel_tools_vendor:/opt/ros/jazzy/opt/gz_msgs_vendor:/opt/ros/jazzy/opt/gz_common_vendor:/opt/ros/jazzy/opt/gz_math_vendor:/opt/ros/jazzy/opt/gz_utils_vendor:/opt/ros/jazzy/opt/gz_tools_vendor:/opt/ros/jazzy/opt/gz_ogre_next_vendor:/opt/ros/jazzy/opt/gz_dartsim_vendor:/opt/ros/jazzy/opt/gz_cmake_vendor:/opt/ros/jazzy DEBUGINFOD_URLS=https://debuginfod.ubuntu.com /usr/bin/cmake --build /home/hyeonsu/xarm_ws/build/mtc -- -j24 -l24
[6.350s] DEBUG:colcon.colcon_core.event_handler.log_command:Invoked command in '/home/hyeonsu/xarm_ws/build/mtc' returned '2': CMAKE_PREFIX_PATH=/home/hyeonsu/xarm_ws/install/xarm_1s_moveit_config:/home/hyeonsu/xarm_ws/install/mtc:/home/hyeonsu/xarm_ws/install/xarm_1s_description:/opt/ros/jazzy/opt/gz_sim_vendor:/opt/ros/jazzy/opt/gz_sensors_vendor:/opt/ros/jazzy/opt/gz_physics_vendor:/opt/ros/jazzy/opt/sdformat_vendor:/opt/ros/jazzy/opt/gz_gui_vendor:/opt/ros/jazzy/opt/gz_transport_vendor:/opt/ros/jazzy/opt/gz_rendering_vendor:/opt/ros/jazzy/opt/gz_plugin_vendor:/opt/ros/jazzy/opt/gz_fuel_tools_vendor:/opt/ros/jazzy/opt/gz_msgs_vendor:/opt/ros/jazzy/opt/gz_common_vendor:/opt/ros/jazzy/opt/gz_math_vendor:/opt/ros/jazzy/opt/gz_utils_vendor:/opt/ros/jazzy/opt/gz_tools_vendor:/opt/ros/jazzy/opt/gz_ogre_next_vendor:/opt/ros/jazzy/opt/gz_dartsim_vendor:/opt/ros/jazzy/opt/gz_cmake_vendor:/opt/ros/jazzy DEBUGINFOD_URLS=https://debuginfod.ubuntu.com /usr/bin/cmake --build /home/hyeonsu/xarm_ws/build/mtc -- -j24 -l24
[6.351s] Level 1:colcon.colcon_core.environment:create_environment_scripts_only(mtc)
[6.351s] Level 1:colcon.colcon_core.environment:checking '/home/hyeonsu/xarm_ws/install/mtc' for CMake module files
[6.352s] Level 1:colcon.colcon_core.environment:checking '/home/hyeonsu/xarm_ws/install/mtc' for CMake config files
[6.352s] Level 1:colcon.colcon_core.shell:create_environment_hook('mtc', 'cmake_prefix_path')
[6.352s] INFO:colcon.colcon_core.shell:Creating environment hook '/home/hyeonsu/xarm_ws/install/mtc/share/mtc/hook/cmake_prefix_path.ps1'
[6.353s] INFO:colcon.colcon_core.shell:Creating environment descriptor '/home/hyeonsu/xarm_ws/install/mtc/share/mtc/hook/cmake_prefix_path.dsv'
[6.353s] INFO:colcon.colcon_core.shell:Creating environment hook '/home/hyeonsu/xarm_ws/install/mtc/share/mtc/hook/cmake_prefix_path.sh'
[6.354s] Level 1:colcon.colcon_core.environment:checking '/home/hyeonsu/xarm_ws/install/mtc/lib'
[6.354s] Level 1:colcon.colcon_core.environment:checking '/home/hyeonsu/xarm_ws/install/mtc/bin'
[6.354s] Level 1:colcon.colcon_core.environment:checking '/home/hyeonsu/xarm_ws/install/mtc/lib/pkgconfig/mtc.pc'
[6.354s] Level 1:colcon.colcon_core.environment:checking '/home/hyeonsu/xarm_ws/install/mtc/lib/python3.12/site-packages'
[6.355s] Level 1:colcon.colcon_core.environment:checking '/home/hyeonsu/xarm_ws/install/mtc/bin'
[6.355s] INFO:colcon.colcon_core.shell:Creating package script '/home/hyeonsu/xarm_ws/install/mtc/share/mtc/package.ps1'
[6.356s] INFO:colcon.colcon_core.shell:Creating package descriptor '/home/hyeonsu/xarm_ws/install/mtc/share/mtc/package.dsv'
[6.356s] INFO:colcon.colcon_core.shell:Creating package script '/home/hyeonsu/xarm_ws/install/mtc/share/mtc/package.sh'
[6.356s] INFO:colcon.colcon_core.shell:Creating package script '/home/hyeonsu/xarm_ws/install/mtc/share/mtc/package.bash'
[6.357s] INFO:colcon.colcon_core.shell:Creating package script '/home/hyeonsu/xarm_ws/install/mtc/share/mtc/package.zsh'
[6.357s] Level 1:colcon.colcon_core.environment:create_file_with_runtime_dependencies(/home/hyeonsu/xarm_ws/install/mtc/share/colcon-core/packages/mtc)
[6.357s] DEBUG:colcon.colcon_parallel_executor.executor.parallel:closing loop
[6.357s] DEBUG:colcon.colcon_parallel_executor.executor.parallel:loop closed
[6.357s] DEBUG:colcon.colcon_parallel_executor.executor.parallel:run_until_complete finished with '2'
[6.357s] DEBUG:colcon.colcon_core.event_reactor:joining thread
[6.361s] INFO:colcon.colcon_core.plugin_system:Skipping extension 'colcon_notification.desktop_notification.terminal_notifier': Not used on non-Darwin systems
[6.361s] INFO:colcon.colcon_core.plugin_system:Skipping extension 'colcon_notification.desktop_notification.win32': Not used on non-Windows systems
[6.361s] INFO:colcon.colcon_notification.desktop_notification:Sending desktop notification using 'notify2'
[6.388s] DEBUG:colcon.colcon_core.event_reactor:joined thread
[6.389s] INFO:colcon.colcon_core.shell:Creating prefix script '/home/hyeonsu/xarm_ws/install/local_setup.ps1'
[6.390s] INFO:colcon.colcon_core.shell:Creating prefix util module '/home/hyeonsu/xarm_ws/install/_local_setup_util_ps1.py'
[6.391s] INFO:colcon.colcon_core.shell:Creating prefix chain script '/home/hyeonsu/xarm_ws/install/setup.ps1'
[6.392s] INFO:colcon.colcon_core.shell:Creating prefix script '/home/hyeonsu/xarm_ws/install/local_setup.sh'
[6.392s] INFO:colcon.colcon_core.shell:Creating prefix util module '/home/hyeonsu/xarm_ws/install/_local_setup_util_sh.py'
[6.393s] INFO:colcon.colcon_core.shell:Creating prefix chain script '/home/hyeonsu/xarm_ws/install/setup.sh'
[6.393s] INFO:colcon.colcon_core.shell:Creating prefix script '/home/hyeonsu/xarm_ws/install/local_setup.bash'
[6.393s] INFO:colcon.colcon_core.shell:Creating prefix chain script '/home/hyeonsu/xarm_ws/install/setup.bash'
[6.394s] INFO:colcon.colcon_core.shell:Creating prefix script '/home/hyeonsu/xarm_ws/install/local_setup.zsh'
[6.394s] INFO:colcon.colcon_core.shell:Creating prefix chain script '/home/hyeonsu/xarm_ws/install/setup.zsh'
