[100%] Built target xarm_1s_hardware
-- Install configuration: ""
-- Execute custom install script
-- Up-to-date symlink: /home/hyeon/xarm_ws/install/xarm_1s_hardware/share/xarm_1s_hardware//xarm_1s_hardware_plugin.xml
-- Up-to-date symlink: /home/hyeon/xarm_ws/install/xarm_1s_hardware/include/xarm_1s_hardware/xarm_1s_hardware_interface.hpp
-- Up-to-date symlink: /home/hyeon/xarm_ws/install/xarm_1s_hardware/share/xarm_1s_hardware/xarm_1s_hardware_plugin.xml
-- Up-to-date symlink: /home/hyeon/xarm_ws/install/xarm_1s_hardware/share/xarm_1s_hardware/environment/library_path.sh
-- Up-to-date symlink: /home/hyeon/xarm_ws/install/xarm_1s_hardware/share/xarm_1s_hardware/environment/library_path.dsv
-- Up-to-date symlink: /home/hyeon/xarm_ws/install/xarm_1s_hardware/share/ament_index/resource_index/package_run_dependencies/xarm_1s_hardware
-- Up-to-date symlink: /home/hyeon/xarm_ws/install/xarm_1s_hardware/share/ament_index/resource_index/parent_prefix_path/xarm_1s_hardware
-- Up-to-date symlink: /home/hyeon/xarm_ws/install/xarm_1s_hardware/share/xarm_1s_hardware/environment/ament_prefix_path.sh
-- Up-to-date symlink: /home/hyeon/xarm_ws/install/xarm_1s_hardware/share/xarm_1s_hardware/environment/ament_prefix_path.dsv
-- Up-to-date symlink: /home/hyeon/xarm_ws/install/xarm_1s_hardware/share/xarm_1s_hardware/environment/path.sh
-- Up-to-date symlink: /home/hyeon/xarm_ws/install/xarm_1s_hardware/share/xarm_1s_hardware/environment/path.dsv
-- Up-to-date symlink: /home/hyeon/xarm_ws/install/xarm_1s_hardware/share/xarm_1s_hardware/local_setup.bash
-- Up-to-date symlink: /home/hyeon/xarm_ws/install/xarm_1s_hardware/share/xarm_1s_hardware/local_setup.sh
-- Up-to-date symlink: /home/hyeon/xarm_ws/install/xarm_1s_hardware/share/xarm_1s_hardware/local_setup.zsh
-- Up-to-date symlink: /home/hyeon/xarm_ws/install/xarm_1s_hardware/share/xarm_1s_hardware/local_setup.dsv
-- Symlinking: /home/hyeon/xarm_ws/install/xarm_1s_hardware/share/xarm_1s_hardware/package.dsv
-- Up-to-date symlink: /home/hyeon/xarm_ws/install/xarm_1s_hardware/share/ament_index/resource_index/packages/xarm_1s_hardware
-- Up-to-date symlink: /home/hyeon/xarm_ws/install/xarm_1s_hardware/share/ament_index/resource_index/hardware_interface__pluginlib__plugin/xarm_1s_hardware
-- Up-to-date symlink: /home/hyeon/xarm_ws/install/xarm_1s_hardware/share/xarm_1s_hardware/cmake/ament_cmake_export_include_directories-extras.cmake
-- Up-to-date symlink: /home/hyeon/xarm_ws/install/xarm_1s_hardware/share/xarm_1s_hardware/cmake/ament_cmake_export_libraries-extras.cmake
-- Up-to-date symlink: /home/hyeon/xarm_ws/install/xarm_1s_hardware/share/xarm_1s_hardware/cmake/ament_cmake_export_targets-extras.cmake
-- Up-to-date symlink: /home/hyeon/xarm_ws/install/xarm_1s_hardware/share/xarm_1s_hardware/cmake/xarm_1s_hardwareConfig.cmake
-- Up-to-date symlink: /home/hyeon/xarm_ws/install/xarm_1s_hardware/share/xarm_1s_hardware/cmake/xarm_1s_hardwareConfig-version.cmake
-- Up-to-date symlink: /home/hyeon/xarm_ws/install/xarm_1s_hardware/share/xarm_1s_hardware/package.xml
-- Up-to-date: /home/hyeon/xarm_ws/install/xarm_1s_hardware/lib/libxarm_1s_hardware.so
-- Up-to-date: /home/hyeon/xarm_ws/install/xarm_1s_hardware/share/xarm_1s_hardware/cmake/export_xarm_1s_hardwareExport.cmake
-- Up-to-date: /home/hyeon/xarm_ws/install/xarm_1s_hardware/share/xarm_1s_hardware/cmake/export_xarm_1s_hardwareExport-noconfig.cmake
