[0.018s] Invoking command in '/home/hyeon/xarm_ws/build/xarm_1s_moveit_config': /usr/bin/cmake /home/hyeon/xarm_ws/src/xarm_1s_moveit_config -DCMAKE_INSTALL_PREFIX=/home/hyeon/xarm_ws/install/xarm_1s_moveit_config
[0.095s] -- Found ament_cmake: 2.5.6 (/opt/ros/jazzy/share/ament_cmake/cmake)
[2.281s] Traceback (most recent call last):
[2.281s]   File "/opt/ros/jazzy/share/ament_cmake_core/cmake/package_templates/templates_2_cmake.py", line 21, in <module>
[2.281s]     from ament_package.templates import get_environment_hook_template_path
[2.281s] ModuleNotFoundError: No module named 'ament_package'
[2.310s] [31mCMake Error at /opt/ros/jazzy/share/ament_cmake_core/cmake/ament_cmake_package_templates-extras.cmake:41 (message):
[2.310s]   execute_process(/usr/bin/python3
[2.310s]   /opt/ros/jazzy/share/ament_cmake_core/cmake/package_templates/templates_2_cmake.py
[2.310s]   /home/hyeon/xarm_ws/build/xarm_1s_moveit_config/ament_cmake_package_templates/templates.cmake)
[2.310s]   returned error code 1
[2.310s] Call Stack (most recent call first):
[2.310s]   /opt/ros/jazzy/share/ament_cmake_core/cmake/ament_cmake_coreConfig.cmake:41 (include)
[2.310s]   /opt/ros/jazzy/share/ament_cmake/cmake/ament_cmake_export_dependencies-extras.cmake:15 (find_package)
[2.310s]   /opt/ros/jazzy/share/ament_cmake/cmake/ament_cmakeConfig.cmake:41 (include)
[2.310s]   CMakeLists.txt:9 (find_package)
[2.310s] 
[2.310s] [0m
[2.310s] -- Configuring incomplete, errors occurred!
[2.317s] Invoked command in '/home/hyeon/xarm_ws/build/xarm_1s_moveit_config' returned '1': /usr/bin/cmake /home/hyeon/xarm_ws/src/xarm_1s_moveit_config -DCMAKE_INSTALL_PREFIX=/home/hyeon/xarm_ws/install/xarm_1s_moveit_config
