[0.005s] Invoking command in '/home/secu4090/xarm_ws/build/xarm_1s_moveit_config': CMAKE_PREFIX_PATH=${CMAKE_PREFIX_PATH}:/home/secu4090/turtlebot3_ws/install/tb3_custom_explore DEBUGINFOD_URLS=https://debuginfod.ubuntu.com /usr/bin/cmake /home/secu4090/xarm_ws/src/xarm_1s_moveit_config -DCMAKE_INSTALL_PREFIX=/home/secu4090/xarm_ws/install/xarm_1s_moveit_config
[0.047s] -- The C compiler identification is GNU 13.3.0
[0.085s] -- The CXX compiler identification is GNU 13.3.0
[0.107s] -- Detecting C compiler ABI info
[0.165s] -- Detecting C compiler ABI info - done
[0.172s] -- Check for working C compiler: /usr/bin/cc - skipped
[0.172s] -- Detecting C compile features
[0.172s] -- Detecting C compile features - done
[0.177s] -- Detecting CXX compiler ABI info
[0.254s] -- Detecting CXX compiler ABI info - done
[0.260s] -- Check for working CXX compiler: /usr/bin/c++ - skipped
[0.260s] -- Detecting CXX compile features
[0.261s] -- Detecting CXX compile features - done
[0.263s] -- Found ament_cmake: 2.5.5 (/opt/ros/jazzy/share/ament_cmake/cmake)
[0.347s] -- Found Python3: /usr/bin/python3 (found version "3.12.3") found components: Interpreter 
[0.416s] -- Found ament_lint_auto: 0.17.4 (/opt/ros/jazzy/share/ament_lint_auto/cmake)
[0.475s] -- Added test 'flake8' to check Python code syntax and style conventions
[0.475s] -- Configured 'flake8' exclude dirs and/or files: 
[0.476s] -- Added test 'lint_cmake' to check CMake code style
[0.476s] -- Added test 'pep257' to check Python code against some of the docstring style conventions in PEP 257
[0.477s] -- Added test 'xmllint' to check XML markup files
[0.477s] -- Configuring done (0.5s)
[0.479s] -- Generating done (0.0s)
[0.479s] -- Build files have been written to: /home/secu4090/xarm_ws/build/xarm_1s_moveit_config
[0.481s] Invoked command in '/home/secu4090/xarm_ws/build/xarm_1s_moveit_config' returned '0': CMAKE_PREFIX_PATH=${CMAKE_PREFIX_PATH}:/home/secu4090/turtlebot3_ws/install/tb3_custom_explore DEBUGINFOD_URLS=https://debuginfod.ubuntu.com /usr/bin/cmake /home/secu4090/xarm_ws/src/xarm_1s_moveit_config -DCMAKE_INSTALL_PREFIX=/home/secu4090/xarm_ws/install/xarm_1s_moveit_config
[0.482s] Invoking command in '/home/secu4090/xarm_ws/build/xarm_1s_moveit_config': CMAKE_PREFIX_PATH=${CMAKE_PREFIX_PATH}:/home/secu4090/turtlebot3_ws/install/tb3_custom_explore DEBUGINFOD_URLS=https://debuginfod.ubuntu.com /usr/bin/cmake --build /home/secu4090/xarm_ws/build/xarm_1s_moveit_config -- -j28 -l28
[0.509s] Invoked command in '/home/secu4090/xarm_ws/build/xarm_1s_moveit_config' returned '0': CMAKE_PREFIX_PATH=${CMAKE_PREFIX_PATH}:/home/secu4090/turtlebot3_ws/install/tb3_custom_explore DEBUGINFOD_URLS=https://debuginfod.ubuntu.com /usr/bin/cmake --build /home/secu4090/xarm_ws/build/xarm_1s_moveit_config -- -j28 -l28
[0.509s] Invoking command in '/home/secu4090/xarm_ws/build/xarm_1s_moveit_config': CMAKE_PREFIX_PATH=${CMAKE_PREFIX_PATH}:/home/secu4090/turtlebot3_ws/install/tb3_custom_explore DEBUGINFOD_URLS=https://debuginfod.ubuntu.com /usr/bin/cmake --install /home/secu4090/xarm_ws/build/xarm_1s_moveit_config
[0.514s] -- Install configuration: ""
[0.514s] -- Installing: /home/secu4090/xarm_ws/install/xarm_1s_moveit_config/share/xarm_1s_moveit_config/launch
[0.514s] -- Installing: /home/secu4090/xarm_ws/install/xarm_1s_moveit_config/share/xarm_1s_moveit_config/launch/demo.launch.py
[0.514s] -- Installing: /home/secu4090/xarm_ws/install/xarm_1s_moveit_config/share/xarm_1s_moveit_config/config
[0.514s] -- Installing: /home/secu4090/xarm_ws/install/xarm_1s_moveit_config/share/xarm_1s_moveit_config/config/joint_limits.yaml
[0.514s] -- Installing: /home/secu4090/xarm_ws/install/xarm_1s_moveit_config/share/xarm_1s_moveit_config/config/xarm_1s.ros2_control.xacro
[0.514s] -- Installing: /home/secu4090/xarm_ws/install/xarm_1s_moveit_config/share/xarm_1s_moveit_config/config/pilz_cartesian_limits.yaml
[0.514s] -- Installing: /home/secu4090/xarm_ws/install/xarm_1s_moveit_config/share/xarm_1s_moveit_config/config/xarm_1s.srdf
[0.514s] -- Installing: /home/secu4090/xarm_ws/install/xarm_1s_moveit_config/share/xarm_1s_moveit_config/config/xarm_1s.urdf.xacro
[0.514s] -- Installing: /home/secu4090/xarm_ws/install/xarm_1s_moveit_config/share/xarm_1s_moveit_config/config/moveit_controllers.yaml
[0.514s] -- Installing: /home/secu4090/xarm_ws/install/xarm_1s_moveit_config/share/xarm_1s_moveit_config/config/sensors_3d.yaml
[0.514s] -- Installing: /home/secu4090/xarm_ws/install/xarm_1s_moveit_config/share/xarm_1s_moveit_config/config/ros2_controllers.yaml
[0.514s] -- Installing: /home/secu4090/xarm_ws/install/xarm_1s_moveit_config/share/xarm_1s_moveit_config/config/initial_positions.yaml
[0.514s] -- Installing: /home/secu4090/xarm_ws/install/xarm_1s_moveit_config/share/xarm_1s_moveit_config/config/moveit.rviz
[0.514s] -- Installing: /home/secu4090/xarm_ws/install/xarm_1s_moveit_config/share/xarm_1s_moveit_config/config/kinematics.yaml
[0.514s] -- Installing: /home/secu4090/xarm_ws/install/xarm_1s_moveit_config/share/ament_index/resource_index/package_run_dependencies/xarm_1s_moveit_config
[0.514s] -- Installing: /home/secu4090/xarm_ws/install/xarm_1s_moveit_config/share/ament_index/resource_index/parent_prefix_path/xarm_1s_moveit_config
[0.514s] -- Installing: /home/secu4090/xarm_ws/install/xarm_1s_moveit_config/share/xarm_1s_moveit_config/environment/ament_prefix_path.sh
[0.514s] -- Installing: /home/secu4090/xarm_ws/install/xarm_1s_moveit_config/share/xarm_1s_moveit_config/environment/ament_prefix_path.dsv
[0.514s] -- Installing: /home/secu4090/xarm_ws/install/xarm_1s_moveit_config/share/xarm_1s_moveit_config/environment/path.sh
[0.514s] -- Installing: /home/secu4090/xarm_ws/install/xarm_1s_moveit_config/share/xarm_1s_moveit_config/environment/path.dsv
[0.514s] -- Installing: /home/secu4090/xarm_ws/install/xarm_1s_moveit_config/share/xarm_1s_moveit_config/local_setup.bash
[0.514s] -- Installing: /home/secu4090/xarm_ws/install/xarm_1s_moveit_config/share/xarm_1s_moveit_config/local_setup.sh
[0.514s] -- Installing: /home/secu4090/xarm_ws/install/xarm_1s_moveit_config/share/xarm_1s_moveit_config/local_setup.zsh
[0.515s] -- Installing: /home/secu4090/xarm_ws/install/xarm_1s_moveit_config/share/xarm_1s_moveit_config/local_setup.dsv
[0.515s] -- Installing: /home/secu4090/xarm_ws/install/xarm_1s_moveit_config/share/xarm_1s_moveit_config/package.dsv
[0.515s] -- Installing: /home/secu4090/xarm_ws/install/xarm_1s_moveit_config/share/ament_index/resource_index/packages/xarm_1s_moveit_config
[0.515s] -- Installing: /home/secu4090/xarm_ws/install/xarm_1s_moveit_config/share/xarm_1s_moveit_config/cmake/xarm_1s_moveit_configConfig.cmake
[0.515s] -- Installing: /home/secu4090/xarm_ws/install/xarm_1s_moveit_config/share/xarm_1s_moveit_config/cmake/xarm_1s_moveit_configConfig-version.cmake
[0.515s] -- Installing: /home/secu4090/xarm_ws/install/xarm_1s_moveit_config/share/xarm_1s_moveit_config/package.xml
[0.516s] Invoked command in '/home/secu4090/xarm_ws/build/xarm_1s_moveit_config' returned '0': CMAKE_PREFIX_PATH=${CMAKE_PREFIX_PATH}:/home/secu4090/turtlebot3_ws/install/tb3_custom_explore DEBUGINFOD_URLS=https://debuginfod.ubuntu.com /usr/bin/cmake --install /home/secu4090/xarm_ws/build/xarm_1s_moveit_config
