[0.023s] Invoking command in '/home/hyeonsu/xarm_ws/build/xarm_1s_description': CMAKE_PREFIX_PATH=${CMAKE_PREFIX_PATH}:/opt/ros/jazzy DEBUGINFOD_URLS=https://debuginfod.ubuntu.com /usr/bin/cmake /home/hyeonsu/xarm_ws/src/xarm_1s_description -DCMAKE_INSTALL_PREFIX=/home/hyeonsu/xarm_ws/install/xarm_1s_description
[0.071s] -- The C compiler identification is GNU 13.3.0
[0.116s] -- The CXX compiler identification is GNU 13.3.0
[0.129s] -- Detecting C compiler ABI info
[0.203s] -- Detecting C compiler ABI info - done
[0.212s] -- Check for working C compiler: /usr/bin/cc - skipped
[0.213s] -- Detecting C compile features
[0.213s] -- Detecting C compile features - done
[0.221s] -- Detecting CXX compiler ABI info
[0.304s] -- Detecting CXX compiler ABI info - done
[0.309s] -- Check for working CXX compiler: /usr/bin/c++ - skipped
[0.309s] -- Detecting CXX compile features
[0.309s] -- Detecting CXX compile features - done
[0.312s] -- Found ament_cmake: 2.5.5 (/opt/ros/jazzy/share/ament_cmake/cmake)
[0.447s] -- Found Python3: /usr/bin/python3 (found version "3.12.3") found components: Interpreter 
[0.576s] -- Found ament_lint_auto: 0.17.4 (/opt/ros/jazzy/share/ament_lint_auto/cmake)
[0.641s] -- Added test 'lint_cmake' to check CMake code style
[0.641s] -- Added test 'xmllint' to check XML markup files
[0.642s] -- Configuring done (0.6s)
[0.643s] -- Generating done (0.0s)
[0.644s] -- Build files have been written to: /home/hyeonsu/xarm_ws/build/xarm_1s_description
[0.647s] Invoked command in '/home/hyeonsu/xarm_ws/build/xarm_1s_description' returned '0': CMAKE_PREFIX_PATH=${CMAKE_PREFIX_PATH}:/opt/ros/jazzy DEBUGINFOD_URLS=https://debuginfod.ubuntu.com /usr/bin/cmake /home/hyeonsu/xarm_ws/src/xarm_1s_description -DCMAKE_INSTALL_PREFIX=/home/hyeonsu/xarm_ws/install/xarm_1s_description
[0.648s] Invoking command in '/home/hyeonsu/xarm_ws/build/xarm_1s_description': CMAKE_PREFIX_PATH=${CMAKE_PREFIX_PATH}:/opt/ros/jazzy DEBUGINFOD_URLS=https://debuginfod.ubuntu.com /usr/bin/cmake --build /home/hyeonsu/xarm_ws/build/xarm_1s_description -- -j24 -l24
[0.685s] Invoked command in '/home/hyeonsu/xarm_ws/build/xarm_1s_description' returned '0': CMAKE_PREFIX_PATH=${CMAKE_PREFIX_PATH}:/opt/ros/jazzy DEBUGINFOD_URLS=https://debuginfod.ubuntu.com /usr/bin/cmake --build /home/hyeonsu/xarm_ws/build/xarm_1s_description -- -j24 -l24
[0.686s] Invoking command in '/home/hyeonsu/xarm_ws/build/xarm_1s_description': CMAKE_PREFIX_PATH=${CMAKE_PREFIX_PATH}:/opt/ros/jazzy DEBUGINFOD_URLS=https://debuginfod.ubuntu.com /usr/bin/cmake --install /home/hyeonsu/xarm_ws/build/xarm_1s_description
[0.693s] -- Install configuration: ""
[0.693s] -- Installing: /home/hyeonsu/xarm_ws/install/xarm_1s_description/share/xarm_1s_description/meshes
[0.693s] -- Installing: /home/hyeonsu/xarm_ws/install/xarm_1s_description/share/xarm_1s_description/meshes/link2_collision.stl
[0.693s] -- Installing: /home/hyeonsu/xarm_ws/install/xarm_1s_description/share/xarm_1s_description/meshes/link3_collision.stl
[0.693s] -- Installing: /home/hyeonsu/xarm_ws/install/xarm_1s_description/share/xarm_1s_description/meshes/link4_collision.stl
[0.693s] -- Installing: /home/hyeonsu/xarm_ws/install/xarm_1s_description/share/xarm_1s_description/meshes/link0_left_collision.stl
[0.693s] -- Installing: /home/hyeonsu/xarm_ws/install/xarm_1s_description/share/xarm_1s_description/meshes/link0_collision.stl
[0.694s] -- Installing: /home/hyeonsu/xarm_ws/install/xarm_1s_description/share/xarm_1s_description/meshes/base_collision.stl
[0.694s] -- Installing: /home/hyeonsu/xarm_ws/install/xarm_1s_description/share/xarm_1s_description/meshes/link3.stl
[0.694s] -- Installing: /home/hyeonsu/xarm_ws/install/xarm_1s_description/share/xarm_1s_description/meshes/link5_collision.stl
[0.694s] -- Installing: /home/hyeonsu/xarm_ws/install/xarm_1s_description/share/xarm_1s_description/meshes/base.stl
[0.695s] -- Installing: /home/hyeonsu/xarm_ws/install/xarm_1s_description/share/xarm_1s_description/meshes/link1.stl
[0.695s] -- Installing: /home/hyeonsu/xarm_ws/install/xarm_1s_description/share/xarm_1s_description/meshes/link6.stl
[0.696s] -- Installing: /home/hyeonsu/xarm_ws/install/xarm_1s_description/share/xarm_1s_description/meshes/link1_left.stl
[0.696s] -- Installing: /home/hyeonsu/xarm_ws/install/xarm_1s_description/share/xarm_1s_description/meshes/link0.stl
[0.697s] -- Installing: /home/hyeonsu/xarm_ws/install/xarm_1s_description/share/xarm_1s_description/meshes/link1_left_collision.stl
[0.697s] -- Installing: /home/hyeonsu/xarm_ws/install/xarm_1s_description/share/xarm_1s_description/meshes/link4.stl
[0.697s] -- Installing: /home/hyeonsu/xarm_ws/install/xarm_1s_description/share/xarm_1s_description/meshes/link6_collision.stl
[0.697s] -- Installing: /home/hyeonsu/xarm_ws/install/xarm_1s_description/share/xarm_1s_description/meshes/link0_left.stl
[0.697s] -- Installing: /home/hyeonsu/xarm_ws/install/xarm_1s_description/share/xarm_1s_description/meshes/link1_collision.stl
[0.697s] -- Installing: /home/hyeonsu/xarm_ws/install/xarm_1s_description/share/xarm_1s_description/meshes/link5.stl
[0.697s] -- Installing: /home/hyeonsu/xarm_ws/install/xarm_1s_description/share/xarm_1s_description/meshes/link2.stl
[0.698s] -- Installing: /home/hyeonsu/xarm_ws/install/xarm_1s_description/share/xarm_1s_description/rviz
[0.698s] -- Installing: /home/hyeonsu/xarm_ws/install/xarm_1s_description/share/xarm_1s_description/rviz/xarm_1s.rviz
[0.699s] -- Installing: /home/hyeonsu/xarm_ws/install/xarm_1s_description/share/xarm_1s_description/urdf
[0.699s] -- Installing: /home/hyeonsu/xarm_ws/install/xarm_1s_description/share/xarm_1s_description/urdf/xarm_1s.urdf.xacro
[0.699s] -- Installing: /home/hyeonsu/xarm_ws/install/xarm_1s_description/share/ament_index/resource_index/package_run_dependencies/xarm_1s_description
[0.699s] -- Installing: /home/hyeonsu/xarm_ws/install/xarm_1s_description/share/ament_index/resource_index/parent_prefix_path/xarm_1s_description
[0.700s] -- Installing: /home/hyeonsu/xarm_ws/install/xarm_1s_description/share/xarm_1s_description/environment/ament_prefix_path.sh
[0.700s] -- Installing: /home/hyeonsu/xarm_ws/install/xarm_1s_description/share/xarm_1s_description/environment/ament_prefix_path.dsv
[0.700s] -- Installing: /home/hyeonsu/xarm_ws/install/xarm_1s_description/share/xarm_1s_description/environment/path.sh
[0.700s] -- Installing: /home/hyeonsu/xarm_ws/install/xarm_1s_description/share/xarm_1s_description/environment/path.dsv
[0.700s] -- Installing: /home/hyeonsu/xarm_ws/install/xarm_1s_description/share/xarm_1s_description/local_setup.bash
[0.700s] -- Installing: /home/hyeonsu/xarm_ws/install/xarm_1s_description/share/xarm_1s_description/local_setup.sh
[0.700s] -- Installing: /home/hyeonsu/xarm_ws/install/xarm_1s_description/share/xarm_1s_description/local_setup.zsh
[0.700s] -- Installing: /home/hyeonsu/xarm_ws/install/xarm_1s_description/share/xarm_1s_description/local_setup.dsv
[0.700s] -- Installing: /home/hyeonsu/xarm_ws/install/xarm_1s_description/share/xarm_1s_description/package.dsv
[0.700s] -- Installing: /home/hyeonsu/xarm_ws/install/xarm_1s_description/share/ament_index/resource_index/packages/xarm_1s_description
[0.700s] -- Installing: /home/hyeonsu/xarm_ws/install/xarm_1s_description/share/xarm_1s_description/cmake/xarm_1s_descriptionConfig.cmake
[0.700s] -- Installing: /home/hyeonsu/xarm_ws/install/xarm_1s_description/share/xarm_1s_description/cmake/xarm_1s_descriptionConfig-version.cmake
[0.700s] -- Installing: /home/hyeonsu/xarm_ws/install/xarm_1s_description/share/xarm_1s_description/package.xml
[0.707s] Invoked command in '/home/hyeonsu/xarm_ws/build/xarm_1s_description' returned '0': CMAKE_PREFIX_PATH=${CMAKE_PREFIX_PATH}:/opt/ros/jazzy DEBUGINFOD_URLS=https://debuginfod.ubuntu.com /usr/bin/cmake --install /home/hyeonsu/xarm_ws/build/xarm_1s_description
