[0.009s] Invoking command in '/home/secu4090/xarm_ws/build/mtc': CMAKE_PREFIX_PATH=${CMAKE_PREFIX_PATH}:/home/secu4090/turtlebot3_ws/install/tb3_custom_explore DEBUGINFOD_URLS=https://debuginfod.ubuntu.com /usr/bin/cmake --build /home/secu4090/xarm_ws/build/mtc -- -j28 -l28
[0.051s] [ 50%] [32mBuilding CXX object CMakeFiles/mtc_node.dir/src/mtc_node.cpp.o[0m
[5.289s] [100%] [32m[1mLinking CXX executable mtc_node[0m
[5.526s] [100%] Built target mtc_node
[5.532s] Invoked command in '/home/secu4090/xarm_ws/build/mtc' returned '0': CMAKE_PREFIX_PATH=${CMAKE_PREFIX_PATH}:/home/secu4090/turtlebot3_ws/install/tb3_custom_explore DEBUGINFOD_URLS=https://debuginfod.ubuntu.com /usr/bin/cmake --build /home/secu4090/xarm_ws/build/mtc -- -j28 -l28
[5.533s] Invoking command in '/home/secu4090/xarm_ws/build/mtc': CMAKE_PREFIX_PATH=${CMAKE_PREFIX_PATH}:/home/secu4090/turtlebot3_ws/install/tb3_custom_explore DEBUGINFOD_URLS=https://debuginfod.ubuntu.com /usr/bin/cmake --install /home/secu4090/xarm_ws/build/mtc
[5.538s] -- Install configuration: ""
[5.538s] -- Installing: /home/secu4090/xarm_ws/install/mtc/lib/mtc/mtc_node
[5.538s] -- Set non-toolchain portion of runtime path of "/home/secu4090/xarm_ws/install/mtc/lib/mtc/mtc_node" to ""
[5.538s] -- Up-to-date: /home/secu4090/xarm_ws/install/mtc/share/mtc/launch
[5.538s] -- Up-to-date: /home/secu4090/xarm_ws/install/mtc/share/mtc/launch/pick_place_demo.launch.py
[5.538s] -- Up-to-date: /home/secu4090/xarm_ws/install/mtc/share/ament_index/resource_index/package_run_dependencies/mtc
[5.538s] -- Up-to-date: /home/secu4090/xarm_ws/install/mtc/share/ament_index/resource_index/parent_prefix_path/mtc
[5.538s] -- Up-to-date: /home/secu4090/xarm_ws/install/mtc/share/mtc/environment/ament_prefix_path.sh
[5.538s] -- Up-to-date: /home/secu4090/xarm_ws/install/mtc/share/mtc/environment/ament_prefix_path.dsv
[5.538s] -- Up-to-date: /home/secu4090/xarm_ws/install/mtc/share/mtc/environment/path.sh
[5.538s] -- Up-to-date: /home/secu4090/xarm_ws/install/mtc/share/mtc/environment/path.dsv
[5.538s] -- Up-to-date: /home/secu4090/xarm_ws/install/mtc/share/mtc/local_setup.bash
[5.538s] -- Up-to-date: /home/secu4090/xarm_ws/install/mtc/share/mtc/local_setup.sh
[5.539s] -- Up-to-date: /home/secu4090/xarm_ws/install/mtc/share/mtc/local_setup.zsh
[5.539s] -- Up-to-date: /home/secu4090/xarm_ws/install/mtc/share/mtc/local_setup.dsv
[5.539s] -- Installing: /home/secu4090/xarm_ws/install/mtc/share/mtc/package.dsv
[5.539s] -- Up-to-date: /home/secu4090/xarm_ws/install/mtc/share/ament_index/resource_index/packages/mtc
[5.539s] -- Up-to-date: /home/secu4090/xarm_ws/install/mtc/share/mtc/cmake/mtcConfig.cmake
[5.539s] -- Up-to-date: /home/secu4090/xarm_ws/install/mtc/share/mtc/cmake/mtcConfig-version.cmake
[5.539s] -- Up-to-date: /home/secu4090/xarm_ws/install/mtc/share/mtc/package.xml
[5.539s] Invoked command in '/home/secu4090/xarm_ws/build/mtc' returned '0': CMAKE_PREFIX_PATH=${CMAKE_PREFIX_PATH}:/home/secu4090/turtlebot3_ws/install/tb3_custom_explore DEBUGINFOD_URLS=https://debuginfod.ubuntu.com /usr/bin/cmake --install /home/secu4090/xarm_ws/build/mtc
